#
# There is insufficient memory for the Java Runtime Environment to continue.
# Native memory allocation (mmap) failed to map 130023424 bytes for G1 virtual space
# Possible reasons:
#   The system is out of physical RAM or swap space
#   The process is running with CompressedOops enabled, and the Java Heap may be blocking the growth of the native heap
# Possible solutions:
#   Reduce memory load on the system
#   Increase physical memory or swap space
#   Check if swap backing store is full
#   Decrease Java heap size (-Xmx/-Xms)
#   Decrease number of Java threads
#   Decrease Java thread stack sizes (-Xss)
#   Set larger code cache with -XX:ReservedCodeCacheSize=
#   JVM is running with Unscaled Compressed Oops mode in which the Java heap is
#     placed in the first 4GB address space. The Java Heap base address is the
#     maximum limit for the native heap growth. Please use -XX:HeapBaseMinAddress
#     to set the Java Heap base and to place the Java Heap above 4GB virtual address.
# This output file may be truncated or incomplete.
#
#  Out of Memory Error (os_windows.cpp:3548), pid=13696, tid=10508
#
# JRE version:  (17.0.10+11) (build )
# Java VM: Java HotSpot(TM) 64-Bit Server VM (17.0.10+11-LTS-240, mixed mode, emulated-client, sharing, tiered, compressed oops, compressed class ptrs, g1 gc, windows-amd64)
# No core dump will be written. Minidumps are not enabled by default on client versions of Windows
#

---------------  S U M M A R Y ------------

Command Line: -XX:TieredStopAtLevel=1 com.payment_service.PaymentServiceApplication

Host: 11th Gen Intel(R) Core(TM) i5-1135G7 @ 2.40GHz, 8 cores, 7G,  Windows 11 , 64 bit Build 26100 (10.0.26100.7309)
Time: Tue Jan 20 15:17:08 2026 India Standard Time elapsed time: 1.453865 seconds (0d 0h 0m 1s)

---------------  T H R E A D  ---------------

Current thread (0x0000021465849500):  JavaThread "Unknown thread" [_thread_in_vm, id=10508, stack(0x0000009a62f00000,0x0000009a63000000)]

Stack: [0x0000009a62f00000,0x0000009a63000000]
Native frames: (J=compiled Java code, j=interpreted, Vv=VM code, C=native code)
V  [jvm.dll+0x677a5a]
V  [jvm.dll+0x7d8b2d]
V  [jvm.dll+0x7da48e]
V  [jvm.dll+0x7daaf3]
V  [jvm.dll+0x2455ff]
V  [jvm.dll+0x6749b9]
V  [jvm.dll+0x669382]
V  [jvm.dll+0x302e96]
V  [jvm.dll+0x30a416]
V  [jvm.dll+0x359cbe]
V  [jvm.dll+0x359eef]
V  [jvm.dll+0x2d9e88]
V  [jvm.dll+0x2dadf4]
V  [jvm.dll+0x7aa551]
V  [jvm.dll+0x367911]
V  [jvm.dll+0x789639]
V  [jvm.dll+0x3eb30f]
V  [jvm.dll+0x3ecd91]
C  [jli.dll+0x5297]
C  [ucrtbase.dll+0x37b0]
C  [KERNEL32.DLL+0x2e8d7]
C  [ntdll.dll+0x8c53c]


---------------  P R O C E S S  ---------------

Threads class SMR info:
_java_thread_list=0x00007ffddaf26a18, length=0, elements={
}

Java Threads: ( => current thread )

Other Threads:
  0x00000214658aea90 GCTaskThread "GC Thread#0" [stack: 0x0000009a63000000,0x0000009a63100000] [id=15976]
  0x00000214658bef40 ConcurrentGCThread "G1 Main Marker" [stack: 0x0000009a63100000,0x0000009a63200000] [id=16164]
  0x00000214658c1670 ConcurrentGCThread "G1 Conc#0" [stack: 0x0000009a63200000,0x0000009a63300000] [id=20224]

[error occurred during error reporting (printing all threads), id 0xc0000005, EXCEPTION_ACCESS_VIOLATION (0xc0000005) at pc=0x00007ffdda75aae7]

VM state: not at safepoint (not fully initialized)

VM Mutex/Monitor currently owned by a thread:  ([mutex/lock_event])
[0x0000021465844e40] Heap_lock - owner thread: 0x0000021465849500

Heap address: 0x0000000085800000, size: 1960 MB, Compressed Oops mode: 32-bit

CDS archive(s) mapped at: [0x0000000000000000-0x0000000000000000-0x0000000000000000), size 0, SharedBaseAddress: 0x0000000800000000, ArchiveRelocationMode: 1.
Narrow klass base: 0x0000000000000000, Narrow klass shift: 0, Narrow klass range: 0x0

GC Precious Log:
<Empty>

Heap:
 garbage-first heap   total 0K, used 0K [0x0000000085800000, 0x0000000100000000)
  region size 1024K, 0 young (0K), 0 survivors (0K)

[error occurred during error reporting (printing heap information), id 0xc0000005, EXCEPTION_ACCESS_VIOLATION (0xc0000005) at pc=0x00007ffddab41249]

GC Heap History (0 events):
No events

Deoptimization events (0 events):
No events

Classes unloaded (0 events):
No events

Classes redefined (0 events):
No events

Internal exceptions (0 events):
No events

VM Operations (0 events):
No events

Events (1 events):
Event: 0.021 Loaded shared library C:\Program Files\Java\jdk-17\bin\java.dll


Dynamic libraries:
0x00007ff7d3d30000 - 0x00007ff7d3d40000 	C:\Program Files\Java\jdk-17\bin\java.exe
0x00007ffe7d840000 - 0x00007ffe7daa7000 	C:\WINDOWS\SYSTEM32\ntdll.dll
0x00007ffe7bc30000 - 0x00007ffe7bcf9000 	C:\WINDOWS\System32\KERNEL32.DLL
0x00007ffe7ac90000 - 0x00007ffe7b07f000 	C:\WINDOWS\System32\KERNELBASE.dll
0x00007ffe7b150000 - 0x00007ffe7b29b000 	C:\WINDOWS\System32\ucrtbase.dll
0x00007ffe691c0000 - 0x00007ffe691d9000 	C:\Program Files\Java\jdk-17\bin\jli.dll
0x00007ffe7bf10000 - 0x00007ffe7bfc4000 	C:\WINDOWS\System32\ADVAPI32.dll
0x00007ffe7d370000 - 0x00007ffe7d419000 	C:\WINDOWS\System32\msvcrt.dll
0x00007ffe7c4f0000 - 0x00007ffe7c596000 	C:\WINDOWS\System32\sechost.dll
0x00007ffe7c1a0000 - 0x00007ffe7c2b8000 	C:\WINDOWS\System32\RPCRT4.dll
0x00007ffe690f0000 - 0x00007ffe6910b000 	C:\Program Files\Java\jdk-17\bin\VCRUNTIME140.dll
0x00007ffe7bfd0000 - 0x00007ffe7c195000 	C:\WINDOWS\System32\USER32.dll
0x00007ffe7a990000 - 0x00007ffe7a9b7000 	C:\WINDOWS\System32\win32u.dll
0x00007ffe7bbb0000 - 0x00007ffe7bbdb000 	C:\WINDOWS\System32\GDI32.dll
0x00007ffe7b2a0000 - 0x00007ffe7b3cc000 	C:\WINDOWS\System32\gdi32full.dll
0x00007ffe7aa70000 - 0x00007ffe7ab13000 	C:\WINDOWS\System32\msvcp_win.dll
0x00007ffe58230000 - 0x00007ffe584c3000 	C:\WINDOWS\WinSxS\amd64_microsoft.windows.common-controls_6595b64144ccf1df_6.0.26100.7309_none_3e05feeae336a044\COMCTL32.dll
0x00007ffe6a9e0000 - 0x00007ffe6a9eb000 	C:\WINDOWS\SYSTEM32\VERSION.dll
0x00007ffe7baf0000 - 0x00007ffe7bb21000 	C:\WINDOWS\System32\IMM32.DLL
0x00007ffe752c0000 - 0x00007ffe752cc000 	C:\Program Files\Java\jdk-17\bin\vcruntime140_1.dll
0x00007ffe430d0000 - 0x00007ffe4315e000 	C:\Program Files\Java\jdk-17\bin\msvcp140.dll
0x00007ffdda470000 - 0x00007ffddb04f000 	C:\Program Files\Java\jdk-17\bin\server\jvm.dll
0x00007ffe7d360000 - 0x00007ffe7d368000 	C:\WINDOWS\System32\PSAPI.DLL
0x00007ffe690a0000 - 0x00007ffe690aa000 	C:\WINDOWS\SYSTEM32\WSOCK32.dll
0x00007ffe71d60000 - 0x00007ffe71d95000 	C:\WINDOWS\SYSTEM32\WINMM.dll
0x00007ffe7c2c0000 - 0x00007ffe7c334000 	C:\WINDOWS\System32\WS2_32.dll
0x00007ffe79740000 - 0x00007ffe7975b000 	C:\WINDOWS\SYSTEM32\kernel.appcore.dll
0x00007ffe6c610000 - 0x00007ffe6c61a000 	C:\Program Files\Java\jdk-17\bin\jimage.dll
0x00007ffe77fa0000 - 0x00007ffe781e2000 	C:\WINDOWS\SYSTEM32\DBGHELP.DLL
0x00007ffe7c5a0000 - 0x00007ffe7c925000 	C:\WINDOWS\System32\combase.dll
0x00007ffe7c410000 - 0x00007ffe7c4e6000 	C:\WINDOWS\System32\OLEAUT32.dll
0x00007ffe5b0a0000 - 0x00007ffe5b0dc000 	C:\WINDOWS\SYSTEM32\dbgcore.DLL
0x00007ffe7a9c0000 - 0x00007ffe7aa65000 	C:\WINDOWS\System32\bcryptPrimitives.dll
0x00007ffe58ba0000 - 0x00007ffe58bc5000 	C:\Program Files\Java\jdk-17\bin\java.dll

dbghelp: loaded successfully - version: 4.0.5 - missing functions: none
symbol engine: initialized successfully - sym options: 0x614 - pdb path: .;C:\Program Files\Java\jdk-17\bin;C:\WINDOWS\SYSTEM32;C:\WINDOWS\WinSxS\amd64_microsoft.windows.common-controls_6595b64144ccf1df_6.0.26100.7309_none_3e05feeae336a044;C:\Program Files\Java\jdk-17\bin\server

VM Arguments:
jvm_args: -XX:TieredStopAtLevel=1 
java_command: com.payment_service.PaymentServiceApplication
java_class_path (initial): U:\Desktop\09_Projects\04_Java_Microservices\03_Banking_as_a_Service\codebase\Banking_As_A_Service\payment_service\target\classes;C:\Users\mohas\.m2\repository\com\zaxxer\HikariCP\5.1.0\HikariCP-5.1.0.jar;C:\Users\mohas\.m2\repository\org\springframework\spring-jdbc\6.2.6\spring-jdbc-6.2.6.jar;C:\Users\mohas\.m2\repository\org\hibernate\orm\hibernate-core\6.6.13.Final\hibernate-core-6.6.13.Final.jar;C:\Users\mohas\.m2\repository\jakarta\persistence\jakarta.persistence-api\3.1.0\jakarta.persistence-api-3.1.0.jar;C:\Users\mohas\.m2\repository\jakarta\transaction\jakarta.transaction-api\2.0.1\jakarta.transaction-api-2.0.1.jar;C:\Users\mohas\.m2\repository\org\jboss\logging\jboss-logging\3.6.1.Final\jboss-logging-3.6.1.Final.jar;C:\Users\mohas\.m2\repository\org\hibernate\common\hibernate-commons-annotations\7.0.3.Final\hibernate-commons-annotations-7.0.3.Final.jar;C:\Users\mohas\.m2\repository\io\smallrye\jandex\3.2.0\jandex-3.2.0.jar;C:\Users\mohas\.m2\repository\com\fasterxml\classmate\1.7.0\classmate-1.7.0.jar;C:\Users\mohas\.m2\repository\net\bytebuddy\byte-buddy\1.15.11\byte-buddy-1.15.11.jar;C:\Users\mohas\.m2\repository\org\glassfish\jaxb\jaxb-runtime\4.0.5\jaxb-runtime-4.0.5.jar;C:\Users\mohas\.m2\repository\org\glassfish\jaxb\jaxb-core\4.0.5\jaxb-core-4.0.5.jar;C:\Users\mohas\.m2\repository\org\eclipse\angus\angus-activation\2.0.2\angus-activation-2.0.2.jar;C:\Users\mohas\.m2\repository\org\glassfish\jaxb\txw2\4.0.5\txw2-4.0.5.jar;C:\Users\mohas\.m2\repository\com\sun\istack\istack-commons-runtime\4.1.2\istack-commons-runtime-4.1.2.jar;C:\Users\mohas\.m2\repository\jakarta\inject\jakarta.inject-api\2.0.1\jakarta.inject-api-2.0.1.jar;C:\Users\mohas\.m2\repository\org\antlr\antlr4-runtime\4.13.0\antlr4-runtime-4.13.0.jar;C:\Users\mohas\.m2\repository\org\springframework\data\spring-data-jpa\3.4.5\spring-data-jpa-3.4.5.jar;C:\Users\mohas\.m2\repository\org\springframework\data\spring-data-commons\3.4.5\spring-data-commons-3.4.5.jar;C:
Launcher Type: SUN_STANDARD

[Global flags]
     intx CICompilerCount                          = 4                                         {product} {ergonomic}
     uint ConcGCThreads                            = 2                                         {product} {ergonomic}
     uint G1ConcRefinementThreads                  = 8                                         {product} {ergonomic}
   size_t G1HeapRegionSize                         = 1048576                                   {product} {ergonomic}
    uintx GCDrainStackTargetSize                   = 64                                        {product} {ergonomic}
   size_t InitialHeapSize                          = 130023424                                 {product} {ergonomic}
   size_t MarkStackSize                            = 4194304                                   {product} {ergonomic}
   size_t MaxHeapSize                              = 2055208960                                {product} {ergonomic}
   size_t MinHeapDeltaBytes                        = 1048576                                   {product} {ergonomic}
   size_t MinHeapSize                              = 8388608                                   {product} {ergonomic}
    uintx NonProfiledCodeHeapSize                  = 0                                      {pd product} {ergonomic}
     bool ProfileInterpreter                       = false                                  {pd product} {command line}
    uintx ProfiledCodeHeapSize                     = 0                                      {pd product} {ergonomic}
   size_t SoftMaxHeapSize                          = 2055208960                             {manageable} {ergonomic}
     intx TieredStopAtLevel                        = 1                                         {product} {command line}
     bool UseCompressedClassPointers               = true                           {product lp64_product} {ergonomic}
     bool UseCompressedOops                        = true                           {product lp64_product} {ergonomic}
     bool UseG1GC                                  = true                                      {product} {ergonomic}
     bool UseLargePagesIndividualAllocation        = false                                  {pd product} {ergonomic}

Logging:
Log output configuration:
 #0: stdout all=warning uptime,level,tags
 #1: stderr all=off uptime,level,tags

Environment Variables:
PATH=C:\Users\mohas\bin;C:\Program Files\Git\mingw64\bin;C:\Program Files\Git\usr\local\bin;C:\Program Files\Git\usr\bin;C:\Program Files\Git\usr\bin;C:\Program Files\Git\mingw64\bin;C:\Program Files\Git\usr\bin;C:\Users\mohas\bin;C:\Python312\Scripts;C:\Python312;C:\Program Files\Java\jdk-17\bin;C:\WINDOWS\system32;C:\WINDOWS;C:\WINDOWS\System32\Wbem;C:\WINDOWS\System32\WindowsPowerShell\v1.0;C:\WINDOWS\System32\OpenSSH;C:\Program Files\nodejs;C:\Program Files\Git\cmd;C:\Program Files\MySQL\MySQL Server 8.0\bin;C:\MinGW\bin;C:\ProgramData\chocolatey\bin;C:\Program Files\Dart\bin;C:\Program Files\apache-maven-3.9.9\bin;C:\Program Files\JetBrains\IntelliJ IDEA Community Edition 2023.3.1\bin\idea64.exe;C:\Program Files\Docker\Docker\resources\bin;C:\Program Files\Amazon\AWSCLI\bin;C:\Program Files\MySQL\MySQL Shell 8.0\bin;C:\Users\mohas\AppData\Local\Microsoft\WindowsApps;C:\Program Files\JetBrains\IntelliJ IDEA Community Edition 2025.1.1.1\bin;C:\Users\mohas\AppData\Roaming\npm;C:\Users\mohas\AppData\Local\Programs\Microsoft VS Code\bin;C:\Program Files\heroku\bin;C:\Program Files\JetBrains\IntelliJ IDEA 2025.1.1.1\bin;C:\Program Files\Git\usr\bin\vendor_perl;C:\Program Files\Git\usr\bin\core_perl
USERNAME=Mohasin
SHELL=C:\Program Files\Git\usr\bin\bash.exe
DISPLAY=needs-to-be-defined
LC_CTYPE=en_US.UTF-8
OS=Windows_NT
PROCESSOR_IDENTIFIER=Intel64 Family 6 Model 140 Stepping 1, GenuineIntel



---------------  S Y S T E M  ---------------

OS:
 Windows 11 , 64 bit Build 26100 (10.0.26100.7309)
OS uptime: 6 days 2:02 hours
Hyper-V role detected

CPU: total 8 (initial active 8) (4 cores per cpu, 2 threads per core) family 6 model 140 stepping 1 microcode 0xb4, cx8, cmov, fxsr, ht, mmx, 3dnowpref, sse, sse2, sse3, ssse3, sse4.1, sse4.2, popcnt, lzcnt, tsc, tscinvbit, avx, avx2, aes, erms, clmul, bmi1, bmi2, adx, avx512f, avx512dq, avx512cd, avx512bw, avx512vl, sha, fma, vzeroupper, avx512_vpopcntdq, avx512_vpclmulqdq, avx512_vaes, avx512_vnni, clflush, clflushopt, clwb, avx512_vbmi2, avx512_vbmi, hv

Memory: 4k page, system-wide physical 7834M (439M free)
TotalPageFile size 22834M (AvailPageFile size 80M)
current process WorkingSet (physical memory assigned to process): 12M, peak: 12M
current process commit charge ("private bytes"): 55M, peak: 179M

vm_info: Java HotSpot(TM) 64-Bit Server VM (17.0.10+11-LTS-240) for windows-amd64 JRE (17.0.10+11-LTS-240), built on Dec 19 2023 21:47:25 by "mach5one" with MS VC++ 17.1 (VS2022)

END.
