#
# There is insufficient memory for the Java Runtime Environment to continue.
# Native memory allocation (malloc) failed to allocate 542256 bytes for Chunk::new
# Possible reasons:
#   The system is out of physical RAM or swap space
#   The process is running with CompressedOops enabled, and the Java Heap may be blocking the growth of the native heap
# Possible solutions:
#   Reduce memory load on the system
#   Increase physical memory or swap space
#   Check if swap backing store is full
#   Decrease Java heap size (-Xmx/-Xms)
#   Decrease number of Java threads
#   Decrease Java thread stack sizes (-Xss)
#   Set larger code cache with -XX:ReservedCodeCacheSize=
#   JVM is running with Unscaled Compressed Oops mode in which the Java heap is
#     placed in the first 4GB address space. The Java Heap base address is the
#     maximum limit for the native heap growth. Please use -XX:HeapBaseMinAddress
#     to set the Java Heap base and to place the Java Heap above 4GB virtual address.
# This output file may be truncated or incomplete.
#
#  Out of Memory Error (arena.cpp:189), pid=22340, tid=18580
#
# JRE version: Java(TM) SE Runtime Environment (17.0.10+11) (build 17.0.10+11-LTS-240)
# Java VM: Java HotSpot(TM) 64-Bit Server VM (17.0.10+11-LTS-240, mixed mode, sharing, tiered, compressed oops, compressed class ptrs, g1 gc, windows-amd64)
# No core dump will be written. Minidumps are not enabled by default on client versions of Windows
#

---------------  S U M M A R Y ------------

Command Line: -javaagent:C:\Program Files\JetBrains\IntelliJ IDEA Community Edition 2025.1.1.1\lib\idea_rt.jar=53958 -Dfile.encoding=UTF-8 com.notification_service.NotificationServiceApplication

Host: 11th Gen Intel(R) Core(TM) i5-1135G7 @ 2.40GHz, 8 cores, 7G,  Windows 11 , 64 bit Build 26100 (10.0.26100.7019)
Time: Mon Jan 12 13:05:52 2026 India Standard Time elapsed time: 214395.958526 seconds (2d 11h 33m 15s)

---------------  T H R E A D  ---------------

Current thread (0x00000254fc63bd00):  JavaThread "C2 CompilerThread0" daemon [_thread_in_native, id=18580, stack(0x0000008b78500000,0x0000008b78600000)]


Current CompileTask:
C2:214395959 11158   !   4       org.apache.kafka.clients.NetworkClient::poll (207 bytes)

Stack: [0x0000008b78500000,0x0000008b78600000]
Native frames: (J=compiled Java code, j=interpreted, Vv=VM code, C=native code)
V  [jvm.dll+0x677a5a]
V  [jvm.dll+0x7d8b2d]
V  [jvm.dll+0x7da48e]
V  [jvm.dll+0x7daaf3]
V  [jvm.dll+0x2455ff]
V  [jvm.dll+0xaaafb]
V  [jvm.dll+0xab09c]
V  [jvm.dll+0x361b5f]
V  [jvm.dll+0x32c211]
V  [jvm.dll+0x32b6aa]
V  [jvm.dll+0x21794f]
V  [jvm.dll+0x216d81]
V  [jvm.dll+0x1a3410]
V  [jvm.dll+0x226aeb]
V  [jvm.dll+0x224cab]
V  [jvm.dll+0x78e45c]
V  [jvm.dll+0x78888a]
V  [jvm.dll+0x676935]
C  [ucrtbase.dll+0x37b0]
C  [KERNEL32.DLL+0x2e8d7]
C  [ntdll.dll+0x8c53c]


---------------  P R O C E S S  ---------------

Threads class SMR info:
_java_thread_list=0x00000254c7c38de0, length=50, elements={
0x00000254fc621540, 0x00000254fc622f10, 0x00000254fc637300, 0x00000254fc637bd0,
0x00000254fc638590, 0x00000254fc638f50, 0x00000254fc63bd00, 0x00000254fc64c7c0,
0x00000254fc6596e0, 0x00000254fc60e4d0, 0x00000254fc9bae00, 0x00000254fccb9bc0,
0x00000254ff0649b0, 0x00000254fec84a40, 0x00000254fd9767d0, 0x00000254ff290f70,
0x00000254ff2928c0, 0x00000254ff2932e0, 0x00000254ff2937f0, 0x00000254ff291480,
0x00000254fec83600, 0x00000254fec830f0, 0x00000254fec81290, 0x00000254fec826d0,
0x00000254fec83b10, 0x00000254fec80360, 0x00000254fec82be0, 0x00000254fec84020,
0x00000254fec80870, 0x00000254fec84530, 0x00000254fec81cb0, 0x00000254fec80d80,
0x00000254fec84f50, 0x00000254fec817a0, 0x00000254fec86390, 0x00000254fec868a0,
0x00000254fec86db0, 0x00000254fec85e80, 0x00000254fec872c0, 0x00000254fec85460,
0x00000254fec877d0, 0x00000254fd975db0, 0x00000254fd979050, 0x00000254fd979560,
0x00000254fd977700, 0x00000254fd9771f0, 0x00000254fd977c10, 0x00000254fd9762c0,
0x00000254ff291990, 0x00000254ff292dd0
}

Java Threads: ( => current thread )
  0x00000254fc621540 JavaThread "Reference Handler" daemon [_thread_blocked, id=20072, stack(0x0000008b77f00000,0x0000008b78000000)]
  0x00000254fc622f10 JavaThread "Finalizer" daemon [_thread_blocked, id=13344, stack(0x0000008b78000000,0x0000008b78100000)]
  0x00000254fc637300 JavaThread "Signal Dispatcher" daemon [_thread_blocked, id=21092, stack(0x0000008b78100000,0x0000008b78200000)]
  0x00000254fc637bd0 JavaThread "Attach Listener" daemon [_thread_blocked, id=13896, stack(0x0000008b78200000,0x0000008b78300000)]
  0x00000254fc638590 JavaThread "Service Thread" daemon [_thread_blocked, id=15892, stack(0x0000008b78300000,0x0000008b78400000)]
  0x00000254fc638f50 JavaThread "Monitor Deflation Thread" daemon [_thread_blocked, id=21572, stack(0x0000008b78400000,0x0000008b78500000)]
=>0x00000254fc63bd00 JavaThread "C2 CompilerThread0" daemon [_thread_in_native, id=18580, stack(0x0000008b78500000,0x0000008b78600000)]
  0x00000254fc64c7c0 JavaThread "C1 CompilerThread0" daemon [_thread_blocked, id=3884, stack(0x0000008b78600000,0x0000008b78700000)]
  0x00000254fc6596e0 JavaThread "Sweeper thread" daemon [_thread_blocked, id=13416, stack(0x0000008b78700000,0x0000008b78800000)]
  0x00000254fc60e4d0 JavaThread "Common-Cleaner" daemon [_thread_blocked, id=22856, stack(0x0000008b78800000,0x0000008b78900000)]
  0x00000254fc9bae00 JavaThread "Monitor Ctrl-Break" daemon [_thread_in_native, id=18020, stack(0x0000008b78a00000,0x0000008b78b00000)]
  0x00000254fccb9bc0 JavaThread "Notification Thread" daemon [_thread_blocked, id=21128, stack(0x0000008b78b00000,0x0000008b78c00000)]
  0x00000254ff0649b0 JavaThread "mysql-cj-abandoned-connection-cleanup" daemon [_thread_blocked, id=15512, stack(0x0000008b79e00000,0x0000008b79f00000)]
  0x00000254fec84a40 JavaThread "spectator-gauge-polling-0" daemon [_thread_blocked, id=9984, stack(0x0000008b7af00000,0x0000008b7b000000)]
  0x00000254fd9767d0 JavaThread "DestroyJavaVM" [_thread_blocked, id=15480, stack(0x0000008b77800000,0x0000008b77900000)]
  0x00000254ff290f70 JavaThread "Catalina-utility-1" [_thread_blocked, id=19788, stack(0x0000008b77700000,0x0000008b77800000)]
  0x00000254ff2928c0 JavaThread "Catalina-utility-2" [_thread_blocked, id=20908, stack(0x0000008b79500000,0x0000008b79600000)]
  0x00000254ff2932e0 JavaThread "container-0" [_thread_blocked, id=6748, stack(0x0000008b79600000,0x0000008b79700000)]
  0x00000254ff2937f0 JavaThread "HikariPool-3 housekeeper" daemon [_thread_blocked, id=12396, stack(0x0000008b79900000,0x0000008b79a00000)]
  0x00000254ff291480 JavaThread "File Watcher" daemon [_thread_blocked, id=11932, stack(0x0000008b79c00000,0x0000008b79d00000)]
  0x00000254fec83600 JavaThread "http-nio-auto-3-exec-1" daemon [_thread_blocked, id=15456, stack(0x0000008b79f00000,0x0000008b7a000000)]
  0x00000254fec830f0 JavaThread "http-nio-auto-3-exec-2" daemon [_thread_blocked, id=17996, stack(0x0000008b7a000000,0x0000008b7a100000)]
  0x00000254fec81290 JavaThread "http-nio-auto-3-exec-3" daemon [_thread_blocked, id=17680, stack(0x0000008b7a100000,0x0000008b7a200000)]
  0x00000254fec826d0 JavaThread "http-nio-auto-3-exec-4" daemon [_thread_blocked, id=8004, stack(0x0000008b7a200000,0x0000008b7a300000)]
  0x00000254fec83b10 JavaThread "http-nio-auto-3-exec-5" daemon [_thread_blocked, id=15240, stack(0x0000008b7a300000,0x0000008b7a400000)]
  0x00000254fec80360 JavaThread "http-nio-auto-3-exec-6" daemon [_thread_blocked, id=16136, stack(0x0000008b7a400000,0x0000008b7a500000)]
  0x00000254fec82be0 JavaThread "http-nio-auto-3-exec-7" daemon [_thread_blocked, id=21116, stack(0x0000008b7a500000,0x0000008b7a600000)]
  0x00000254fec84020 JavaThread "http-nio-auto-3-exec-8" daemon [_thread_blocked, id=22680, stack(0x0000008b7a600000,0x0000008b7a700000)]
  0x00000254fec80870 JavaThread "http-nio-auto-3-exec-9" daemon [_thread_blocked, id=10424, stack(0x0000008b7a700000,0x0000008b7a800000)]
  0x00000254fec84530 JavaThread "http-nio-auto-3-exec-10" daemon [_thread_blocked, id=14888, stack(0x0000008b7a800000,0x0000008b7a900000)]
  0x00000254fec81cb0 JavaThread "http-nio-auto-3-Poller" daemon [_thread_in_native, id=4056, stack(0x0000008b7a900000,0x0000008b7aa00000)]
  0x00000254fec80d80 JavaThread "http-nio-auto-3-Acceptor" daemon [_thread_in_native, id=1636, stack(0x0000008b7aa00000,0x0000008b7ab00000)]
  0x00000254fec84f50 JavaThread "AsyncResolver-bootstrap-%d" daemon [_thread_blocked, id=8596, stack(0x0000008b7ab00000,0x0000008b7ac00000)]
  0x00000254fec817a0 JavaThread "DiscoveryClient-%d" daemon [_thread_blocked, id=15252, stack(0x0000008b7ac00000,0x0000008b7ad00000)]
  0x00000254fec86390 JavaThread "DiscoveryClient-%d" daemon [_thread_blocked, id=12304, stack(0x0000008b7ad00000,0x0000008b7ae00000)]
  0x00000254fec868a0 JavaThread "DiscoveryClient-InstanceInfoReplicator-%d" daemon [_thread_blocked, id=19304, stack(0x0000008b7ae00000,0x0000008b7af00000)]
  0x00000254fec86db0 JavaThread "ThreadPoolTaskScheduler-1" [_thread_blocked, id=5220, stack(0x0000008b7b000000,0x0000008b7b100000)]
  0x00000254fec85e80 JavaThread "org.springframework.kafka.KafkaListenerEndpointContainer#2-0-C-1" [_thread_in_native, id=22592, stack(0x0000008b7b100000,0x0000008b7b200000)]
  0x00000254fec872c0 JavaThread "ThreadPoolTaskScheduler-1" [_thread_blocked, id=12568, stack(0x0000008b7b200000,0x0000008b7b300000)]
  0x00000254fec85460 JavaThread "org.springframework.kafka.KafkaListenerEndpointContainer#3-0-C-1" [_thread_in_native, id=16140, stack(0x0000008b7b300000,0x0000008b7b400000)]
  0x00000254fec877d0 JavaThread "ThreadPoolTaskScheduler-1" [_thread_blocked, id=8568, stack(0x0000008b7b400000,0x0000008b7b500000)]
  0x00000254fd975db0 JavaThread "org.springframework.kafka.KafkaListenerEndpointContainer#0-0-C-1" [_thread_in_native, id=19780, stack(0x0000008b7b500000,0x0000008b7b600000)]
  0x00000254fd979050 JavaThread "kafka-coordinator-heartbeat-thread | transaction-KafkaService" daemon [_thread_blocked, id=8448, stack(0x0000008b7b600000,0x0000008b7b700000)]
  0x00000254fd979560 JavaThread "kafka-coordinator-heartbeat-thread | account-kafkaService" daemon [_thread_blocked, id=23008, stack(0x0000008b7b700000,0x0000008b7b800000)]
  0x00000254fd977700 JavaThread "ThreadPoolTaskScheduler-1" [_thread_blocked, id=5928, stack(0x0000008b7b800000,0x0000008b7b900000)]
  0x00000254fd9771f0 JavaThread "org.springframework.kafka.KafkaListenerEndpointContainer#1-0-C-1" [_thread_in_native, id=13900, stack(0x0000008b7b900000,0x0000008b7ba00000)]
  0x00000254fd977c10 JavaThread "kafka-coordinator-heartbeat-thread | loan-KafkaService" daemon [_thread_blocked, id=15416, stack(0x0000008b7ba00000,0x0000008b7bb00000)]
  0x00000254fd9762c0 JavaThread "kafka-coordinator-heartbeat-thread | notification-KafkaService" daemon [_thread_blocked, id=9476, stack(0x0000008b77600000,0x0000008b77700000)]
  0x00000254ff291990 JavaThread "DiscoveryClient-HeartbeatExecutor-%d" daemon [_thread_blocked, id=23264, stack(0x0000008b7bb00000,0x0000008b7bc00000)]
  0x00000254ff292dd0 JavaThread "DiscoveryClient-CacheRefreshExecutor-%d" daemon [_thread_blocked, id=16580, stack(0x0000008b7bc00000,0x0000008b7bd00000)]

Other Threads:
  0x00000254fc61dba0 VMThread "VM Thread" [stack: 0x0000008b77e00000,0x0000008b77f00000] [id=2220]
  0x00000254de7f6320 WatcherThread [stack: 0x0000008b78c00000,0x0000008b78d00000] [id=23076]
  0x00000254de7ba430 GCTaskThread "GC Thread#0" [stack: 0x0000008b77900000,0x0000008b77a00000] [id=18004]
  0x00000254fcd3d800 GCTaskThread "GC Thread#1" [stack: 0x0000008b78d00000,0x0000008b78e00000] [id=17484]
  0x00000254fcd3dac0 GCTaskThread "GC Thread#2" [stack: 0x0000008b78e00000,0x0000008b78f00000] [id=15440]
  0x00000254fcd3dd80 GCTaskThread "GC Thread#3" [stack: 0x0000008b78f00000,0x0000008b79000000] [id=6616]
  0x00000254fcd3c4c0 GCTaskThread "GC Thread#4" [stack: 0x0000008b79200000,0x0000008b79300000] [id=4644]
  0x00000254fcd3cfc0 GCTaskThread "GC Thread#5" [stack: 0x0000008b79300000,0x0000008b79400000] [id=19372]
  0x00000254fcd3d540 GCTaskThread "GC Thread#6" [stack: 0x0000008b79400000,0x0000008b79500000] [id=9384]
  0x00000254fcd3d280 GCTaskThread "GC Thread#7" [stack: 0x0000008b79700000,0x0000008b79800000] [id=19856]
  0x00000254de7cc560 ConcurrentGCThread "G1 Main Marker" [stack: 0x0000008b77a00000,0x0000008b77b00000] [id=15208]
  0x00000254de7ce5c0 ConcurrentGCThread "G1 Conc#0" [stack: 0x0000008b77b00000,0x0000008b77c00000] [id=22268]
  0x00000254fcd3ca40 ConcurrentGCThread "G1 Conc#1" [stack: 0x0000008b79a00000,0x0000008b79b00000] [id=11072]
  0x00000254fc4c9100 ConcurrentGCThread "G1 Refine#0" [stack: 0x0000008b77c00000,0x0000008b77d00000] [id=16064]
  0x00000254fca3f700 ConcurrentGCThread "G1 Refine#1" [stack: 0x0000008b79000000,0x0000008b79100000] [id=7760]
  0x00000254fd249450 ConcurrentGCThread "G1 Refine#2" [stack: 0x0000008b79100000,0x0000008b79200000] [id=2096]
  0x00000254fc4c98d0 ConcurrentGCThread "G1 Service" [stack: 0x0000008b77d00000,0x0000008b77e00000] [id=20324]

Threads with active compile tasks:
C2 CompilerThread0  214396096 11158   !   4       org.apache.kafka.clients.NetworkClient::poll (207 bytes)

VM state: not at safepoint (normal execution)

VM Mutex/Monitor currently owned by a thread: None

Heap address: 0x0000000085800000, size: 1960 MB, Compressed Oops mode: 32-bit

CDS archive(s) mapped at: [0x0000025480000000-0x0000025480bd0000-0x0000025480bd0000), size 12386304, SharedBaseAddress: 0x0000025480000000, ArchiveRelocationMode: 1.
Compressed class space mapped at: 0x0000025481000000-0x00000254c1000000, reserved size: 1073741824
Narrow klass base: 0x0000025480000000, Narrow klass shift: 0, Narrow klass range: 0x100000000

GC Precious Log:
 CPUs: 8 total, 8 available
 Memory: 7834M
 Large Page Support: Disabled
 NUMA Support: Disabled
 Compressed Oops: Enabled (32-bit)
 Heap Region Size: 1M
 Heap Min Capacity: 8M
 Heap Initial Capacity: 124M
 Heap Max Capacity: 1960M
 Pre-touch: Disabled
 Parallel Workers: 8
 Concurrent Workers: 2
 Concurrent Refinement Workers: 8
 Periodic GC: Disabled

Heap:
 garbage-first heap   total 109568K, used 76651K [0x0000000085800000, 0x0000000100000000)
  region size 1024K, 29 young (29696K), 1 survivors (1024K)
 Metaspace       used 83456K, committed 84160K, reserved 1179648K
  class space    used 10761K, committed 11136K, reserved 1048576K

Heap Regions: E=young(eden), S=young(survivor), O=old, HS=humongous(starts), HC=humongous(continues), CS=collection set, F=free, OA=open archive, CA=closed archive, TAMS=top-at-mark-start (previous, next)
|   0|0x0000000085800000, 0x0000000085900000, 0x0000000085900000|100%|HS|  |TAMS 0x0000000085900000, 0x0000000085800000| Complete 
|   1|0x0000000085900000, 0x0000000085a00000, 0x0000000085a00000|100%|HS|  |TAMS 0x0000000085a00000, 0x0000000085900000| Complete 
|   2|0x0000000085a00000, 0x0000000085b00000, 0x0000000085b00000|100%|HS|  |TAMS 0x0000000085b00000, 0x0000000085a00000| Complete 
|   3|0x0000000085b00000, 0x0000000085c00000, 0x0000000085c00000|100%| O|  |TAMS 0x0000000085c00000, 0x0000000085b00000| Untracked 
|   4|0x0000000085c00000, 0x0000000085cfffe8, 0x0000000085d00000| 99%| O|  |TAMS 0x0000000085cfffe8, 0x0000000085c00000| Untracked 
|   5|0x0000000085d00000, 0x0000000085e00000, 0x0000000085e00000|100%| O|  |TAMS 0x0000000085e00000, 0x0000000085d00000| Untracked 
|   6|0x0000000085e00000, 0x0000000085efffe0, 0x0000000085f00000| 99%| O|  |TAMS 0x0000000085efffe0, 0x0000000085e00000| Untracked 
|   7|0x0000000085f00000, 0x0000000086000000, 0x0000000086000000|100%| O|  |TAMS 0x0000000086000000, 0x0000000085f00000| Untracked 
|   8|0x0000000086000000, 0x00000000860ffff0, 0x0000000086100000| 99%| O|  |TAMS 0x00000000860ffff0, 0x0000000086000000| Untracked 
|   9|0x0000000086100000, 0x0000000086200000, 0x0000000086200000|100%| O|  |TAMS 0x0000000086200000, 0x0000000086100000| Untracked 
|  10|0x0000000086200000, 0x0000000086300000, 0x0000000086300000|100%| O|  |TAMS 0x0000000086300000, 0x0000000086200000| Untracked 
|  11|0x0000000086300000, 0x0000000086400000, 0x0000000086400000|100%| O|  |TAMS 0x0000000086400000, 0x0000000086300000| Untracked 
|  12|0x0000000086400000, 0x00000000864fffd0, 0x0000000086500000| 99%| O|  |TAMS 0x00000000864fffd0, 0x0000000086400000| Untracked 
|  13|0x0000000086500000, 0x0000000086600000, 0x0000000086600000|100%| O|  |TAMS 0x0000000086600000, 0x0000000086500000| Untracked 
|  14|0x0000000086600000, 0x00000000866f9710, 0x0000000086700000| 97%| O|  |TAMS 0x00000000866f9710, 0x0000000086600000| Untracked 
|  15|0x0000000086700000, 0x0000000086800000, 0x0000000086800000|100%| O|  |TAMS 0x0000000086800000, 0x0000000086700000| Untracked 
|  16|0x0000000086800000, 0x00000000868fffc8, 0x0000000086900000| 99%| O|  |TAMS 0x00000000868fffc8, 0x0000000086800000| Untracked 
|  17|0x0000000086900000, 0x00000000869fffe8, 0x0000000086a00000| 99%| O|  |TAMS 0x00000000869fffe8, 0x0000000086900000| Untracked 
|  18|0x0000000086a00000, 0x0000000086affff0, 0x0000000086b00000| 99%| O|  |TAMS 0x0000000086affff0, 0x0000000086a00000| Untracked 
|  19|0x0000000086b00000, 0x0000000086c00000, 0x0000000086c00000|100%| O|  |TAMS 0x0000000086c00000, 0x0000000086b00000| Untracked 
|  20|0x0000000086c00000, 0x0000000086cffff8, 0x0000000086d00000| 99%| O|  |TAMS 0x0000000086cffff8, 0x0000000086c00000| Untracked 
|  21|0x0000000086d00000, 0x0000000086dfffd8, 0x0000000086e00000| 99%| O|  |TAMS 0x0000000086dfffd8, 0x0000000086d00000| Untracked 
|  22|0x0000000086e00000, 0x0000000086efffe8, 0x0000000086f00000| 99%| O|  |TAMS 0x0000000086efffe8, 0x0000000086e00000| Untracked 
|  23|0x0000000086f00000, 0x0000000087000000, 0x0000000087000000|100%| O|  |TAMS 0x0000000087000000, 0x0000000086f00000| Untracked 
|  24|0x0000000087000000, 0x0000000087100000, 0x0000000087100000|100%| O|  |TAMS 0x0000000087100000, 0x0000000087000000| Untracked 
|  25|0x0000000087100000, 0x0000000087200000, 0x0000000087200000|100%| O|  |TAMS 0x0000000087200000, 0x0000000087100000| Untracked 
|  26|0x0000000087200000, 0x00000000872fff88, 0x0000000087300000| 99%| O|  |TAMS 0x00000000872fff88, 0x0000000087200000| Untracked 
|  27|0x0000000087300000, 0x0000000087400000, 0x0000000087400000|100%| O|  |TAMS 0x0000000087400000, 0x0000000087300000| Untracked 
|  28|0x0000000087400000, 0x00000000874fffe8, 0x0000000087500000| 99%| O|  |TAMS 0x00000000874fffe8, 0x0000000087400000| Untracked 
|  29|0x0000000087500000, 0x0000000087600000, 0x0000000087600000|100%| O|  |TAMS 0x0000000087600000, 0x0000000087500000| Untracked 
|  30|0x0000000087600000, 0x00000000876fffe0, 0x0000000087700000| 99%| O|  |TAMS 0x00000000876fffe0, 0x0000000087600000| Untracked 
|  31|0x0000000087700000, 0x00000000877fea28, 0x0000000087800000| 99%| O|  |TAMS 0x00000000877fea28, 0x0000000087700000| Untracked 
|  32|0x0000000087800000, 0x0000000087900000, 0x0000000087900000|100%| O|  |TAMS 0x0000000087900000, 0x0000000087800000| Untracked 
|  33|0x0000000087900000, 0x00000000879eaf98, 0x0000000087a00000| 91%| O|  |TAMS 0x00000000879eaf98, 0x0000000087900000| Untracked 
|  34|0x0000000087a00000, 0x0000000087afffb0, 0x0000000087b00000| 99%| O|  |TAMS 0x0000000087afffb0, 0x0000000087a00000| Untracked 
|  35|0x0000000087b00000, 0x0000000087bfffe8, 0x0000000087c00000| 99%| O|  |TAMS 0x0000000087bfffe8, 0x0000000087b00000| Untracked 
|  36|0x0000000087c00000, 0x0000000087cfffd0, 0x0000000087d00000| 99%| O|  |TAMS 0x0000000087cfffd0, 0x0000000087c00000| Untracked 
|  37|0x0000000087d00000, 0x0000000087dc8048, 0x0000000087e00000| 78%| O|  |TAMS 0x0000000087dc8048, 0x0000000087d00000| Untracked 
|  38|0x0000000087e00000, 0x0000000087ec0220, 0x0000000087f00000| 75%| O|  |TAMS 0x0000000087ec0220, 0x0000000087e00000| Untracked 
|  39|0x0000000087f00000, 0x0000000088000000, 0x0000000088000000|100%| O|  |TAMS 0x0000000088000000, 0x0000000087f00000| Untracked 
|  40|0x0000000088000000, 0x0000000088092600, 0x0000000088100000| 57%| O|  |TAMS 0x0000000088092600, 0x0000000088000000| Untracked 
|  41|0x0000000088100000, 0x0000000088164930, 0x0000000088200000| 39%| O|  |TAMS 0x0000000088164930, 0x0000000088100000| Untracked 
|  42|0x0000000088200000, 0x0000000088300000, 0x0000000088300000|100%| O|  |TAMS 0x0000000088300000, 0x0000000088200000| Untracked 
|  43|0x0000000088300000, 0x0000000088400000, 0x0000000088400000|100%| O|  |TAMS 0x0000000088400000, 0x0000000088300000| Untracked 
|  44|0x0000000088400000, 0x0000000088500000, 0x0000000088500000|100%| O|  |TAMS 0x0000000088400000, 0x0000000088400000| Untracked 
|  45|0x0000000088500000, 0x0000000088600000, 0x0000000088600000|100%| O|  |TAMS 0x0000000088600000, 0x0000000088500000| Untracked 
|  46|0x0000000088600000, 0x0000000088700000, 0x0000000088700000|100%| O|  |TAMS 0x0000000088642800, 0x0000000088600000| Untracked 
|  47|0x0000000088700000, 0x0000000088800000, 0x0000000088800000|100%| O|  |TAMS 0x0000000088700000, 0x0000000088700000| Untracked 
|  48|0x0000000088800000, 0x0000000088894000, 0x0000000088900000| 57%| O|  |TAMS 0x0000000088800000, 0x0000000088800000| Untracked 
|  49|0x0000000088900000, 0x0000000088900000, 0x0000000088a00000|  0%| F|  |TAMS 0x0000000088900000, 0x0000000088900000| Untracked 
|  50|0x0000000088a00000, 0x0000000088a00000, 0x0000000088b00000|  0%| F|  |TAMS 0x0000000088a00000, 0x0000000088a00000| Untracked 
|  51|0x0000000088b00000, 0x0000000088b00000, 0x0000000088c00000|  0%| F|  |TAMS 0x0000000088b00000, 0x0000000088b00000| Untracked 
|  52|0x0000000088c00000, 0x0000000088c00000, 0x0000000088d00000|  0%| F|  |TAMS 0x0000000088c00000, 0x0000000088c00000| Untracked 
|  53|0x0000000088d00000, 0x0000000088d00000, 0x0000000088e00000|  0%| F|  |TAMS 0x0000000088d00000, 0x0000000088d00000| Untracked 
|  54|0x0000000088e00000, 0x0000000088e00000, 0x0000000088f00000|  0%| F|  |TAMS 0x0000000088e00000, 0x0000000088e00000| Untracked 
|  55|0x0000000088f00000, 0x0000000088f00000, 0x0000000089000000|  0%| F|  |TAMS 0x0000000088f00000, 0x0000000088f00000| Untracked 
|  56|0x0000000089000000, 0x0000000089000000, 0x0000000089100000|  0%| F|  |TAMS 0x0000000089000000, 0x0000000089000000| Untracked 
|  57|0x0000000089100000, 0x0000000089100000, 0x0000000089200000|  0%| F|  |TAMS 0x0000000089100000, 0x0000000089100000| Untracked 
|  58|0x0000000089200000, 0x0000000089200000, 0x0000000089300000|  0%| F|  |TAMS 0x0000000089200000, 0x0000000089200000| Untracked 
|  59|0x0000000089300000, 0x0000000089300000, 0x0000000089400000|  0%| F|  |TAMS 0x0000000089300000, 0x0000000089300000| Untracked 
|  60|0x0000000089400000, 0x0000000089400000, 0x0000000089500000|  0%| F|  |TAMS 0x0000000089400000, 0x0000000089400000| Untracked 
|  61|0x0000000089500000, 0x0000000089500000, 0x0000000089600000|  0%| F|  |TAMS 0x0000000089500000, 0x0000000089500000| Untracked 
|  62|0x0000000089600000, 0x0000000089600000, 0x0000000089700000|  0%| F|  |TAMS 0x0000000089600000, 0x0000000089600000| Untracked 
|  63|0x0000000089700000, 0x0000000089700000, 0x0000000089800000|  0%| F|  |TAMS 0x0000000089700000, 0x0000000089700000| Untracked 
|  64|0x0000000089800000, 0x00000000898e4ea0, 0x0000000089900000| 89%| S|CS|TAMS 0x0000000089800000, 0x0000000089800000| Complete 
|  65|0x0000000089900000, 0x0000000089900000, 0x0000000089a00000|  0%| F|  |TAMS 0x0000000089900000, 0x0000000089900000| Untracked 
|  66|0x0000000089a00000, 0x0000000089a00000, 0x0000000089b00000|  0%| F|  |TAMS 0x0000000089a00000, 0x0000000089a00000| Untracked 
|  67|0x0000000089b00000, 0x0000000089b00000, 0x0000000089c00000|  0%| F|  |TAMS 0x0000000089b00000, 0x0000000089b00000| Untracked 
|  68|0x0000000089c00000, 0x0000000089c00000, 0x0000000089d00000|  0%| F|  |TAMS 0x0000000089c00000, 0x0000000089c00000| Untracked 
|  69|0x0000000089d00000, 0x0000000089d00000, 0x0000000089e00000|  0%| F|  |TAMS 0x0000000089d00000, 0x0000000089d00000| Untracked 
|  70|0x0000000089e00000, 0x0000000089e00000, 0x0000000089f00000|  0%| F|  |TAMS 0x0000000089e00000, 0x0000000089e00000| Untracked 
|  71|0x0000000089f00000, 0x0000000089f00000, 0x000000008a000000|  0%| F|  |TAMS 0x0000000089f00000, 0x0000000089f00000| Untracked 
|  72|0x000000008a000000, 0x000000008a000000, 0x000000008a100000|  0%| F|  |TAMS 0x000000008a000000, 0x000000008a000000| Untracked 
|  73|0x000000008a100000, 0x000000008a100000, 0x000000008a200000|  0%| F|  |TAMS 0x000000008a100000, 0x000000008a100000| Untracked 
|  74|0x000000008a200000, 0x000000008a200000, 0x000000008a300000|  0%| F|  |TAMS 0x000000008a200000, 0x000000008a200000| Untracked 
|  75|0x000000008a300000, 0x000000008a300000, 0x000000008a400000|  0%| F|  |TAMS 0x000000008a300000, 0x000000008a300000| Untracked 
|  76|0x000000008a400000, 0x000000008a400000, 0x000000008a500000|  0%| F|  |TAMS 0x000000008a400000, 0x000000008a400000| Untracked 
|  77|0x000000008a500000, 0x000000008a500000, 0x000000008a600000|  0%| F|  |TAMS 0x000000008a500000, 0x000000008a500000| Untracked 
|  78|0x000000008a600000, 0x000000008a600000, 0x000000008a700000|  0%| F|  |TAMS 0x000000008a600000, 0x000000008a600000| Untracked 
|  79|0x000000008a700000, 0x000000008a800000, 0x000000008a800000|100%| E|  |TAMS 0x000000008a700000, 0x000000008a700000| Complete 
|  80|0x000000008a800000, 0x000000008a900000, 0x000000008a900000|100%| E|CS|TAMS 0x000000008a800000, 0x000000008a800000| Complete 
|  81|0x000000008a900000, 0x000000008aa00000, 0x000000008aa00000|100%| E|CS|TAMS 0x000000008a900000, 0x000000008a900000| Complete 
|  82|0x000000008aa00000, 0x000000008ab00000, 0x000000008ab00000|100%| E|CS|TAMS 0x000000008aa00000, 0x000000008aa00000| Complete 
|  83|0x000000008ab00000, 0x000000008ac00000, 0x000000008ac00000|100%| E|CS|TAMS 0x000000008ab00000, 0x000000008ab00000| Complete 
|  84|0x000000008ac00000, 0x000000008ad00000, 0x000000008ad00000|100%| E|CS|TAMS 0x000000008ac00000, 0x000000008ac00000| Complete 
|  85|0x000000008ad00000, 0x000000008ae00000, 0x000000008ae00000|100%| E|CS|TAMS 0x000000008ad00000, 0x000000008ad00000| Complete 
|  86|0x000000008ae00000, 0x000000008af00000, 0x000000008af00000|100%| E|CS|TAMS 0x000000008ae00000, 0x000000008ae00000| Complete 
|  87|0x000000008af00000, 0x000000008b000000, 0x000000008b000000|100%| E|CS|TAMS 0x000000008af00000, 0x000000008af00000| Complete 
|  88|0x000000008b000000, 0x000000008b100000, 0x000000008b100000|100%| E|CS|TAMS 0x000000008b000000, 0x000000008b000000| Complete 
|  89|0x000000008b100000, 0x000000008b200000, 0x000000008b200000|100%| E|CS|TAMS 0x000000008b100000, 0x000000008b100000| Complete 
|  90|0x000000008b200000, 0x000000008b300000, 0x000000008b300000|100%| E|CS|TAMS 0x000000008b200000, 0x000000008b200000| Complete 
|  91|0x000000008b300000, 0x000000008b400000, 0x000000008b400000|100%| E|CS|TAMS 0x000000008b300000, 0x000000008b300000| Complete 
|  92|0x000000008b400000, 0x000000008b500000, 0x000000008b500000|100%| E|CS|TAMS 0x000000008b400000, 0x000000008b400000| Complete 
|  93|0x000000008b500000, 0x000000008b600000, 0x000000008b600000|100%| E|CS|TAMS 0x000000008b500000, 0x000000008b500000| Complete 
|  94|0x000000008b600000, 0x000000008b700000, 0x000000008b700000|100%| E|CS|TAMS 0x000000008b600000, 0x000000008b600000| Complete 
|  95|0x000000008b700000, 0x000000008b800000, 0x000000008b800000|100%| E|CS|TAMS 0x000000008b700000, 0x000000008b700000| Complete 
|  96|0x000000008b800000, 0x000000008b900000, 0x000000008b900000|100%| E|CS|TAMS 0x000000008b800000, 0x000000008b800000| Complete 
|  97|0x000000008b900000, 0x000000008ba00000, 0x000000008ba00000|100%| E|CS|TAMS 0x000000008b900000, 0x000000008b900000| Complete 
|  98|0x000000008ba00000, 0x000000008bb00000, 0x000000008bb00000|100%| E|CS|TAMS 0x000000008ba00000, 0x000000008ba00000| Complete 
|  99|0x000000008bb00000, 0x000000008bc00000, 0x000000008bc00000|100%| E|CS|TAMS 0x000000008bb00000, 0x000000008bb00000| Complete 
| 100|0x000000008bc00000, 0x000000008bd00000, 0x000000008bd00000|100%| E|CS|TAMS 0x000000008bc00000, 0x000000008bc00000| Complete 
| 101|0x000000008bd00000, 0x000000008be00000, 0x000000008be00000|100%| E|CS|TAMS 0x000000008bd00000, 0x000000008bd00000| Complete 
| 102|0x000000008be00000, 0x000000008bf00000, 0x000000008bf00000|100%| E|CS|TAMS 0x000000008be00000, 0x000000008be00000| Complete 
| 103|0x000000008bf00000, 0x000000008c000000, 0x000000008c000000|100%| E|CS|TAMS 0x000000008bf00000, 0x000000008bf00000| Complete 
| 104|0x000000008c000000, 0x000000008c100000, 0x000000008c100000|100%| E|CS|TAMS 0x000000008c000000, 0x000000008c000000| Complete 
| 105|0x000000008c100000, 0x000000008c200000, 0x000000008c200000|100%| E|CS|TAMS 0x000000008c100000, 0x000000008c100000| Complete 
| 123|0x000000008d300000, 0x000000008d400000, 0x000000008d400000|100%| E|CS|TAMS 0x000000008d300000, 0x000000008d300000| Complete 

Card table byte_map: [0x00000254f5710000,0x00000254f5af0000] _byte_map_base: 0x00000254f52e4000

Marking Bits (Prev, Next): (CMBitMap*) 0x00000254de7bbaa0, (CMBitMap*) 0x00000254de7bba60
 Prev Bits: [0x00000254f7d70000, 0x00000254f9c10000)
 Next Bits: [0x00000254f5ed0000, 0x00000254f7d70000)

Polling page: 0x00000254dc8f0000

Metaspace:

Usage:
  Non-class:     70.99 MB used.
      Class:     10.51 MB used.
       Both:     81.50 MB used.

Virtual space:
  Non-class space:      128.00 MB reserved,      71.31 MB ( 56%) committed,  2 nodes.
      Class space:        1.00 GB reserved,      10.88 MB (  1%) committed,  1 nodes.
             Both:        1.12 GB reserved,      82.19 MB (  7%) committed. 

Chunk freelists:
   Non-Class:  8.62 MB
       Class:  4.97 MB
        Both:  13.60 MB

MaxMetaspaceSize: unlimited
CompressedClassSpaceSize: 1.00 GB
Initial GC threshold: 21.00 MB
Current GC threshold: 136.69 MB
CDS: on
MetaspaceReclaimPolicy: balanced
 - commit_granule_bytes: 65536.
 - commit_granule_words: 8192.
 - virtual_space_node_default_size: 8388608.
 - enlarge_chunks_in_place: 1.
 - new_chunks_are_fully_committed: 0.
 - uncommit_free_chunks: 1.
 - use_allocation_guard: 0.
 - handle_deallocations: 1.


Internal statistics:

num_allocs_failed_limit: 9.
num_arena_births: 1142.
num_arena_deaths: 46.
num_vsnodes_births: 3.
num_vsnodes_deaths: 0.
num_space_committed: 1315.
num_space_uncommitted: 0.
num_chunks_returned_to_freelist: 72.
num_chunks_taken_from_freelist: 4231.
num_chunk_merges: 25.
num_chunk_splits: 2925.
num_chunks_enlarged: 2162.
num_inconsistent_stats: 0.

CodeHeap 'non-profiled nmethods': size=120000Kb used=7577Kb max_used=7990Kb free=112422Kb
 bounds [0x00000254edad0000, 0x00000254ee2a0000, 0x00000254f5000000]
CodeHeap 'profiled nmethods': size=120000Kb used=18232Kb max_used=19285Kb free=101767Kb
 bounds [0x00000254e6000000, 0x00000254e72e0000, 0x00000254ed530000]
CodeHeap 'non-nmethods': size=5760Kb used=1413Kb max_used=1483Kb free=4347Kb
 bounds [0x00000254ed530000, 0x00000254ed7a0000, 0x00000254edad0000]
 total_blobs=10124 nmethods=9373 adapters=663
 compilation: enabled
              stopped_count=0, restarted_count=0
 full_count=0

Compilation events (20 events):
Event: 214386.776 Thread 0x00000254fc64c7c0 11148       3       java.math.BigInteger::hashCode (45 bytes)
Event: 214386.776 Thread 0x00000254fc64c7c0 nmethod 11148 0x00000254e72d2690 code [0x00000254e72d2820, 0x00000254e72d2a18]
Event: 214386.783 Thread 0x00000254c63c2070 nmethod 11147 0x00000254ee296110 code [0x00000254ee296280, 0x00000254ee2963f8]
Event: 214386.793 Thread 0x00000254fc64c7c0 11150       3       java.util.AbstractList::subListRangeCheck (110 bytes)
Event: 214386.821 Thread 0x00000254fc64c7c0 nmethod 11150 0x00000254e72d2b10 code [0x00000254e72d2ec0, 0x00000254e72d41e8]
Event: 214386.821 Thread 0x00000254fc64c7c0 11151       3       com.mysql.cj.jdbc.ConnectionImpl::checkClosed (8 bytes)
Event: 214386.826 Thread 0x00000254fc64c7c0 nmethod 11151 0x00000254e72d4890 code [0x00000254e72d4a40, 0x00000254e72d4ba8]
Event: 214386.826 Thread 0x00000254fc64c7c0 11152       3       com.mysql.cj.NativeSession::checkClosed (63 bytes)
Event: 214386.826 Thread 0x00000254fc64c7c0 nmethod 11152 0x00000254e72d4c90 code [0x00000254e72d4e80, 0x00000254e72d54c8]
Event: 214387.586 Thread 0x00000254c63c2070 11153       4       sun.nio.ch.IOUtil::read (12 bytes)
Event: 214387.587 Thread 0x00000254c63c2070 nmethod 11153 0x00000254ee296990 code [0x00000254ee296b20, 0x00000254ee296ba8]
Event: 214388.763 Thread 0x00000254c63c2070 11154  s    4       org.apache.kafka.clients.consumer.internals.AbstractCoordinator::checkAndGetCoordinator (36 bytes)
Event: 214388.858 Thread 0x00000254c63c2070 nmethod 11154 0x00000254ee296c90 code [0x00000254ee296ec0, 0x00000254ee298440]
Event: 214391.757 Thread 0x00000254c63c2070 11155   !   4       sun.nio.ch.WEPollSelectorImpl::doSelect (107 bytes)
Event: 214391.844 Thread 0x00000254c63c2070 nmethod 11155 0x00000254ee299010 code [0x00000254ee299300, 0x00000254ee29adc8]
Event: 214393.312 Thread 0x00000254fc63bd00 11156   !   4       org.apache.kafka.common.telemetry.internals.ClientTelemetryReporter$DefaultClientTelemetrySender::timeToNextUpdate (463 bytes)
Event: 214393.408 Thread 0x00000254fc63bd00 nmethod 11156 0x00000254ee29bc90 code [0x00000254ee29bec0, 0x00000254ee29cb50]
Event: 214393.408 Thread 0x00000254fc63bd00 11157       4       org.apache.kafka.clients.NetworkClient$TelemetrySender::maybeUpdate (87 bytes)
Event: 214393.446 Thread 0x00000254fc63bd00 nmethod 11157 0x00000254edaf9510 code [0x00000254edaf96e0, 0x00000254edaf9b08]
Event: 214393.770 Thread 0x00000254fc63bd00 11158   !   4       org.apache.kafka.clients.NetworkClient::poll (207 bytes)

GC Heap History (20 events):
Event: 261.278 GC heap before
{Heap before GC invocations=30 (full 1):
 garbage-first heap   total 91136K, used 46506K [0x0000000085800000, 0x0000000100000000)
  region size 1024K, 5 young (5120K), 2 survivors (2048K)
 Metaspace       used 81365K, committed 81984K, reserved 1179648K
  class space    used 10643K, committed 10944K, reserved 1048576K
}
Event: 261.280 GC heap after
{Heap after GC invocations=31 (full 1):
 garbage-first heap   total 91136K, used 45349K [0x0000000085800000, 0x0000000100000000)
  region size 1024K, 3 young (3072K), 3 survivors (3072K)
 Metaspace       used 81365K, committed 81984K, reserved 1179648K
  class space    used 10643K, committed 10944K, reserved 1048576K
}
Event: 261.711 GC heap before
{Heap before GC invocations=32 (full 1):
 garbage-first heap   total 91136K, used 74021K [0x0000000085800000, 0x0000000100000000)
  region size 1024K, 30 young (30720K), 3 survivors (3072K)
 Metaspace       used 81818K, committed 82496K, reserved 1179648K
  class space    used 10671K, committed 11008K, reserved 1048576K
}
Event: 261.715 GC heap after
{Heap after GC invocations=33 (full 1):
 garbage-first heap   total 91136K, used 45962K [0x0000000085800000, 0x0000000100000000)
  region size 1024K, 2 young (2048K), 2 survivors (2048K)
 Metaspace       used 81818K, committed 82496K, reserved 1179648K
  class space    used 10671K, committed 11008K, reserved 1048576K
}
Event: 262.492 GC heap before
{Heap before GC invocations=33 (full 1):
 garbage-first heap   total 91136K, used 72586K [0x0000000085800000, 0x0000000100000000)
  region size 1024K, 28 young (28672K), 2 survivors (2048K)
 Metaspace       used 82405K, committed 83072K, reserved 1179648K
  class space    used 10727K, committed 11072K, reserved 1048576K
}
Event: 262.495 GC heap after
{Heap after GC invocations=34 (full 1):
 garbage-first heap   total 91136K, used 47831K [0x0000000085800000, 0x0000000100000000)
  region size 1024K, 4 young (4096K), 4 survivors (4096K)
 Metaspace       used 82405K, committed 83072K, reserved 1179648K
  class space    used 10727K, committed 11072K, reserved 1048576K
}
Event: 269.019 GC heap before
{Heap before GC invocations=35 (full 1):
 garbage-first heap   total 91136K, used 54999K [0x0000000085800000, 0x0000000100000000)
  region size 1024K, 12 young (12288K), 4 survivors (4096K)
 Metaspace       used 82474K, committed 83200K, reserved 1179648K
  class space    used 10731K, committed 11072K, reserved 1048576K
}
Event: 269.060 GC heap after
{Heap after GC invocations=36 (full 2):
 garbage-first heap   total 91136K, used 41352K [0x0000000085800000, 0x0000000100000000)
  region size 1024K, 0 young (0K), 0 survivors (0K)
 Metaspace       used 82471K, committed 83200K, reserved 1179648K
  class space    used 10731K, committed 11072K, reserved 1048576K
}
Event: 273.122 GC heap before
{Heap before GC invocations=36 (full 2):
 garbage-first heap   total 91136K, used 73096K [0x0000000085800000, 0x0000000100000000)
  region size 1024K, 31 young (31744K), 0 survivors (0K)
 Metaspace       used 82556K, committed 83328K, reserved 1179648K
  class space    used 10736K, committed 11136K, reserved 1048576K
}
Event: 273.125 GC heap after
{Heap after GC invocations=37 (full 2):
 garbage-first heap   total 91136K, used 44005K [0x0000000085800000, 0x0000000100000000)
  region size 1024K, 3 young (3072K), 3 survivors (3072K)
 Metaspace       used 82556K, committed 83328K, reserved 1179648K
  class space    used 10736K, committed 11136K, reserved 1048576K
}
Event: 273.356 GC heap before
{Heap before GC invocations=38 (full 2):
 garbage-first heap   total 91136K, used 72677K [0x0000000085800000, 0x0000000100000000)
  region size 1024K, 31 young (31744K), 3 survivors (3072K)
 Metaspace       used 82654K, committed 83392K, reserved 1179648K
  class space    used 10738K, committed 11136K, reserved 1048576K
}
Event: 273.359 GC heap after
{Heap after GC invocations=39 (full 2):
 garbage-first heap   total 91136K, used 45157K [0x0000000085800000, 0x0000000100000000)
  region size 1024K, 2 young (2048K), 2 survivors (2048K)
 Metaspace       used 82654K, committed 83392K, reserved 1179648K
  class space    used 10738K, committed 11136K, reserved 1048576K
}
Event: 273.384 GC heap before
{Heap before GC invocations=39 (full 2):
 garbage-first heap   total 91136K, used 47205K [0x0000000085800000, 0x0000000100000000)
  region size 1024K, 5 young (5120K), 2 survivors (2048K)
 Metaspace       used 82664K, committed 83392K, reserved 1179648K
  class space    used 10738K, committed 11136K, reserved 1048576K
}
Event: 273.386 GC heap after
{Heap after GC invocations=40 (full 2):
 garbage-first heap   total 91136K, used 45863K [0x0000000085800000, 0x0000000100000000)
  region size 1024K, 3 young (3072K), 3 survivors (3072K)
 Metaspace       used 82664K, committed 83392K, reserved 1179648K
  class space    used 10738K, committed 11136K, reserved 1048576K
}
Event: 273.608 GC heap before
{Heap before GC invocations=41 (full 2):
 garbage-first heap   total 91136K, used 74535K [0x0000000085800000, 0x0000000100000000)
  region size 1024K, 30 young (30720K), 3 survivors (3072K)
 Metaspace       used 82893K, committed 83712K, reserved 1179648K
  class space    used 10746K, committed 11136K, reserved 1048576K
}
Event: 273.612 GC heap after
{Heap after GC invocations=42 (full 2):
 garbage-first heap   total 91136K, used 46509K [0x0000000085800000, 0x0000000100000000)
  region size 1024K, 2 young (2048K), 2 survivors (2048K)
 Metaspace       used 82893K, committed 83712K, reserved 1179648K
  class space    used 10746K, committed 11136K, reserved 1048576K
}
Event: 274.145 GC heap before
{Heap before GC invocations=42 (full 2):
 garbage-first heap   total 91136K, used 73133K [0x0000000085800000, 0x0000000100000000)
  region size 1024K, 28 young (28672K), 2 survivors (2048K)
 Metaspace       used 83211K, committed 83968K, reserved 1179648K
  class space    used 10753K, committed 11136K, reserved 1048576K
}
Event: 274.149 GC heap after
{Heap after GC invocations=43 (full 2):
 garbage-first heap   total 91136K, used 48434K [0x0000000085800000, 0x0000000100000000)
  region size 1024K, 4 young (4096K), 4 survivors (4096K)
 Metaspace       used 83211K, committed 83968K, reserved 1179648K
  class space    used 10753K, committed 11136K, reserved 1048576K
}
Event: 364.369 GC heap before
{Heap before GC invocations=44 (full 2):
 garbage-first heap   total 91136K, used 73010K [0x0000000085800000, 0x0000000100000000)
  region size 1024K, 28 young (28672K), 4 survivors (4096K)
 Metaspace       used 83342K, committed 84096K, reserved 1179648K
  class space    used 10753K, committed 11136K, reserved 1048576K
}
Event: 364.410 GC heap after
{Heap after GC invocations=45 (full 2):
 garbage-first heap   total 109568K, used 49003K [0x0000000085800000, 0x0000000100000000)
  region size 1024K, 1 young (1024K), 1 survivors (1024K)
 Metaspace       used 83342K, committed 84096K, reserved 1179648K
  class space    used 10753K, committed 11136K, reserved 1048576K
}

Deoptimization events (20 events):
Event: 214386.682 Thread 0x00000254ff293d00 Uncommon trap: trap_request=0xffffffbe fr.pc=0x00000254ee290dc4 relative=0x0000000000000524
Event: 214386.682 Thread 0x00000254ff293d00 Uncommon trap: reason=profile_predicate action=maybe_recompile pc=0x00000254ee290dc4 method=com.sun.crypto.provider.HmacCore.engineInit(Ljava/security/Key;Ljava/security/spec/AlgorithmParameterSpec;)V @ 88 c2
Event: 214386.682 Thread 0x00000254ff293d00 DEOPT PACKING pc=0x00000254ee290dc4 sp=0x0000008b7befdd40
Event: 214386.682 Thread 0x00000254ff293d00 DEOPT UNPACKING pc=0x00000254ed585ba3 sp=0x0000008b7befdcd8 mode 2
Event: 214386.774 Thread 0x00000254ff293d00 Uncommon trap: trap_request=0xffffffbe fr.pc=0x00000254ee293430 relative=0x00000000000000b0
Event: 214386.774 Thread 0x00000254ff293d00 Uncommon trap: reason=profile_predicate action=maybe_recompile pc=0x00000254ee293430 method=java.math.BigInteger.longValue()J @ 5 c2
Event: 214386.774 Thread 0x00000254ff293d00 DEOPT PACKING pc=0x00000254ee293430 sp=0x0000008b7befd880
Event: 214386.774 Thread 0x00000254ff293d00 DEOPT UNPACKING pc=0x00000254ed585ba3 sp=0x0000008b7befd800 mode 2
Event: 214386.774 Thread 0x00000254ff293d00 Uncommon trap: trap_request=0xffffffbe fr.pc=0x00000254ee293430 relative=0x00000000000000b0
Event: 214386.774 Thread 0x00000254ff293d00 Uncommon trap: reason=profile_predicate action=maybe_recompile pc=0x00000254ee293430 method=java.math.BigInteger.longValue()J @ 5 c2
Event: 214386.774 Thread 0x00000254ff293d00 DEOPT PACKING pc=0x00000254ee293430 sp=0x0000008b7befd880
Event: 214386.774 Thread 0x00000254ff293d00 DEOPT UNPACKING pc=0x00000254ed585ba3 sp=0x0000008b7befd800 mode 2
Event: 214386.774 Thread 0x00000254ff293d00 Uncommon trap: trap_request=0xffffffbe fr.pc=0x00000254ee293430 relative=0x00000000000000b0
Event: 214386.774 Thread 0x00000254ff293d00 Uncommon trap: reason=profile_predicate action=maybe_recompile pc=0x00000254ee293430 method=java.math.BigInteger.longValue()J @ 5 c2
Event: 214386.774 Thread 0x00000254ff293d00 DEOPT PACKING pc=0x00000254ee293430 sp=0x0000008b7befd880
Event: 214386.774 Thread 0x00000254ff293d00 DEOPT UNPACKING pc=0x00000254ed585ba3 sp=0x0000008b7befd800 mode 2
Event: 214386.774 Thread 0x00000254ff293d00 Uncommon trap: trap_request=0xffffffbe fr.pc=0x00000254ee293430 relative=0x00000000000000b0
Event: 214386.774 Thread 0x00000254ff293d00 Uncommon trap: reason=profile_predicate action=maybe_recompile pc=0x00000254ee293430 method=java.math.BigInteger.longValue()J @ 5 c2
Event: 214386.774 Thread 0x00000254ff293d00 DEOPT PACKING pc=0x00000254ee293430 sp=0x0000008b7befd880
Event: 214386.774 Thread 0x00000254ff293d00 DEOPT UNPACKING pc=0x00000254ed585ba3 sp=0x0000008b7befd800 mode 2

Classes unloaded (20 events):
Event: 129.209 Thread 0x00000254fc61dba0 Unloading class 0x0000025481a5c800 'java/lang/invoke/LambdaForm$DMH+0x0000025481a5c800'
Event: 129.209 Thread 0x00000254fc61dba0 Unloading class 0x0000025481a5c400 'java/lang/invoke/LambdaForm$DMH+0x0000025481a5c400'
Event: 129.209 Thread 0x00000254fc61dba0 Unloading class 0x0000025481a4a800 'java/lang/invoke/LambdaForm$DMH+0x0000025481a4a800'
Event: 129.209 Thread 0x00000254fc61dba0 Unloading class 0x0000025481a4a400 'java/lang/invoke/LambdaForm$DMH+0x0000025481a4a400'
Event: 129.209 Thread 0x00000254fc61dba0 Unloading class 0x0000025481a4a000 'java/lang/invoke/LambdaForm$DMH+0x0000025481a4a000'
Event: 129.209 Thread 0x00000254fc61dba0 Unloading class 0x0000025481a49400 'java/lang/invoke/LambdaForm$DMH+0x0000025481a49400'
Event: 129.209 Thread 0x00000254fc61dba0 Unloading class 0x0000025481a49000 'java/lang/invoke/LambdaForm$DMH+0x0000025481a49000'
Event: 129.209 Thread 0x00000254fc61dba0 Unloading class 0x0000025481a48c00 'java/lang/invoke/LambdaForm$DMH+0x0000025481a48c00'
Event: 129.209 Thread 0x00000254fc61dba0 Unloading class 0x0000025481a48400 'java/lang/invoke/LambdaForm$DMH+0x0000025481a48400'
Event: 129.209 Thread 0x00000254fc61dba0 Unloading class 0x0000025481a48800 'java/lang/invoke/LambdaForm$DMH+0x0000025481a48800'
Event: 129.209 Thread 0x00000254fc61dba0 Unloading class 0x00000254819e9c00 'java/lang/invoke/LambdaForm$DMH+0x00000254819e9c00'
Event: 129.209 Thread 0x00000254fc61dba0 Unloading class 0x00000254819e9800 'java/lang/invoke/LambdaForm$DMH+0x00000254819e9800'
Event: 129.210 Thread 0x00000254fc61dba0 Unloading class 0x00000254819e9400 'java/lang/invoke/LambdaForm$DMH+0x00000254819e9400'
Event: 129.210 Thread 0x00000254fc61dba0 Unloading class 0x00000254819e8c00 'java/lang/invoke/LambdaForm$DMH+0x00000254819e8c00'
Event: 129.210 Thread 0x00000254fc61dba0 Unloading class 0x00000254819e8800 'java/lang/invoke/LambdaForm$DMH+0x00000254819e8800'
Event: 129.210 Thread 0x00000254fc61dba0 Unloading class 0x00000254819e8400 'java/lang/invoke/LambdaForm$DMH+0x00000254819e8400'
Event: 255.840 Thread 0x00000254fc61dba0 Unloading class 0x00000254819e9400 'java/lang/invoke/LambdaForm$DMH+0x00000254819e9400'
Event: 255.840 Thread 0x00000254fc61dba0 Unloading class 0x0000025481a88000 'java/lang/invoke/LambdaForm$DMH+0x0000025481a88000'
Event: 255.840 Thread 0x00000254fc61dba0 Unloading class 0x00000254819e8400 'java/lang/invoke/LambdaForm$DMH+0x00000254819e8400'
Event: 269.030 Thread 0x00000254fc61dba0 Unloading class 0x0000025481a94800 'org/apache/catalina/loader/JdbcLeakPrevention'

Classes redefined (0 events):
No events

Internal exceptions (20 events):
Event: 273.370 Thread 0x00000254ff291990 Exception <a 'java/io/FileNotFoundException'{0x000000008d3da120}> (0x000000008d3da120) 
thrown [s\open\src\hotspot\share\prims\jni.cpp, line 516]
Event: 273.402 Thread 0x00000254ff291990 Exception <a 'java/io/FileNotFoundException'{0x000000008d3b8938}> (0x000000008d3b8938) 
thrown [s\open\src\hotspot\share\prims\jni.cpp, line 516]
Event: 273.417 Thread 0x00000254ff291990 Exception <a 'java/io/FileNotFoundException'{0x000000008afae260}> (0x000000008afae260) 
thrown [s\open\src\hotspot\share\prims\jni.cpp, line 516]
Event: 273.440 Thread 0x00000254ff291990 Exception <a 'sun/nio/fs/WindowsException'{0x000000008a70a9f0}> (0x000000008a70a9f0) 
thrown [s\open\src\hotspot\share\prims\jni.cpp, line 516]
Event: 273.574 Thread 0x00000254ff291990 Exception <a 'sun/nio/fs/WindowsException'{0x000000008979df18}> (0x000000008979df18) 
thrown [s\open\src\hotspot\share\prims\jni.cpp, line 516]
Event: 273.653 Thread 0x00000254ff291990 Exception <a 'java/net/BindException'{0x000000008aa05f80}: Address already in use: bind> (0x000000008aa05f80) 
thrown [s\open\src\hotspot\share\prims\jni.cpp, line 535]
Event: 273.653 Thread 0x00000254ff291990 Exception <a 'java/net/SocketException'{0x000000008aa06560}: Socket is not connected: shutdown> (0x000000008aa06560) 
thrown [s\open\src\hotspot\share\prims\jni.cpp, line 535]
Event: 214361.951 Thread 0x00000254ff2928c0 Implicit null exception at 0x00000254ee23c25a to 0x00000254ee23c94c
Event: 214362.942 Thread 0x00000254ff2928c0 Implicit null exception at 0x00000254ee23c25a to 0x00000254ee23c94c
Event: 214363.942 Thread 0x00000254ff2928c0 Implicit null exception at 0x00000254ee23c25a to 0x00000254ee23c94c
Event: 214364.952 Thread 0x00000254ff2928c0 Implicit null exception at 0x00000254ee23c25a to 0x00000254ee23c94c
Event: 214365.971 Thread 0x00000254ff2928c0 Implicit null exception at 0x00000254ee23e480 to 0x00000254ee23e918
Event: 214366.937 Thread 0x00000254ff2928c0 Implicit null exception at 0x00000254ee23aeaf to 0x00000254ee23b1a0
Event: 214367.950 Thread 0x00000254ff2928c0 Implicit null exception at 0x00000254ee23da92 to 0x00000254ee23dd30
Event: 214368.958 Thread 0x00000254ff2928c0 Implicit null exception at 0x00000254ee23fc90 to 0x00000254ee23ff14
Event: 214384.855 Thread 0x00000254ff291ea0 Exception <a 'java/io/IOException'{0x000000008aff0290}> (0x000000008aff0290) 
thrown [s\open\src\hotspot\share\prims\jni.cpp, line 516]
Event: 214384.893 Thread 0x00000254ff291ea0 Exception <a 'java/io/IOException'{0x000000008aff0dd0}> (0x000000008aff0dd0) 
thrown [s\open\src\hotspot\share\prims\jni.cpp, line 516]
Event: 214384.970 Thread 0x00000254ff291ea0 Exception <a 'java/net/SocketException'{0x000000008aff4128}: Connection reset by peer: shutdown> (0x000000008aff4128) 
thrown [s\open\src\hotspot\share\prims\jni.cpp, line 535]
Event: 214384.997 Thread 0x00000254ff291ea0 Exception <a 'java/io/IOException'{0x000000008ae50b48}> (0x000000008ae50b48) 
thrown [s\open\src\hotspot\share\prims\jni.cpp, line 516]
Event: 214384.997 Thread 0x00000254ff291ea0 Exception <a 'java/io/IOException'{0x000000008ae51688}> (0x000000008ae51688) 
thrown [s\open\src\hotspot\share\prims\jni.cpp, line 516]

VM Operations (20 events):
Event: 214378.682 Executing VM operation: Cleanup
Event: 214378.682 Executing VM operation: Cleanup done
Event: 214380.695 Executing VM operation: Cleanup
Event: 214380.695 Executing VM operation: Cleanup done
Event: 214384.715 Executing VM operation: Cleanup
Event: 214384.733 Executing VM operation: Cleanup done
Event: 214385.737 Executing VM operation: Cleanup
Event: 214385.754 Executing VM operation: Cleanup done
Event: 214386.533 Executing VM operation: HandshakeAllThreads
Event: 214386.558 Executing VM operation: HandshakeAllThreads done
Event: 214387.565 Executing VM operation: Cleanup
Event: 214387.583 Executing VM operation: Cleanup done
Event: 214388.588 Executing VM operation: Cleanup
Event: 214388.750 Executing VM operation: Cleanup done
Event: 214389.753 Executing VM operation: Cleanup
Event: 214389.753 Executing VM operation: Cleanup done
Event: 214390.764 Executing VM operation: Cleanup
Event: 214390.764 Executing VM operation: Cleanup done
Event: 214393.408 Executing VM operation: HandshakeAllThreads
Event: 214393.408 Executing VM operation: HandshakeAllThreads done

Events (20 events):
Event: 214393.536 Thread 0x00000254fc6596e0 flushing nmethod 0x00000254e6d25690
Event: 214393.536 Thread 0x00000254fc6596e0 flushing nmethod 0x00000254e6d27b90
Event: 214393.536 Thread 0x00000254fc6596e0 flushing nmethod 0x00000254e6d2d890
Event: 214393.536 Thread 0x00000254fc6596e0 flushing nmethod 0x00000254e6d40410
Event: 214393.536 Thread 0x00000254fc6596e0 flushing nmethod 0x00000254e6d6ad90
Event: 214393.536 Thread 0x00000254fc6596e0 flushing nmethod 0x00000254e6d6d690
Event: 214393.537 Thread 0x00000254fc6596e0 flushing nmethod 0x00000254e6d89790
Event: 214393.537 Thread 0x00000254fc6596e0 flushing nmethod 0x00000254e6d89b10
Event: 214393.537 Thread 0x00000254fc6596e0 flushing nmethod 0x00000254e6de9110
Event: 214393.538 Thread 0x00000254fc6596e0 flushing nmethod 0x00000254e6e57d90
Event: 214393.538 Thread 0x00000254fc6596e0 flushing nmethod 0x00000254e6e6d290
Event: 214393.539 Thread 0x00000254fc6596e0 flushing nmethod 0x00000254e6e6e790
Event: 214393.539 Thread 0x00000254fc6596e0 flushing nmethod 0x00000254e6e79a10
Event: 214393.540 Thread 0x00000254fc6596e0 flushing nmethod 0x00000254e6ec0210
Event: 214393.540 Thread 0x00000254fc6596e0 flushing nmethod 0x00000254e6ecd910
Event: 214393.540 Thread 0x00000254fc6596e0 flushing nmethod 0x00000254e6ed6b10
Event: 214393.542 Thread 0x00000254fc6596e0 flushing nmethod 0x00000254e6ed6f90
Event: 214393.542 Thread 0x00000254fc6596e0 flushing nmethod 0x00000254e6ed7f10
Event: 214393.542 Thread 0x00000254fc6596e0 flushing nmethod 0x00000254e6ed8410
Event: 214393.544 Thread 0x00000254fc6596e0 flushing nmethod 0x00000254e6f86e90


Dynamic libraries:
0x00007ff7936e0000 - 0x00007ff7936f0000 	C:\Program Files\Java\jdk-17\bin\java.exe
0x00007ffed5660000 - 0x00007ffed58c8000 	C:\WINDOWS\SYSTEM32\ntdll.dll
0x00007ffed47f0000 - 0x00007ffed48b9000 	C:\WINDOWS\System32\KERNEL32.DLL
0x00007ffed2860000 - 0x00007ffed2c58000 	C:\WINDOWS\System32\KERNELBASE.dll
0x00007ffed2c90000 - 0x00007ffed2ddb000 	C:\WINDOWS\System32\ucrtbase.dll
0x00007ffebcd20000 - 0x00007ffebcd3b000 	C:\Program Files\Java\jdk-17\bin\VCRUNTIME140.dll
0x00007ffebcda0000 - 0x00007ffebcdb9000 	C:\Program Files\Java\jdk-17\bin\jli.dll
0x00007ffed4cc0000 - 0x00007ffed4d74000 	C:\WINDOWS\System32\ADVAPI32.dll
0x00007ffed4bb0000 - 0x00007ffed4c59000 	C:\WINDOWS\System32\msvcrt.dll
0x00007ffed3740000 - 0x00007ffed37e6000 	C:\WINDOWS\System32\sechost.dll
0x00007ffed3940000 - 0x00007ffed3a58000 	C:\WINDOWS\System32\RPCRT4.dll
0x00007ffed3570000 - 0x00007ffed3737000 	C:\WINDOWS\System32\USER32.dll
0x00007ffeac8d0000 - 0x00007ffeacb64000 	C:\WINDOWS\WinSxS\amd64_microsoft.windows.common-controls_6595b64144ccf1df_6.0.26100.7019_none_3e06ffa0e335b8a8\COMCTL32.dll
0x00007ffed2c60000 - 0x00007ffed2c87000 	C:\WINDOWS\System32\win32u.dll
0x00007ffed44d0000 - 0x00007ffed44fb000 	C:\WINDOWS\System32\GDI32.dll
0x00007ffed32d0000 - 0x00007ffed33fc000 	C:\WINDOWS\System32\gdi32full.dll
0x00007ffed27b0000 - 0x00007ffed2853000 	C:\WINDOWS\System32\msvcp_win.dll
0x00007ffec1360000 - 0x00007ffec136b000 	C:\WINDOWS\SYSTEM32\VERSION.dll
0x00007ffed3900000 - 0x00007ffed3931000 	C:\WINDOWS\System32\IMM32.DLL
0x00007ffecf2c0000 - 0x00007ffecf2cc000 	C:\Program Files\Java\jdk-17\bin\vcruntime140_1.dll
0x00007ffeb2260000 - 0x00007ffeb22ee000 	C:\Program Files\Java\jdk-17\bin\msvcp140.dll
0x00007ffe80310000 - 0x00007ffe80eef000 	C:\Program Files\Java\jdk-17\bin\server\jvm.dll
0x00007ffed41c0000 - 0x00007ffed41c8000 	C:\WINDOWS\System32\PSAPI.DLL
0x00007ffeb2610000 - 0x00007ffeb261a000 	C:\WINDOWS\SYSTEM32\WSOCK32.dll
0x00007ffec9e40000 - 0x00007ffec9e75000 	C:\WINDOWS\SYSTEM32\WINMM.dll
0x00007ffed3880000 - 0x00007ffed38f4000 	C:\WINDOWS\System32\WS2_32.dll
0x00007ffed1540000 - 0x00007ffed155b000 	C:\WINDOWS\SYSTEM32\kernel.appcore.dll
0x00007ffeccff0000 - 0x00007ffeccffa000 	C:\Program Files\Java\jdk-17\bin\jimage.dll
0x00007ffecfe10000 - 0x00007ffed0052000 	C:\WINDOWS\SYSTEM32\DBGHELP.DLL
0x00007ffed4e00000 - 0x00007ffed518b000 	C:\WINDOWS\System32\combase.dll
0x00007ffed3400000 - 0x00007ffed34d7000 	C:\WINDOWS\System32\OLEAUT32.dll
0x00007ffeb6070000 - 0x00007ffeb60ac000 	C:\WINDOWS\SYSTEM32\dbgcore.DLL
0x00007ffed2f30000 - 0x00007ffed2fd5000 	C:\WINDOWS\System32\bcryptPrimitives.dll
0x00007ffeb1dd0000 - 0x00007ffeb1dde000 	C:\Program Files\Java\jdk-17\bin\instrument.dll
0x00007ffeb8910000 - 0x00007ffeb8935000 	C:\Program Files\Java\jdk-17\bin\java.dll
0x00007ffeb1df0000 - 0x00007ffeb1ec7000 	C:\Program Files\Java\jdk-17\bin\jsvml.dll
0x00007ffed3a60000 - 0x00007ffed41af000 	C:\WINDOWS\System32\SHELL32.dll
0x00007ffed3160000 - 0x00007ffed32cb000 	C:\WINDOWS\System32\wintypes.dll
0x00007ffed0390000 - 0x00007ffed0bed000 	C:\WINDOWS\SYSTEM32\windows.storage.dll
0x00007ffed46f0000 - 0x00007ffed47e2000 	C:\WINDOWS\System32\SHCORE.dll
0x00007ffed42d0000 - 0x00007ffed4337000 	C:\WINDOWS\System32\shlwapi.dll
0x00007ffed26d0000 - 0x00007ffed26f9000 	C:\WINDOWS\SYSTEM32\profapi.dll
0x00007ffeb8880000 - 0x00007ffeb8898000 	C:\Program Files\Java\jdk-17\bin\zip.dll
0x00007ffebabb0000 - 0x00007ffebabc9000 	C:\Program Files\Java\jdk-17\bin\net.dll
0x00007ffecc330000 - 0x00007ffecc458000 	C:\WINDOWS\SYSTEM32\WINHTTP.dll
0x00007ffed1ac0000 - 0x00007ffed1b2b000 	C:\WINDOWS\system32\mswsock.dll
0x00007ffeb88f0000 - 0x00007ffeb8906000 	C:\Program Files\Java\jdk-17\bin\nio.dll
0x00007ffeb9b40000 - 0x00007ffeb9b4a000 	C:\Program Files\Java\jdk-17\bin\management.dll
0x00007ffeb87c0000 - 0x00007ffeb87cb000 	C:\Program Files\Java\jdk-17\bin\management_ext.dll
0x00007ffed0f60000 - 0x00007ffed108c000 	C:\WINDOWS\SYSTEM32\DNSAPI.dll
0x00007ffed0f20000 - 0x00007ffed0f54000 	C:\WINDOWS\SYSTEM32\IPHLPAPI.DLL
0x00007ffed48c0000 - 0x00007ffed48ca000 	C:\WINDOWS\System32\NSI.dll
0x00007ffec9c20000 - 0x00007ffec9c2b000 	C:\Windows\System32\rasadhlp.dll
0x00007ffecce30000 - 0x00007ffecceb6000 	C:\WINDOWS\System32\fwpuclnt.dll
0x00007ffecc7b0000 - 0x00007ffecc7ce000 	C:\WINDOWS\SYSTEM32\dhcpcsvc6.DLL
0x00007ffecc6e0000 - 0x00007ffecc703000 	C:\WINDOWS\SYSTEM32\dhcpcsvc.DLL
0x00007ffebcbd0000 - 0x00007ffebcbde000 	C:\Program Files\Java\jdk-17\bin\sunmscapi.dll
0x00007ffed2fe0000 - 0x00007ffed3157000 	C:\WINDOWS\System32\CRYPT32.dll
0x00007ffed1fc0000 - 0x00007ffed1ff0000 	C:\WINDOWS\SYSTEM32\ncrypt.dll
0x00007ffed1f70000 - 0x00007ffed1faf000 	C:\WINDOWS\SYSTEM32\NTASN1.dll
0x00007ffed1da0000 - 0x00007ffed1dbb000 	C:\WINDOWS\SYSTEM32\CRYPTSP.dll
0x00007ffed14a0000 - 0x00007ffed14da000 	C:\WINDOWS\system32\rsaenh.dll
0x00007ffed1b90000 - 0x00007ffed1bbb000 	C:\WINDOWS\SYSTEM32\USERENV.dll
0x00007ffed26a0000 - 0x00007ffed26ca000 	C:\WINDOWS\SYSTEM32\bcrypt.dll
0x00007ffed1dc0000 - 0x00007ffed1dcc000 	C:\WINDOWS\SYSTEM32\CRYPTBASE.dll
0x00007ffeb8080000 - 0x00007ffeb8090000 	C:\Program Files\Java\jdk-17\bin\verify.dll
0x00007ffe7f970000 - 0x00007ffe7f978000 	C:\WINDOWS\system32\wshunix.dll

dbghelp: loaded successfully - version: 4.0.5 - missing functions: none
symbol engine: initialized successfully - sym options: 0x614 - pdb path: .;C:\Program Files\Java\jdk-17\bin;C:\WINDOWS\SYSTEM32;C:\WINDOWS\WinSxS\amd64_microsoft.windows.common-controls_6595b64144ccf1df_6.0.26100.7019_none_3e06ffa0e335b8a8;C:\Program Files\Java\jdk-17\bin\server

VM Arguments:
jvm_args: -javaagent:C:\Program Files\JetBrains\IntelliJ IDEA Community Edition 2025.1.1.1\lib\idea_rt.jar=53958 -Dfile.encoding=UTF-8 
java_command: com.notification_service.NotificationServiceApplication
java_class_path (initial): U:\Desktop\09_Projects\04_Java_Microservices\03_Banking_as_a_Service\codebase\Banking_As_A_Service\notification_service\target\classes;C:\Users\mohas\.m2\repository\org\springframework\boot\spring-boot-starter-data-jpa\3.4.5\spring-boot-starter-data-jpa-3.4.5.jar;C:\Users\mohas\.m2\repository\org\springframework\boot\spring-boot-starter-jdbc\3.4.5\spring-boot-starter-jdbc-3.4.5.jar;C:\Users\mohas\.m2\repository\com\zaxxer\HikariCP\5.1.0\HikariCP-5.1.0.jar;C:\Users\mohas\.m2\repository\org\springframework\spring-jdbc\6.2.6\spring-jdbc-6.2.6.jar;C:\Users\mohas\.m2\repository\org\hibernate\orm\hibernate-core\6.6.13.Final\hibernate-core-6.6.13.Final.jar;C:\Users\mohas\.m2\repository\jakarta\persistence\jakarta.persistence-api\3.1.0\jakarta.persistence-api-3.1.0.jar;C:\Users\mohas\.m2\repository\jakarta\transaction\jakarta.transaction-api\2.0.1\jakarta.transaction-api-2.0.1.jar;C:\Users\mohas\.m2\repository\org\jboss\logging\jboss-logging\3.6.1.Final\jboss-logging-3.6.1.Final.jar;C:\Users\mohas\.m2\repository\org\hibernate\common\hibernate-commons-annotations\7.0.3.Final\hibernate-commons-annotations-7.0.3.Final.jar;C:\Users\mohas\.m2\repository\io\smallrye\jandex\3.2.0\jandex-3.2.0.jar;C:\Users\mohas\.m2\repository\com\fasterxml\classmate\1.7.0\classmate-1.7.0.jar;C:\Users\mohas\.m2\repository\net\bytebuddy\byte-buddy\1.15.11\byte-buddy-1.15.11.jar;C:\Users\mohas\.m2\repository\org\glassfish\jaxb\jaxb-runtime\4.0.5\jaxb-runtime-4.0.5.jar;C:\Users\mohas\.m2\repository\org\glassfish\jaxb\jaxb-core\4.0.5\jaxb-core-4.0.5.jar;C:\Users\mohas\.m2\repository\org\eclipse\angus\angus-activation\2.0.2\angus-activation-2.0.2.jar;C:\Users\mohas\.m2\repository\org\glassfish\jaxb\txw2\4.0.5\txw2-4.0.5.jar;C:\Users\mohas\.m2\repository\com\sun\istack\istack-commons-runtime\4.1.2\istack-commons-runtime-4.1.2.jar;C:\Users\mohas\.m2\repository\jakarta\inject\jakarta.inject-api\2.0.1\jakarta.inject-api-2.0.1.jar;C:\Users\mohas\.m2\repository\org\antlr\antlr4-ru
Launcher Type: SUN_STANDARD

[Global flags]
     intx CICompilerCount                          = 4                                         {product} {ergonomic}
     uint ConcGCThreads                            = 2                                         {product} {ergonomic}
     uint G1ConcRefinementThreads                  = 8                                         {product} {ergonomic}
   size_t G1HeapRegionSize                         = 1048576                                   {product} {ergonomic}
    uintx GCDrainStackTargetSize                   = 64                                        {product} {ergonomic}
   size_t InitialHeapSize                          = 130023424                                 {product} {ergonomic}
   size_t MarkStackSize                            = 4194304                                   {product} {ergonomic}
   size_t MaxHeapSize                              = 2055208960                                {product} {ergonomic}
   size_t MaxNewSize                               = 1233125376                                {product} {ergonomic}
   size_t MinHeapDeltaBytes                        = 1048576                                   {product} {ergonomic}
   size_t MinHeapSize                              = 8388608                                   {product} {ergonomic}
    uintx NonNMethodCodeHeapSize                   = 5839372                                {pd product} {ergonomic}
    uintx NonProfiledCodeHeapSize                  = 122909434                              {pd product} {ergonomic}
    uintx ProfiledCodeHeapSize                     = 122909434                              {pd product} {ergonomic}
    uintx ReservedCodeCacheSize                    = 251658240                              {pd product} {ergonomic}
     bool SegmentedCodeCache                       = true                                      {product} {ergonomic}
   size_t SoftMaxHeapSize                          = 2055208960                             {manageable} {ergonomic}
     bool UseCompressedClassPointers               = true                           {product lp64_product} {ergonomic}
     bool UseCompressedOops                        = true                           {product lp64_product} {ergonomic}
     bool UseG1GC                                  = true                                      {product} {ergonomic}
     bool UseLargePagesIndividualAllocation        = false                                  {pd product} {ergonomic}

Logging:
Log output configuration:
 #0: stdout all=warning uptime,level,tags
 #1: stderr all=off uptime,level,tags

Environment Variables:
PATH=C:\Python312\Scripts\;C:\Python312\;C:\Program Files\Java\jdk-17\bin;C:\WINDOWS\system32;C:\WINDOWS;C:\WINDOWS\System32\Wbem;C:\WINDOWS\System32\WindowsPowerShell\v1.0\;C:\WINDOWS\System32\OpenSSH\;C:\Program Files\nodejs\;C:\Program Files\Git\cmd;C:\Program Files\MySQL\MySQL Server 8.0\bin;C:\MinGW\bin;C:\ProgramData\chocolatey\bin;C:\Program Files\Dart\bin;C:\Program Files\apache-maven-3.9.9\bin;C:\Program Files\JetBrains\IntelliJ IDEA Community Edition 2023.3.1\bin\idea64.exe;;C:\Program Files\Docker\Docker\resources\bin;C:\Program Files\Amazon\AWSCLI\bin\;C:\Program Files\MySQL\MySQL Shell 8.0\bin\;C:\Users\mohas\AppData\Local\Microsoft\WindowsApps;;C:\Program Files\JetBrains\IntelliJ IDEA Community Edition 2025.1.1.1\bin;;C:\Users\mohas\AppData\Roaming\npm;C:\Users\mohas\AppData\Local\Programs\Microsoft VS Code\bin;C:\Program Files\heroku\bin;C:\Program Files\JetBrains\IntelliJ IDEA 2025.1.1.1\bin;
USERNAME=Mohasin
OS=Windows_NT
PROCESSOR_IDENTIFIER=Intel64 Family 6 Model 140 Stepping 1, GenuineIntel



---------------  S Y S T E M  ---------------

OS:
 Windows 11 , 64 bit Build 26100 (10.0.26100.7019)
OS uptime: 27 days 1:00 hours
Hyper-V role detected

CPU: total 8 (initial active 8) (4 cores per cpu, 2 threads per core) family 6 model 140 stepping 1 microcode 0xb4, cx8, cmov, fxsr, ht, mmx, 3dnowpref, sse, sse2, sse3, ssse3, sse4.1, sse4.2, popcnt, lzcnt, tsc, tscinvbit, avx, avx2, aes, erms, clmul, bmi1, bmi2, adx, avx512f, avx512dq, avx512cd, avx512bw, avx512vl, sha, fma, vzeroupper, avx512_vpopcntdq, avx512_vpclmulqdq, avx512_vaes, avx512_vnni, clflush, clflushopt, clwb, avx512_vbmi2, avx512_vbmi, hv

Memory: 4k page, system-wide physical 7834M (433M free)
TotalPageFile size 22834M (AvailPageFile size 3M)
current process WorkingSet (physical memory assigned to process): 103M, peak: 305M
current process commit charge ("private bytes"): 383M, peak: 391M

vm_info: Java HotSpot(TM) 64-Bit Server VM (17.0.10+11-LTS-240) for windows-amd64 JRE (17.0.10+11-LTS-240), built on Dec 19 2023 21:47:25 by "mach5one" with MS VC++ 17.1 (VS2022)

END.
