#
# There is insufficient memory for the Java Runtime Environment to continue.
# Native memory allocation (malloc) failed to allocate 769488 bytes for Chunk::new
# Possible reasons:
#   The system is out of physical RAM or swap space
#   The process is running with CompressedOops enabled, and the Java Heap may be blocking the growth of the native heap
# Possible solutions:
#   Reduce memory load on the system
#   Increase physical memory or swap space
#   Check if swap backing store is full
#   Decrease Java heap size (-Xmx/-Xms)
#   Decrease number of Java threads
#   Decrease Java thread stack sizes (-Xss)
#   Set larger code cache with -XX:ReservedCodeCacheSize=
#   JVM is running with Unscaled Compressed Oops mode in which the Java heap is
#     placed in the first 4GB address space. The Java Heap base address is the
#     maximum limit for the native heap growth. Please use -XX:HeapBaseMinAddress
#     to set the Java Heap base and to place the Java Heap above 4GB virtual address.
# This output file may be truncated or incomplete.
#
#  Out of Memory Error (arena.cpp:189), pid=2564, tid=10976
#
# JRE version: Java(TM) SE Runtime Environment (17.0.10+11) (build 17.0.10+11-LTS-240)
# Java VM: Java HotSpot(TM) 64-Bit Server VM (17.0.10+11-LTS-240, mixed mode, sharing, tiered, compressed oops, compressed class ptrs, g1 gc, windows-amd64)
# No core dump will be written. Minidumps are not enabled by default on client versions of Windows
#

---------------  S U M M A R Y ------------

Command Line: C:\Users\mohas\AppData\Local\Temp\surefire9525711300173970625\surefirebooter-20260112134007152_3.jar C:\Users\mohas\AppData\Local\Temp\surefire9525711300173970625 2026-01-12T13-40-06_916-jvmRun1 surefire-20260112134007152_1tmp surefire_0-20260112134007152_2tmp

Host: 11th Gen Intel(R) Core(TM) i5-1135G7 @ 2.40GHz, 8 cores, 7G,  Windows 11 , 64 bit Build 26100 (10.0.26100.7019)
Time: Mon Jan 12 13:40:28 2026 India Standard Time elapsed time: 21.036391 seconds (0d 0h 0m 21s)

---------------  T H R E A D  ---------------

Current thread (0x000001acdd6233b0):  JavaThread "C2 CompilerThread0" daemon [_thread_in_native, id=10976, stack(0x0000007ac9300000,0x0000007ac9400000)]


Current CompileTask:
C2:  21036 4631       4       java.lang.ClassLoader::defineClass (43 bytes)

Stack: [0x0000007ac9300000,0x0000007ac9400000]
Native frames: (J=compiled Java code, j=interpreted, Vv=VM code, C=native code)
V  [jvm.dll+0x677a5a]
V  [jvm.dll+0x7d8b2d]
V  [jvm.dll+0x7da48e]
V  [jvm.dll+0x7daaf3]
V  [jvm.dll+0x2455ff]
V  [jvm.dll+0xaaafb]
V  [jvm.dll+0xab09c]
V  [jvm.dll+0x361bae]
V  [jvm.dll+0x32c211]
V  [jvm.dll+0x32b6aa]
V  [jvm.dll+0x21794f]
V  [jvm.dll+0x216d81]
V  [jvm.dll+0x1a3410]
V  [jvm.dll+0x226aeb]
V  [jvm.dll+0x224cab]
V  [jvm.dll+0x78e45c]
V  [jvm.dll+0x78888a]
V  [jvm.dll+0x676935]
C  [ucrtbase.dll+0x37b0]
C  [KERNEL32.DLL+0x2e8d7]
C  [ntdll.dll+0x8c53c]


---------------  P R O C E S S  ---------------

Threads class SMR info:
_java_thread_list=0x000001ad26220a50, length=16, elements={
0x000001acbd50df30, 0x000001acdd608820, 0x000001acdd6090f0, 0x000001acdd61dc60,
0x000001acdd61e530, 0x000001acdd61ee00, 0x000001acdd6206e0, 0x000001acdd6233b0,
0x000001acdd631290, 0x000001acdd633bb0, 0x000001acdd878740, 0x000001acdd87fc70,
0x000001ad23130eb0, 0x000001acddb152d0, 0x000001ad248f0290, 0x000001ad248eee50
}

Java Threads: ( => current thread )
  0x000001acbd50df30 JavaThread "main" [_thread_in_native, id=12324, stack(0x0000007ac8600000,0x0000007ac8700000)]
  0x000001acdd608820 JavaThread "Reference Handler" daemon [_thread_blocked, id=14904, stack(0x0000007ac8d00000,0x0000007ac8e00000)]
  0x000001acdd6090f0 JavaThread "Finalizer" daemon [_thread_blocked, id=9240, stack(0x0000007ac8e00000,0x0000007ac8f00000)]
  0x000001acdd61dc60 JavaThread "Signal Dispatcher" daemon [_thread_blocked, id=14008, stack(0x0000007ac8f00000,0x0000007ac9000000)]
  0x000001acdd61e530 JavaThread "Attach Listener" daemon [_thread_blocked, id=21516, stack(0x0000007ac9000000,0x0000007ac9100000)]
  0x000001acdd61ee00 JavaThread "Service Thread" daemon [_thread_blocked, id=20388, stack(0x0000007ac9100000,0x0000007ac9200000)]
  0x000001acdd6206e0 JavaThread "Monitor Deflation Thread" daemon [_thread_blocked, id=24252, stack(0x0000007ac9200000,0x0000007ac9300000)]
=>0x000001acdd6233b0 JavaThread "C2 CompilerThread0" daemon [_thread_in_native, id=10976, stack(0x0000007ac9300000,0x0000007ac9400000)]
  0x000001acdd631290 JavaThread "C1 CompilerThread0" daemon [_thread_blocked, id=23880, stack(0x0000007ac9400000,0x0000007ac9500000)]
  0x000001acdd633bb0 JavaThread "Sweeper thread" daemon [_thread_blocked, id=12032, stack(0x0000007ac9500000,0x0000007ac9600000)]
  0x000001acdd878740 JavaThread "Notification Thread" daemon [_thread_blocked, id=12836, stack(0x0000007ac9600000,0x0000007ac9700000)]
  0x000001acdd87fc70 JavaThread "Common-Cleaner" daemon [_thread_blocked, id=8516, stack(0x0000007ac9800000,0x0000007ac9900000)]
  0x000001ad23130eb0 JavaThread "surefire-forkedjvm-stream-flusher" daemon [_thread_blocked, id=13920, stack(0x0000007ac9900000,0x0000007ac9a00000)]
  0x000001acddb152d0 JavaThread "surefire-forkedjvm-command-thread" daemon [_thread_in_native, id=15456, stack(0x0000007ac9a00000,0x0000007ac9b00000)]
  0x000001ad248f0290 JavaThread "Keep-Alive-Timer" daemon [_thread_blocked, id=13424, stack(0x0000007ac9b00000,0x0000007ac9c00000)]
  0x000001ad248eee50 JavaThread "mysql-cj-abandoned-connection-cleanup" daemon [_thread_blocked, id=24204, stack(0x0000007aca700000,0x0000007aca800000)]

Other Threads:
  0x000001acdd602ec0 VMThread "VM Thread" [stack: 0x0000007ac8c00000,0x0000007ac8d00000] [id=21132]
  0x000001acbda95cf0 WatcherThread [stack: 0x0000007ac9700000,0x0000007ac9800000] [id=20812]
  0x000001acbda4e450 GCTaskThread "GC Thread#0" [stack: 0x0000007ac8700000,0x0000007ac8800000] [id=23072]
  0x000001ad2424a070 GCTaskThread "GC Thread#1" [stack: 0x0000007ac9c00000,0x0000007ac9d00000] [id=3644]
  0x000001ad24249db0 GCTaskThread "GC Thread#2" [stack: 0x0000007ac9d00000,0x0000007ac9e00000] [id=21052]
  0x000001ad24248a70 GCTaskThread "GC Thread#3" [stack: 0x0000007ac9e00000,0x0000007ac9f00000] [id=18616]
  0x000001ad24248ff0 GCTaskThread "GC Thread#4" [stack: 0x0000007ac9f00000,0x0000007aca000000] [id=15344]
  0x000001ad24248d30 GCTaskThread "GC Thread#5" [stack: 0x0000007aca000000,0x0000007aca100000] [id=15436]
  0x000001ad242484f0 GCTaskThread "GC Thread#6" [stack: 0x0000007aca100000,0x0000007aca200000] [id=12708]
  0x000001ad242492b0 GCTaskThread "GC Thread#7" [stack: 0x0000007aca300000,0x0000007aca400000] [id=14128]
  0x000001acbda7d650 ConcurrentGCThread "G1 Main Marker" [stack: 0x0000007ac8800000,0x0000007ac8900000] [id=16776]
  0x000001acbda7ed20 ConcurrentGCThread "G1 Conc#0" [stack: 0x0000007ac8900000,0x0000007ac8a00000] [id=4520]
  0x000001ad24249570 ConcurrentGCThread "G1 Conc#1" [stack: 0x0000007aca400000,0x0000007aca500000] [id=3068]
  0x000001acdd4aea00 ConcurrentGCThread "G1 Refine#0" [stack: 0x0000007ac8a00000,0x0000007ac8b00000] [id=3268]
  0x000001ad240e3200 ConcurrentGCThread "G1 Refine#1" [stack: 0x0000007aca200000,0x0000007aca300000] [id=23460]
  0x000001acdd4af0e0 ConcurrentGCThread "G1 Service" [stack: 0x0000007ac8b00000,0x0000007ac8c00000] [id=24108]

Threads with active compile tasks:
C2 CompilerThread0    21106 4631       4       java.lang.ClassLoader::defineClass (43 bytes)

VM state: not at safepoint (normal execution)

VM Mutex/Monitor currently owned by a thread: None

Heap address: 0x0000000085800000, size: 1960 MB, Compressed Oops mode: 32-bit

CDS archive(s) mapped at: [0x000001acde000000-0x000001acdebd0000-0x000001acdebd0000), size 12386304, SharedBaseAddress: 0x000001acde000000, ArchiveRelocationMode: 1.
Compressed class space mapped at: 0x000001acdf000000-0x000001ad1f000000, reserved size: 1073741824
Narrow klass base: 0x000001acde000000, Narrow klass shift: 0, Narrow klass range: 0x100000000

GC Precious Log:
 CPUs: 8 total, 8 available
 Memory: 7834M
 Large Page Support: Disabled
 NUMA Support: Disabled
 Compressed Oops: Enabled (32-bit)
 Heap Region Size: 1M
 Heap Min Capacity: 8M
 Heap Initial Capacity: 124M
 Heap Max Capacity: 1960M
 Pre-touch: Disabled
 Parallel Workers: 8
 Concurrent Workers: 2
 Concurrent Refinement Workers: 8
 Periodic GC: Disabled

Heap:
 garbage-first heap   total 71680K, used 32813K [0x0000000085800000, 0x0000000100000000)
  region size 1024K, 9 young (9216K), 4 survivors (4096K)
 Metaspace       used 41050K, committed 41472K, reserved 1114112K
  class space    used 5487K, committed 5696K, reserved 1048576K

Heap Regions: E=young(eden), S=young(survivor), O=old, HS=humongous(starts), HC=humongous(continues), CS=collection set, F=free, OA=open archive, CA=closed archive, TAMS=top-at-mark-start (previous, next)
|   0|0x0000000085800000, 0x0000000085900000, 0x0000000085900000|100%|HS|  |TAMS 0x0000000085900000, 0x0000000085800000| Complete 
|   1|0x0000000085900000, 0x0000000085a00000, 0x0000000085a00000|100%| O|  |TAMS 0x0000000085a00000, 0x0000000085900000| Untracked 
|   2|0x0000000085a00000, 0x0000000085b00000, 0x0000000085b00000|100%|HS|  |TAMS 0x0000000085b00000, 0x0000000085a00000| Complete 
|   3|0x0000000085b00000, 0x0000000085c00000, 0x0000000085c00000|100%|HS|  |TAMS 0x0000000085c00000, 0x0000000085b00000| Complete 
|   4|0x0000000085c00000, 0x0000000085d00000, 0x0000000085d00000|100%| O|  |TAMS 0x0000000085d00000, 0x0000000085c00000| Untracked 
|   5|0x0000000085d00000, 0x0000000085e00000, 0x0000000085e00000|100%| O|  |TAMS 0x0000000085e00000, 0x0000000085d00000| Untracked 
|   6|0x0000000085e00000, 0x0000000085f00000, 0x0000000085f00000|100%| O|  |TAMS 0x0000000085f00000, 0x0000000085e00000| Untracked 
|   7|0x0000000085f00000, 0x0000000086000000, 0x0000000086000000|100%| O|  |TAMS 0x0000000086000000, 0x0000000085f00000| Untracked 
|   8|0x0000000086000000, 0x0000000086100000, 0x0000000086100000|100%| O|  |TAMS 0x0000000086100000, 0x0000000086000000| Untracked 
|   9|0x0000000086100000, 0x0000000086200000, 0x0000000086200000|100%| O|  |TAMS 0x0000000086200000, 0x0000000086100000| Untracked 
|  10|0x0000000086200000, 0x0000000086300000, 0x0000000086300000|100%| O|  |TAMS 0x0000000086300000, 0x0000000086200000| Untracked 
|  11|0x0000000086300000, 0x0000000086400000, 0x0000000086400000|100%| O|  |TAMS 0x0000000086400000, 0x0000000086300000| Untracked 
|  12|0x0000000086400000, 0x0000000086500000, 0x0000000086500000|100%| O|  |TAMS 0x0000000086500000, 0x0000000086400000| Untracked 
|  13|0x0000000086500000, 0x0000000086600000, 0x0000000086600000|100%| O|  |TAMS 0x0000000086600000, 0x0000000086500000| Untracked 
|  14|0x0000000086600000, 0x0000000086700000, 0x0000000086700000|100%| O|  |TAMS 0x0000000086700000, 0x0000000086600000| Untracked 
|  15|0x0000000086700000, 0x0000000086800000, 0x0000000086800000|100%| O|  |TAMS 0x0000000086800000, 0x0000000086700000| Untracked 
|  16|0x0000000086800000, 0x0000000086900000, 0x0000000086900000|100%| O|  |TAMS 0x0000000086900000, 0x0000000086800000| Untracked 
|  17|0x0000000086900000, 0x0000000086a00000, 0x0000000086a00000|100%| O|  |TAMS 0x0000000086a00000, 0x0000000086900000| Untracked 
|  18|0x0000000086a00000, 0x0000000086a75200, 0x0000000086b00000| 45%| O|  |TAMS 0x0000000086a75200, 0x0000000086a00000| Untracked 
|  19|0x0000000086b00000, 0x0000000086c00000, 0x0000000086c00000|100%| O|  |TAMS 0x0000000086c00000, 0x0000000086b00000| Untracked 
|  20|0x0000000086c00000, 0x0000000086d00000, 0x0000000086d00000|100%| O|  |TAMS 0x0000000086d00000, 0x0000000086c00000| Untracked 
|  21|0x0000000086d00000, 0x0000000086e00000, 0x0000000086e00000|100%| O|  |TAMS 0x0000000086e00000, 0x0000000086d00000| Untracked 
|  22|0x0000000086e00000, 0x0000000086f00000, 0x0000000086f00000|100%| O|  |TAMS 0x0000000086e00000, 0x0000000086e00000| Untracked 
|  23|0x0000000086f00000, 0x0000000087000000, 0x0000000087000000|100%| O|  |TAMS 0x0000000086f00000, 0x0000000086f00000| Untracked 
|  24|0x0000000087000000, 0x0000000087100000, 0x0000000087100000|100%| O|  |TAMS 0x0000000087000000, 0x0000000087000000| Untracked 
|  25|0x0000000087100000, 0x000000008714c000, 0x0000000087200000| 29%| O|  |TAMS 0x0000000087100000, 0x0000000087100000| Untracked 
|  26|0x0000000087200000, 0x0000000087200000, 0x0000000087300000|  0%| F|  |TAMS 0x0000000087200000, 0x0000000087200000| Untracked 
|  27|0x0000000087300000, 0x0000000087300000, 0x0000000087400000|  0%| F|  |TAMS 0x0000000087300000, 0x0000000087300000| Untracked 
|  28|0x0000000087400000, 0x0000000087400000, 0x0000000087500000|  0%| F|  |TAMS 0x0000000087400000, 0x0000000087400000| Untracked 
|  29|0x0000000087500000, 0x0000000087500000, 0x0000000087600000|  0%| F|  |TAMS 0x0000000087500000, 0x0000000087500000| Untracked 
|  30|0x0000000087600000, 0x0000000087600000, 0x0000000087700000|  0%| F|  |TAMS 0x0000000087600000, 0x0000000087600000| Untracked 
|  31|0x0000000087700000, 0x0000000087700000, 0x0000000087800000|  0%| F|  |TAMS 0x0000000087700000, 0x0000000087700000| Untracked 
|  32|0x0000000087800000, 0x0000000087800000, 0x0000000087900000|  0%| F|  |TAMS 0x0000000087800000, 0x0000000087800000| Untracked 
|  33|0x0000000087900000, 0x0000000087900000, 0x0000000087a00000|  0%| F|  |TAMS 0x0000000087900000, 0x0000000087900000| Untracked 
|  34|0x0000000087a00000, 0x0000000087a00000, 0x0000000087b00000|  0%| F|  |TAMS 0x0000000087a00000, 0x0000000087a00000| Untracked 
|  35|0x0000000087b00000, 0x0000000087b00000, 0x0000000087c00000|  0%| F|  |TAMS 0x0000000087b00000, 0x0000000087b00000| Untracked 
|  36|0x0000000087c00000, 0x0000000087c4a490, 0x0000000087d00000| 29%| S|CS|TAMS 0x0000000087c00000, 0x0000000087c00000| Complete 
|  37|0x0000000087d00000, 0x0000000087e00000, 0x0000000087e00000|100%| S|CS|TAMS 0x0000000087d00000, 0x0000000087d00000| Complete 
|  38|0x0000000087e00000, 0x0000000087f00000, 0x0000000087f00000|100%| S|CS|TAMS 0x0000000087e00000, 0x0000000087e00000| Complete 
|  39|0x0000000087f00000, 0x0000000088000000, 0x0000000088000000|100%| S|CS|TAMS 0x0000000087f00000, 0x0000000087f00000| Complete 
|  40|0x0000000088000000, 0x0000000088000000, 0x0000000088100000|  0%| F|  |TAMS 0x0000000088000000, 0x0000000088000000| Untracked 
|  41|0x0000000088100000, 0x0000000088100000, 0x0000000088200000|  0%| F|  |TAMS 0x0000000088100000, 0x0000000088100000| Untracked 
|  42|0x0000000088200000, 0x0000000088200000, 0x0000000088300000|  0%| F|  |TAMS 0x0000000088200000, 0x0000000088200000| Untracked 
|  43|0x0000000088300000, 0x0000000088300000, 0x0000000088400000|  0%| F|  |TAMS 0x0000000088300000, 0x0000000088300000| Untracked 
|  44|0x0000000088400000, 0x0000000088400000, 0x0000000088500000|  0%| F|  |TAMS 0x0000000088400000, 0x0000000088400000| Untracked 
|  45|0x0000000088500000, 0x0000000088500000, 0x0000000088600000|  0%| F|  |TAMS 0x0000000088500000, 0x0000000088500000| Untracked 
|  46|0x0000000088600000, 0x0000000088600000, 0x0000000088700000|  0%| F|  |TAMS 0x0000000088600000, 0x0000000088600000| Untracked 
|  47|0x0000000088700000, 0x0000000088700000, 0x0000000088800000|  0%| F|  |TAMS 0x0000000088700000, 0x0000000088700000| Untracked 
|  48|0x0000000088800000, 0x0000000088800000, 0x0000000088900000|  0%| F|  |TAMS 0x0000000088800000, 0x0000000088800000| Untracked 
|  49|0x0000000088900000, 0x0000000088900000, 0x0000000088a00000|  0%| F|  |TAMS 0x0000000088900000, 0x0000000088900000| Untracked 
|  50|0x0000000088a00000, 0x0000000088a00000, 0x0000000088b00000|  0%| F|  |TAMS 0x0000000088a00000, 0x0000000088a00000| Untracked 
|  51|0x0000000088b00000, 0x0000000088b00000, 0x0000000088c00000|  0%| F|  |TAMS 0x0000000088b00000, 0x0000000088b00000| Untracked 
|  52|0x0000000088c00000, 0x0000000088c00000, 0x0000000088d00000|  0%| F|  |TAMS 0x0000000088c00000, 0x0000000088c00000| Untracked 
|  53|0x0000000088d00000, 0x0000000088d00000, 0x0000000088e00000|  0%| F|  |TAMS 0x0000000088d00000, 0x0000000088d00000| Untracked 
|  54|0x0000000088e00000, 0x0000000088e00000, 0x0000000088f00000|  0%| F|  |TAMS 0x0000000088e00000, 0x0000000088e00000| Untracked 
|  55|0x0000000088f00000, 0x0000000088f00000, 0x0000000089000000|  0%| F|  |TAMS 0x0000000088f00000, 0x0000000088f00000| Untracked 
|  56|0x0000000089000000, 0x0000000089000000, 0x0000000089100000|  0%| F|  |TAMS 0x0000000089000000, 0x0000000089000000| Untracked 
|  57|0x0000000089100000, 0x0000000089100000, 0x0000000089200000|  0%| F|  |TAMS 0x0000000089100000, 0x0000000089100000| Untracked 
|  58|0x0000000089200000, 0x0000000089200000, 0x0000000089300000|  0%| F|  |TAMS 0x0000000089200000, 0x0000000089200000| Untracked 
|  59|0x0000000089300000, 0x0000000089300000, 0x0000000089400000|  0%| F|  |TAMS 0x0000000089300000, 0x0000000089300000| Untracked 
|  60|0x0000000089400000, 0x0000000089400000, 0x0000000089500000|  0%| F|  |TAMS 0x0000000089400000, 0x0000000089400000| Untracked 
|  61|0x0000000089500000, 0x0000000089500000, 0x0000000089600000|  0%| F|  |TAMS 0x0000000089500000, 0x0000000089500000| Untracked 
|  62|0x0000000089600000, 0x0000000089600000, 0x0000000089700000|  0%| F|  |TAMS 0x0000000089600000, 0x0000000089600000| Untracked 
|  63|0x0000000089700000, 0x0000000089700000, 0x0000000089800000|  0%| F|  |TAMS 0x0000000089700000, 0x0000000089700000| Untracked 
|  64|0x0000000089800000, 0x0000000089800000, 0x0000000089900000|  0%| F|  |TAMS 0x0000000089800000, 0x0000000089800000| Untracked 
|  65|0x0000000089900000, 0x000000008997c660, 0x0000000089a00000| 48%| E|  |TAMS 0x0000000089900000, 0x0000000089900000| Complete 
|  66|0x0000000089a00000, 0x0000000089b00000, 0x0000000089b00000|100%| E|CS|TAMS 0x0000000089a00000, 0x0000000089a00000| Complete 
|  67|0x0000000089b00000, 0x0000000089c00000, 0x0000000089c00000|100%| E|CS|TAMS 0x0000000089b00000, 0x0000000089b00000| Complete 
| 103|0x000000008bf00000, 0x000000008c000000, 0x000000008c000000|100%| E|CS|TAMS 0x000000008bf00000, 0x000000008bf00000| Complete 
| 123|0x000000008d300000, 0x000000008d400000, 0x000000008d400000|100%| E|CS|TAMS 0x000000008d300000, 0x000000008d300000| Complete 

Card table byte_map: [0x000001acd66e0000,0x000001acd6ac0000] _byte_map_base: 0x000001acd62b4000

Marking Bits (Prev, Next): (CMBitMap*) 0x000001acbda50890, (CMBitMap*) 0x000001acbda508d0
 Prev Bits: [0x000001acd6ea0000, 0x000001acd8d40000)
 Next Bits: [0x000001acd8d40000, 0x000001acdabe0000)

Polling page: 0x000001acbd6c0000

Metaspace:

Usage:
  Non-class:     34.73 MB used.
      Class:      5.36 MB used.
       Both:     40.09 MB used.

Virtual space:
  Non-class space:       64.00 MB reserved,      34.94 MB ( 55%) committed,  1 nodes.
      Class space:        1.00 GB reserved,       5.56 MB ( <1%) committed,  1 nodes.
             Both:        1.06 GB reserved,      40.50 MB (  4%) committed. 

Chunk freelists:
   Non-Class:  12.59 MB
       Class:  10.29 MB
        Both:  22.88 MB

MaxMetaspaceSize: unlimited
CompressedClassSpaceSize: 1.00 GB
Initial GC threshold: 21.00 MB
Current GC threshold: 59.00 MB
CDS: on
MetaspaceReclaimPolicy: balanced
 - commit_granule_bytes: 65536.
 - commit_granule_words: 8192.
 - virtual_space_node_default_size: 8388608.
 - enlarge_chunks_in_place: 1.
 - new_chunks_are_fully_committed: 0.
 - uncommit_free_chunks: 1.
 - use_allocation_guard: 0.
 - handle_deallocations: 1.


Internal statistics:

num_allocs_failed_limit: 6.
num_arena_births: 522.
num_arena_deaths: 0.
num_vsnodes_births: 2.
num_vsnodes_deaths: 0.
num_space_committed: 648.
num_space_uncommitted: 0.
num_chunks_returned_to_freelist: 6.
num_chunks_taken_from_freelist: 1980.
num_chunk_merges: 6.
num_chunk_splits: 1392.
num_chunks_enlarged: 1069.
num_inconsistent_stats: 0.

CodeHeap 'non-profiled nmethods': size=120000Kb used=2544Kb max_used=2923Kb free=117455Kb
 bounds [0x000001acce370000, 0x000001acce660000, 0x000001acd58a0000]
CodeHeap 'profiled nmethods': size=120000Kb used=7945Kb max_used=9548Kb free=112054Kb
 bounds [0x000001acc68a0000, 0x000001acc7200000, 0x000001accddd0000]
CodeHeap 'non-nmethods': size=5760Kb used=1245Kb max_used=1306Kb free=4514Kb
 bounds [0x000001accddd0000, 0x000001acce040000, 0x000001acce370000]
 total_blobs=4461 nmethods=3918 adapters=455
 compilation: enabled
              stopped_count=0, restarted_count=0
 full_count=0

Compilation events (20 events):
Event: 16.866 Thread 0x000001ad2561a830 nmethod 4622 0x000001acce44c790 code [0x000001acce44c900, 0x000001acce44c9d8]
Event: 16.866 Thread 0x000001ad2561a830 4621       4       java.security.SecureClassLoader$CodeSourceKey::hashCode (21 bytes)
Event: 16.870 Thread 0x000001acdd6233b0 nmethod 4627 0x000001acce3c6490 code [0x000001acce3c6640, 0x000001acce3c6a68]
Event: 16.871 Thread 0x000001ad2561a830 nmethod 4621 0x000001acce3e1f90 code [0x000001acce3e2120, 0x000001acce3e2358]
Event: 16.884 Thread 0x000001acdd631290 4628       3       jdk.internal.loader.ClassLoaders::bootLoader (4 bytes)
Event: 16.884 Thread 0x000001acdd631290 nmethod 4628 0x000001acc68ab690 code [0x000001acc68ab820, 0x000001acc68ab918]
Event: 16.885 Thread 0x000001acdd631290 4629       3       java.util.concurrent.ConcurrentHashMap::get (162 bytes)
Event: 16.886 Thread 0x000001acdd631290 nmethod 4629 0x000001acc69fe110 code [0x000001acc69fe360, 0x000001acc69fee48]
Event: 16.923 Thread 0x000001acdd631290 4630       1       java.time.temporal.ChronoField::range (5 bytes)
Event: 16.923 Thread 0x000001acdd631290 nmethod 4630 0x000001acce3c6110 code [0x000001acce3c62a0, 0x000001acce3c6378]
Event: 16.930 Thread 0x000001acdd6233b0 4631       4       java.lang.ClassLoader::defineClass (43 bytes)
Event: 16.934 Thread 0x000001acdd631290 4632       3       java.lang.reflect.AccessibleObject::slowVerifyAccess (67 bytes)
Event: 16.935 Thread 0x000001acdd631290 nmethod 4632 0x000001acc6e72010 code [0x000001acc6e72220, 0x000001acc6e72988]
Event: 16.939 Thread 0x000001ad2561a830 4633       4       jdk.internal.loader.URLClassPath$JarLoader$2::getContentLength (9 bytes)
Event: 16.940 Thread 0x000001ad2561a830 nmethod 4633 0x000001acce3e1c90 code [0x000001acce3e1e00, 0x000001acce3e1e98]
Event: 16.940 Thread 0x000001ad2561a830 4634       4       jdk.internal.loader.URLClassPath$JarLoader$2::getCodeSigners (8 bytes)
Event: 17.943 Thread 0x000001ad2561a830 nmethod 4634 0x000001acce40f890 code [0x000001acce40fa40, 0x000001acce40fdc8]
Event: 17.949 Thread 0x000001acdd631290 4635   !   3       java.util.concurrent.ConcurrentHashMap::computeIfAbsent (576 bytes)
Event: 17.954 Thread 0x000001acdd631290 nmethod 4635 0x000001acc6ba8990 code [0x000001acc6ba8da0, 0x000001acc6bab158]
Event: 20.534 Thread 0x000001acdd631290 4637       3       java.io.PrintStream::ensureOpen (18 bytes)

GC Heap History (18 events):
Event: 0.639 GC heap before
{Heap before GC invocations=0 (full 0):
 garbage-first heap   total 126976K, used 26624K [0x0000000085800000, 0x0000000100000000)
  region size 1024K, 23 young (23552K), 0 survivors (0K)
 Metaspace       used 3919K, committed 3968K, reserved 1114112K
  class space    used 435K, committed 448K, reserved 1048576K
}
Event: 0.649 GC heap after
{Heap after GC invocations=1 (full 0):
 garbage-first heap   total 126976K, used 11646K [0x0000000085800000, 0x0000000100000000)
  region size 1024K, 3 young (3072K), 3 survivors (3072K)
 Metaspace       used 3919K, committed 3968K, reserved 1114112K
  class space    used 435K, committed 448K, reserved 1048576K
}
Event: 1.158 GC heap before
{Heap before GC invocations=1 (full 0):
 garbage-first heap   total 126976K, used 31102K [0x0000000085800000, 0x0000000100000000)
  region size 1024K, 22 young (22528K), 3 survivors (3072K)
 Metaspace       used 8442K, committed 8640K, reserved 1114112K
  class space    used 1055K, committed 1152K, reserved 1048576K
}
Event: 1.165 GC heap after
{Heap after GC invocations=2 (full 0):
 garbage-first heap   total 126976K, used 13455K [0x0000000085800000, 0x0000000100000000)
  region size 1024K, 2 young (2048K), 2 survivors (2048K)
 Metaspace       used 8442K, committed 8640K, reserved 1114112K
  class space    used 1055K, committed 1152K, reserved 1048576K
}
Event: 2.171 GC heap before
{Heap before GC invocations=2 (full 0):
 garbage-first heap   total 126976K, used 63631K [0x0000000085800000, 0x0000000100000000)
  region size 1024K, 47 young (48128K), 2 survivors (2048K)
 Metaspace       used 16585K, committed 16832K, reserved 1114112K
  class space    used 2137K, committed 2240K, reserved 1048576K
}
Event: 2.181 GC heap after
{Heap after GC invocations=3 (full 0):
 garbage-first heap   total 126976K, used 18849K [0x0000000085800000, 0x0000000100000000)
  region size 1024K, 6 young (6144K), 6 survivors (6144K)
 Metaspace       used 16585K, committed 16832K, reserved 1114112K
  class space    used 2137K, committed 2240K, reserved 1048576K
}
Event: 2.447 GC heap before
{Heap before GC invocations=3 (full 0):
 garbage-first heap   total 126976K, used 38305K [0x0000000085800000, 0x0000000100000000)
  region size 1024K, 26 young (26624K), 6 survivors (6144K)
 Metaspace       used 21227K, committed 21504K, reserved 1114112K
  class space    used 2704K, committed 2880K, reserved 1048576K
}
Event: 2.457 GC heap after
{Heap after GC invocations=4 (full 0):
 garbage-first heap   total 126976K, used 19890K [0x0000000085800000, 0x0000000100000000)
  region size 1024K, 1 young (1024K), 1 survivors (1024K)
 Metaspace       used 21227K, committed 21504K, reserved 1114112K
  class space    used 2704K, committed 2880K, reserved 1048576K
}
Event: 11.511 GC heap before
{Heap before GC invocations=5 (full 0):
 garbage-first heap   total 71680K, used 57778K [0x0000000085800000, 0x0000000100000000)
  region size 1024K, 39 young (39936K), 1 survivors (1024K)
 Metaspace       used 26961K, committed 27264K, reserved 1114112K
  class space    used 3518K, committed 3648K, reserved 1048576K
}
Event: 11.517 GC heap after
{Heap after GC invocations=6 (full 0):
 garbage-first heap   total 71680K, used 22392K [0x0000000085800000, 0x0000000100000000)
  region size 1024K, 4 young (4096K), 4 survivors (4096K)
 Metaspace       used 26961K, committed 27264K, reserved 1114112K
  class space    used 3518K, committed 3648K, reserved 1048576K
}
Event: 12.423 GC heap before
{Heap before GC invocations=6 (full 0):
 garbage-first heap   total 71680K, used 50040K [0x0000000085800000, 0x0000000100000000)
  region size 1024K, 31 young (31744K), 4 survivors (4096K)
 Metaspace       used 29167K, committed 29504K, reserved 1114112K
  class space    used 3749K, committed 3904K, reserved 1048576K
}
Event: 12.433 GC heap after
{Heap after GC invocations=7 (full 0):
 garbage-first heap   total 71680K, used 24210K [0x0000000085800000, 0x0000000100000000)
  region size 1024K, 3 young (3072K), 3 survivors (3072K)
 Metaspace       used 29167K, committed 29504K, reserved 1114112K
  class space    used 3749K, committed 3904K, reserved 1048576K
}
Event: 14.120 GC heap before
{Heap before GC invocations=7 (full 0):
 garbage-first heap   total 71680K, used 51858K [0x0000000085800000, 0x0000000100000000)
  region size 1024K, 30 young (30720K), 3 survivors (3072K)
 Metaspace       used 33245K, committed 33600K, reserved 1114112K
  class space    used 4395K, committed 4544K, reserved 1048576K
}
Event: 14.128 GC heap after
{Heap after GC invocations=8 (full 0):
 garbage-first heap   total 71680K, used 25608K [0x0000000085800000, 0x0000000100000000)
  region size 1024K, 4 young (4096K), 4 survivors (4096K)
 Metaspace       used 33245K, committed 33600K, reserved 1114112K
  class space    used 4395K, committed 4544K, reserved 1048576K
}
Event: 15.556 GC heap before
{Heap before GC invocations=8 (full 0):
 garbage-first heap   total 71680K, used 48136K [0x0000000085800000, 0x0000000100000000)
  region size 1024K, 27 young (27648K), 4 survivors (4096K)
 Metaspace       used 35712K, committed 36160K, reserved 1114112K
  class space    used 4764K, committed 4992K, reserved 1048576K
}
Event: 15.570 GC heap after
{Heap after GC invocations=9 (full 0):
 garbage-first heap   total 71680K, used 27049K [0x0000000085800000, 0x0000000100000000)
  region size 1024K, 3 young (3072K), 3 survivors (3072K)
 Metaspace       used 35712K, committed 36160K, reserved 1114112K
  class space    used 4764K, committed 4992K, reserved 1048576K
}
Event: 16.838 GC heap before
{Heap before GC invocations=10 (full 0):
 garbage-first heap   total 71680K, used 54697K [0x0000000085800000, 0x0000000100000000)
  region size 1024K, 30 young (30720K), 3 survivors (3072K)
 Metaspace       used 40173K, committed 40640K, reserved 1114112K
  class space    used 5354K, committed 5568K, reserved 1048576K
}
Event: 16.852 GC heap after
{Heap after GC invocations=11 (full 0):
 garbage-first heap   total 71680K, used 28717K [0x0000000085800000, 0x0000000100000000)
  region size 1024K, 4 young (4096K), 4 survivors (4096K)
 Metaspace       used 40173K, committed 40640K, reserved 1114112K
  class space    used 5354K, committed 5568K, reserved 1048576K
}

Deoptimization events (20 events):
Event: 16.562 Thread 0x000001acbd50df30 Uncommon trap: trap_request=0xffffff45 fr.pc=0x000001acce568b74 relative=0x00000000000005b4
Event: 16.562 Thread 0x000001acbd50df30 Uncommon trap: reason=unstable_if action=reinterpret pc=0x000001acce568b74 method=org.springframework.util.ConcurrentReferenceHashMap$Segment.findInChain(Lorg/springframework/util/ConcurrentReferenceHashMap$Reference;Ljava/lang/Object;I)Lorg/springframewo
Event: 16.562 Thread 0x000001acbd50df30 DEOPT PACKING pc=0x000001acce568b74 sp=0x0000007ac86fa600
Event: 16.562 Thread 0x000001acbd50df30 DEOPT UNPACKING pc=0x000001accde25ba3 sp=0x0000007ac86fa5a8 mode 2
Event: 16.693 Thread 0x000001acbd50df30 Uncommon trap: trap_request=0xffffff45 fr.pc=0x000001acce5c5d60 relative=0x0000000000000060
Event: 16.693 Thread 0x000001acbd50df30 Uncommon trap: reason=unstable_if action=reinterpret pc=0x000001acce5c5d60 method=java.lang.ClassLoader.createOrGetClassLoaderValueMap()Ljava/util/concurrent/ConcurrentHashMap; @ 6 c2
Event: 16.693 Thread 0x000001acbd50df30 DEOPT PACKING pc=0x000001acce5c5d60 sp=0x0000007ac86fb260
Event: 16.693 Thread 0x000001acbd50df30 DEOPT UNPACKING pc=0x000001accde25ba3 sp=0x0000007ac86fb1e8 mode 2
Event: 16.876 Thread 0x000001acbd50df30 Uncommon trap: trap_request=0xffffff45 fr.pc=0x000001acce41357c relative=0x000000000000025c
Event: 16.876 Thread 0x000001acbd50df30 Uncommon trap: reason=unstable_if action=reinterpret pc=0x000001acce41357c method=java.util.concurrent.ConcurrentHashMap.get(Ljava/lang/Object;)Ljava/lang/Object; @ 76 c2
Event: 16.876 Thread 0x000001acbd50df30 DEOPT PACKING pc=0x000001acce41357c sp=0x0000007ac86fa510
Event: 16.876 Thread 0x000001acbd50df30 DEOPT UNPACKING pc=0x000001accde25ba3 sp=0x0000007ac86fa488 mode 2
Event: 16.876 Thread 0x000001acbd50df30 Uncommon trap: trap_request=0xffffff45 fr.pc=0x000001acce5cc850 relative=0x00000000000011f0
Event: 16.876 Thread 0x000001acbd50df30 Uncommon trap: reason=unstable_if action=reinterpret pc=0x000001acce5cc850 method=java.util.concurrent.ConcurrentHashMap.computeIfAbsent(Ljava/lang/Object;Ljava/util/function/Function;)Ljava/lang/Object; @ 244 c2
Event: 16.876 Thread 0x000001acbd50df30 DEOPT PACKING pc=0x000001acce5cc850 sp=0x0000007ac86fa480
Event: 16.876 Thread 0x000001acbd50df30 DEOPT UNPACKING pc=0x000001accde25ba3 sp=0x0000007ac86fa430 mode 2
Event: 16.932 Thread 0x000001acbd50df30 Uncommon trap: trap_request=0xffffff45 fr.pc=0x000001acce4ac800 relative=0x00000000000000e0
Event: 16.932 Thread 0x000001acbd50df30 Uncommon trap: reason=unstable_if action=reinterpret pc=0x000001acce4ac800 method=java.lang.ClassLoader.getClassLoadingLock(Ljava/lang/String;)Ljava/lang/Object; @ 6 c2
Event: 16.932 Thread 0x000001acbd50df30 DEOPT PACKING pc=0x000001acce4ac800 sp=0x0000007ac86faa40
Event: 16.932 Thread 0x000001acbd50df30 DEOPT UNPACKING pc=0x000001accde25ba3 sp=0x0000007ac86fa9e0 mode 2

Classes unloaded (0 events):
No events

Classes redefined (0 events):
No events

Internal exceptions (20 events):
Event: 15.011 Thread 0x000001acbd50df30 Exception <a 'java/lang/NoClassDefFoundError'{0x0000000088b4a2a8}: org/quartz/Scheduler> (0x0000000088b4a2a8) 
thrown [s\open\src\hotspot\share\classfile\systemDictionary.cpp, line 245]
Event: 15.011 Thread 0x000001acbd50df30 Exception <a 'java/lang/NoClassDefFoundError'{0x0000000088b4d998}: org/springframework/session/jdbc/JdbcIndexedSessionRepository> (0x0000000088b4d998) 
thrown [s\open\src\hotspot\share\classfile\systemDictionary.cpp, line 245]
Event: 15.936 Thread 0x000001acbd50df30 Implicit null exception at 0x000001acce470d4c to 0x000001acce470ef3
Event: 16.175 Thread 0x000001acbd50df30 Exception <a 'java/lang/ArrayIndexOutOfBoundsException'{0x0000000089622988}: Index 16 out of bounds for length 16> (0x0000000089622988) 
thrown [s\open\src\hotspot\share\interpreter\interpreterRuntime.cpp, line 428]
Event: 16.175 Thread 0x000001acbd50df30 Exception <a 'java/lang/ArrayIndexOutOfBoundsException'{0x0000000089623798}: Index 16 out of bounds for length 16> (0x0000000089623798) 
thrown [s\open\src\hotspot\share\interpreter\interpreterRuntime.cpp, line 428]
Event: 16.215 Thread 0x000001acbd50df30 Exception <a 'java/lang/ArrayIndexOutOfBoundsException'{0x00000000896ed820}: Index 5 out of bounds for length 5> (0x00000000896ed820) 
thrown [s\open\src\hotspot\share\interpreter\interpreterRuntime.cpp, line 428]
Event: 16.215 Thread 0x000001acbd50df30 Exception <a 'java/lang/ArrayIndexOutOfBoundsException'{0x00000000896ee5e0}: Index 5 out of bounds for length 5> (0x00000000896ee5e0) 
thrown [s\open\src\hotspot\share\interpreter\interpreterRuntime.cpp, line 428]
Event: 16.237 Thread 0x000001acbd50df30 Exception <a 'java/lang/ArrayIndexOutOfBoundsException'{0x0000000089584b20}: Index 16 out of bounds for length 16> (0x0000000089584b20) 
thrown [s\open\src\hotspot\share\interpreter\interpreterRuntime.cpp, line 428]
Event: 16.237 Thread 0x000001acbd50df30 Exception <a 'java/lang/ArrayIndexOutOfBoundsException'{0x00000000895858e0}: Index 16 out of bounds for length 16> (0x00000000895858e0) 
thrown [s\open\src\hotspot\share\interpreter\interpreterRuntime.cpp, line 428]
Event: 16.237 Thread 0x000001acbd50df30 Exception <a 'java/lang/ArrayIndexOutOfBoundsException'{0x000000008958cee0}: Index 5 out of bounds for length 5> (0x000000008958cee0) 
thrown [s\open\src\hotspot\share\interpreter\interpreterRuntime.cpp, line 428]
Event: 16.237 Thread 0x000001acbd50df30 Exception <a 'java/lang/ArrayIndexOutOfBoundsException'{0x000000008958dca0}: Index 5 out of bounds for length 5> (0x000000008958dca0) 
thrown [s\open\src\hotspot\share\interpreter\interpreterRuntime.cpp, line 428]
Event: 16.239 Thread 0x000001acbd50df30 Exception <a 'java/lang/ArrayIndexOutOfBoundsException'{0x000000008959e9e8}> (0x000000008959e9e8) 
thrown [s\open\src\hotspot\share\runtime\sharedRuntime.cpp, line 631]
Event: 16.239 Thread 0x000001acbd50df30 Exception <a 'java/lang/ArrayIndexOutOfBoundsException'{0x000000008959f7a8}> (0x000000008959f7a8) 
thrown [s\open\src\hotspot\share\runtime\sharedRuntime.cpp, line 631]
Event: 16.239 Thread 0x000001acbd50df30 Exception <a 'java/lang/ArrayIndexOutOfBoundsException'{0x00000000895a6da8}> (0x00000000895a6da8) 
thrown [s\open\src\hotspot\share\runtime\sharedRuntime.cpp, line 631]
Event: 16.239 Thread 0x000001acbd50df30 Exception <a 'java/lang/ArrayIndexOutOfBoundsException'{0x00000000895a7b68}> (0x00000000895a7b68) 
thrown [s\open\src\hotspot\share\runtime\sharedRuntime.cpp, line 631]
Event: 16.546 Thread 0x000001acbd50df30 Implicit null exception at 0x000001acce5dde8b to 0x000001acce5de09c
Event: 16.553 Thread 0x000001acbd50df30 Exception <a 'sun/nio/fs/WindowsException'{0x0000000088a70df8}> (0x0000000088a70df8) 
thrown [s\open\src\hotspot\share\prims\jni.cpp, line 516]
Event: 16.554 Thread 0x000001acbd50df30 Exception <a 'sun/nio/fs/WindowsException'{0x0000000088a75770}> (0x0000000088a75770) 
thrown [s\open\src\hotspot\share\prims\jni.cpp, line 516]
Event: 16.637 Thread 0x000001acbd50df30 Exception <a 'java/lang/NoSuchMethodError'{0x00000000888905b8}: 'java.lang.Object java.lang.invoke.Invokers$Holder.invoke_MT(java.lang.Object, java.lang.Object, java.lang.Object)'> (0x00000000888905b8) 
thrown [s\open\src\hotspot\share\interpreter\linkResolver.cpp, line 759]
Event: 18.023 Thread 0x000001acbd50df30 Exception <a 'java/lang/NoSuchMethodError'{0x0000000089ad6ed0}: 'java.lang.Object java.lang.invoke.DirectMethodHandle$Holder.invokeStaticInit(java.lang.Object, int, int, int, int)'> (0x0000000089ad6ed0) 
thrown [s\open\src\hotspot\share\interpreter\linkResolver.cpp, line 759]

VM Operations (20 events):
Event: 15.412 Executing VM operation: HandshakeAllThreads
Event: 15.412 Executing VM operation: HandshakeAllThreads done
Event: 15.556 Executing VM operation: CollectForMetadataAllocation
Event: 15.570 Executing VM operation: CollectForMetadataAllocation done
Event: 15.592 Executing VM operation: G1Concurrent
Event: 15.596 Executing VM operation: G1Concurrent done
Event: 15.608 Executing VM operation: G1Concurrent
Event: 15.609 Executing VM operation: G1Concurrent done
Event: 16.167 Executing VM operation: HandshakeAllThreads
Event: 16.167 Executing VM operation: HandshakeAllThreads done
Event: 16.184 Executing VM operation: HandshakeAllThreads
Event: 16.184 Executing VM operation: HandshakeAllThreads done
Event: 16.416 Executing VM operation: HandshakeAllThreads
Event: 16.416 Executing VM operation: HandshakeAllThreads done
Event: 16.838 Executing VM operation: G1CollectForAllocation
Event: 16.852 Executing VM operation: G1CollectForAllocation done
Event: 17.861 Executing VM operation: Cleanup
Event: 17.862 Executing VM operation: Cleanup done
Event: 18.862 Executing VM operation: Cleanup
Event: 18.862 Executing VM operation: Cleanup done

Events (20 events):
Event: 18.019 loading class java/security/DrbgParameters done
Event: 18.019 loading class java/security/DrbgParameters$Instantiation
Event: 18.020 loading class java/security/DrbgParameters$Instantiation done
Event: 18.020 loading class sun/security/provider/HashDrbg
Event: 18.020 loading class sun/security/provider/AbstractHashDrbg
Event: 18.021 loading class sun/security/provider/AbstractDrbg
Event: 18.021 loading class sun/security/provider/AbstractDrbg done
Event: 18.021 loading class sun/security/provider/AbstractHashDrbg done
Event: 18.021 loading class sun/security/provider/HashDrbg done
Event: 18.021 loading class sun/security/provider/EntropySource
Event: 18.022 loading class sun/security/provider/EntropySource done
Event: 18.023 loading class java/security/DrbgParameters$NextBytes
Event: 18.023 loading class java/security/DrbgParameters$NextBytes done
Event: 18.023 loading class sun/security/provider/AbstractDrbg$SeederHolder
Event: 18.023 loading class sun/security/provider/AbstractDrbg$SeederHolder done
Event: 18.023 loading class sun/security/provider/SeedGenerator
Event: 18.024 loading class sun/security/provider/SeedGenerator done
Event: 18.024 loading class sun/security/provider/NativeSeedGenerator
Event: 18.024 loading class sun/security/provider/NativeSeedGenerator done
Event: 21.028 Thread 0x000001ad2561a830 Thread exited: 0x000001ad2561a830


Dynamic libraries:
0x00007ff7936e0000 - 0x00007ff7936f0000 	C:\Program Files\Java\jdk-17\bin\java.exe
0x00007ffed5660000 - 0x00007ffed58c8000 	C:\WINDOWS\SYSTEM32\ntdll.dll
0x00007ffed47f0000 - 0x00007ffed48b9000 	C:\WINDOWS\System32\KERNEL32.DLL
0x00007ffed2860000 - 0x00007ffed2c58000 	C:\WINDOWS\System32\KERNELBASE.dll
0x00007ffed2c90000 - 0x00007ffed2ddb000 	C:\WINDOWS\System32\ucrtbase.dll
0x00007ffebcd20000 - 0x00007ffebcd3b000 	C:\Program Files\Java\jdk-17\bin\VCRUNTIME140.dll
0x00007ffebcda0000 - 0x00007ffebcdb9000 	C:\Program Files\Java\jdk-17\bin\jli.dll
0x00007ffed4cc0000 - 0x00007ffed4d74000 	C:\WINDOWS\System32\ADVAPI32.dll
0x00007ffed4bb0000 - 0x00007ffed4c59000 	C:\WINDOWS\System32\msvcrt.dll
0x00007ffed3740000 - 0x00007ffed37e6000 	C:\WINDOWS\System32\sechost.dll
0x00007ffed3940000 - 0x00007ffed3a58000 	C:\WINDOWS\System32\RPCRT4.dll
0x00007ffed3570000 - 0x00007ffed3737000 	C:\WINDOWS\System32\USER32.dll
0x00007ffed2c60000 - 0x00007ffed2c87000 	C:\WINDOWS\System32\win32u.dll
0x00007ffeac8d0000 - 0x00007ffeacb64000 	C:\WINDOWS\WinSxS\amd64_microsoft.windows.common-controls_6595b64144ccf1df_6.0.26100.7019_none_3e06ffa0e335b8a8\COMCTL32.dll
0x00007ffed44d0000 - 0x00007ffed44fb000 	C:\WINDOWS\System32\GDI32.dll
0x00007ffed32d0000 - 0x00007ffed33fc000 	C:\WINDOWS\System32\gdi32full.dll
0x00007ffed27b0000 - 0x00007ffed2853000 	C:\WINDOWS\System32\msvcp_win.dll
0x00007ffec1360000 - 0x00007ffec136b000 	C:\WINDOWS\SYSTEM32\VERSION.dll
0x00007ffed3900000 - 0x00007ffed3931000 	C:\WINDOWS\System32\IMM32.DLL
0x00007ffecf2c0000 - 0x00007ffecf2cc000 	C:\Program Files\Java\jdk-17\bin\vcruntime140_1.dll
0x00007ffeb2260000 - 0x00007ffeb22ee000 	C:\Program Files\Java\jdk-17\bin\msvcp140.dll
0x00007ffe80310000 - 0x00007ffe80eef000 	C:\Program Files\Java\jdk-17\bin\server\jvm.dll
0x00007ffed41c0000 - 0x00007ffed41c8000 	C:\WINDOWS\System32\PSAPI.DLL
0x00007ffeb2610000 - 0x00007ffeb261a000 	C:\WINDOWS\SYSTEM32\WSOCK32.dll
0x00007ffec9e40000 - 0x00007ffec9e75000 	C:\WINDOWS\SYSTEM32\WINMM.dll
0x00007ffed3880000 - 0x00007ffed38f4000 	C:\WINDOWS\System32\WS2_32.dll
0x00007ffed1540000 - 0x00007ffed155b000 	C:\WINDOWS\SYSTEM32\kernel.appcore.dll
0x00007ffeccff0000 - 0x00007ffeccffa000 	C:\Program Files\Java\jdk-17\bin\jimage.dll
0x00007ffecfe10000 - 0x00007ffed0052000 	C:\WINDOWS\SYSTEM32\DBGHELP.DLL
0x00007ffed4e00000 - 0x00007ffed518b000 	C:\WINDOWS\System32\combase.dll
0x00007ffed3400000 - 0x00007ffed34d7000 	C:\WINDOWS\System32\OLEAUT32.dll
0x00007ffeb6070000 - 0x00007ffeb60ac000 	C:\WINDOWS\SYSTEM32\dbgcore.DLL
0x00007ffed2f30000 - 0x00007ffed2fd5000 	C:\WINDOWS\System32\bcryptPrimitives.dll
0x00007ffeb8910000 - 0x00007ffeb8935000 	C:\Program Files\Java\jdk-17\bin\java.dll
0x00007ffeb1df0000 - 0x00007ffeb1ec7000 	C:\Program Files\Java\jdk-17\bin\jsvml.dll
0x00007ffed3a60000 - 0x00007ffed41af000 	C:\WINDOWS\System32\SHELL32.dll
0x00007ffed3160000 - 0x00007ffed32cb000 	C:\WINDOWS\System32\wintypes.dll
0x00007ffed0390000 - 0x00007ffed0bed000 	C:\WINDOWS\SYSTEM32\windows.storage.dll
0x00007ffed46f0000 - 0x00007ffed47e2000 	C:\WINDOWS\System32\SHCORE.dll
0x00007ffed42d0000 - 0x00007ffed4337000 	C:\WINDOWS\System32\shlwapi.dll
0x00007ffed26d0000 - 0x00007ffed26f9000 	C:\WINDOWS\SYSTEM32\profapi.dll
0x00007ffebabb0000 - 0x00007ffebabc9000 	C:\Program Files\Java\jdk-17\bin\net.dll
0x00007ffecc330000 - 0x00007ffecc458000 	C:\WINDOWS\SYSTEM32\WINHTTP.dll
0x00007ffed1ac0000 - 0x00007ffed1b2b000 	C:\WINDOWS\system32\mswsock.dll
0x00007ffeb88f0000 - 0x00007ffeb8906000 	C:\Program Files\Java\jdk-17\bin\nio.dll
0x00007ffeb8880000 - 0x00007ffeb8898000 	C:\Program Files\Java\jdk-17\bin\zip.dll
0x00007ffeb9b40000 - 0x00007ffeb9b4a000 	C:\Program Files\Java\jdk-17\bin\management.dll
0x00007ffeb87c0000 - 0x00007ffeb87cb000 	C:\Program Files\Java\jdk-17\bin\management_ext.dll
0x00007ffed0f60000 - 0x00007ffed108c000 	C:\WINDOWS\SYSTEM32\DNSAPI.dll
0x00007ffed0f20000 - 0x00007ffed0f54000 	C:\WINDOWS\SYSTEM32\IPHLPAPI.DLL
0x00007ffed48c0000 - 0x00007ffed48ca000 	C:\WINDOWS\System32\NSI.dll
0x00007ffec9c20000 - 0x00007ffec9c2b000 	C:\Windows\System32\rasadhlp.dll
0x00007ffecce30000 - 0x00007ffecceb6000 	C:\WINDOWS\System32\fwpuclnt.dll
0x00007ffecc7b0000 - 0x00007ffecc7ce000 	C:\WINDOWS\SYSTEM32\dhcpcsvc6.DLL
0x00007ffecc6e0000 - 0x00007ffecc703000 	C:\WINDOWS\SYSTEM32\dhcpcsvc.DLL
0x00007ffebcbd0000 - 0x00007ffebcbde000 	C:\Program Files\Java\jdk-17\bin\sunmscapi.dll
0x00007ffed2fe0000 - 0x00007ffed3157000 	C:\WINDOWS\System32\CRYPT32.dll
0x00007ffed1fc0000 - 0x00007ffed1ff0000 	C:\WINDOWS\SYSTEM32\ncrypt.dll
0x00007ffed1f70000 - 0x00007ffed1faf000 	C:\WINDOWS\SYSTEM32\NTASN1.dll
0x00007ffed1da0000 - 0x00007ffed1dbb000 	C:\WINDOWS\SYSTEM32\CRYPTSP.dll
0x00007ffed14a0000 - 0x00007ffed14da000 	C:\WINDOWS\system32\rsaenh.dll
0x00007ffed1b90000 - 0x00007ffed1bbb000 	C:\WINDOWS\SYSTEM32\USERENV.dll
0x00007ffed26a0000 - 0x00007ffed26ca000 	C:\WINDOWS\SYSTEM32\bcrypt.dll
0x00007ffed1dc0000 - 0x00007ffed1dcc000 	C:\WINDOWS\SYSTEM32\CRYPTBASE.dll

dbghelp: loaded successfully - version: 4.0.5 - missing functions: none
symbol engine: initialized successfully - sym options: 0x614 - pdb path: .;C:\Program Files\Java\jdk-17\bin;C:\WINDOWS\SYSTEM32;C:\WINDOWS\WinSxS\amd64_microsoft.windows.common-controls_6595b64144ccf1df_6.0.26100.7019_none_3e06ffa0e335b8a8;C:\Program Files\Java\jdk-17\bin\server

VM Arguments:
java_command: C:\Users\mohas\AppData\Local\Temp\surefire9525711300173970625\surefirebooter-20260112134007152_3.jar C:\Users\mohas\AppData\Local\Temp\surefire9525711300173970625 2026-01-12T13-40-06_916-jvmRun1 surefire-20260112134007152_1tmp surefire_0-20260112134007152_2tmp
java_class_path (initial): C:\Users\mohas\AppData\Local\Temp\surefire9525711300173970625\surefirebooter-20260112134007152_3.jar
Launcher Type: SUN_STANDARD

[Global flags]
     intx CICompilerCount                          = 4                                         {product} {ergonomic}
     uint ConcGCThreads                            = 2                                         {product} {ergonomic}
     uint G1ConcRefinementThreads                  = 8                                         {product} {ergonomic}
   size_t G1HeapRegionSize                         = 1048576                                   {product} {ergonomic}
    uintx GCDrainStackTargetSize                   = 64                                        {product} {ergonomic}
   size_t InitialHeapSize                          = 130023424                                 {product} {ergonomic}
   size_t MarkStackSize                            = 4194304                                   {product} {ergonomic}
   size_t MaxHeapSize                              = 2055208960                                {product} {ergonomic}
   size_t MaxNewSize                               = 1233125376                                {product} {ergonomic}
   size_t MinHeapDeltaBytes                        = 1048576                                   {product} {ergonomic}
   size_t MinHeapSize                              = 8388608                                   {product} {ergonomic}
    uintx NonNMethodCodeHeapSize                   = 5839372                                {pd product} {ergonomic}
    uintx NonProfiledCodeHeapSize                  = 122909434                              {pd product} {ergonomic}
    uintx ProfiledCodeHeapSize                     = 122909434                              {pd product} {ergonomic}
    uintx ReservedCodeCacheSize                    = 251658240                              {pd product} {ergonomic}
     bool SegmentedCodeCache                       = true                                      {product} {ergonomic}
   size_t SoftMaxHeapSize                          = 2055208960                             {manageable} {ergonomic}
     bool UseCompressedClassPointers               = true                           {product lp64_product} {ergonomic}
     bool UseCompressedOops                        = true                           {product lp64_product} {ergonomic}
     bool UseG1GC                                  = true                                      {product} {ergonomic}
     bool UseLargePagesIndividualAllocation        = false                                  {pd product} {ergonomic}

Logging:
Log output configuration:
 #0: stdout all=warning uptime,level,tags
 #1: stderr all=off uptime,level,tags

Environment Variables:
PATH=C:\Users\mohas\bin;C:\Program Files\Git\mingw64\bin;C:\Program Files\Git\usr\local\bin;C:\Program Files\Git\usr\bin;C:\Program Files\Git\usr\bin;C:\Program Files\Git\mingw64\bin;C:\Program Files\Git\usr\bin;C:\Users\mohas\bin;C:\Python312\Scripts;C:\Python312;C:\Program Files\Java\jdk-17\bin;C:\WINDOWS\system32;C:\WINDOWS;C:\WINDOWS\System32\Wbem;C:\WINDOWS\System32\WindowsPowerShell\v1.0;C:\WINDOWS\System32\OpenSSH;C:\Program Files\nodejs;C:\Program Files\Git\cmd;C:\Program Files\MySQL\MySQL Server 8.0\bin;C:\MinGW\bin;C:\ProgramData\chocolatey\bin;C:\Program Files\Dart\bin;C:\Program Files\apache-maven-3.9.9\bin;C:\Program Files\JetBrains\IntelliJ IDEA Community Edition 2023.3.1\bin\idea64.exe;C:\Program Files\Docker\Docker\resources\bin;C:\Program Files\Amazon\AWSCLI\bin;C:\Program Files\MySQL\MySQL Shell 8.0\bin;C:\Users\mohas\AppData\Local\Microsoft\WindowsApps;C:\Program Files\JetBrains\IntelliJ IDEA Community Edition 2025.1.1.1\bin;C:\Users\mohas\AppData\Roaming\npm;C:\Users\mohas\AppData\Local\Programs\Microsoft VS Code\bin;C:\Program Files\heroku\bin;C:\Program Files\JetBrains\IntelliJ IDEA 2025.1.1.1\bin;C:\Program Files\Git\usr\bin\vendor_perl;C:\Program Files\Git\usr\bin\core_perl
USERNAME=Mohasin
SHELL=C:\Program Files\Git\usr\bin\bash.exe
DISPLAY=needs-to-be-defined
LC_CTYPE=en_US.UTF-8
OS=Windows_NT
PROCESSOR_IDENTIFIER=Intel64 Family 6 Model 140 Stepping 1, GenuineIntel



---------------  S Y S T E M  ---------------

OS:
 Windows 11 , 64 bit Build 26100 (10.0.26100.7019)
OS uptime: 27 days 1:34 hours
Hyper-V role detected

CPU: total 8 (initial active 8) (4 cores per cpu, 2 threads per core) family 6 model 140 stepping 1 microcode 0xb4, cx8, cmov, fxsr, ht, mmx, 3dnowpref, sse, sse2, sse3, ssse3, sse4.1, sse4.2, popcnt, lzcnt, tsc, tscinvbit, avx, avx2, aes, erms, clmul, bmi1, bmi2, adx, avx512f, avx512dq, avx512cd, avx512bw, avx512vl, sha, fma, vzeroupper, avx512_vpopcntdq, avx512_vpclmulqdq, avx512_vaes, avx512_vnni, clflush, clflushopt, clwb, avx512_vbmi2, avx512_vbmi, hv

Memory: 4k page, system-wide physical 7834M (363M free)
TotalPageFile size 22834M (AvailPageFile size 20M)
current process WorkingSet (physical memory assigned to process): 165M, peak: 191M
current process commit charge ("private bytes"): 235M, peak: 277M

vm_info: Java HotSpot(TM) 64-Bit Server VM (17.0.10+11-LTS-240) for windows-amd64 JRE (17.0.10+11-LTS-240), built on Dec 19 2023 21:47:25 by "mach5one" with MS VC++ 17.1 (VS2022)

END.
