#
# There is insufficient memory for the Java Runtime Environment to continue.
# Native memory allocation (mmap) failed to map 65536 bytes for Failed to commit metaspace.
# Possible reasons:
#   The system is out of physical RAM or swap space
#   The process is running with CompressedOops enabled, and the Java Heap may be blocking the growth of the native heap
# Possible solutions:
#   Reduce memory load on the system
#   Increase physical memory or swap space
#   Check if swap backing store is full
#   Decrease Java heap size (-Xmx/-Xms)
#   Decrease number of Java threads
#   Decrease Java thread stack sizes (-Xss)
#   Set larger code cache with -XX:ReservedCodeCacheSize=
#   JVM is running with Unscaled Compressed Oops mode in which the Java heap is
#     placed in the first 4GB address space. The Java Heap base address is the
#     maximum limit for the native heap growth. Please use -XX:HeapBaseMinAddress
#     to set the Java Heap base and to place the Java Heap above 4GB virtual address.
# This output file may be truncated or incomplete.
#
#  Out of Memory Error (virtualSpaceNode.cpp:110), pid=20160, tid=20008
#
# JRE version: Java(TM) SE Runtime Environment (17.0.10+11) (build 17.0.10+11-LTS-240)
# Java VM: Java HotSpot(TM) 64-Bit Server VM (17.0.10+11-LTS-240, mixed mode, emulated-client, sharing, tiered, compressed oops, compressed class ptrs, g1 gc, windows-amd64)
# No core dump will be written. Minidumps are not enabled by default on client versions of Windows
#

---------------  S U M M A R Y ------------

Command Line: -XX:TieredStopAtLevel=1 com.account_service.AccountServiceApplication

Host: 11th Gen Intel(R) Core(TM) i5-1135G7 @ 2.40GHz, 8 cores, 7G,  Windows 11 , 64 bit Build 26100 (10.0.26100.7705)
Time: Wed Mar 11 00:18:02 2026 India Standard Time elapsed time: 19.519584 seconds (0d 0h 0m 19s)

---------------  T H R E A D  ---------------

Current thread (0x00000150cbb80a50):  JavaThread "restartedMain" [_thread_in_vm, id=20008, stack(0x00000034dba00000,0x00000034dbb00000)]

Stack: [0x00000034dba00000,0x00000034dbb00000]
Native frames: (J=compiled Java code, j=interpreted, Vv=VM code, C=native code)
V  [jvm.dll+0x677a5a]
V  [jvm.dll+0x7d8b2d]
V  [jvm.dll+0x7da48e]
V  [jvm.dll+0x7daaf3]
V  [jvm.dll+0x2455ff]
V  [jvm.dll+0x7d483b]
V  [jvm.dll+0x61dc06]
V  [jvm.dll+0x1bfa87]
V  [jvm.dll+0x620570]
V  [jvm.dll+0x61e5c6]
V  [jvm.dll+0x62f379]
V  [jvm.dll+0x628694]
V  [jvm.dll+0x37de61]
C  0x00000150fa28c294

Java frames: (J=compiled Java code, j=interpreted, Vv=VM code)
j  org.hibernate.query.spi.Limit.<init>()V+0
j  org.hibernate.query.spi.Limit.<clinit>()V+4
v  ~StubRoutines::call_stub
j  org.hibernate.query.spi.QueryOptionsAdapter.getLimit()Lorg/hibernate/query/spi/Limit;+0
j  org.hibernate.sql.ast.spi.AbstractSqlAstTranslator.translate(Lorg/hibernate/sql/exec/spi/JdbcParameterBindings;Lorg/hibernate/query/spi/QueryOptions;)Lorg/hibernate/sql/exec/spi/JdbcOperation;+57
j  org.hibernate.loader.ast.internal.SingleIdLoadPlan.<init>(Lorg/hibernate/metamodel/mapping/EntityMappingType;Lorg/hibernate/metamodel/mapping/ModelPart;Lorg/hibernate/sql/ast/tree/select/SelectStatement;Lorg/hibernate/sql/exec/spi/JdbcParametersList;Lorg/hibernate/LockOptions;Lorg/hibernate/engine/spi/SessionFactoryImplementor;)V+78
j  org.hibernate.loader.ast.internal.SingleIdEntityLoaderStandardImpl.createLoadPlan(Lorg/hibernate/metamodel/mapping/EntityMappingType;Lorg/hibernate/LockOptions;Lorg/hibernate/engine/spi/LoadQueryInfluencers;Lorg/hibernate/engine/spi/SessionFactoryImplementor;)Lorg/hibernate/loader/ast/internal/SingleIdLoadPlan;+55
j  org.hibernate.loader.ast.internal.SingleIdEntityLoaderStandardImpl.lambda$new$0(Lorg/hibernate/metamodel/mapping/EntityMappingType;Lorg/hibernate/LockOptions;Lorg/hibernate/engine/spi/LoadQueryInfluencers;)Lorg/hibernate/loader/ast/internal/SingleIdLoadPlan;+7
j  org.hibernate.loader.ast.internal.SingleIdEntityLoaderStandardImpl$$Lambda$1368+0x00000150879cb180.apply(Ljava/lang/Object;Ljava/lang/Object;)Ljava/lang/Object;+12
j  org.hibernate.loader.ast.internal.SingleIdEntityLoaderStandardImpl.<init>(Lorg/hibernate/metamodel/mapping/EntityMappingType;Lorg/hibernate/engine/spi/LoadQueryInfluencers;Ljava/util/function/BiFunction;)V+37
j  org.hibernate.loader.ast.internal.SingleIdEntityLoaderStandardImpl.<init>(Lorg/hibernate/metamodel/mapping/EntityMappingType;Lorg/hibernate/engine/spi/LoadQueryInfluencers;)V+9
j  org.hibernate.persister.entity.AbstractEntityPersister.buildSingleIdEntityLoader(Lorg/hibernate/engine/spi/LoadQueryInfluencers;)Lorg/hibernate/loader/ast/spi/SingleIdEntityLoader;+48
j  org.hibernate.persister.entity.AbstractEntityPersister.buildSingleIdEntityLoader()Lorg/hibernate/loader/ast/spi/SingleIdEntityLoader;+35
j  org.hibernate.persister.entity.AbstractEntityPersister.prepareLoaders()V+2
j  org.hibernate.metamodel.model.domain.internal.MappingMetamodelImpl.finishInitialization(Lorg/hibernate/metamodel/spi/RuntimeModelCreationContext;)V+201
j  org.hibernate.internal.SessionFactoryImpl.initializeMappingModel(Lorg/hibernate/metamodel/model/domain/internal/MappingMetamodelImpl;Lorg/hibernate/boot/spi/BootstrapContext;Lorg/hibernate/boot/spi/MetadataImplementor;Lorg/hibernate/boot/spi/SessionFactoryOptions;)V+18
j  org.hibernate.internal.SessionFactoryImpl.<init>(Lorg/hibernate/boot/spi/MetadataImplementor;Lorg/hibernate/boot/spi/SessionFactoryOptions;Lorg/hibernate/boot/spi/BootstrapContext;)V+599
j  org.hibernate.boot.internal.SessionFactoryBuilderImpl.build()Lorg/hibernate/SessionFactory;+16
j  org.hibernate.jpa.boot.internal.EntityManagerFactoryBuilderImpl.build()Ljakarta/persistence/EntityManagerFactory;+22
j  org.springframework.orm.jpa.vendor.SpringHibernateJpaPersistenceProvider.createContainerEntityManagerFactory(Ljakarta/persistence/spi/PersistenceUnitInfo;Ljava/util/Map;)Ljakarta/persistence/EntityManagerFactory;+59
j  org.springframework.orm.jpa.LocalContainerEntityManagerFactoryBean.createNativeEntityManagerFactory()Ljakarta/persistence/EntityManagerFactory;+111
j  org.springframework.orm.jpa.AbstractEntityManagerFactoryBean.buildNativeEntityManagerFactory()Ljakarta/persistence/EntityManagerFactory;+1
j  org.springframework.orm.jpa.AbstractEntityManagerFactoryBean.afterPropertiesSet()V+192
j  org.springframework.orm.jpa.LocalContainerEntityManagerFactoryBean.afterPropertiesSet()V+81
j  org.springframework.beans.factory.support.AbstractAutowireCapableBeanFactory.invokeInitMethods(Ljava/lang/String;Ljava/lang/Object;Lorg/springframework/beans/factory/support/RootBeanDefinition;)V+56
j  org.springframework.beans.factory.support.AbstractAutowireCapableBeanFactory.initializeBean(Ljava/lang/String;Ljava/lang/Object;Lorg/springframework/beans/factory/support/RootBeanDefinition;)Ljava/lang/Object;+34
j  org.springframework.beans.factory.support.AbstractAutowireCapableBeanFactory.doCreateBean(Ljava/lang/String;Lorg/springframework/beans/factory/support/RootBeanDefinition;[Ljava/lang/Object;)Ljava/lang/Object;+228
j  org.springframework.beans.factory.support.AbstractAutowireCapableBeanFactory.createBean(Ljava/lang/String;Lorg/springframework/beans/factory/support/RootBeanDefinition;[Ljava/lang/Object;)Ljava/lang/Object;+153
j  org.springframework.beans.factory.support.AbstractBeanFactory.lambda$doGetBean$0(Ljava/lang/String;Lorg/springframework/beans/factory/support/RootBeanDefinition;[Ljava/lang/Object;)Ljava/lang/Object;+4
j  org.springframework.beans.factory.support.AbstractBeanFactory$$Lambda$502+0x00000150872db4e0.getObject()Ljava/lang/Object;+16
j  org.springframework.beans.factory.support.DefaultSingletonBeanRegistry.getSingleton(Ljava/lang/String;Lorg/springframework/beans/factory/ObjectFactory;)Ljava/lang/Object;+876
J 3363 c1 org.springframework.beans.factory.support.AbstractBeanFactory.doGetBean(Ljava/lang/String;Ljava/lang/Class;[Ljava/lang/Object;Z)Ljava/lang/Object; (787 bytes) @ 0x00000150fa9d6164 [0x00000150fa9d5b20+0x0000000000000644]
J 3105 c1 org.springframework.beans.factory.support.AbstractBeanFactory.getBean(Ljava/lang/String;Ljava/lang/Class;)Ljava/lang/Object; (9 bytes) @ 0x00000150fa964964 [0x00000150fa964920+0x0000000000000044]
j  org.springframework.context.support.AbstractApplicationContext.finishBeanFactoryInitialization(Lorg/springframework/beans/factory/config/ConfigurableListableBeanFactory;)V+220
j  org.springframework.context.support.AbstractApplicationContext.refresh()V+94
j  org.springframework.boot.web.servlet.context.ServletWebServerApplicationContext.refresh()V+1
j  org.springframework.boot.SpringApplication.refresh(Lorg/springframework/context/ConfigurableApplicationContext;)V+1
j  org.springframework.boot.SpringApplication.refreshContext(Lorg/springframework/context/ConfigurableApplicationContext;)V+19
j  org.springframework.boot.SpringApplication.run([Ljava/lang/String;)Lorg/springframework/context/ConfigurableApplicationContext;+113
j  org.springframework.boot.SpringApplication.run([Ljava/lang/Class;[Ljava/lang/String;)Lorg/springframework/context/ConfigurableApplicationContext;+9
j  org.springframework.boot.SpringApplication.run(Ljava/lang/Class;[Ljava/lang/String;)Lorg/springframework/context/ConfigurableApplicationContext;+9
j  com.account_service.AccountServiceApplication.main([Ljava/lang/String;)V+3
v  ~StubRoutines::call_stub
j  jdk.internal.reflect.NativeMethodAccessorImpl.invoke0(Ljava/lang/reflect/Method;Ljava/lang/Object;[Ljava/lang/Object;)Ljava/lang/Object;+0 java.base@17.0.10
j  jdk.internal.reflect.NativeMethodAccessorImpl.invoke(Ljava/lang/Object;[Ljava/lang/Object;)Ljava/lang/Object;+133 java.base@17.0.10
j  jdk.internal.reflect.DelegatingMethodAccessorImpl.invoke(Ljava/lang/Object;[Ljava/lang/Object;)Ljava/lang/Object;+6 java.base@17.0.10
j  java.lang.reflect.Method.invoke(Ljava/lang/Object;[Ljava/lang/Object;)Ljava/lang/Object;+59 java.base@17.0.10
j  org.springframework.boot.devtools.restart.RestartLauncher.run()V+47
v  ~StubRoutines::call_stub

---------------  P R O C E S S  ---------------

Threads class SMR info:
_java_thread_list=0x00000150cbfeb060, length=21, elements={
0x00000150f13f8bf0, 0x00000150fed74d00, 0x00000150fed759e0, 0x00000150fed8c5c0,
0x00000150fed8ce90, 0x00000150fed8d760, 0x00000150fed8f040, 0x00000150fed90d20,
0x00000150feda63b0, 0x00000150cb15fa60, 0x00000150cb16bc80, 0x00000150cbb86090,
0x00000150cbb80a50, 0x00000150cbfa4720, 0x00000150cbfdcce0, 0x00000150cd3316a0,
0x00000150cd331b80, 0x00000150cd3b5040, 0x00000150cc5e4400, 0x00000150cc5e4910,
0x00000150cc5e4e20
}

Java Threads: ( => current thread )
  0x00000150f13f8bf0 JavaThread "main" [_thread_blocked, id=28996, stack(0x00000034d9e00000,0x00000034d9f00000)]
  0x00000150fed74d00 JavaThread "Reference Handler" daemon [_thread_blocked, id=11124, stack(0x00000034da500000,0x00000034da600000)]
  0x00000150fed759e0 JavaThread "Finalizer" daemon [_thread_blocked, id=23440, stack(0x00000034da600000,0x00000034da700000)]
  0x00000150fed8c5c0 JavaThread "Signal Dispatcher" daemon [_thread_blocked, id=6184, stack(0x00000034da700000,0x00000034da800000)]
  0x00000150fed8ce90 JavaThread "Attach Listener" daemon [_thread_blocked, id=13504, stack(0x00000034da800000,0x00000034da900000)]
  0x00000150fed8d760 JavaThread "Service Thread" daemon [_thread_blocked, id=11964, stack(0x00000034da900000,0x00000034daa00000)]
  0x00000150fed8f040 JavaThread "Monitor Deflation Thread" daemon [_thread_blocked, id=19664, stack(0x00000034daa00000,0x00000034dab00000)]
  0x00000150fed90d20 JavaThread "C1 CompilerThread0" daemon [_thread_blocked, id=18232, stack(0x00000034dab00000,0x00000034dac00000)]
  0x00000150feda63b0 JavaThread "Sweeper thread" daemon [_thread_blocked, id=22036, stack(0x00000034dac00000,0x00000034dad00000)]
  0x00000150cb15fa60 JavaThread "Notification Thread" daemon [_thread_blocked, id=20524, stack(0x00000034db000000,0x00000034db100000)]
  0x00000150cb16bc80 JavaThread "Common-Cleaner" daemon [_thread_blocked, id=26988, stack(0x00000034db200000,0x00000034db300000)]
  0x00000150cbb86090 JavaThread "Thread-0" [_thread_blocked, id=16160, stack(0x00000034db900000,0x00000034dba00000)]
=>0x00000150cbb80a50 JavaThread "restartedMain" [_thread_in_vm, id=20008, stack(0x00000034dba00000,0x00000034dbb00000)]
  0x00000150cbfa4720 JavaThread "Keep-Alive-Timer" daemon [_thread_blocked, id=12112, stack(0x00000034dbe00000,0x00000034dbf00000)]
  0x00000150cbfdcce0 JavaThread "C1 CompilerThread1" daemon [_thread_blocked, id=28380, stack(0x00000034dad00000,0x00000034dae00000)]
  0x00000150cd3316a0 JavaThread "Catalina-utility-1" [_thread_in_vm, id=1896, stack(0x00000034dc000000,0x00000034dc100000)]
  0x00000150cd331b80 JavaThread "Catalina-utility-2" [_thread_in_vm, id=20744, stack(0x00000034dc100000,0x00000034dc200000)]
  0x00000150cd3b5040 JavaThread "container-0" [_thread_blocked, id=4440, stack(0x00000034dc200000,0x00000034dc300000)]
  0x00000150cc5e4400 JavaThread "mysql-cj-abandoned-connection-cleanup" daemon [_thread_blocked, id=22720, stack(0x00000034dc300000,0x00000034dc400000)]
  0x00000150cc5e4910 JavaThread "HikariPool-1 housekeeper" daemon [_thread_blocked, id=9464, stack(0x00000034dc400000,0x00000034dc500000)]
  0x00000150cc5e4e20 JavaThread "HikariPool-1 connection adder" daemon [_thread_blocked, id=13644, stack(0x00000034dc500000,0x00000034dc600000)]

Other Threads:
  0x00000150fed71450 VMThread "VM Thread" [stack: 0x00000034da400000,0x00000034da500000] [id=23672]
  0x00000150f14a2900 WatcherThread [stack: 0x00000034db100000,0x00000034db200000] [id=12960]
  0x00000150f145df90 GCTaskThread "GC Thread#0" [stack: 0x00000034d9f00000,0x00000034da000000] [id=16176]
  0x00000150cb9a2c40 GCTaskThread "GC Thread#1" [stack: 0x00000034db300000,0x00000034db400000] [id=17384]
  0x00000150cba83200 GCTaskThread "GC Thread#2" [stack: 0x00000034db400000,0x00000034db500000] [id=7760]
  0x00000150cba834c0 GCTaskThread "GC Thread#3" [stack: 0x00000034db500000,0x00000034db600000] [id=22640]
  0x00000150cbb85300 GCTaskThread "GC Thread#4" [stack: 0x00000034db700000,0x00000034db800000] [id=15156]
  0x00000150cbb855c0 GCTaskThread "GC Thread#5" [stack: 0x00000034db800000,0x00000034db900000] [id=29664]
  0x00000150cbdce820 GCTaskThread "GC Thread#6" [stack: 0x00000034dbb00000,0x00000034dbc00000] [id=12464]
  0x00000150cbdceae0 GCTaskThread "GC Thread#7" [stack: 0x00000034dbc00000,0x00000034dbd00000] [id=25364]
  0x00000150f148b180 ConcurrentGCThread "G1 Main Marker" [stack: 0x00000034da000000,0x00000034da100000] [id=26388]
  0x00000150f148c140 ConcurrentGCThread "G1 Conc#0" [stack: 0x00000034da100000,0x00000034da200000] [id=21964]
  0x00000150cc0af290 ConcurrentGCThread "G1 Conc#1" [stack: 0x00000034dbf00000,0x00000034dc000000] [id=19132]
  0x00000150f14ae990 ConcurrentGCThread "G1 Refine#0" [stack: 0x00000034da200000,0x00000034da300000] [id=15472]
  0x00000150cb9bba20 ConcurrentGCThread "G1 Refine#1" [stack: 0x00000034db600000,0x00000034db700000] [id=17088]
  0x00000150f14aec80 ConcurrentGCThread "G1 Service" [stack: 0x00000034da300000,0x00000034da400000] [id=4588]

Threads with active compile tasks:

VM state: not at safepoint (normal execution)

VM Mutex/Monitor currently owned by a thread:  ([mutex/lock_event])
[0x00000150f13f6060] Metaspace_lock - owner thread: 0x00000150cbb80a50

Heap address: 0x0000000085800000, size: 1960 MB, Compressed Oops mode: 32-bit

CDS archive(s) mapped at: [0x0000015086000000-0x0000015086bd0000-0x0000015086bd0000), size 12386304, SharedBaseAddress: 0x0000015086000000, ArchiveRelocationMode: 1.
Compressed class space mapped at: 0x0000015087000000-0x00000150c7000000, reserved size: 1073741824
Narrow klass base: 0x0000015086000000, Narrow klass shift: 0, Narrow klass range: 0x100000000

GC Precious Log:
 CPUs: 8 total, 8 available
 Memory: 7834M
 Large Page Support: Disabled
 NUMA Support: Disabled
 Compressed Oops: Enabled (32-bit)
 Heap Region Size: 1M
 Heap Min Capacity: 8M
 Heap Initial Capacity: 124M
 Heap Max Capacity: 1960M
 Pre-touch: Disabled
 Parallel Workers: 8
 Concurrent Workers: 2
 Concurrent Refinement Workers: 8
 Periodic GC: Disabled

Heap:
 garbage-first heap   total 95232K, used 72809K [0x0000000085800000, 0x0000000100000000)
  region size 1024K, 34 young (34816K), 4 survivors (4096K)
 Metaspace       used 66554K, committed 67136K, reserved 1114112K
  class space    used 9645K, committed 9920K, reserved 1048576K

Heap Regions: E=young(eden), S=young(survivor), O=old, HS=humongous(starts), HC=humongous(continues), CS=collection set, F=free, OA=open archive, CA=closed archive, TAMS=top-at-mark-start (previous, next)
|   0|0x0000000085800000, 0x0000000085900000, 0x0000000085900000|100%|HS|  |TAMS 0x0000000085900000, 0x0000000085800000| Complete 
|   1|0x0000000085900000, 0x0000000085a00000, 0x0000000085a00000|100%| O|  |TAMS 0x0000000085a00000, 0x0000000085900000| Untracked 
|   2|0x0000000085a00000, 0x0000000085b00000, 0x0000000085b00000|100%|HS|  |TAMS 0x0000000085b00000, 0x0000000085a00000| Complete 
|   3|0x0000000085b00000, 0x0000000085c00000, 0x0000000085c00000|100%|HS|  |TAMS 0x0000000085c00000, 0x0000000085b00000| Complete 
|   4|0x0000000085c00000, 0x0000000085d00000, 0x0000000085d00000|100%| O|  |TAMS 0x0000000085d00000, 0x0000000085c00000| Untracked 
|   5|0x0000000085d00000, 0x0000000085e00000, 0x0000000085e00000|100%| O|  |TAMS 0x0000000085e00000, 0x0000000085d00000| Untracked 
|   6|0x0000000085e00000, 0x0000000085f00000, 0x0000000085f00000|100%| O|  |TAMS 0x0000000085f00000, 0x0000000085e00000| Untracked 
|   7|0x0000000085f00000, 0x0000000086000000, 0x0000000086000000|100%| O|  |TAMS 0x0000000086000000, 0x0000000085f00000| Untracked 
|   8|0x0000000086000000, 0x0000000086100000, 0x0000000086100000|100%| O|  |TAMS 0x0000000086100000, 0x0000000086000000| Untracked 
|   9|0x0000000086100000, 0x0000000086200000, 0x0000000086200000|100%| O|  |TAMS 0x0000000086200000, 0x0000000086100000| Untracked 
|  10|0x0000000086200000, 0x0000000086300000, 0x0000000086300000|100%| O|  |TAMS 0x0000000086300000, 0x0000000086200000| Untracked 
|  11|0x0000000086300000, 0x0000000086400000, 0x0000000086400000|100%| O|  |TAMS 0x0000000086400000, 0x0000000086300000| Untracked 
|  12|0x0000000086400000, 0x0000000086500000, 0x0000000086500000|100%| O|  |TAMS 0x0000000086500000, 0x0000000086400000| Untracked 
|  13|0x0000000086500000, 0x0000000086600000, 0x0000000086600000|100%| O|  |TAMS 0x0000000086600000, 0x0000000086500000| Untracked 
|  14|0x0000000086600000, 0x0000000086700000, 0x0000000086700000|100%| O|  |TAMS 0x0000000086700000, 0x0000000086600000| Untracked 
|  15|0x0000000086700000, 0x0000000086800000, 0x0000000086800000|100%| O|  |TAMS 0x0000000086800000, 0x0000000086700000| Untracked 
|  16|0x0000000086800000, 0x0000000086873a00, 0x0000000086900000| 45%| O|  |TAMS 0x0000000086873a00, 0x0000000086800000| Untracked 
|  17|0x0000000086900000, 0x0000000086a00000, 0x0000000086a00000|100%| O|  |TAMS 0x0000000086a00000, 0x0000000086900000| Untracked 
|  18|0x0000000086a00000, 0x0000000086b00000, 0x0000000086b00000|100%| O|  |TAMS 0x0000000086b00000, 0x0000000086a00000| Untracked 
|  19|0x0000000086b00000, 0x0000000086c00000, 0x0000000086c00000|100%| O|  |TAMS 0x0000000086c00000, 0x0000000086b00000| Untracked 
|  20|0x0000000086c00000, 0x0000000086cffff8, 0x0000000086d00000| 99%| O|  |TAMS 0x0000000086cffff8, 0x0000000086c00000| Untracked 
|  21|0x0000000086d00000, 0x0000000086e00000, 0x0000000086e00000|100%| O|  |TAMS 0x0000000086e00000, 0x0000000086d00000| Untracked 
|  22|0x0000000086e00000, 0x0000000086f00000, 0x0000000086f00000|100%| O|  |TAMS 0x0000000086f00000, 0x0000000086e00000| Untracked 
|  23|0x0000000086f00000, 0x0000000087000000, 0x0000000087000000|100%| O|  |TAMS 0x0000000087000000, 0x0000000086f00000| Untracked 
|  24|0x0000000087000000, 0x0000000087100000, 0x0000000087100000|100%| O|  |TAMS 0x0000000087100000, 0x0000000087000000| Untracked 
|  25|0x0000000087100000, 0x0000000087200000, 0x0000000087200000|100%| O|  |TAMS 0x0000000087200000, 0x0000000087100000| Untracked 
|  26|0x0000000087200000, 0x0000000087300000, 0x0000000087300000|100%| O|  |TAMS 0x0000000087300000, 0x0000000087200000| Untracked 
|  27|0x0000000087300000, 0x0000000087400000, 0x0000000087400000|100%| O|  |TAMS 0x0000000087400000, 0x0000000087300000| Untracked 
|  28|0x0000000087400000, 0x0000000087500000, 0x0000000087500000|100%| O|  |TAMS 0x0000000087500000, 0x0000000087400000| Untracked 
|  29|0x0000000087500000, 0x0000000087600000, 0x0000000087600000|100%| O|  |TAMS 0x0000000087600000, 0x0000000087500000| Untracked 
|  30|0x0000000087600000, 0x0000000087700000, 0x0000000087700000|100%| O|  |TAMS 0x0000000087700000, 0x0000000087600000| Untracked 
|  31|0x0000000087700000, 0x0000000087800000, 0x0000000087800000|100%| O|  |TAMS 0x0000000087800000, 0x0000000087700000| Untracked 
|  32|0x0000000087800000, 0x0000000087900000, 0x0000000087900000|100%| O|  |TAMS 0x0000000087900000, 0x0000000087800000| Untracked 
|  33|0x0000000087900000, 0x0000000087a00000, 0x0000000087a00000|100%| O|  |TAMS 0x0000000087a00000, 0x0000000087900000| Untracked 
|  34|0x0000000087a00000, 0x0000000087b00000, 0x0000000087b00000|100%| O|  |TAMS 0x0000000087b00000, 0x0000000087a00000| Untracked 
|  35|0x0000000087b00000, 0x0000000087c00000, 0x0000000087c00000|100%| O|  |TAMS 0x0000000087c00000, 0x0000000087b00000| Untracked 
|  36|0x0000000087c00000, 0x0000000087d00000, 0x0000000087d00000|100%| O|  |TAMS 0x0000000087d00000, 0x0000000087c00000| Untracked 
|  37|0x0000000087d00000, 0x0000000087e00000, 0x0000000087e00000|100%| O|  |TAMS 0x0000000087e00000, 0x0000000087d00000| Untracked 
|  38|0x0000000087e00000, 0x0000000087f00000, 0x0000000087f00000|100%| O|  |TAMS 0x0000000087e64200, 0x0000000087e00000| Untracked 
|  39|0x0000000087f00000, 0x0000000087fc1c00, 0x0000000088000000| 75%| O|  |TAMS 0x0000000087f00000, 0x0000000087f00000| Untracked 
|  40|0x0000000088000000, 0x0000000088000000, 0x0000000088100000|  0%| F|  |TAMS 0x0000000088000000, 0x0000000088000000| Untracked 
|  41|0x0000000088100000, 0x0000000088100000, 0x0000000088200000|  0%| F|  |TAMS 0x0000000088100000, 0x0000000088100000| Untracked 
|  42|0x0000000088200000, 0x0000000088200000, 0x0000000088300000|  0%| F|  |TAMS 0x0000000088200000, 0x0000000088200000| Untracked 
|  43|0x0000000088300000, 0x0000000088300000, 0x0000000088400000|  0%| F|  |TAMS 0x0000000088300000, 0x0000000088300000| Untracked 
|  44|0x0000000088400000, 0x0000000088400000, 0x0000000088500000|  0%| F|  |TAMS 0x0000000088400000, 0x0000000088400000| Untracked 
|  45|0x0000000088500000, 0x0000000088500000, 0x0000000088600000|  0%| F|  |TAMS 0x0000000088500000, 0x0000000088500000| Untracked 
|  46|0x0000000088600000, 0x0000000088600000, 0x0000000088700000|  0%| F|  |TAMS 0x0000000088600000, 0x0000000088600000| Untracked 
|  47|0x0000000088700000, 0x0000000088700000, 0x0000000088800000|  0%| F|  |TAMS 0x0000000088700000, 0x0000000088700000| Untracked 
|  48|0x0000000088800000, 0x0000000088800000, 0x0000000088900000|  0%| F|  |TAMS 0x0000000088800000, 0x0000000088800000| Untracked 
|  49|0x0000000088900000, 0x0000000088900000, 0x0000000088a00000|  0%| F|  |TAMS 0x0000000088900000, 0x0000000088900000| Untracked 
|  50|0x0000000088a00000, 0x0000000088a00000, 0x0000000088b00000|  0%| F|  |TAMS 0x0000000088a00000, 0x0000000088a00000| Untracked 
|  51|0x0000000088b00000, 0x0000000088b00000, 0x0000000088c00000|  0%| F|  |TAMS 0x0000000088b00000, 0x0000000088b00000| Untracked 
|  52|0x0000000088c00000, 0x0000000088c00000, 0x0000000088d00000|  0%| F|  |TAMS 0x0000000088c00000, 0x0000000088c00000| Untracked 
|  53|0x0000000088d00000, 0x0000000088d00000, 0x0000000088e00000|  0%| F|  |TAMS 0x0000000088d00000, 0x0000000088d00000| Untracked 
|  54|0x0000000088e00000, 0x0000000088e00000, 0x0000000088f00000|  0%| F|  |TAMS 0x0000000088e00000, 0x0000000088e00000| Untracked 
|  55|0x0000000088f00000, 0x0000000088f00000, 0x0000000089000000|  0%| F|  |TAMS 0x0000000088f00000, 0x0000000088f00000| Untracked 
|  56|0x0000000089000000, 0x0000000089000000, 0x0000000089100000|  0%| F|  |TAMS 0x0000000089000000, 0x0000000089000000| Untracked 
|  57|0x0000000089100000, 0x0000000089100000, 0x0000000089200000|  0%| F|  |TAMS 0x0000000089100000, 0x0000000089100000| Untracked 
|  58|0x0000000089200000, 0x0000000089200000, 0x0000000089300000|  0%| F|  |TAMS 0x0000000089200000, 0x0000000089200000| Untracked 
|  59|0x0000000089300000, 0x0000000089300800, 0x0000000089400000|  0%| E|  |TAMS 0x0000000089300000, 0x0000000089300000| Complete 
|  60|0x0000000089400000, 0x0000000089500000, 0x0000000089500000|100%| E|CS|TAMS 0x0000000089400000, 0x0000000089400000| Complete 
|  61|0x0000000089500000, 0x0000000089600000, 0x0000000089600000|100%| E|CS|TAMS 0x0000000089500000, 0x0000000089500000| Complete 
|  62|0x0000000089600000, 0x0000000089700000, 0x0000000089700000|100%| E|CS|TAMS 0x0000000089600000, 0x0000000089600000| Complete 
|  63|0x0000000089700000, 0x0000000089800000, 0x0000000089800000|100%| E|CS|TAMS 0x0000000089700000, 0x0000000089700000| Complete 
|  64|0x0000000089800000, 0x0000000089900000, 0x0000000089900000|100%| E|CS|TAMS 0x0000000089800000, 0x0000000089800000| Complete 
|  65|0x0000000089900000, 0x0000000089a00000, 0x0000000089a00000|100%| E|CS|TAMS 0x0000000089900000, 0x0000000089900000| Complete 
|  66|0x0000000089a00000, 0x0000000089b00000, 0x0000000089b00000|100%| E|CS|TAMS 0x0000000089a00000, 0x0000000089a00000| Complete 
|  67|0x0000000089b00000, 0x0000000089c00000, 0x0000000089c00000|100%| E|CS|TAMS 0x0000000089b00000, 0x0000000089b00000| Complete 
|  68|0x0000000089c00000, 0x0000000089d00000, 0x0000000089d00000|100%| E|CS|TAMS 0x0000000089c00000, 0x0000000089c00000| Complete 
|  69|0x0000000089d00000, 0x0000000089e00000, 0x0000000089e00000|100%| E|CS|TAMS 0x0000000089d00000, 0x0000000089d00000| Complete 
|  70|0x0000000089e00000, 0x0000000089ee4ed0, 0x0000000089f00000| 89%| S|CS|TAMS 0x0000000089e00000, 0x0000000089e00000| Complete 
|  71|0x0000000089f00000, 0x000000008a000000, 0x000000008a000000|100%| S|CS|TAMS 0x0000000089f00000, 0x0000000089f00000| Complete 
|  72|0x000000008a000000, 0x000000008a100000, 0x000000008a100000|100%| S|CS|TAMS 0x000000008a000000, 0x000000008a000000| Complete 
|  73|0x000000008a100000, 0x000000008a200000, 0x000000008a200000|100%| S|CS|TAMS 0x000000008a100000, 0x000000008a100000| Complete 
|  74|0x000000008a200000, 0x000000008a300000, 0x000000008a300000|100%| E|CS|TAMS 0x000000008a200000, 0x000000008a200000| Complete 
|  75|0x000000008a300000, 0x000000008a400000, 0x000000008a400000|100%| E|  |TAMS 0x000000008a300000, 0x000000008a300000| Complete 
|  76|0x000000008a400000, 0x000000008a500000, 0x000000008a500000|100%| E|CS|TAMS 0x000000008a400000, 0x000000008a400000| Complete 
|  77|0x000000008a500000, 0x000000008a600000, 0x000000008a600000|100%| E|CS|TAMS 0x000000008a500000, 0x000000008a500000| Complete 
|  78|0x000000008a600000, 0x000000008a700000, 0x000000008a700000|100%| E|CS|TAMS 0x000000008a600000, 0x000000008a600000| Complete 
|  79|0x000000008a700000, 0x000000008a800000, 0x000000008a800000|100%| E|CS|TAMS 0x000000008a700000, 0x000000008a700000| Complete 
|  80|0x000000008a800000, 0x000000008a900000, 0x000000008a900000|100%| E|CS|TAMS 0x000000008a800000, 0x000000008a800000| Complete 
|  81|0x000000008a900000, 0x000000008aa00000, 0x000000008aa00000|100%| E|CS|TAMS 0x000000008a900000, 0x000000008a900000| Complete 
|  82|0x000000008aa00000, 0x000000008ab00000, 0x000000008ab00000|100%| E|CS|TAMS 0x000000008aa00000, 0x000000008aa00000| Complete 
|  83|0x000000008ab00000, 0x000000008ac00000, 0x000000008ac00000|100%| E|CS|TAMS 0x000000008ab00000, 0x000000008ab00000| Complete 
|  84|0x000000008ac00000, 0x000000008ad00000, 0x000000008ad00000|100%| E|CS|TAMS 0x000000008ac00000, 0x000000008ac00000| Complete 
|  85|0x000000008ad00000, 0x000000008ae00000, 0x000000008ae00000|100%| E|CS|TAMS 0x000000008ad00000, 0x000000008ad00000| Complete 
|  86|0x000000008ae00000, 0x000000008af00000, 0x000000008af00000|100%| E|CS|TAMS 0x000000008ae00000, 0x000000008ae00000| Complete 
|  87|0x000000008af00000, 0x000000008b000000, 0x000000008b000000|100%| E|CS|TAMS 0x000000008af00000, 0x000000008af00000| Complete 
|  88|0x000000008b000000, 0x000000008b100000, 0x000000008b100000|100%| E|CS|TAMS 0x000000008b000000, 0x000000008b000000| Complete 
|  89|0x000000008b100000, 0x000000008b200000, 0x000000008b200000|100%| E|CS|TAMS 0x000000008b100000, 0x000000008b100000| Complete 
|  90|0x000000008b200000, 0x000000008b300000, 0x000000008b300000|100%| E|CS|TAMS 0x000000008b200000, 0x000000008b200000| Complete 
|  91|0x000000008b300000, 0x000000008b400000, 0x000000008b400000|100%| E|CS|TAMS 0x000000008b300000, 0x000000008b300000| Complete 
| 123|0x000000008d300000, 0x000000008d400000, 0x000000008d400000|100%| E|CS|TAMS 0x000000008d300000, 0x000000008d300000| Complete 

Card table byte_map: [0x00000150fdf40000,0x00000150fe320000] _byte_map_base: 0x00000150fdb14000

Marking Bits (Prev, Next): (CMBitMap*) 0x00000150f145e400, (CMBitMap*) 0x00000150f145e3c0
 Prev Bits: [0x0000015081ea0000, 0x0000015083d40000)
 Next Bits: [0x0000015080000000, 0x0000015081ea0000)

Polling page: 0x00000150f1160000

Metaspace:

Usage:
  Non-class:     55.57 MB used.
      Class:      9.42 MB used.
       Both:     64.99 MB used.

Virtual space:
  Non-class space:       64.00 MB reserved,      55.88 MB ( 87%) committed,  1 nodes.
      Class space:        1.00 GB reserved,       9.69 MB ( <1%) committed,  1 nodes.
             Both:        1.06 GB reserved,      65.56 MB (  6%) committed. 

Chunk freelists:
   Non-Class:  7.61 MB
       Class:  6.14 MB
        Both:  13.75 MB

MaxMetaspaceSize: unlimited
CompressedClassSpaceSize: 1.00 GB
Initial GC threshold: 21.00 MB
Current GC threshold: 99.19 MB
CDS: on
MetaspaceReclaimPolicy: balanced
 - commit_granule_bytes: 65536.
 - commit_granule_words: 8192.
 - virtual_space_node_default_size: 8388608.
 - enlarge_chunks_in_place: 1.
 - new_chunks_are_fully_committed: 0.
 - uncommit_free_chunks: 1.
 - use_allocation_guard: 0.
 - handle_deallocations: 1.


Internal statistics:

num_allocs_failed_limit: 14.
num_arena_births: 800.
num_arena_deaths: 0.
num_vsnodes_births: 2.
num_vsnodes_deaths: 0.
num_space_committed: 1047.
num_space_uncommitted: 0.
num_chunks_returned_to_freelist: 14.
num_chunks_taken_from_freelist: 3265.
num_chunk_merges: 14.
num_chunk_splits: 2330.
num_chunks_enlarged: 1792.
num_inconsistent_stats: 0.

CodeCache: size=49152Kb used=11665Kb max_used=11752Kb free=37486Kb
 bounds [0x00000150fa280000, 0x00000150fae00000, 0x00000150fd280000]
 total_blobs=6838 nmethods=6167 adapters=597
 compilation: enabled
              stopped_count=0, restarted_count=0
 full_count=0

Compilation events (20 events):
Event: 15.382 Thread 0x00000150fed90d20 6140       1       org.hibernate.type.AbstractStandardBasicType::getJdbcType (5 bytes)
Event: 15.382 Thread 0x00000150fed90d20 nmethod 6140 0x00000150fa8b3690 code [0x00000150fa8b3820, 0x00000150fa8b38f8]
Event: 15.390 Thread 0x00000150cbfdcce0 6142       1       org.hibernate.internal.util.StringHelper::safeInterning (11 bytes)
Event: 15.390 Thread 0x00000150cbfdcce0 nmethod 6142 0x00000150fa8b3010 code [0x00000150fa8b31c0, 0x00000150fa8b32c8]
Event: 15.392 Thread 0x00000150cbfdcce0 6143       1       org.hibernate.internal.util.StringHelper::isEmpty (17 bytes)
Event: 15.392 Thread 0x00000150cbfdcce0 nmethod 6143 0x00000150fa8b2c90 code [0x00000150fa8b2e20, 0x00000150fa8b2f18]
Event: 15.410 Thread 0x00000150cbfdcce0 6147       1       java.lang.invoke.InvokerBytecodeGenerator::resolveFrom (81 bytes)
Event: 15.410 Thread 0x00000150fed90d20 6148       1       java.lang.invoke.MethodHandleStatics::traceLambdaForm (96 bytes)
Event: 15.410 Thread 0x00000150fed90d20 nmethod 6148 0x00000150fa8b1890 code [0x00000150fa8b1a20, 0x00000150fa8b1ab8]
Event: 15.410 Thread 0x00000150cbfdcce0 nmethod 6147 0x00000150fa8b1410 code [0x00000150fa8b15c0, 0x00000150fa8b1788]
Event: 16.448 Thread 0x00000150cbfdcce0 6151  s    1       java.lang.invoke.MethodTypeForm::setCachedLambdaForm (44 bytes)
Event: 16.449 Thread 0x00000150cbfdcce0 nmethod 6151 0x00000150fa8af710 code [0x00000150fa8af8e0, 0x00000150fa8afdb8]
Event: 16.460 Thread 0x00000150cbfdcce0 6159       1       org.hibernate.persister.entity.mutation.AbstractMutationCoordinator::entityPersister (5 bytes)
Event: 16.460 Thread 0x00000150cbfdcce0 nmethod 6159 0x00000150fa8adf10 code [0x00000150fa8ae0a0, 0x00000150fa8ae178]
Event: 16.463 Thread 0x00000150cbfdcce0 6160       1       org.hibernate.metamodel.mapping.BasicValuedModelPart::getJdbcTypeCount (2 bytes)
Event: 16.463 Thread 0x00000150cbfdcce0 nmethod 6160 0x00000150fa8adc10 code [0x00000150fa8adda0, 0x00000150fa8ade78]
Event: 16.479 Thread 0x00000150cbfdcce0 6161       1       java.lang.invoke.BoundMethodHandle::copyWith (7 bytes)
Event: 16.479 Thread 0x00000150cbfdcce0 nmethod 6161 0x00000150fa8ad610 code [0x00000150fa8ad7a0, 0x00000150fa8ad888]
Event: 17.507 Thread 0x00000150cbfdcce0 6165       1       java.lang.invoke.DirectMethodHandle::getFunction (53 bytes)
Event: 17.507 Thread 0x00000150cbfdcce0 nmethod 6165 0x00000150fa8ab610 code [0x00000150fa8ab7c0, 0x00000150fa8ab9c8]

GC Heap History (20 events):
Event: 7.310 GC heap before
{Heap before GC invocations=5 (full 0):
 garbage-first heap   total 78848K, used 59775K [0x0000000085800000, 0x0000000100000000)
  region size 1024K, 46 young (47104K), 8 survivors (8192K)
 Metaspace       used 23216K, committed 23488K, reserved 1114112K
  class space    used 3171K, committed 3264K, reserved 1048576K
}
Event: 7.315 GC heap after
{Heap after GC invocations=6 (full 0):
 garbage-first heap   total 78848K, used 24943K [0x0000000085800000, 0x0000000100000000)
  region size 1024K, 4 young (4096K), 4 survivors (4096K)
 Metaspace       used 23216K, committed 23488K, reserved 1114112K
  class space    used 3171K, committed 3264K, reserved 1048576K
}
Event: 7.610 GC heap before
{Heap before GC invocations=6 (full 0):
 garbage-first heap   total 78848K, used 53615K [0x0000000085800000, 0x0000000100000000)
  region size 1024K, 33 young (33792K), 4 survivors (4096K)
 Metaspace       used 25623K, committed 25984K, reserved 1114112K
  class space    used 3545K, committed 3712K, reserved 1048576K
}
Event: 7.613 GC heap after
{Heap after GC invocations=7 (full 0):
 garbage-first heap   total 78848K, used 27085K [0x0000000085800000, 0x0000000100000000)
  region size 1024K, 3 young (3072K), 3 survivors (3072K)
 Metaspace       used 25623K, committed 25984K, reserved 1114112K
  class space    used 3545K, committed 3712K, reserved 1048576K
}
Event: 7.922 GC heap before
{Heap before GC invocations=7 (full 0):
 garbage-first heap   total 78848K, used 55757K [0x0000000085800000, 0x0000000100000000)
  region size 1024K, 32 young (32768K), 3 survivors (3072K)
 Metaspace       used 28692K, committed 29056K, reserved 1114112K
  class space    used 4110K, committed 4288K, reserved 1048576K
}
Event: 7.925 GC heap after
{Heap after GC invocations=8 (full 0):
 garbage-first heap   total 95232K, used 28288K [0x0000000085800000, 0x0000000100000000)
  region size 1024K, 4 young (4096K), 4 survivors (4096K)
 Metaspace       used 28692K, committed 29056K, reserved 1114112K
  class space    used 4110K, committed 4288K, reserved 1048576K
}
Event: 8.489 GC heap before
{Heap before GC invocations=8 (full 0):
 garbage-first heap   total 95232K, used 71296K [0x0000000085800000, 0x0000000100000000)
  region size 1024K, 46 young (47104K), 4 survivors (4096K)
 Metaspace       used 34804K, committed 35328K, reserved 1114112K
  class space    used 4993K, committed 5248K, reserved 1048576K
}
Event: 8.494 GC heap after
{Heap after GC invocations=9 (full 0):
 garbage-first heap   total 95232K, used 31666K [0x0000000085800000, 0x0000000100000000)
  region size 1024K, 5 young (5120K), 5 survivors (5120K)
 Metaspace       used 34804K, committed 35328K, reserved 1114112K
  class space    used 4993K, committed 5248K, reserved 1048576K
}
Event: 8.612 GC heap before
{Heap before GC invocations=9 (full 0):
 garbage-first heap   total 95232K, used 40882K [0x0000000085800000, 0x0000000100000000)
  region size 1024K, 15 young (15360K), 5 survivors (5120K)
 Metaspace       used 35535K, committed 35968K, reserved 1114112K
  class space    used 5086K, committed 5312K, reserved 1048576K
}
Event: 8.616 GC heap after
{Heap after GC invocations=10 (full 0):
 garbage-first heap   total 95232K, used 32348K [0x0000000085800000, 0x0000000100000000)
  region size 1024K, 1 young (1024K), 1 survivors (1024K)
 Metaspace       used 35535K, committed 35968K, reserved 1114112K
  class space    used 5086K, committed 5312K, reserved 1048576K
}
Event: 8.961 GC heap before
{Heap before GC invocations=11 (full 0):
 garbage-first heap   total 95232K, used 78428K [0x0000000085800000, 0x0000000100000000)
  region size 1024K, 41 young (41984K), 1 survivors (1024K)
 Metaspace       used 38366K, committed 38784K, reserved 1114112K
  class space    used 5425K, committed 5632K, reserved 1048576K
}
Event: 8.964 GC heap after
{Heap after GC invocations=12 (full 0):
 garbage-first heap   total 95232K, used 35874K [0x0000000085800000, 0x0000000100000000)
  region size 1024K, 6 young (6144K), 6 survivors (6144K)
 Metaspace       used 38366K, committed 38784K, reserved 1114112K
  class space    used 5425K, committed 5632K, reserved 1048576K
}
Event: 9.315 GC heap before
{Heap before GC invocations=12 (full 0):
 garbage-first heap   total 95232K, used 71714K [0x0000000085800000, 0x0000000100000000)
  region size 1024K, 41 young (41984K), 6 survivors (6144K)
 Metaspace       used 41133K, committed 41600K, reserved 1114112K
  class space    used 5862K, committed 6080K, reserved 1048576K
}
Event: 9.320 GC heap after
{Heap after GC invocations=13 (full 0):
 garbage-first heap   total 95232K, used 38996K [0x0000000085800000, 0x0000000100000000)
  region size 1024K, 4 young (4096K), 4 survivors (4096K)
 Metaspace       used 41133K, committed 41600K, reserved 1114112K
  class space    used 5862K, committed 6080K, reserved 1048576K
}
Event: 9.718 GC heap before
{Heap before GC invocations=13 (full 0):
 garbage-first heap   total 95232K, used 72788K [0x0000000085800000, 0x0000000100000000)
  region size 1024K, 37 young (37888K), 4 survivors (4096K)
 Metaspace       used 46919K, committed 47424K, reserved 1114112K
  class space    used 6779K, committed 7040K, reserved 1048576K
}
Event: 9.722 GC heap after
{Heap after GC invocations=14 (full 0):
 garbage-first heap   total 95232K, used 40443K [0x0000000085800000, 0x0000000100000000)
  region size 1024K, 2 young (2048K), 2 survivors (2048K)
 Metaspace       used 46919K, committed 47424K, reserved 1114112K
  class space    used 6779K, committed 7040K, reserved 1048576K
}
Event: 11.663 GC heap before
{Heap before GC invocations=14 (full 0):
 garbage-first heap   total 95232K, used 74235K [0x0000000085800000, 0x0000000100000000)
  region size 1024K, 35 young (35840K), 2 survivors (2048K)
 Metaspace       used 56516K, committed 57024K, reserved 1114112K
  class space    used 8065K, committed 8320K, reserved 1048576K
}
Event: 11.667 GC heap after
{Heap after GC invocations=15 (full 0):
 garbage-first heap   total 95232K, used 42636K [0x0000000085800000, 0x0000000100000000)
  region size 1024K, 4 young (4096K), 4 survivors (4096K)
 Metaspace       used 56516K, committed 57024K, reserved 1114112K
  class space    used 8065K, committed 8320K, reserved 1048576K
}
Event: 11.942 GC heap before
{Heap before GC invocations=15 (full 0):
 garbage-first heap   total 95232K, used 60044K [0x0000000085800000, 0x0000000100000000)
  region size 1024K, 23 young (23552K), 4 survivors (4096K)
 Metaspace       used 59693K, committed 60288K, reserved 1114112K
  class space    used 8468K, committed 8768K, reserved 1048576K
}
Event: 11.945 GC heap after
{Heap after GC invocations=16 (full 0):
 garbage-first heap   total 95232K, used 44137K [0x0000000085800000, 0x0000000100000000)
  region size 1024K, 4 young (4096K), 4 survivors (4096K)
 Metaspace       used 59693K, committed 60288K, reserved 1114112K
  class space    used 8468K, committed 8768K, reserved 1048576K
}

Deoptimization events (10 events):
Event: 1.838 Thread 0x00000150cbb80a50 DEOPT PACKING pc=0x00000150fa6cec1c sp=0x00000034dbafd510
Event: 1.838 Thread 0x00000150cbb80a50 DEOPT UNPACKING pc=0x00000150fa2d66e3 sp=0x00000034dbafc9d8 mode 0
Event: 8.148 Thread 0x00000150cbb80a50 DEOPT PACKING pc=0x00000150faa22e6c sp=0x00000034dbafb540
Event: 8.148 Thread 0x00000150cbb80a50 DEOPT UNPACKING pc=0x00000150fa2d66e3 sp=0x00000034dbafaa00 mode 0
Event: 8.331 Thread 0x00000150cbb80a50 DEOPT PACKING pc=0x00000150fabb7e39 sp=0x00000034dbafd310
Event: 8.331 Thread 0x00000150cbb80a50 DEOPT UNPACKING pc=0x00000150fa2d66e3 sp=0x00000034dbafc8b8 mode 0
Event: 10.245 Thread 0x00000150cbb80a50 DEOPT PACKING pc=0x00000150fa849b01 sp=0x00000034dbafd010
Event: 10.245 Thread 0x00000150cbb80a50 DEOPT UNPACKING pc=0x00000150fa2d66e3 sp=0x00000034dbafc4a0 mode 3
Event: 10.245 Thread 0x00000150cc5e4910 DEOPT PACKING pc=0x00000150fa845797 sp=0x00000034dc4fec60
Event: 10.245 Thread 0x00000150cc5e4910 DEOPT UNPACKING pc=0x00000150fa2d66e3 sp=0x00000034dc4fe0b8 mode 3

Classes unloaded (0 events):
No events

Classes redefined (0 events):
No events

Internal exceptions (20 events):
Event: 10.416 Thread 0x00000150cbb80a50 Exception <a 'java/lang/NoSuchMethodError'{0x0000000089f59378}: 'java.lang.Object java.lang.invoke.DirectMethodHandle$Holder.invokeSpecial(java.lang.Object, java.lang.Object, long, java.lang.Object, java.lang.Object, java.lang.Object, java.lang.Object, java.lang.Object, java.lang.Object, java.lang.Object)'> (0x0000000089f59378) 
thrown [s\open\src\hotspot\share\interpreter\linkResolver.cpp, line 759]
Event: 10.416 Thread 0x00000150cbb80a50 Exception <a 'java/lang/NoSuchMethodError'{0x0000000089f5e130}: 'java.lang.Object java.lang.invoke.DelegatingMethodHandle$Holder.reinvoke_L(java.lang.Object, long, java.lang.Object, java.lang.Object, java.lang.Object, java.lang.Object, java.lang.Object, java.lang.Object, java.lang.Object)'> (0x0000000089f5e130) 
thrown [s\open\src\hotspot\share\interpreter\linkResolver.cpp, line 759]
Event: 10.417 Thread 0x00000150cbb80a50 Exception <a 'java/lang/NoSuchMethodError'{0x0000000089f754a8}: 'java.lang.Object java.lang.invoke.Invokers$Holder.linkToTargetMethod(java.lang.Object, java.lang.Object, java.lang.Object, java.lang.Object, java.lang.Object, java.lang.Object, java.lang.Object, java.lang.Object)'> (0x0000000089f754a8) 
thrown [s\open\src\hotspot\share\interpreter\linkResolver.cpp, line 759]
Event: 11.884 Thread 0x00000150cbb80a50 Exception <a 'java/lang/IncompatibleClassChangeError'{0x000000008a76fea8}: Found class java.lang.Object, but interface was expected> (0x000000008a76fea8) 
thrown [s\open\src\hotspot\share\interpreter\linkResolver.cpp, line 826]
Event: 11.900 Thread 0x00000150cbb80a50 Exception <a 'java/lang/NoSuchMethodError'{0x000000008a6a1c68}: 'java.lang.Object java.lang.invoke.DirectMethodHandle$Holder.invokeStaticInit(java.lang.Object, java.lang.Object, int, java.lang.Object)'> (0x000000008a6a1c68) 
thrown [s\open\src\hotspot\share\interpreter\linkResolver.cpp, line 759]
Event: 15.393 Thread 0x00000150cbb80a50 Exception <a 'java/lang/NoSuchMethodError'{0x0000000089acd300}: 'void java.lang.invoke.DirectMethodHandle$Holder.invokeInterface(java.lang.Object, java.lang.Object, int, java.lang.Object)'> (0x0000000089acd300) 
thrown [s\open\src\hotspot\share\interpreter\linkResolver.cpp, line 759]
Event: 15.395 Thread 0x00000150cbb80a50 Exception <a 'java/lang/NoSuchMethodError'{0x0000000089906278}: 'java.lang.Object java.lang.invoke.DirectMethodHandle$Holder.newInvokeSpecial(java.lang.Object, java.lang.Object, int, java.lang.Object)'> (0x0000000089906278) 
thrown [s\open\src\hotspot\share\interpreter\linkResolver.cpp, line 759]
Event: 15.395 Thread 0x00000150cbb80a50 Exception <a 'java/lang/NoSuchMethodError'{0x0000000089909e40}: 'java.lang.Object java.lang.invoke.Invokers$Holder.linkToTargetMethod(java.lang.Object, int, java.lang.Object, java.lang.Object)'> (0x0000000089909e40) 
thrown [s\open\src\hotspot\share\interpreter\linkResolver.cpp, line 759]
Event: 15.406 Thread 0x00000150cbb80a50 Exception <a 'java/lang/NoSuchMethodError'{0x00000000899b8900}: 'void java.lang.invoke.DirectMethodHandle$Holder.invokeSpecial(java.lang.Object, java.lang.Object, java.lang.Object, java.lang.Object, java.lang.Object, java.lang.Object, java.lang.Object, java.lang.Object)'> (0x00000000899b8900) 
thrown [s\open\src\hotspot\share\interpreter\linkResolver.cpp, line 759]
Event: 15.410 Thread 0x00000150cbb80a50 Exception <a 'java/lang/NoSuchMethodError'{0x0000000089803168}: 'void java.lang.invoke.DirectMethodHandle$Holder.invokeSpecial(java.lang.Object, java.lang.Object, int, java.lang.Object)'> (0x0000000089803168) 
thrown [s\open\src\hotspot\share\interpreter\linkResolver.cpp, line 759]
Event: 15.410 Thread 0x00000150cbb80a50 Exception <a 'java/lang/IncompatibleClassChangeError'{0x000000008980a1e8}: Found class java.lang.Object, but interface was expected> (0x000000008980a1e8) 
thrown [s\open\src\hotspot\share\interpreter\linkResolver.cpp, line 826]
Event: 16.448 Thread 0x00000150cbb80a50 Exception <a 'java/lang/NoSuchMethodError'{0x00000000897a1948}: 'int java.lang.invoke.DirectMethodHandle$Holder.invokeStatic(java.lang.Object, int, java.lang.Object)'> (0x00000000897a1948) 
thrown [s\open\src\hotspot\share\interpreter\linkResolver.cpp, line 759]
Event: 16.449 Thread 0x00000150cbb80a50 Exception <a 'java/lang/NoSuchMethodError'{0x00000000897c5a40}: 'java.lang.Object java.lang.invoke.DirectMethodHandle$Holder.newInvokeSpecial(java.lang.Object, java.lang.Object, java.lang.Object, java.lang.Object, java.lang.Object, int, java.lang.Object)'> (0x00000000897c5a40) 
thrown [s\open\src\hotspot\share\interpreter\linkResolver.cpp, line 759]
Event: 16.453 Thread 0x00000150cbb80a50 Exception <a 'java/lang/NoSuchMethodError'{0x000000008960e230}: 'java.lang.Object java.lang.invoke.DirectMethodHandle$Holder.newInvokeSpecial(java.lang.Object, java.lang.Object, java.lang.Object, java.lang.Object, java.lang.Object, java.lang.Object, java.lang.Object, java.lang.Object, java.lang.Object, java.lang.Object, java.lang.Object, java.lang.Object)'> (0x000000008960e230) 
thrown [s\open\src\hotspot\share\interpreter\linkResolver.cpp, line 759]
Event: 16.453 Thread 0x00000150cbb80a50 Exception <a 'java/lang/NoSuchMethodError'{0x0000000089612cc8}: 'java.lang.Object java.lang.invoke.DirectMethodHandle$Holder.invokeSpecial(java.lang.Object, java.lang.Object, java.lang.Object, java.lang.Object, java.lang.Object, java.lang.Object, java.lang.Object, java.lang.Object, java.lang.Object, java.lang.Object, java.lang.Object, java.lang.Object, java.lang.Object)'> (0x0000000089612cc8) 
thrown [s\open\src\hotspot\share\interpreter\linkResolver.cpp, line 759]
Event: 16.453 Thread 0x00000150cbb80a50 Exception <a 'java/lang/NoSuchMethodError'{0x00000000896173e0}: 'java.lang.Object java.lang.invoke.Invokers$Holder.linkToTargetMethod(java.lang.Object, java.lang.Object, java.lang.Object, java.lang.Object, java.lang.Object, java.lang.Object, java.lang.Object, java.lang.Object, java.lang.Object, java.lang.Object, java.lang.Object, java.lang.Object)'> (0x00000000896173e0) 
thrown [s\open\src\hotspot\share\interpreter\linkResolver.cpp, line 759]
Event: 16.480 Thread 0x00000150cbb80a50 Exception <a 'java/lang/IncompatibleClassChangeError'{0x00000000895ff878}: Found class java.lang.Object, but interface was expected> (0x00000000895ff878) 
thrown [s\open\src\hotspot\share\interpreter\linkResolver.cpp, line 826]
Event: 17.507 Thread 0x00000150cbb80a50 Exception <a 'java/lang/NoSuchMethodError'{0x00000000894a3e38}: 'java.lang.Object java.lang.invoke.DirectMethodHandle$Holder.newInvokeSpecial(java.lang.Object, java.lang.Object, java.lang.Object, java.lang.Object, java.lang.Object, java.lang.Object, java.lang.Object, int)'> (0x00000000894a3e38) 
thrown [s\open\src\hotspot\share\interpreter\linkResolver.cpp, line 759]
Event: 17.507 Thread 0x00000150cbb80a50 Exception <a 'java/lang/NoSuchMethodError'{0x00000000894a8e30}: 'java.lang.Object java.lang.invoke.DirectMethodHandle$Holder.invokeSpecial(java.lang.Object, java.lang.Object, java.lang.Object, java.lang.Object, java.lang.Object, java.lang.Object, java.lang.Object, java.lang.Object, int)'> (0x00000000894a8e30) 
thrown [s\open\src\hotspot\share\interpreter\linkResolver.cpp, line 759]
Event: 17.508 Thread 0x00000150cbb80a50 Exception <a 'java/lang/NoSuchMethodError'{0x00000000894ad8f8}: 'java.lang.Object java.lang.invoke.Invokers$Holder.linkToTargetMethod(java.lang.Object, java.lang.Object, java.lang.Object, java.lang.Object, java.lang.Object, java.lang.Object, int, java.lang.Object)'> (0x00000000894ad8f8) 
thrown [s\open\src\hotspot\share\interpreter\linkResolver.cpp, line 759]

VM Operations (20 events):
Event: 11.971 Executing VM operation: G1Concurrent
Event: 11.985 Executing VM operation: G1Concurrent done
Event: 11.985 Executing VM operation: CollectForMetadataAllocation
Event: 11.985 Executing VM operation: CollectForMetadataAllocation done
Event: 11.996 Executing VM operation: G1Concurrent
Event: 11.996 Executing VM operation: G1Concurrent done
Event: 13.001 Executing VM operation: Cleanup
Event: 13.049 Executing VM operation: Cleanup done
Event: 13.147 Executing VM operation: HandshakeAllThreads
Event: 13.147 Executing VM operation: HandshakeAllThreads done
Event: 13.173 Executing VM operation: HandshakeAllThreads
Event: 13.173 Executing VM operation: HandshakeAllThreads done
Event: 13.283 Executing VM operation: HandshakeAllThreads
Event: 13.283 Executing VM operation: HandshakeAllThreads done
Event: 14.288 Executing VM operation: Cleanup
Event: 14.336 Executing VM operation: Cleanup done
Event: 16.338 Executing VM operation: Cleanup
Event: 16.419 Executing VM operation: Cleanup done
Event: 17.425 Executing VM operation: Cleanup
Event: 17.505 Executing VM operation: Cleanup done

Events (20 events):
Event: 10.422 loading class jdk/internal/reflect/UnsafeQualifiedStaticIntegerFieldAccessorImpl
Event: 10.422 loading class jdk/internal/reflect/UnsafeQualifiedStaticIntegerFieldAccessorImpl done
Event: 10.957 Thread 0x00000150cc789870 Thread exited: 0x00000150cc789870
Event: 11.570 Thread 0x00000150cb03f960 Thread exited: 0x00000150cb03f960
Event: 11.622 loading class jdk/internal/ValueBased
Event: 11.622 loading class jdk/internal/ValueBased done
Event: 11.783 loading class javax/naming/RefAddr
Event: 11.783 loading class javax/naming/RefAddr done
Event: 11.783 loading class javax/naming/StringRefAddr
Event: 11.783 loading class javax/naming/StringRefAddr done
Event: 11.827 loading class java/util/concurrent/CompletableFuture$AltResult
Event: 11.827 loading class java/util/concurrent/CompletableFuture$AltResult done
Event: 11.828 loading class java/util/concurrent/CompletableFuture$Completion
Event: 11.828 loading class java/util/concurrent/CompletableFuture$AsynchronousCompletionTask
Event: 11.828 loading class java/util/concurrent/CompletableFuture$AsynchronousCompletionTask done
Event: 11.828 loading class java/util/concurrent/CompletableFuture$Completion done
Event: 11.877 loading class java/util/concurrent/CancellationException
Event: 11.877 loading class java/util/concurrent/CancellationException done
Event: 13.250 loading class java/lang/reflect/AnnotatedArrayType
Event: 13.250 loading class java/lang/reflect/AnnotatedArrayType done


Dynamic libraries:
0x00007ff79a220000 - 0x00007ff79a230000 	C:\Program Files\Java\jdk-17\bin\java.exe
0x00007ffc4dce0000 - 0x00007ffc4df48000 	C:\WINDOWS\SYSTEM32\ntdll.dll
0x00007ffc4ce80000 - 0x00007ffc4cf49000 	C:\WINDOWS\System32\KERNEL32.DLL
0x00007ffc4b480000 - 0x00007ffc4b871000 	C:\WINDOWS\System32\KERNELBASE.dll
0x00007ffc4b880000 - 0x00007ffc4b9cb000 	C:\WINDOWS\System32\ucrtbase.dll
0x00007ffc47940000 - 0x00007ffc4795b000 	C:\Program Files\Java\jdk-17\bin\VCRUNTIME140.dll
0x00007ffc3a860000 - 0x00007ffc3a879000 	C:\Program Files\Java\jdk-17\bin\jli.dll
0x00007ffc4c2c0000 - 0x00007ffc4c374000 	C:\WINDOWS\System32\ADVAPI32.dll
0x00007ffc4d1b0000 - 0x00007ffc4d259000 	C:\WINDOWS\System32\msvcrt.dll
0x00007ffc4c730000 - 0x00007ffc4c7d6000 	C:\WINDOWS\System32\sechost.dll
0x00007ffc4c7e0000 - 0x00007ffc4c8f8000 	C:\WINDOWS\System32\RPCRT4.dll
0x00007ffc4cfd0000 - 0x00007ffc4d196000 	C:\WINDOWS\System32\USER32.dll
0x00007ffc292f0000 - 0x00007ffc29583000 	C:\WINDOWS\WinSxS\amd64_microsoft.windows.common-controls_6595b64144ccf1df_6.0.26100.7824_none_3e0870b2e3345462\COMCTL32.dll
0x00007ffc4aa20000 - 0x00007ffc4aa47000 	C:\WINDOWS\System32\win32u.dll
0x00007ffc4c290000 - 0x00007ffc4c2bb000 	C:\WINDOWS\System32\GDI32.dll
0x00007ffc4aa50000 - 0x00007ffc4ab7b000 	C:\WINDOWS\System32\gdi32full.dll
0x00007ffc4b9d0000 - 0x00007ffc4ba73000 	C:\WINDOWS\System32\msvcp_win.dll
0x00007ffc3b280000 - 0x00007ffc3b28b000 	C:\WINDOWS\SYSTEM32\VERSION.dll
0x00007ffc4d2f0000 - 0x00007ffc4d321000 	C:\WINDOWS\System32\IMM32.DLL
0x00007ffc47920000 - 0x00007ffc4792c000 	C:\Program Files\Java\jdk-17\bin\vcruntime140_1.dll
0x00007ffc21be0000 - 0x00007ffc21c6e000 	C:\Program Files\Java\jdk-17\bin\msvcp140.dll
0x00007ffbfdcf0000 - 0x00007ffbfe8cf000 	C:\Program Files\Java\jdk-17\bin\server\jvm.dll
0x00007ffc4d2e0000 - 0x00007ffc4d2e8000 	C:\WINDOWS\System32\PSAPI.DLL
0x00007ffc3abc0000 - 0x00007ffc3abca000 	C:\WINDOWS\SYSTEM32\WSOCK32.dll
0x00007ffc408f0000 - 0x00007ffc40925000 	C:\WINDOWS\SYSTEM32\WINMM.dll
0x00007ffc4ce00000 - 0x00007ffc4ce74000 	C:\WINDOWS\System32\ws2_32.DLL
0x00007ffc49360000 - 0x00007ffc4937b000 	C:\WINDOWS\SYSTEM32\kernel.appcore.dll
0x00007ffc478c0000 - 0x00007ffc478ca000 	C:\Program Files\Java\jdk-17\bin\jimage.dll
0x00007ffc48600000 - 0x00007ffc48842000 	C:\WINDOWS\SYSTEM32\DBGHELP.DLL
0x00007ffc4c900000 - 0x00007ffc4cc86000 	C:\WINDOWS\System32\combase.dll
0x00007ffc4cc90000 - 0x00007ffc4cd67000 	C:\WINDOWS\System32\OLEAUT32.dll
0x00007ffc2e790000 - 0x00007ffc2e7cb000 	C:\WINDOWS\SYSTEM32\dbgcore.DLL
0x00007ffc4a7f0000 - 0x00007ffc4a895000 	C:\WINDOWS\System32\bcryptPrimitives.dll
0x00007ffc3a200000 - 0x00007ffc3a225000 	C:\Program Files\Java\jdk-17\bin\java.dll
0x00007ffc1d9f0000 - 0x00007ffc1dac7000 	C:\Program Files\Java\jdk-17\bin\jsvml.dll
0x00007ffc4bb30000 - 0x00007ffc4c282000 	C:\WINDOWS\System32\SHELL32.dll
0x00007ffc4a5c0000 - 0x00007ffc4a72a000 	C:\WINDOWS\System32\wintypes.dll
0x00007ffc4ab80000 - 0x00007ffc4b3e3000 	C:\WINDOWS\System32\windows.storage.dll
0x00007ffc4db30000 - 0x00007ffc4dc26000 	C:\WINDOWS\System32\SHCORE.dll
0x00007ffc4dc30000 - 0x00007ffc4dc97000 	C:\WINDOWS\System32\shlwapi.dll
0x00007ffc4a4e0000 - 0x00007ffc4a509000 	C:\WINDOWS\SYSTEM32\profapi.dll
0x00007ffc376e0000 - 0x00007ffc376f9000 	C:\Program Files\Java\jdk-17\bin\net.dll
0x00007ffc40730000 - 0x00007ffc40857000 	C:\WINDOWS\SYSTEM32\WINHTTP.dll
0x00007ffc498d0000 - 0x00007ffc4993b000 	C:\WINDOWS\system32\mswsock.dll
0x00007ffc35080000 - 0x00007ffc35096000 	C:\Program Files\Java\jdk-17\bin\nio.dll
0x00007ffc34f30000 - 0x00007ffc34f48000 	C:\Program Files\Java\jdk-17\bin\zip.dll
0x00007ffc430d0000 - 0x00007ffc430da000 	C:\Program Files\Java\jdk-17\bin\management.dll
0x00007ffc3a2a0000 - 0x00007ffc3a2ab000 	C:\Program Files\Java\jdk-17\bin\management_ext.dll
0x00007ffc48e20000 - 0x00007ffc48f4c000 	C:\WINDOWS\SYSTEM32\DNSAPI.dll
0x00007ffc48d80000 - 0x00007ffc48db4000 	C:\WINDOWS\SYSTEM32\IPHLPAPI.DLL
0x00007ffc4bb00000 - 0x00007ffc4bb0a000 	C:\WINDOWS\System32\NSI.dll
0x00007ffc401e0000 - 0x00007ffc401eb000 	C:\Windows\System32\rasadhlp.dll
0x00007ffc42eb0000 - 0x00007ffc42f36000 	C:\WINDOWS\System32\fwpuclnt.dll
0x00007ffc42890000 - 0x00007ffc428ae000 	C:\WINDOWS\SYSTEM32\dhcpcsvc6.DLL
0x00007ffc42860000 - 0x00007ffc42883000 	C:\WINDOWS\SYSTEM32\dhcpcsvc.DLL
0x00007ffc36f00000 - 0x00007ffc36f0e000 	C:\Program Files\Java\jdk-17\bin\sunmscapi.dll
0x00007ffc4a8a0000 - 0x00007ffc4aa17000 	C:\WINDOWS\System32\CRYPT32.dll
0x00007ffc49dc0000 - 0x00007ffc49df0000 	C:\WINDOWS\SYSTEM32\ncrypt.dll
0x00007ffc49d70000 - 0x00007ffc49daf000 	C:\WINDOWS\SYSTEM32\NTASN1.dll
0x00007ffc49ba0000 - 0x00007ffc49bbb000 	C:\WINDOWS\SYSTEM32\CRYPTSP.dll
0x00007ffc492c0000 - 0x00007ffc492f9000 	C:\WINDOWS\system32\rsaenh.dll
0x00007ffc49980000 - 0x00007ffc499ab000 	C:\WINDOWS\SYSTEM32\USERENV.dll
0x00007ffc4a4b0000 - 0x00007ffc4a4da000 	C:\WINDOWS\SYSTEM32\bcrypt.dll
0x00007ffc49bc0000 - 0x00007ffc49bcc000 	C:\WINDOWS\SYSTEM32\CRYPTBASE.dll
0x00007ffc45910000 - 0x00007ffc45920000 	C:\Program Files\Java\jdk-17\bin\verify.dll

dbghelp: loaded successfully - version: 4.0.5 - missing functions: none
symbol engine: initialized successfully - sym options: 0x614 - pdb path: .;C:\Program Files\Java\jdk-17\bin;C:\WINDOWS\SYSTEM32;C:\WINDOWS\WinSxS\amd64_microsoft.windows.common-controls_6595b64144ccf1df_6.0.26100.7824_none_3e0870b2e3345462;C:\Program Files\Java\jdk-17\bin\server

VM Arguments:
jvm_args: -XX:TieredStopAtLevel=1 
java_command: com.account_service.AccountServiceApplication
java_class_path (initial): U:\Desktop\09_Projects\04_Java_Microservices\03_Banking_as_a_Service\codebase\Banking_As_A_Service\account_service\target\classes;C:\Users\mohas\.m2\repository\org\springframework\cloud\spring-cloud-starter-config\4.2.1\spring-cloud-starter-config-4.2.1.jar;C:\Users\mohas\.m2\repository\org\springframework\cloud\spring-cloud-starter\4.2.1\spring-cloud-starter-4.2.1.jar;C:\Users\mohas\.m2\repository\org\springframework\cloud\spring-cloud-context\4.2.1\spring-cloud-context-4.2.1.jar;C:\Users\mohas\.m2\repository\org\springframework\security\spring-security-crypto\6.4.5\spring-security-crypto-6.4.5.jar;C:\Users\mohas\.m2\repository\org\springframework\cloud\spring-cloud-commons\4.2.1\spring-cloud-commons-4.2.1.jar;C:\Users\mohas\.m2\repository\org\bouncycastle\bcprov-jdk18on\1.78.1\bcprov-jdk18on-1.78.1.jar;C:\Users\mohas\.m2\repository\org\springframework\cloud\spring-cloud-config-client\4.2.1\spring-cloud-config-client-4.2.1.jar;C:\Users\mohas\.m2\repository\com\fasterxml\jackson\core\jackson-annotations\2.18.3\jackson-annotations-2.18.3.jar;C:\Users\mohas\.m2\repository\org\apache\httpcomponents\client5\httpclient5\5.4.3\httpclient5-5.4.3.jar;C:\Users\mohas\.m2\repository\org\apache\httpcomponents\core5\httpcore5\5.3.4\httpcore5-5.3.4.jar;C:\Users\mohas\.m2\repository\org\apache\httpcomponents\core5\httpcore5-h2\5.3.4\httpcore5-h2-5.3.4.jar;C:\Users\mohas\.m2\repository\com\fasterxml\jackson\core\jackson-databind\2.18.3\jackson-databind-2.18.3.jar;C:\Users\mohas\.m2\repository\com\fasterxml\jackson\core\jackson-core\2.18.3\jackson-core-2.18.3.jar;C:\Users\mohas\.m2\repository\com\zaxxer\HikariCP\5.1.0\HikariCP-5.1.0.jar;C:\Users\mohas\.m2\repository\org\springframework\spring-jdbc\6.2.6\spring-jdbc-6.2.6.jar;C:\Users\mohas\.m2\repository\org\hibernate\orm\hibernate-core\6.6.13.Final\hibernate-core-6.6.13.Final.jar;C:\Users\mohas\.m2\repository\jakarta\persistence\jakarta.persistence-api\3.1.0\jakarta.persistence-api-3.1.0.jar;C:\Users\mo
Launcher Type: SUN_STANDARD

[Global flags]
     intx CICompilerCount                          = 4                                         {product} {ergonomic}
     uint ConcGCThreads                            = 2                                         {product} {ergonomic}
     uint G1ConcRefinementThreads                  = 8                                         {product} {ergonomic}
   size_t G1HeapRegionSize                         = 1048576                                   {product} {ergonomic}
    uintx GCDrainStackTargetSize                   = 64                                        {product} {ergonomic}
   size_t InitialHeapSize                          = 130023424                                 {product} {ergonomic}
   size_t MarkStackSize                            = 4194304                                   {product} {ergonomic}
   size_t MaxHeapSize                              = 2055208960                                {product} {ergonomic}
   size_t MaxNewSize                               = 1233125376                                {product} {ergonomic}
   size_t MinHeapDeltaBytes                        = 1048576                                   {product} {ergonomic}
   size_t MinHeapSize                              = 8388608                                   {product} {ergonomic}
    uintx NonProfiledCodeHeapSize                  = 0                                      {pd product} {ergonomic}
     bool ProfileInterpreter                       = false                                  {pd product} {command line}
    uintx ProfiledCodeHeapSize                     = 0                                      {pd product} {ergonomic}
   size_t SoftMaxHeapSize                          = 2055208960                             {manageable} {ergonomic}
     intx TieredStopAtLevel                        = 1                                         {product} {command line}
     bool UseCompressedClassPointers               = true                           {product lp64_product} {ergonomic}
     bool UseCompressedOops                        = true                           {product lp64_product} {ergonomic}
     bool UseG1GC                                  = true                                      {product} {ergonomic}
     bool UseLargePagesIndividualAllocation        = false                                  {pd product} {ergonomic}

Logging:
Log output configuration:
 #0: stdout all=warning uptime,level,tags
 #1: stderr all=off uptime,level,tags

Environment Variables:
PATH=C:\Users\mohas\bin;C:\Program Files\Git\mingw64\bin;C:\Program Files\Git\usr\local\bin;C:\Program Files\Git\usr\bin;C:\Program Files\Git\usr\bin;C:\Program Files\Git\mingw64\bin;C:\Program Files\Git\usr\bin;C:\Users\mohas\bin;C:\Python312\Scripts;C:\Python312;C:\Program Files\Java\jdk-17\bin;C:\WINDOWS\system32;C:\WINDOWS;C:\WINDOWS\System32\Wbem;C:\WINDOWS\System32\WindowsPowerShell\v1.0;C:\WINDOWS\System32\OpenSSH;C:\Program Files\nodejs;C:\Program Files\Git\cmd;C:\Program Files\MySQL\MySQL Server 8.0\bin;C:\MinGW\bin;C:\ProgramData\chocolatey\bin;C:\Program Files\Dart\bin;C:\Program Files\apache-maven-3.9.9\bin;C:\Program Files\JetBrains\IntelliJ IDEA Community Edition 2023.3.1\bin\idea64.exe;C:\Program Files\Docker\Docker\resources\bin;C:\Program Files\Amazon\AWSCLI\bin;C:\Program Files\MySQL\MySQL Shell 8.0\bin;C:\Users\mohas\AppData\Local\Microsoft\WindowsApps;C:\Program Files\JetBrains\IntelliJ IDEA Community Edition 2025.1.1.1\bin;C:\Users\mohas\AppData\Roaming\npm;C:\Users\mohas\AppData\Local\Programs\Microsoft VS Code\bin;C:\Program Files\heroku\bin;C:\Program Files\JetBrains\IntelliJ IDEA 2025.1.1.1\bin;C:\Program Files\Git\usr\bin\vendor_perl;C:\Program Files\Git\usr\bin\core_perl
USERNAME=Mohasin
SHELL=C:\Program Files\Git\usr\bin\bash.exe
DISPLAY=needs-to-be-defined
LC_CTYPE=en_US.UTF-8
OS=Windows_NT
PROCESSOR_IDENTIFIER=Intel64 Family 6 Model 140 Stepping 1, GenuineIntel



---------------  S Y S T E M  ---------------

OS:
 Windows 11 , 64 bit Build 26100 (10.0.26100.7705)
OS uptime: 11 days 23:04 hours
Hyper-V role detected

CPU: total 8 (initial active 8) (4 cores per cpu, 2 threads per core) family 6 model 140 stepping 1 microcode 0xb4, cx8, cmov, fxsr, ht, mmx, 3dnowpref, sse, sse2, sse3, ssse3, sse4.1, sse4.2, popcnt, lzcnt, tsc, tscinvbit, avx, avx2, aes, erms, clmul, bmi1, bmi2, adx, avx512f, avx512dq, avx512cd, avx512bw, avx512vl, sha, fma, vzeroupper, avx512_vpopcntdq, avx512_vpclmulqdq, avx512_vaes, avx512_vnni, clflush, clflushopt, clwb, avx512_vbmi2, avx512_vbmi, hv

Memory: 4k page, system-wide physical 7834M (534M free)
TotalPageFile size 22834M (AvailPageFile size 0M)
current process WorkingSet (physical memory assigned to process): 246M, peak: 246M
current process commit charge ("private bytes"): 285M, peak: 285M

vm_info: Java HotSpot(TM) 64-Bit Server VM (17.0.10+11-LTS-240) for windows-amd64 JRE (17.0.10+11-LTS-240), built on Dec 19 2023 21:47:25 by "mach5one" with MS VC++ 17.1 (VS2022)

END.
