#
# There is insufficient memory for the Java Runtime Environment to continue.
# Native memory allocation (mmap) failed to map 65536 bytes for Failed to commit metaspace.
# Possible reasons:
#   The system is out of physical RAM or swap space
#   The process is running with CompressedOops enabled, and the Java Heap may be blocking the growth of the native heap
# Possible solutions:
#   Reduce memory load on the system
#   Increase physical memory or swap space
#   Check if swap backing store is full
#   Decrease Java heap size (-Xmx/-Xms)
#   Decrease number of Java threads
#   Decrease Java thread stack sizes (-Xss)
#   Set larger code cache with -XX:ReservedCodeCacheSize=
#   JVM is running with Unscaled Compressed Oops mode in which the Java heap is
#     placed in the first 4GB address space. The Java Heap base address is the
#     maximum limit for the native heap growth. Please use -XX:HeapBaseMinAddress
#     to set the Java Heap base and to place the Java Heap above 4GB virtual address.
# This output file may be truncated or incomplete.
#
#  Out of Memory Error (virtualSpaceNode.cpp:110), pid=9996, tid=11556
#
# JRE version: Java(TM) SE Runtime Environment (17.0.10+11) (build 17.0.10+11-LTS-240)
# Java VM: Java HotSpot(TM) 64-Bit Server VM (17.0.10+11-LTS-240, mixed mode, emulated-client, sharing, tiered, compressed oops, compressed class ptrs, g1 gc, windows-amd64)
# No core dump will be written. Minidumps are not enabled by default on client versions of Windows
#

---------------  S U M M A R Y ------------

Command Line: -XX:TieredStopAtLevel=1 com.api_gateway.ApiGatewayApplication

Host: 11th Gen Intel(R) Core(TM) i5-1135G7 @ 2.40GHz, 8 cores, 7G,  Windows 11 , 64 bit Build 22621 (10.0.22621.5124)
Time: Wed Jul 23 14:19:05 2025 India Standard Time elapsed time: 8.463948 seconds (0d 0h 0m 8s)

---------------  T H R E A D  ---------------

Current thread (0x000001f54e9b26a0):  JavaThread "restartedMain" [_thread_in_vm, id=11556, stack(0x0000000101d00000,0x0000000101e00000)]

Stack: [0x0000000101d00000,0x0000000101e00000]
Native frames: (J=compiled Java code, j=interpreted, Vv=VM code, C=native code)
V  [jvm.dll+0x677a5a]
V  [jvm.dll+0x7d8b2d]
V  [jvm.dll+0x7da48e]
V  [jvm.dll+0x7daaf3]
V  [jvm.dll+0x2455ff]
V  [jvm.dll+0x7d483b]
V  [jvm.dll+0x61dc06]
V  [jvm.dll+0x1bfa87]
V  [jvm.dll+0x620570]
V  [jvm.dll+0x61e5c6]
V  [jvm.dll+0x23a0b1]
V  [jvm.dll+0x1e93a2]
V  [jvm.dll+0x1e98b5]
V  [jvm.dll+0x1ea1fb]
V  [jvm.dll+0x1dfa01]
V  [jvm.dll+0x53d58c]
V  [jvm.dll+0x753438]
V  [jvm.dll+0x753524]
V  [jvm.dll+0x40babf]
V  [jvm.dll+0x411a89]
C  [java.dll+0x17ec]

Java frames: (J=compiled Java code, j=interpreted, Vv=VM code)
J 973  java.lang.ClassLoader.defineClass1(Ljava/lang/ClassLoader;Ljava/lang/String;[BIILjava/security/ProtectionDomain;Ljava/lang/String;)Ljava/lang/Class; java.base@17.0.10 (0 bytes) @ 0x000001f5002856e3 [0x000001f500285620+0x00000000000000c3]
J 983 c1 java.lang.ClassLoader.defineClass(Ljava/lang/String;[BIILjava/security/ProtectionDomain;)Ljava/lang/Class; java.base@17.0.10 (43 bytes) @ 0x000001f5002891dc [0x000001f5002890e0+0x00000000000000fc]
J 889 c1 jdk.internal.loader.BuiltinClassLoader.defineClass(Ljava/lang/String;Ljdk/internal/loader/Resource;)Ljava/lang/Class; java.base@17.0.10 (121 bytes) @ 0x000001f5002671e4 [0x000001f500266d20+0x00000000000004c4]
J 888 c1 jdk.internal.loader.BuiltinClassLoader.findClassOnClassPathOrNull(Ljava/lang/String;)Ljava/lang/Class; java.base@17.0.10 (64 bytes) @ 0x000001f500266234 [0x000001f500265f80+0x00000000000002b4]
J 407 c1 jdk.internal.loader.BuiltinClassLoader.loadClassOrNull(Ljava/lang/String;Z)Ljava/lang/Class; java.base@17.0.10 (143 bytes) @ 0x000001f50019d95c [0x000001f50019d500+0x000000000000045c]
J 622 c1 jdk.internal.loader.ClassLoaders$AppClassLoader.loadClass(Ljava/lang/String;Z)Ljava/lang/Class; java.base@17.0.10 (40 bytes) @ 0x000001f5001f52c4 [0x000001f5001f5180+0x0000000000000144]
J 621 c1 java.lang.ClassLoader.loadClass(Ljava/lang/String;)Ljava/lang/Class; java.base@17.0.10 (7 bytes) @ 0x000001f5001f4e64 [0x000001f5001f4e20+0x0000000000000044]
v  ~StubRoutines::call_stub
j  com.google.gson.GsonBuilder.<init>()V+64
j  org.springframework.boot.autoconfigure.gson.GsonAutoConfiguration.gsonBuilder(Ljava/util/List;)Lcom/google/gson/GsonBuilder;+4
v  ~StubRoutines::call_stub
J 4374  jdk.internal.reflect.NativeMethodAccessorImpl.invoke0(Ljava/lang/reflect/Method;Ljava/lang/Object;[Ljava/lang/Object;)Ljava/lang/Object; java.base@17.0.10 (0 bytes) @ 0x000001f5008512a7 [0x000001f500851220+0x0000000000000087]
J 4373 c1 jdk.internal.reflect.NativeMethodAccessorImpl.invoke(Ljava/lang/Object;[Ljava/lang/Object;)Ljava/lang/Object; java.base@17.0.10 (137 bytes) @ 0x000001f500852814 [0x000001f500852500+0x0000000000000314]
J 4053 c1 jdk.internal.reflect.DelegatingMethodAccessorImpl.invoke(Ljava/lang/Object;[Ljava/lang/Object;)Ljava/lang/Object; java.base@17.0.10 (10 bytes) @ 0x000001f5007d9064 [0x000001f5007d9020+0x0000000000000044]
J 4087 c1 java.lang.reflect.Method.invoke(Ljava/lang/Object;[Ljava/lang/Object;)Ljava/lang/Object; java.base@17.0.10 (65 bytes) @ 0x000001f5007e5664 [0x000001f5007e5560+0x0000000000000104]
j  org.springframework.beans.factory.support.SimpleInstantiationStrategy.lambda$instantiate$0(Ljava/lang/reflect/Method;Ljava/lang/Object;[Ljava/lang/Object;Lorg/springframework/beans/factory/support/RootBeanDefinition;Lorg/springframework/beans/factory/BeanFactory;)Ljava/lang/Object;+7
j  org.springframework.beans.factory.support.SimpleInstantiationStrategy$$Lambda$569+0x000001f50a3cc200.get()Ljava/lang/Object;+20
j  org.springframework.beans.factory.support.SimpleInstantiationStrategy.instantiateWithFactoryMethod(Ljava/lang/reflect/Method;Ljava/util/function/Supplier;)Ljava/lang/Object;+18
j  org.springframework.beans.factory.support.SimpleInstantiationStrategy.instantiate(Lorg/springframework/beans/factory/support/RootBeanDefinition;Ljava/lang/String;Lorg/springframework/beans/factory/BeanFactory;Ljava/lang/Object;Ljava/lang/reflect/Method;[Ljava/lang/Object;)Ljava/lang/Object;+15
j  org.springframework.beans.factory.support.ConstructorResolver.instantiate(Ljava/lang/String;Lorg/springframework/beans/factory/support/RootBeanDefinition;Ljava/lang/Object;Ljava/lang/reflect/Method;[Ljava/lang/Object;)Ljava/lang/Object;+18
j  org.springframework.beans.factory.support.ConstructorResolver.instantiateUsingFactoryMethod(Ljava/lang/String;Lorg/springframework/beans/factory/support/RootBeanDefinition;[Ljava/lang/Object;)Lorg/springframework/beans/BeanWrapper;+1484
j  org.springframework.beans.factory.support.AbstractAutowireCapableBeanFactory.instantiateUsingFactoryMethod(Ljava/lang/String;Lorg/springframework/beans/factory/support/RootBeanDefinition;[Ljava/lang/Object;)Lorg/springframework/beans/BeanWrapper;+11
j  org.springframework.beans.factory.support.AbstractAutowireCapableBeanFactory.createBeanInstance(Ljava/lang/String;Lorg/springframework/beans/factory/support/RootBeanDefinition;[Ljava/lang/Object;)Lorg/springframework/beans/BeanWrapper;+93
j  org.springframework.beans.factory.support.AbstractAutowireCapableBeanFactory.doCreateBean(Ljava/lang/String;Lorg/springframework/beans/factory/support/RootBeanDefinition;[Ljava/lang/Object;)Ljava/lang/Object;+34
j  org.springframework.beans.factory.support.AbstractAutowireCapableBeanFactory.createBean(Ljava/lang/String;Lorg/springframework/beans/factory/support/RootBeanDefinition;[Ljava/lang/Object;)Ljava/lang/Object;+153
j  org.springframework.beans.factory.support.AbstractBeanFactory.lambda$doGetBean$0(Ljava/lang/String;Lorg/springframework/beans/factory/support/RootBeanDefinition;[Ljava/lang/Object;)Ljava/lang/Object;+4
j  org.springframework.beans.factory.support.AbstractBeanFactory$$Lambda$466+0x000001f50a2d7358.getObject()Ljava/lang/Object;+16
j  org.springframework.beans.factory.support.DefaultSingletonBeanRegistry.getSingleton(Ljava/lang/String;Lorg/springframework/beans/factory/ObjectFactory;)Ljava/lang/Object;+876
J 2932 c1 org.springframework.beans.factory.support.AbstractBeanFactory.doGetBean(Ljava/lang/String;Ljava/lang/Class;[Ljava/lang/Object;Z)Ljava/lang/Object; (787 bytes) @ 0x000001f50060cadc [0x000001f50060c500+0x00000000000005dc]
J 4442 c1 org.springframework.beans.factory.support.AbstractBeanFactory.getBean(Ljava/lang/String;)Ljava/lang/Object; (9 bytes) @ 0x000001f50086b26c [0x000001f50086b220+0x000000000000004c]
j  org.springframework.beans.factory.support.DefaultListableBeanFactory.instantiateSingleton(Ljava/lang/String;)V+51
j  org.springframework.beans.factory.support.DefaultListableBeanFactory.preInstantiateSingleton(Ljava/lang/String;Lorg/springframework/beans/factory/support/RootBeanDefinition;)Ljava/util/concurrent/CompletableFuture;+141
j  org.springframework.beans.factory.support.DefaultListableBeanFactory.preInstantiateSingletons()V+123
j  org.springframework.context.support.AbstractApplicationContext.finishBeanFactoryInitialization(Lorg/springframework/beans/factory/config/ConfigurableListableBeanFactory;)V+284
j  org.springframework.context.support.AbstractApplicationContext.refresh()V+94
j  org.springframework.boot.web.reactive.context.ReactiveWebServerApplicationContext.refresh()V+1
j  org.springframework.boot.SpringApplication.refresh(Lorg/springframework/context/ConfigurableApplicationContext;)V+1
j  org.springframework.boot.SpringApplication.refreshContext(Lorg/springframework/context/ConfigurableApplicationContext;)V+19
j  org.springframework.boot.SpringApplication.run([Ljava/lang/String;)Lorg/springframework/context/ConfigurableApplicationContext;+113
j  org.springframework.boot.SpringApplication.run([Ljava/lang/Class;[Ljava/lang/String;)Lorg/springframework/context/ConfigurableApplicationContext;+9
j  org.springframework.boot.SpringApplication.run(Ljava/lang/Class;[Ljava/lang/String;)Lorg/springframework/context/ConfigurableApplicationContext;+9
j  com.api_gateway.ApiGatewayApplication.main([Ljava/lang/String;)V+3
v  ~StubRoutines::call_stub
j  jdk.internal.reflect.NativeMethodAccessorImpl.invoke0(Ljava/lang/reflect/Method;Ljava/lang/Object;[Ljava/lang/Object;)Ljava/lang/Object;+0 java.base@17.0.10
j  jdk.internal.reflect.NativeMethodAccessorImpl.invoke(Ljava/lang/Object;[Ljava/lang/Object;)Ljava/lang/Object;+133 java.base@17.0.10
j  jdk.internal.reflect.DelegatingMethodAccessorImpl.invoke(Ljava/lang/Object;[Ljava/lang/Object;)Ljava/lang/Object;+6 java.base@17.0.10
j  java.lang.reflect.Method.invoke(Ljava/lang/Object;[Ljava/lang/Object;)Ljava/lang/Object;+59 java.base@17.0.10
j  org.springframework.boot.devtools.restart.RestartLauncher.run()V+47
v  ~StubRoutines::call_stub

---------------  P R O C E S S  ---------------

Threads class SMR info:
_java_thread_list=0x000001f54f5f66e0, length=16, elements={
0x000001f5766db720, 0x000001f57f6c7630, 0x000001f57f6c86a0, 0x000001f57f6dfd90,
0x000001f57f6e0660, 0x000001f57f6e0f30, 0x000001f57f6e3810, 0x000001f57f6e6940,
0x000001f57f6e91a0, 0x000001f54e0ca7a0, 0x000001f54e0d3340, 0x000001f54e97d430,
0x000001f54e9b26a0, 0x000001f54ea353c0, 0x000001f54ec1e710, 0x000001f54f5ea8e0
}

Java Threads: ( => current thread )
  0x000001f5766db720 JavaThread "main" [_thread_blocked, id=21440, stack(0x0000000100600000,0x0000000100700000)]
  0x000001f57f6c7630 JavaThread "Reference Handler" daemon [_thread_blocked, id=27628, stack(0x0000000100d00000,0x0000000100e00000)]
  0x000001f57f6c86a0 JavaThread "Finalizer" daemon [_thread_blocked, id=11736, stack(0x0000000100e00000,0x0000000100f00000)]
  0x000001f57f6dfd90 JavaThread "Signal Dispatcher" daemon [_thread_blocked, id=10124, stack(0x0000000100f00000,0x0000000101000000)]
  0x000001f57f6e0660 JavaThread "Attach Listener" daemon [_thread_blocked, id=16860, stack(0x0000000101000000,0x0000000101100000)]
  0x000001f57f6e0f30 JavaThread "Service Thread" daemon [_thread_blocked, id=18976, stack(0x0000000101100000,0x0000000101200000)]
  0x000001f57f6e3810 JavaThread "Monitor Deflation Thread" daemon [_thread_blocked, id=21264, stack(0x0000000101200000,0x0000000101300000)]
  0x000001f57f6e6940 JavaThread "C1 CompilerThread0" daemon [_thread_blocked, id=5844, stack(0x0000000101300000,0x0000000101400000)]
  0x000001f57f6e91a0 JavaThread "Sweeper thread" daemon [_thread_blocked, id=6552, stack(0x0000000101400000,0x0000000101500000)]
  0x000001f54e0ca7a0 JavaThread "Notification Thread" daemon [_thread_blocked, id=23048, stack(0x0000000101500000,0x0000000101600000)]
  0x000001f54e0d3340 JavaThread "Common-Cleaner" daemon [_thread_blocked, id=15108, stack(0x0000000101700000,0x0000000101800000)]
  0x000001f54e97d430 JavaThread "Thread-0" [_thread_blocked, id=21780, stack(0x0000000101c00000,0x0000000101d00000)]
=>0x000001f54e9b26a0 JavaThread "restartedMain" [_thread_in_vm, id=11556, stack(0x0000000101d00000,0x0000000101e00000)]
  0x000001f54ea353c0 JavaThread "C1 CompilerThread1" daemon [_thread_blocked, id=19632, stack(0x0000000102000000,0x0000000102100000)]
  0x000001f54ec1e710 JavaThread "boundedElastic-evictor-1" daemon [_thread_blocked, id=22960, stack(0x0000000102400000,0x0000000102500000)]
  0x000001f54f5ea8e0 JavaThread "spring.cloud.inetutils" daemon [_thread_blocked, id=22744, stack(0x0000000102500000,0x0000000102600000)]

Other Threads:
  0x000001f57f6c35e0 VMThread "VM Thread" [stack: 0x0000000100c00000,0x0000000100d00000] [id=25052] _threads_hazard_ptr=0x000001f54f5f66e0
  0x000001f54e0cec90 WatcherThread [stack: 0x0000000101600000,0x0000000101700000] [id=7948]
  0x000001f57673b990 GCTaskThread "GC Thread#0" [stack: 0x0000000100700000,0x0000000100800000] [id=25800]
  0x000001f54e6936b0 GCTaskThread "GC Thread#1" [stack: 0x0000000101800000,0x0000000101900000] [id=23612]
  0x000001f54e8677b0 GCTaskThread "GC Thread#2" [stack: 0x0000000101900000,0x0000000101a00000] [id=17412]
  0x000001f54e6487c0 GCTaskThread "GC Thread#3" [stack: 0x0000000101a00000,0x0000000101b00000] [id=12220]
  0x000001f54e853b20 GCTaskThread "GC Thread#4" [stack: 0x0000000101b00000,0x0000000101c00000] [id=420]
  0x000001f54ea11940 GCTaskThread "GC Thread#5" [stack: 0x0000000101e00000,0x0000000101f00000] [id=18952]
  0x000001f54ea35100 GCTaskThread "GC Thread#6" [stack: 0x0000000101f00000,0x0000000102000000] [id=20648]
  0x000001f54ebc0080 GCTaskThread "GC Thread#7" [stack: 0x0000000102100000,0x0000000102200000] [id=22592]
  0x000001f57674bcf0 ConcurrentGCThread "G1 Main Marker" [stack: 0x0000000100800000,0x0000000100900000] [id=3784]
  0x000001f57674c610 ConcurrentGCThread "G1 Conc#0" [stack: 0x0000000100900000,0x0000000100a00000] [id=17072]
  0x000001f54f066550 ConcurrentGCThread "G1 Conc#1" [stack: 0x0000000102300000,0x0000000102400000] [id=16416]
  0x000001f57678e7c0 ConcurrentGCThread "G1 Refine#0" [stack: 0x0000000100a00000,0x0000000100b00000] [id=15240]
  0x000001f57f57a260 ConcurrentGCThread "G1 Service" [stack: 0x0000000100b00000,0x0000000100c00000] [id=22256]

Threads with active compile tasks:

VM state: synchronizing (normal execution)

VM Mutex/Monitor currently owned by a thread:  ([mutex/lock_event])
[0x000001f5766d8920] Metaspace_lock - owner thread: 0x000001f54e9b26a0
[0x000001f5766d7f90] Threads_lock - owner thread: 0x000001f57f6c35e0
[0x000001f5766d7e70] Heap_lock - owner thread: 0x000001f57674bcf0

Heap address: 0x0000000085800000, size: 1960 MB, Compressed Oops mode: 32-bit

CDS archive(s) mapped at: [0x000001f509000000-0x000001f509bd0000-0x000001f509bd0000), size 12386304, SharedBaseAddress: 0x000001f509000000, ArchiveRelocationMode: 1.
Compressed class space mapped at: 0x000001f50a000000-0x000001f54a000000, reserved size: 1073741824
Narrow klass base: 0x000001f509000000, Narrow klass shift: 0, Narrow klass range: 0x100000000

GC Precious Log:
 CPUs: 8 total, 8 available
 Memory: 7834M
 Large Page Support: Disabled
 NUMA Support: Disabled
 Compressed Oops: Enabled (32-bit)
 Heap Region Size: 1M
 Heap Min Capacity: 8M
 Heap Initial Capacity: 124M
 Heap Max Capacity: 1960M
 Pre-touch: Disabled
 Parallel Workers: 8
 Concurrent Workers: 2
 Concurrent Refinement Workers: 8
 Periodic GC: Disabled

Heap:
 garbage-first heap   total 58368K, used 25095K [0x0000000085800000, 0x0000000100000000)
  region size 1024K, 4 young (4096K), 2 survivors (2048K)
 Metaspace       used 35981K, committed 36416K, reserved 1114112K
  class space    used 5233K, committed 5440K, reserved 1048576K

Heap Regions: E=young(eden), S=young(survivor), O=old, HS=humongous(starts), HC=humongous(continues), CS=collection set, F=free, OA=open archive, CA=closed archive, TAMS=top-at-mark-start (previous, next)
|   0|0x0000000085800000, 0x0000000085900000, 0x0000000085900000|100%|HS|  |TAMS 0x0000000085900000, 0x0000000085900000| Complete 
|   1|0x0000000085900000, 0x0000000085a00000, 0x0000000085a00000|100%| O|  |TAMS 0x0000000085900000, 0x0000000085a00000| Untracked 
|   2|0x0000000085a00000, 0x0000000085b00000, 0x0000000085b00000|100%| O|  |TAMS 0x0000000085a00000, 0x0000000085b00000| Untracked 
|   3|0x0000000085b00000, 0x0000000085c00000, 0x0000000085c00000|100%| O|  |TAMS 0x0000000085b00000, 0x0000000085c00000| Untracked 
|   4|0x0000000085c00000, 0x0000000085d00000, 0x0000000085d00000|100%| O|  |TAMS 0x0000000085c00000, 0x0000000085d00000| Untracked 
|   5|0x0000000085d00000, 0x0000000085e00000, 0x0000000085e00000|100%| O|  |TAMS 0x0000000085d00000, 0x0000000085e00000| Untracked 
|   6|0x0000000085e00000, 0x0000000085f00000, 0x0000000085f00000|100%| O|  |TAMS 0x0000000085f00000, 0x0000000085f00000| Untracked 
|   7|0x0000000085f00000, 0x0000000086000000, 0x0000000086000000|100%| O|  |TAMS 0x0000000086000000, 0x0000000086000000| Untracked 
|   8|0x0000000086000000, 0x0000000086100000, 0x0000000086100000|100%| O|  |TAMS 0x0000000086100000, 0x0000000086100000| Untracked 
|   9|0x0000000086100000, 0x0000000086200000, 0x0000000086200000|100%| O|  |TAMS 0x0000000086200000, 0x0000000086200000| Untracked 
|  10|0x0000000086200000, 0x0000000086300000, 0x0000000086300000|100%| O|  |TAMS 0x0000000086300000, 0x0000000086300000| Untracked 
|  11|0x0000000086300000, 0x0000000086400000, 0x0000000086400000|100%| O|  |TAMS 0x0000000086400000, 0x0000000086400000| Untracked 
|  12|0x0000000086400000, 0x0000000086500000, 0x0000000086500000|100%| O|  |TAMS 0x0000000086500000, 0x0000000086500000| Untracked 
|  13|0x0000000086500000, 0x0000000086600000, 0x0000000086600000|100%| O|  |TAMS 0x0000000086500000, 0x0000000086600000| Untracked 
|  14|0x0000000086600000, 0x0000000086700000, 0x0000000086700000|100%| O|  |TAMS 0x0000000086600000, 0x0000000086700000| Untracked 
|  15|0x0000000086700000, 0x0000000086800000, 0x0000000086800000|100%| O|  |TAMS 0x0000000086700000, 0x0000000086800000| Untracked 
|  16|0x0000000086800000, 0x0000000086900000, 0x0000000086900000|100%| O|  |TAMS 0x0000000086800000, 0x0000000086900000| Untracked 
|  17|0x0000000086900000, 0x0000000086a00000, 0x0000000086a00000|100%| O|  |TAMS 0x0000000086900000, 0x0000000086a00000| Untracked 
|  18|0x0000000086a00000, 0x0000000086b00000, 0x0000000086b00000|100%| O|  |TAMS 0x0000000086a00000, 0x0000000086b00000| Untracked 
|  19|0x0000000086b00000, 0x0000000086c00000, 0x0000000086c00000|100%| O|  |TAMS 0x0000000086b00000, 0x0000000086c00000| Untracked 
|  20|0x0000000086c00000, 0x0000000086d00000, 0x0000000086d00000|100%| O|  |TAMS 0x0000000086c00000, 0x0000000086d00000| Untracked 
|  21|0x0000000086d00000, 0x0000000086dec200, 0x0000000086e00000| 92%| O|  |TAMS 0x0000000086d00000, 0x0000000086d24a00| Untracked 
|  22|0x0000000086e00000, 0x0000000086e00000, 0x0000000086f00000|  0%| F|  |TAMS 0x0000000086e00000, 0x0000000086e00000| Untracked 
|  23|0x0000000086f00000, 0x0000000086f00000, 0x0000000087000000|  0%| F|  |TAMS 0x0000000086f00000, 0x0000000086f00000| Untracked 
|  24|0x0000000087000000, 0x0000000087000000, 0x0000000087100000|  0%| F|  |TAMS 0x0000000087000000, 0x0000000087000000| Untracked 
|  25|0x0000000087100000, 0x0000000087100000, 0x0000000087200000|  0%| F|  |TAMS 0x0000000087100000, 0x0000000087100000| Untracked 
|  26|0x0000000087200000, 0x0000000087200000, 0x0000000087300000|  0%| F|  |TAMS 0x0000000087200000, 0x0000000087200000| Untracked 
|  27|0x0000000087300000, 0x0000000087300000, 0x0000000087400000|  0%| F|  |TAMS 0x0000000087300000, 0x0000000087300000| Untracked 
|  28|0x0000000087400000, 0x0000000087400000, 0x0000000087500000|  0%| F|  |TAMS 0x0000000087400000, 0x0000000087400000| Untracked 
|  29|0x0000000087500000, 0x0000000087500000, 0x0000000087600000|  0%| F|  |TAMS 0x0000000087500000, 0x0000000087500000| Untracked 
|  30|0x0000000087600000, 0x0000000087600000, 0x0000000087700000|  0%| F|  |TAMS 0x0000000087600000, 0x0000000087600000| Untracked 
|  31|0x0000000087700000, 0x0000000087700000, 0x0000000087800000|  0%| F|  |TAMS 0x0000000087700000, 0x0000000087700000| Untracked 
|  32|0x0000000087800000, 0x0000000087800000, 0x0000000087900000|  0%| F|  |TAMS 0x0000000087800000, 0x0000000087800000| Untracked 
|  33|0x0000000087900000, 0x0000000087900000, 0x0000000087a00000|  0%| F|  |TAMS 0x0000000087900000, 0x0000000087900000| Untracked 
|  34|0x0000000087a00000, 0x0000000087a00000, 0x0000000087b00000|  0%| F|  |TAMS 0x0000000087a00000, 0x0000000087a00000| Untracked 
|  35|0x0000000087b00000, 0x0000000087b00000, 0x0000000087c00000|  0%| F|  |TAMS 0x0000000087b00000, 0x0000000087b00000| Untracked 
|  36|0x0000000087c00000, 0x0000000087c00000, 0x0000000087d00000|  0%| F|  |TAMS 0x0000000087c00000, 0x0000000087c00000| Untracked 
|  37|0x0000000087d00000, 0x0000000087d00000, 0x0000000087e00000|  0%| F|  |TAMS 0x0000000087d00000, 0x0000000087d00000| Untracked 
|  38|0x0000000087e00000, 0x0000000087e00000, 0x0000000087f00000|  0%| F|  |TAMS 0x0000000087e00000, 0x0000000087e00000| Untracked 
|  39|0x0000000087f00000, 0x0000000087f00000, 0x0000000088000000|  0%| F|  |TAMS 0x0000000087f00000, 0x0000000087f00000| Untracked 
|  40|0x0000000088000000, 0x0000000088000000, 0x0000000088100000|  0%| F|  |TAMS 0x0000000088000000, 0x0000000088000000| Untracked 
|  41|0x0000000088100000, 0x0000000088100000, 0x0000000088200000|  0%| F|  |TAMS 0x0000000088100000, 0x0000000088100000| Untracked 
|  42|0x0000000088200000, 0x0000000088200000, 0x0000000088300000|  0%| F|  |TAMS 0x0000000088200000, 0x0000000088200000| Untracked 
|  43|0x0000000088300000, 0x0000000088300000, 0x0000000088400000|  0%| F|  |TAMS 0x0000000088300000, 0x0000000088300000| Untracked 
|  44|0x0000000088400000, 0x0000000088400000, 0x0000000088500000|  0%| F|  |TAMS 0x0000000088400000, 0x0000000088400000| Untracked 
|  45|0x0000000088500000, 0x0000000088500000, 0x0000000088600000|  0%| F|  |TAMS 0x0000000088500000, 0x0000000088500000| Untracked 
|  46|0x0000000088600000, 0x0000000088600000, 0x0000000088700000|  0%| F|  |TAMS 0x0000000088600000, 0x0000000088600000| Untracked 
|  47|0x0000000088700000, 0x0000000088700000, 0x0000000088800000|  0%| F|  |TAMS 0x0000000088700000, 0x0000000088700000| Untracked 
|  48|0x0000000088800000, 0x0000000088800000, 0x0000000088900000|  0%| F|  |TAMS 0x0000000088800000, 0x0000000088800000| Untracked 
|  72|0x000000008a000000, 0x000000008a000000, 0x000000008a100000|  0%| F|  |TAMS 0x000000008a000000, 0x000000008a000000| Untracked 
|  78|0x000000008a600000, 0x000000008a600000, 0x000000008a700000|  0%| F|  |TAMS 0x000000008a600000, 0x000000008a600000| Untracked 
|  79|0x000000008a700000, 0x000000008a795ba0, 0x000000008a800000| 58%| S|CS|TAMS 0x000000008a700000, 0x000000008a700000| Complete 
|  80|0x000000008a800000, 0x000000008a900000, 0x000000008a900000|100%| S|CS|TAMS 0x000000008a800000, 0x000000008a800000| Complete 
|  81|0x000000008a900000, 0x000000008a900000, 0x000000008aa00000|  0%| F|  |TAMS 0x000000008a900000, 0x000000008a900000| Untracked 
|  82|0x000000008aa00000, 0x000000008aa00000, 0x000000008ab00000|  0%| F|  |TAMS 0x000000008aa00000, 0x000000008aa00000| Untracked 
|  83|0x000000008ab00000, 0x000000008ab7d7c8, 0x000000008ac00000| 49%| E|  |TAMS 0x000000008ab00000, 0x000000008ab00000| Complete 
| 123|0x000000008d300000, 0x000000008d400000, 0x000000008d400000|100%| E|CS|TAMS 0x000000008d300000, 0x000000008d300000| Complete 

Card table byte_map: [0x000001f57e460000,0x000001f57e840000] _byte_map_base: 0x000001f57e034000

Marking Bits (Prev, Next): (CMBitMap*) 0x000001f57673bf00, (CMBitMap*) 0x000001f57673bec0
 Prev Bits: [0x000001f504ea0000, 0x000001f506d40000)
 Next Bits: [0x000001f503000000, 0x000001f504ea0000)

Polling page: 0x000001f575e90000

Metaspace:

Usage:
  Non-class:     30.03 MB used.
      Class:      5.11 MB used.
       Both:     35.14 MB used.

Virtual space:
  Non-class space:       64.00 MB reserved,      30.25 MB ( 47%) committed,  1 nodes.
      Class space:        1.00 GB reserved,       5.31 MB ( <1%) committed,  1 nodes.
             Both:        1.06 GB reserved,      35.56 MB (  3%) committed. 

Chunk freelists:
   Non-Class:  1.36 MB
       Class:  10.59 MB
        Both:  11.95 MB

MaxMetaspaceSize: unlimited
CompressedClassSpaceSize: 1.00 GB
Initial GC threshold: 21.00 MB
Current GC threshold: 35.75 MB
CDS: on
MetaspaceReclaimPolicy: balanced
 - commit_granule_bytes: 65536.
 - commit_granule_words: 8192.
 - virtual_space_node_default_size: 8388608.
 - enlarge_chunks_in_place: 1.
 - new_chunks_are_fully_committed: 0.
 - uncommit_free_chunks: 1.
 - use_allocation_guard: 0.
 - handle_deallocations: 1.


Internal statistics:

num_allocs_failed_limit: 6.
num_arena_births: 546.
num_arena_deaths: 0.
num_vsnodes_births: 2.
num_vsnodes_deaths: 0.
num_space_committed: 569.
num_space_uncommitted: 0.
num_chunks_returned_to_freelist: 6.
num_chunks_taken_from_freelist: 1898.
num_chunk_merges: 6.
num_chunk_splits: 1317.
num_chunks_enlarged: 1009.
num_inconsistent_stats: 0.

CodeCache: size=49152Kb used=8853Kb max_used=8853Kb free=40298Kb
 bounds [0x000001f500000000, 0x000001f5008b0000, 0x000001f503000000]
 total_blobs=5127 nmethods=4587 adapters=466
 compilation: enabled
              stopped_count=0, restarted_count=0
 full_count=0

Compilation events (20 events):
Event: 8.434 Thread 0x000001f54ea353c0 nmethod 4578 0x000001f5008a1810 code [0x000001f5008a19a0, 0x000001f5008a1ab8]
Event: 8.435 Thread 0x000001f57f6e6940 nmethod 4575 0x000001f5008a1b10 code [0x000001f5008a1d80, 0x000001f5008a2558]
Event: 8.435 Thread 0x000001f57f6e6940 4579       1       org.springframework.beans.factory.support.ConstructorResolver$ConstructorDependencyDescriptor::usesStandardBeanLookup (2 bytes)
Event: 8.435 Thread 0x000001f57f6e6940 nmethod 4579 0x000001f5008a2990 code [0x000001f5008a2b20, 0x000001f5008a2bf8]
Event: 8.438 Thread 0x000001f54ea353c0 4580   !   1       org.springframework.beans.factory.support.DisposableBeanAdapter::inferDestroyMethodsIfNecessary (154 bytes)
Event: 8.438 Thread 0x000001f57f6e6940 4581       1       org.springframework.context.support.ApplicationListenerDetector::requiresDestruction (5 bytes)
Event: 8.438 Thread 0x000001f57f6e6940 nmethod 4581 0x000001f5008a2c90 code [0x000001f5008a2e20, 0x000001f5008a2f38]
Event: 8.438 Thread 0x000001f54ea353c0 nmethod 4580 0x000001f5008a2f90 code [0x000001f5008a31a0, 0x000001f5008a38a8]
Event: 8.446 Thread 0x000001f57f6e6940 4582       1       java.util.concurrent.locks.ReentrantLock$Sync::isHeldExclusively (16 bytes)
Event: 8.446 Thread 0x000001f54ea353c0 4583       1       org.springframework.beans.factory.support.AbstractAutowireCapableBeanFactory::resolveBeforeInstantiation (83 bytes)
Event: 8.446 Thread 0x000001f57f6e6940 nmethod 4582 0x000001f5008a3d10 code [0x000001f5008a3ea0, 0x000001f5008a3f98]
Event: 8.446 Thread 0x000001f54ea353c0 nmethod 4583 0x000001f5008a4010 code [0x000001f5008a4200, 0x000001f5008a45e8]
Event: 8.447 Thread 0x000001f54ea353c0 4584       1       java.lang.Math::ceil (5 bytes)
Event: 8.447 Thread 0x000001f57f6e6940 4585       1       java.lang.StrictMath::ceil (10 bytes)
Event: 8.447 Thread 0x000001f57f6e6940 nmethod 4585 0x000001f5008a4810 code [0x000001f5008a49e0, 0x000001f5008a4aa8]
Event: 8.447 Thread 0x000001f54ea353c0 nmethod 4584 0x000001f5008a4b10 code [0x000001f5008a4ce0, 0x000001f5008a4da8]
Event: 8.448 Thread 0x000001f54ea353c0 4586       1       org.springframework.util.CollectionUtils::computeInitialCapacity (11 bytes)
Event: 8.448 Thread 0x000001f54ea353c0 nmethod 4586 0x000001f5008a4e90 code [0x000001f5008a5060, 0x000001f5008a5168]
Event: 8.448 Thread 0x000001f54ea353c0 4587       1       org.springframework.boot.context.properties.bind.JavaBeanBinder$BeanProperties$$Lambda$222/0x000001f50a15f1b0::accept (12 bytes)
Event: 8.449 Thread 0x000001f54ea353c0 nmethod 4587 0x000001f5008a5210 code [0x000001f5008a53c0, 0x000001f5008a55c8]

GC Heap History (20 events):
Event: 3.686 GC heap before
{Heap before GC invocations=2 (full 0):
 garbage-first heap   total 126976K, used 54985K [0x0000000085800000, 0x0000000100000000)
  region size 1024K, 46 young (47104K), 2 survivors (2048K)
 Metaspace       used 15322K, committed 15680K, reserved 1114112K
  class space    used 2018K, committed 2176K, reserved 1048576K
}
Event: 3.690 GC heap after
{Heap after GC invocations=3 (full 0):
 garbage-first heap   total 126976K, used 13602K [0x0000000085800000, 0x0000000100000000)
  region size 1024K, 5 young (5120K), 5 survivors (5120K)
 Metaspace       used 15322K, committed 15680K, reserved 1114112K
  class space    used 2018K, committed 2176K, reserved 1048576K
}
Event: 4.559 GC heap before
{Heap before GC invocations=3 (full 0):
 garbage-first heap   total 126976K, used 52514K [0x0000000085800000, 0x0000000100000000)
  region size 1024K, 45 young (46080K), 5 survivors (5120K)
 Metaspace       used 21302K, committed 21504K, reserved 1114112K
  class space    used 2999K, committed 3072K, reserved 1048576K
}
Event: 4.565 GC heap after
{Heap after GC invocations=4 (full 0):
 garbage-first heap   total 126976K, used 15562K [0x0000000085800000, 0x0000000100000000)
  region size 1024K, 7 young (7168K), 7 survivors (7168K)
 Metaspace       used 21302K, committed 21504K, reserved 1114112K
  class space    used 2999K, committed 3072K, reserved 1048576K
}
Event: 5.456 GC heap before
{Heap before GC invocations=5 (full 0):
 garbage-first heap   total 58368K, used 42186K [0x0000000085800000, 0x0000000100000000)
  region size 1024K, 34 young (34816K), 7 survivors (7168K)
 Metaspace       used 22859K, committed 23168K, reserved 1114112K
  class space    used 3210K, committed 3392K, reserved 1048576K
}
Event: 5.462 GC heap after
{Heap after GC invocations=6 (full 0):
 garbage-first heap   total 58368K, used 17612K [0x0000000085800000, 0x0000000100000000)
  region size 1024K, 5 young (5120K), 5 survivors (5120K)
 Metaspace       used 22859K, committed 23168K, reserved 1114112K
  class space    used 3210K, committed 3392K, reserved 1048576K
}
Event: 5.477 GC heap before
{Heap before GC invocations=6 (full 0):
 garbage-first heap   total 58368K, used 18636K [0x0000000085800000, 0x0000000100000000)
  region size 1024K, 6 young (6144K), 5 survivors (5120K)
 Metaspace       used 22900K, committed 23232K, reserved 1114112K
  class space    used 3216K, committed 3392K, reserved 1048576K
}
Event: 5.481 GC heap after
{Heap after GC invocations=7 (full 0):
 garbage-first heap   total 58368K, used 18283K [0x0000000085800000, 0x0000000100000000)
  region size 1024K, 1 young (1024K), 1 survivors (1024K)
 Metaspace       used 22900K, committed 23232K, reserved 1114112K
  class space    used 3216K, committed 3392K, reserved 1048576K
}
Event: 6.478 GC heap before
{Heap before GC invocations=7 (full 0):
 garbage-first heap   total 58368K, used 39787K [0x0000000085800000, 0x0000000100000000)
  region size 1024K, 22 young (22528K), 1 survivors (1024K)
 Metaspace       used 24757K, committed 25088K, reserved 1114112K
  class space    used 3509K, committed 3648K, reserved 1048576K
}
Event: 6.480 GC heap after
{Heap after GC invocations=8 (full 0):
 garbage-first heap   total 58368K, used 18740K [0x0000000085800000, 0x0000000100000000)
  region size 1024K, 2 young (2048K), 2 survivors (2048K)
 Metaspace       used 24757K, committed 25088K, reserved 1114112K
  class space    used 3509K, committed 3648K, reserved 1048576K
}
Event: 6.950 GC heap before
{Heap before GC invocations=8 (full 0):
 garbage-first heap   total 58368K, used 41268K [0x0000000085800000, 0x0000000100000000)
  region size 1024K, 24 young (24576K), 2 survivors (2048K)
 Metaspace       used 27976K, committed 28288K, reserved 1114112K
  class space    used 4012K, committed 4160K, reserved 1048576K
}
Event: 6.953 GC heap after
{Heap after GC invocations=9 (full 0):
 garbage-first heap   total 58368K, used 20201K [0x0000000085800000, 0x0000000100000000)
  region size 1024K, 3 young (3072K), 3 survivors (3072K)
 Metaspace       used 27976K, committed 28288K, reserved 1114112K
  class space    used 4012K, committed 4160K, reserved 1048576K
}
Event: 7.387 GC heap before
{Heap before GC invocations=9 (full 0):
 garbage-first heap   total 58368K, used 42729K [0x0000000085800000, 0x0000000100000000)
  region size 1024K, 25 young (25600K), 3 survivors (3072K)
 Metaspace       used 31213K, committed 31680K, reserved 1114112K
  class space    used 4502K, committed 4736K, reserved 1048576K
}
Event: 7.391 GC heap after
{Heap after GC invocations=10 (full 0):
 garbage-first heap   total 58368K, used 21769K [0x0000000085800000, 0x0000000100000000)
  region size 1024K, 4 young (4096K), 4 survivors (4096K)
 Metaspace       used 31213K, committed 31680K, reserved 1114112K
  class space    used 4502K, committed 4736K, reserved 1048576K
}
Event: 7.795 GC heap before
{Heap before GC invocations=10 (full 0):
 garbage-first heap   total 58368K, used 42249K [0x0000000085800000, 0x0000000100000000)
  region size 1024K, 24 young (24576K), 4 survivors (4096K)
 Metaspace       used 33295K, committed 33728K, reserved 1114112K
  class space    used 4789K, committed 4992K, reserved 1048576K
}
Event: 7.799 GC heap after
{Heap after GC invocations=11 (full 0):
 garbage-first heap   total 58368K, used 22966K [0x0000000085800000, 0x0000000100000000)
  region size 1024K, 2 young (2048K), 2 survivors (2048K)
 Metaspace       used 33295K, committed 33728K, reserved 1114112K
  class space    used 4789K, committed 4992K, reserved 1048576K
}
Event: 8.342 GC heap before
{Heap before GC invocations=11 (full 0):
 garbage-first heap   total 58368K, used 43446K [0x0000000085800000, 0x0000000100000000)
  region size 1024K, 22 young (22528K), 2 survivors (2048K)
 Metaspace       used 35442K, committed 35840K, reserved 1114112K
  class space    used 5148K, committed 5312K, reserved 1048576K
}
Event: 8.345 GC heap after
{Heap after GC invocations=12 (full 0):
 garbage-first heap   total 58368K, used 23698K [0x0000000085800000, 0x0000000100000000)
  region size 1024K, 2 young (2048K), 2 survivors (2048K)
 Metaspace       used 35442K, committed 35840K, reserved 1114112K
  class space    used 5148K, committed 5312K, reserved 1048576K
}
Event: 8.441 GC heap before
{Heap before GC invocations=12 (full 0):
 garbage-first heap   total 58368K, used 26770K [0x0000000085800000, 0x0000000100000000)
  region size 1024K, 6 young (6144K), 2 survivors (2048K)
 Metaspace       used 35865K, committed 36288K, reserved 1114112K
  class space    used 5215K, committed 5376K, reserved 1048576K
}
Event: 8.444 GC heap after
{Heap after GC invocations=13 (full 0):
 garbage-first heap   total 58368K, used 24071K [0x0000000085800000, 0x0000000100000000)
  region size 1024K, 2 young (2048K), 2 survivors (2048K)
 Metaspace       used 35865K, committed 36288K, reserved 1114112K
  class space    used 5215K, committed 5376K, reserved 1048576K
}

Deoptimization events (2 events):
Event: 3.533 Thread 0x000001f54e9b26a0 DEOPT PACKING pc=0x000001f5003b3c1c sp=0x0000000101dfd5f0
Event: 3.533 Thread 0x000001f54e9b26a0 DEOPT UNPACKING pc=0x000001f5000566e3 sp=0x0000000101dfcab8 mode 0

Classes unloaded (0 events):
No events

Classes redefined (0 events):
No events

Internal exceptions (20 events):
Event: 7.246 Thread 0x000001f54e9b26a0 Exception <a 'java/lang/NoSuchMethodError'{0x0000000088279130}: 'java.lang.Object java.lang.invoke.DirectMethodHandle$Holder.invokeSpecial(java.lang.Object, java.lang.Object, int, java.lang.Object, java.lang.Object)'> (0x0000000088279130) 
thrown [s\open\src\hotspot\share\interpreter\linkResolver.cpp, line 759]
Event: 7.246 Thread 0x000001f54e9b26a0 Exception <a 'java/lang/NoSuchMethodError'{0x000000008827d328}: 'java.lang.Object java.lang.invoke.DelegatingMethodHandle$Holder.delegate(java.lang.Object, int, java.lang.Object, java.lang.Object)'> (0x000000008827d328) 
thrown [s\open\src\hotspot\share\interpreter\linkResolver.cpp, line 759]
Event: 7.248 Thread 0x000001f54e9b26a0 Exception <a 'java/lang/NoSuchMethodError'{0x000000008828e700}: 'int java.lang.invoke.Invokers$Holder.linkToTargetMethod(java.lang.Object, java.lang.Object, java.lang.Object)'> (0x000000008828e700) 
thrown [s\open\src\hotspot\share\interpreter\linkResolver.cpp, line 759]
Event: 7.276 Thread 0x000001f54e9b26a0 Exception <a 'java/lang/NoSuchMethodError'{0x00000000881b6be8}: 'java.lang.Object java.lang.invoke.DirectMethodHandle$Holder.invokeStatic(java.lang.Object, java.lang.Object, int, java.lang.Object)'> (0x00000000881b6be8) 
thrown [s\open\src\hotspot\share\interpreter\linkResolver.cpp, line 759]
Event: 7.277 Thread 0x000001f54e9b26a0 Exception <a 'java/lang/NoSuchMethodError'{0x00000000881bdd00}: 'java.lang.Object java.lang.invoke.DirectMethodHandle$Holder.newInvokeSpecial(java.lang.Object, java.lang.Object, int)'> (0x00000000881bdd00) 
thrown [s\open\src\hotspot\share\interpreter\linkResolver.cpp, line 759]
Event: 7.340 Thread 0x000001f54e9b26a0 Exception <a 'java/lang/NoSuchMethodError'{0x0000000087d12680}: 'java.lang.Object java.lang.invoke.DirectMethodHandle$Holder.invokeInterface(java.lang.Object, java.lang.Object, java.lang.Object, java.lang.Object)'> (0x0000000087d12680) 
thrown [s\open\src\hotspot\share\interpreter\linkResolver.cpp, line 759]
Event: 7.429 Thread 0x000001f54e9b26a0 Exception <a 'java/lang/NoSuchMethodError'{0x000000008aa02cf0}: 'void java.lang.invoke.DirectMethodHandle$Holder.invokeVirtual(java.lang.Object, java.lang.Object, int)'> (0x000000008aa02cf0) 
thrown [s\open\src\hotspot\share\interpreter\linkResolver.cpp, line 759]
Event: 7.430 Thread 0x000001f54e9b26a0 Exception <a 'java/lang/NoSuchMethodError'{0x000000008aa18a48}: 'void java.lang.invoke.DirectMethodHandle$Holder.invokeVirtual(java.lang.Object, java.lang.Object, long)'> (0x000000008aa18a48) 
thrown [s\open\src\hotspot\share\interpreter\linkResolver.cpp, line 759]
Event: 7.689 Thread 0x000001f54e9b26a0 Exception <a 'java/lang/NoSuchMethodError'{0x00000000881b0998}: 'java.lang.Object java.lang.invoke.DirectMethodHandle$Holder.invokeStaticInit(java.lang.Object, java.lang.Object, int)'> (0x00000000881b0998) 
thrown [s\open\src\hotspot\share\interpreter\linkResolver.cpp, line 759]
Event: 7.752 Thread 0x000001f54e9b26a0 Exception <a 'java/lang/NoSuchMethodError'{0x0000000087d24d98}: 'int java.lang.invoke.DirectMethodHandle$Holder.invokeStatic(java.lang.Object, int, java.lang.Object)'> (0x0000000087d24d98) 
thrown [s\open\src\hotspot\share\interpreter\linkResolver.cpp, line 759]
Event: 7.951 Thread 0x000001f54e9b26a0 Exception <a 'java/lang/NoSuchMethodError'{0x000000008a6895e0}: 'int java.lang.invoke.DirectMethodHandle$Holder.invokeStatic(java.lang.Object)'> (0x000000008a6895e0) 
thrown [s\open\src\hotspot\share\interpreter\linkResolver.cpp, line 759]
Event: 7.952 Thread 0x000001f54e9b26a0 Exception <a 'java/lang/NoSuchMethodError'{0x000000008a68cc88}: 'int java.lang.invoke.DirectMethodHandle$Holder.invokeStaticInit(java.lang.Object)'> (0x000000008a68cc88) 
thrown [s\open\src\hotspot\share\interpreter\linkResolver.cpp, line 759]
Event: 7.958 Thread 0x000001f54e9b26a0 Exception <a 'java/lang/NoSuchMethodError'{0x000000008a69e9b0}: 'java.lang.Object java.lang.invoke.DirectMethodHandle$Holder.invokeStaticInit(java.lang.Object, int, int, int, int)'> (0x000000008a69e9b0) 
thrown [s\open\src\hotspot\share\interpreter\linkResolver.cpp, line 759]
Event: 8.030 Thread 0x000001f54e9b26a0 Exception <a 'java/lang/NoSuchMethodError'{0x000000008a6de740}: 'java.lang.Object java.lang.invoke.DirectMethodHandle$Holder.invokeStaticInit(java.lang.Object, java.lang.Object, int, int, int, int)'> (0x000000008a6de740) 
thrown [s\open\src\hotspot\share\interpreter\linkResolver.cpp, line 759]
Event: 8.035 Thread 0x000001f54e9b26a0 Exception <a 'java/lang/IncompatibleClassChangeError'{0x000000008a6f8c50}: Found class java.lang.Object, but interface was expected> (0x000000008a6f8c50) 
thrown [s\open\src\hotspot\share\interpreter\linkResolver.cpp, line 826]
Event: 8.199 Thread 0x000001f54e9b26a0 Exception <a 'java/lang/IncompatibleClassChangeError'{0x00000000881271d8}: Found class java.lang.Object, but interface was expected> (0x00000000881271d8) 
thrown [s\open\src\hotspot\share\interpreter\linkResolver.cpp, line 826]
Event: 8.271 Thread 0x000001f54e9b26a0 Exception <a 'java/lang/IncompatibleClassChangeError'{0x0000000087faa0d0}: Found class java.lang.Object, but interface was expected> (0x0000000087faa0d0) 
thrown [s\open\src\hotspot\share\interpreter\linkResolver.cpp, line 826]
Event: 8.319 Thread 0x000001f54e9b26a0 Exception <a 'java/lang/IncompatibleClassChangeError'{0x0000000087d276a0}: Found class java.lang.Object, but interface was expected> (0x0000000087d276a0) 
thrown [s\open\src\hotspot\share\interpreter\linkResolver.cpp, line 826]
Event: 8.377 Thread 0x000001f54e9b26a0 Exception <a 'java/lang/NoSuchMethodError'{0x000000008ab6b250}: 'java.lang.Object java.lang.invoke.Invokers$Holder.invoke_MT(java.lang.Object, java.lang.Object, java.lang.Object, java.lang.Object, java.lang.Object, java.lang.Object, java.lang.Object, java.lang.Object, java.lang.Object)'> (0x000000008ab6b250) 
thrown [s\open\src\hotspot\share\interpreter\linkResolver.cpp, line 759]
Event: 8.380 Thread 0x000001f54e9b26a0 Exception <a 'java/lang/IncompatibleClassChangeError'{0x000000008ab8fb50}: Found class java.lang.Object, but interface was expected> (0x000000008ab8fb50) 
thrown [s\open\src\hotspot\share\interpreter\linkResolver.cpp, line 826]

VM Operations (20 events):
Event: 6.950 Executing VM operation: G1CollectForAllocation
Event: 6.953 Executing VM operation: G1CollectForAllocation done
Event: 6.993 Executing VM operation: HandshakeAllThreads
Event: 6.993 Executing VM operation: HandshakeAllThreads done
Event: 7.230 Executing VM operation: HandshakeAllThreads
Event: 7.230 Executing VM operation: HandshakeAllThreads done
Event: 7.387 Executing VM operation: G1CollectForAllocation
Event: 7.391 Executing VM operation: G1CollectForAllocation done
Event: 7.795 Executing VM operation: G1CollectForAllocation
Event: 7.799 Executing VM operation: G1CollectForAllocation done
Event: 7.953 Executing VM operation: HandshakeAllThreads
Event: 7.953 Executing VM operation: HandshakeAllThreads done
Event: 8.290 Executing VM operation: HandshakeAllThreads
Event: 8.290 Executing VM operation: HandshakeAllThreads done
Event: 8.337 Executing VM operation: HandshakeAllThreads
Event: 8.337 Executing VM operation: HandshakeAllThreads done
Event: 8.341 Executing VM operation: G1CollectForAllocation
Event: 8.346 Executing VM operation: G1CollectForAllocation done
Event: 8.441 Executing VM operation: CollectForMetadataAllocation
Event: 8.444 Executing VM operation: CollectForMetadataAllocation done

Events (20 events):
Event: 8.031 loading class sun/security/provider/AbstractDrbg$NonceProvider
Event: 8.031 loading class sun/security/provider/AbstractDrbg$NonceProvider done
Event: 8.058 loading class java/util/zip/GZIPInputStream
Event: 8.058 loading class java/util/zip/GZIPInputStream done
Event: 8.059 loading class java/util/zip/GZIPOutputStream
Event: 8.059 loading class java/util/zip/DeflaterOutputStream
Event: 8.059 loading class java/util/zip/DeflaterOutputStream done
Event: 8.059 loading class java/util/zip/GZIPOutputStream done
Event: 8.099 loading class java/util/regex/Pattern$Behind
Event: 8.099 loading class java/util/regex/Pattern$Behind done
Event: 8.208 loading class java/time/Instant$1
Event: 8.208 loading class java/time/Instant$1 done
Event: 8.248 loading class java/util/Comparators$NullComparator
Event: 8.248 loading class java/util/Comparators$NullComparator done
Event: 8.289 loading class java/util/ArrayList$ListItr
Event: 8.289 loading class java/util/ArrayList$ListItr done
Event: 8.304 loading class java/util/concurrent/Flow$Publisher
Event: 8.304 loading class java/util/concurrent/Flow$Publisher done
Event: 8.307 loading class java/util/concurrent/CompletableFuture
Event: 8.307 loading class java/util/concurrent/CompletableFuture done


Dynamic libraries:
0x00007ff677200000 - 0x00007ff677210000 	C:\Program Files\Java\jdk-17\bin\java.exe
0x00007ffdb2d10000 - 0x00007ffdb2f27000 	C:\WINDOWS\SYSTEM32\ntdll.dll
0x00007ffdb18a0000 - 0x00007ffdb1964000 	C:\WINDOWS\System32\KERNEL32.DLL
0x00007ffdb00b0000 - 0x00007ffdb0483000 	C:\WINDOWS\System32\KERNELBASE.dll
0x00007ffdb04c0000 - 0x00007ffdb05d1000 	C:\WINDOWS\System32\ucrtbase.dll
0x00007ffdab000000 - 0x00007ffdab01b000 	C:\Program Files\Java\jdk-17\bin\VCRUNTIME140.dll
0x00007ffdaac40000 - 0x00007ffdaac59000 	C:\Program Files\Java\jdk-17\bin\jli.dll
0x00007ffdb17e0000 - 0x00007ffdb1891000 	C:\WINDOWS\System32\ADVAPI32.dll
0x00007ffdb09e0000 - 0x00007ffdb0a87000 	C:\WINDOWS\System32\msvcrt.dll
0x00007ffdb2130000 - 0x00007ffdb21d8000 	C:\WINDOWS\System32\sechost.dll
0x00007ffdafe20000 - 0x00007ffdafe48000 	C:\WINDOWS\System32\bcrypt.dll
0x00007ffdb2390000 - 0x00007ffdb24a4000 	C:\WINDOWS\System32\RPCRT4.dll
0x00007ffdb29f0000 - 0x00007ffdb2ba1000 	C:\WINDOWS\System32\USER32.dll
0x00007ffdb0490000 - 0x00007ffdb04b6000 	C:\WINDOWS\System32\win32u.dll
0x00007ffdb09b0000 - 0x00007ffdb09d9000 	C:\WINDOWS\System32\GDI32.dll
0x00007ffd8d8b0000 - 0x00007ffd8db48000 	C:\WINDOWS\WinSxS\amd64_microsoft.windows.common-controls_6595b64144ccf1df_6.0.22621.5124_none_270e8f4f7386d69d\COMCTL32.dll
0x00007ffdaff90000 - 0x00007ffdb00ab000 	C:\WINDOWS\System32\gdi32full.dll
0x00007ffdb05e0000 - 0x00007ffdb067a000 	C:\WINDOWS\System32\msvcp_win.dll
0x00007ffda2930000 - 0x00007ffda293a000 	C:\WINDOWS\SYSTEM32\VERSION.dll
0x00007ffdb24b0000 - 0x00007ffdb24e1000 	C:\WINDOWS\System32\IMM32.DLL
0x00007ffdacb30000 - 0x00007ffdacb3c000 	C:\Program Files\Java\jdk-17\bin\vcruntime140_1.dll
0x00007ffda9f00000 - 0x00007ffda9f8e000 	C:\Program Files\Java\jdk-17\bin\msvcp140.dll
0x00007ffd75470000 - 0x00007ffd7604f000 	C:\Program Files\Java\jdk-17\bin\server\jvm.dll
0x00007ffdb25b0000 - 0x00007ffdb25b8000 	C:\WINDOWS\System32\PSAPI.DLL
0x00007ffdab030000 - 0x00007ffdab039000 	C:\WINDOWS\SYSTEM32\WSOCK32.dll
0x00007ffda9da0000 - 0x00007ffda9dd4000 	C:\WINDOWS\SYSTEM32\WINMM.dll
0x00007ffdb0e30000 - 0x00007ffdb0ea1000 	C:\WINDOWS\System32\WS2_32.dll
0x00007ffdaee20000 - 0x00007ffdaee38000 	C:\WINDOWS\SYSTEM32\kernel.appcore.dll
0x00007ffdaab30000 - 0x00007ffdaab3a000 	C:\Program Files\Java\jdk-17\bin\jimage.dll
0x00007ffdad5f0000 - 0x00007ffdad822000 	C:\WINDOWS\SYSTEM32\DBGHELP.DLL
0x00007ffdb0a90000 - 0x00007ffdb0e22000 	C:\WINDOWS\System32\combase.dll
0x00007ffdb26b0000 - 0x00007ffdb2787000 	C:\WINDOWS\System32\OLEAUT32.dll
0x00007ffda3620000 - 0x00007ffda3652000 	C:\WINDOWS\SYSTEM32\dbgcore.DLL
0x00007ffdb0930000 - 0x00007ffdb09ab000 	C:\WINDOWS\System32\bcryptPrimitives.dll
0x00007ffdaa590000 - 0x00007ffdaa5b5000 	C:\Program Files\Java\jdk-17\bin\java.dll
0x00007ffd87d90000 - 0x00007ffd87e67000 	C:\Program Files\Java\jdk-17\bin\jsvml.dll
0x00007ffdb0f40000 - 0x00007ffdb17d6000 	C:\WINDOWS\System32\SHELL32.dll
0x00007ffdb07f0000 - 0x00007ffdb092f000 	C:\WINDOWS\System32\wintypes.dll
0x00007ffdadcf0000 - 0x00007ffdae60a000 	C:\WINDOWS\SYSTEM32\windows.storage.dll
0x00007ffdb2bc0000 - 0x00007ffdb2cca000 	C:\WINDOWS\System32\SHCORE.dll
0x00007ffdb25c0000 - 0x00007ffdb2623000 	C:\WINDOWS\System32\shlwapi.dll
0x00007ffdafd50000 - 0x00007ffdafd7b000 	C:\WINDOWS\SYSTEM32\profapi.dll
0x00007ffda9ee0000 - 0x00007ffda9ef9000 	C:\Program Files\Java\jdk-17\bin\net.dll
0x00007ffdab640000 - 0x00007ffdab76c000 	C:\WINDOWS\SYSTEM32\WINHTTP.dll
0x00007ffdaf2a0000 - 0x00007ffdaf30a000 	C:\WINDOWS\system32\mswsock.dll
0x00007ffda9d20000 - 0x00007ffda9d36000 	C:\Program Files\Java\jdk-17\bin\nio.dll
0x00007ffda9d00000 - 0x00007ffda9d18000 	C:\Program Files\Java\jdk-17\bin\zip.dll
0x00007ffda9ed0000 - 0x00007ffda9eda000 	C:\Program Files\Java\jdk-17\bin\management.dll
0x00007ffda8560000 - 0x00007ffda856b000 	C:\Program Files\Java\jdk-17\bin\management_ext.dll
0x00007ffdae8e0000 - 0x00007ffdae9e2000 	C:\WINDOWS\SYSTEM32\DNSAPI.dll
0x00007ffdae870000 - 0x00007ffdae89d000 	C:\WINDOWS\SYSTEM32\IPHLPAPI.DLL
0x00007ffdb2570000 - 0x00007ffdb2579000 	C:\WINDOWS\System32\NSI.dll
0x00007ffda57d0000 - 0x00007ffda57da000 	C:\Windows\System32\rasadhlp.dll
0x00007ffda8140000 - 0x00007ffda81c3000 	C:\WINDOWS\System32\fwpuclnt.dll
0x00007ffdab350000 - 0x00007ffdab369000 	C:\WINDOWS\SYSTEM32\dhcpcsvc6.DLL
0x00007ffdab2e0000 - 0x00007ffdab2ff000 	C:\WINDOWS\SYSTEM32\dhcpcsvc.DLL
0x00007ffdaf500000 - 0x00007ffdaf51b000 	C:\WINDOWS\SYSTEM32\CRYPTSP.dll
0x00007ffdaed70000 - 0x00007ffdaeda7000 	C:\WINDOWS\system32\rsaenh.dll
0x00007ffdaf3a0000 - 0x00007ffdaf3c8000 	C:\WINDOWS\SYSTEM32\USERENV.dll
0x00007ffdaf520000 - 0x00007ffdaf52c000 	C:\WINDOWS\SYSTEM32\CRYPTBASE.dll

dbghelp: loaded successfully - version: 4.0.5 - missing functions: none
symbol engine: initialized successfully - sym options: 0x614 - pdb path: .;C:\Program Files\Java\jdk-17\bin;C:\WINDOWS\SYSTEM32;C:\WINDOWS\WinSxS\amd64_microsoft.windows.common-controls_6595b64144ccf1df_6.0.22621.5124_none_270e8f4f7386d69d;C:\Program Files\Java\jdk-17\bin\server

VM Arguments:
jvm_args: -XX:TieredStopAtLevel=1 
java_command: com.api_gateway.ApiGatewayApplication
java_class_path (initial): U:\Desktop\09_Projects\04_Java_Microservices\03_Banking_as_a_Service\codebase\Banking_As_A_Service\api_gateway\target\classes;C:\Users\mohas\.m2\repository\org\springframework\cloud\spring-cloud-starter-config\4.2.1\spring-cloud-starter-config-4.2.1.jar;C:\Users\mohas\.m2\repository\org\springframework\cloud\spring-cloud-starter\4.2.1\spring-cloud-starter-4.2.1.jar;C:\Users\mohas\.m2\repository\org\springframework\cloud\spring-cloud-context\4.2.1\spring-cloud-context-4.2.1.jar;C:\Users\mohas\.m2\repository\org\springframework\security\spring-security-crypto\6.4.5\spring-security-crypto-6.4.5.jar;C:\Users\mohas\.m2\repository\org\springframework\cloud\spring-cloud-commons\4.2.1\spring-cloud-commons-4.2.1.jar;C:\Users\mohas\.m2\repository\org\bouncycastle\bcprov-jdk18on\1.78.1\bcprov-jdk18on-1.78.1.jar;C:\Users\mohas\.m2\repository\org\springframework\cloud\spring-cloud-config-client\4.2.1\spring-cloud-config-client-4.2.1.jar;C:\Users\mohas\.m2\repository\com\fasterxml\jackson\core\jackson-annotations\2.18.3\jackson-annotations-2.18.3.jar;C:\Users\mohas\.m2\repository\org\apache\httpcomponents\client5\httpclient5\5.4.3\httpclient5-5.4.3.jar;C:\Users\mohas\.m2\repository\org\apache\httpcomponents\core5\httpcore5\5.3.4\httpcore5-5.3.4.jar;C:\Users\mohas\.m2\repository\org\apache\httpcomponents\core5\httpcore5-h2\5.3.4\httpcore5-h2-5.3.4.jar;C:\Users\mohas\.m2\repository\com\fasterxml\jackson\core\jackson-databind\2.18.3\jackson-databind-2.18.3.jar;C:\Users\mohas\.m2\repository\com\fasterxml\jackson\core\jackson-core\2.18.3\jackson-core-2.18.3.jar;C:\Users\mohas\.m2\repository\com\fasterxml\jackson\datatype\jackson-datatype-jdk8\2.18.3\jackson-datatype-jdk8-2.18.3.jar;C:\Users\mohas\.m2\repository\com\fasterxml\jackson\datatype\jackson-datatype-jsr310\2.18.3\jackson-datatype-jsr310-2.18.3.jar;C:\Users\mohas\.m2\repository\com\fasterxml\jackson\module\jackson-module-parameter-names\2.18.3\jackson-module-parameter-names-2.18.3.jar;C:\Users\moha
Launcher Type: SUN_STANDARD

[Global flags]
     intx CICompilerCount                          = 4                                         {product} {ergonomic}
     uint ConcGCThreads                            = 2                                         {product} {ergonomic}
     uint G1ConcRefinementThreads                  = 8                                         {product} {ergonomic}
   size_t G1HeapRegionSize                         = 1048576                                   {product} {ergonomic}
    uintx GCDrainStackTargetSize                   = 64                                        {product} {ergonomic}
   size_t InitialHeapSize                          = 130023424                                 {product} {ergonomic}
   size_t MarkStackSize                            = 4194304                                   {product} {ergonomic}
   size_t MaxHeapSize                              = 2055208960                                {product} {ergonomic}
   size_t MaxNewSize                               = 1233125376                                {product} {ergonomic}
   size_t MinHeapDeltaBytes                        = 1048576                                   {product} {ergonomic}
   size_t MinHeapSize                              = 8388608                                   {product} {ergonomic}
    uintx NonProfiledCodeHeapSize                  = 0                                      {pd product} {ergonomic}
     bool ProfileInterpreter                       = false                                  {pd product} {command line}
    uintx ProfiledCodeHeapSize                     = 0                                      {pd product} {ergonomic}
   size_t SoftMaxHeapSize                          = 2055208960                             {manageable} {ergonomic}
     intx TieredStopAtLevel                        = 1                                         {product} {command line}
     bool UseCompressedClassPointers               = true                           {product lp64_product} {ergonomic}
     bool UseCompressedOops                        = true                           {product lp64_product} {ergonomic}
     bool UseG1GC                                  = true                                      {product} {ergonomic}
     bool UseLargePagesIndividualAllocation        = false                                  {pd product} {ergonomic}

Logging:
Log output configuration:
 #0: stdout all=warning uptime,level,tags
 #1: stderr all=off uptime,level,tags

Environment Variables:
PATH=C:\Users\mohas\bin;C:\Program Files\Git\mingw64\bin;C:\Program Files\Git\usr\local\bin;C:\Program Files\Git\usr\bin;C:\Program Files\Git\usr\bin;C:\Program Files\Git\mingw64\bin;C:\Program Files\Git\usr\bin;C:\Users\mohas\bin;C:\Python312\Scripts;C:\Python312;C:\Program Files\Java\jdk-17\bin;C:\WINDOWS\system32;C:\WINDOWS;C:\WINDOWS\System32\Wbem;C:\WINDOWS\System32\WindowsPowerShell\v1.0;C:\WINDOWS\System32\OpenSSH;C:\Program Files\nodejs;C:\Program Files\Git\cmd;C:\Program Files\MySQL\MySQL Server 8.0\bin;C:\MinGW\bin;C:\ProgramData\chocolatey\bin;C:\Program Files\Dart\bin;C:\Program Files\apache-maven-3.9.9\bin;C:\Program Files\JetBrains\IntelliJ IDEA Community Edition 2023.3.1\bin\idea64.exe;C:\Program Files\Docker\Docker\resources\bin;C:\Program Files\MySQL\MySQL Shell 8.0\bin;C:\Users\mohas\AppData\Local\Microsoft\WindowsApps;C:\Program Files\JetBrains\IntelliJ IDEA Community Edition 2025.1.1.1\bin;C:\Users\mohas\AppData\Roaming\npm;C:\Users\mohas\AppData\Local\Programs\Microsoft VS Code\bin;C:\Program Files\heroku\bin;C:\Program Files\JetBrains\IntelliJ IDEA 2025.1.1.1\bin;C:\Program Files\Git\usr\bin\vendor_perl;C:\Program Files\Git\usr\bin\core_perl
USERNAME=Mohasin
SHELL=C:\Program Files\Git\usr\bin\bash.exe
DISPLAY=needs-to-be-defined
LC_CTYPE=en_US.UTF-8
OS=Windows_NT
PROCESSOR_IDENTIFIER=Intel64 Family 6 Model 140 Stepping 1, GenuineIntel



---------------  S Y S T E M  ---------------

OS:
 Windows 11 , 64 bit Build 22621 (10.0.22621.5124)
OS uptime: 74 days 2:05 hours
Hyper-V role detected

CPU: total 8 (initial active 8) (4 cores per cpu, 2 threads per core) family 6 model 140 stepping 1 microcode 0xb4, cx8, cmov, fxsr, ht, mmx, 3dnowpref, sse, sse2, sse3, ssse3, sse4.1, sse4.2, popcnt, lzcnt, tsc, tscinvbit, avx, avx2, aes, erms, clmul, bmi1, bmi2, adx, avx512f, avx512dq, avx512cd, avx512bw, avx512vl, sha, fma, vzeroupper, avx512_vpopcntdq, avx512_vpclmulqdq, avx512_vaes, avx512_vnni, clflush, clflushopt, clwb, avx512_vbmi2, avx512_vbmi, hv

Memory: 4k page, system-wide physical 7834M (81M free)
TotalPageFile size 22834M (AvailPageFile size 0M)
current process WorkingSet (physical memory assigned to process): 156M, peak: 156M
current process commit charge ("private bytes"): 197M, peak: 241M

vm_info: Java HotSpot(TM) 64-Bit Server VM (17.0.10+11-LTS-240) for windows-amd64 JRE (17.0.10+11-LTS-240), built on Dec 19 2023 21:47:25 by "mach5one" with MS VC++ 17.1 (VS2022)

END.
