#
# There is insufficient memory for the Java Runtime Environment to continue.
# Native memory allocation (mmap) failed to map 38797312 bytes for G1 virtual space
# Possible reasons:
#   The system is out of physical RAM or swap space
#   The process is running with CompressedOops enabled, and the Java Heap may be blocking the growth of the native heap
# Possible solutions:
#   Reduce memory load on the system
#   Increase physical memory or swap space
#   Check if swap backing store is full
#   Decrease Java heap size (-Xmx/-Xms)
#   Decrease number of Java threads
#   Decrease Java thread stack sizes (-Xss)
#   Set larger code cache with -XX:ReservedCodeCacheSize=
#   JVM is running with Unscaled Compressed Oops mode in which the Java heap is
#     placed in the first 4GB address space. The Java Heap base address is the
#     maximum limit for the native heap growth. Please use -XX:HeapBaseMinAddress
#     to set the Java Heap base and to place the Java Heap above 4GB virtual address.
# This output file may be truncated or incomplete.
#
#  Out of Memory Error (os_windows.cpp:3548), pid=29624, tid=23904
#
# JRE version: Java(TM) SE Runtime Environment (17.0.10+11) (build 17.0.10+11-LTS-240)
# Java VM: Java HotSpot(TM) 64-Bit Server VM (17.0.10+11-LTS-240, mixed mode, emulated-client, sharing, tiered, compressed oops, compressed class ptrs, g1 gc, windows-amd64)
# No core dump will be written. Minidumps are not enabled by default on client versions of Windows
#

---------------  S U M M A R Y ------------

Command Line: -XX:TieredStopAtLevel=1 com.authentication_service.AuthenticationServiceApplication

Host: 11th Gen Intel(R) Core(TM) i5-1135G7 @ 2.40GHz, 8 cores, 7G,  Windows 11 , 64 bit Build 26100 (10.0.26100.7705)
Time: Wed Mar 11 11:42:31 2026 India Standard Time elapsed time: 54.328500 seconds (0d 0h 0m 54s)

---------------  T H R E A D  ---------------

Current thread (0x00000236db697090):  VMThread "VM Thread" [stack: 0x000000c853a00000,0x000000c853b00000] [id=23904]

Stack: [0x000000c853a00000,0x000000c853b00000]
Native frames: (J=compiled Java code, j=interpreted, Vv=VM code, C=native code)
V  [jvm.dll+0x677a5a]
V  [jvm.dll+0x7d8b2d]
V  [jvm.dll+0x7da48e]
V  [jvm.dll+0x7daaf3]
V  [jvm.dll+0x2455ff]
V  [jvm.dll+0x6749b9]
V  [jvm.dll+0x669382]
V  [jvm.dll+0x302e96]
V  [jvm.dll+0x30a416]
V  [jvm.dll+0x359cbe]
V  [jvm.dll+0x359eef]
V  [jvm.dll+0x2d9e88]
V  [jvm.dll+0x2d8295]
V  [jvm.dll+0x2d789c]
V  [jvm.dll+0x31b18b]
V  [jvm.dll+0x7df30b]
V  [jvm.dll+0x7e0044]
V  [jvm.dll+0x7e055d]
V  [jvm.dll+0x7e0934]
V  [jvm.dll+0x7e0a00]
V  [jvm.dll+0x78888a]
V  [jvm.dll+0x676935]
C  [ucrtbase.dll+0x37b0]
C  [KERNEL32.DLL+0x2e8d7]
C  [ntdll.dll+0x8c40c]

VM_Operation (0x000000c854df5e40): G1CollectForAllocation, mode: safepoint, requested by thread 0x00000236e0736c20


---------------  P R O C E S S  ---------------

Threads class SMR info:
_java_thread_list=0x00000236e2c028a0, length=19, elements={
0x00000236c9a0a510, 0x00000236db69b4b0, 0x00000236db69e900, 0x00000236db6b5ef0,
0x00000236db6b67c0, 0x00000236db6b7c00, 0x00000236db6b84d0, 0x00000236db6ba530,
0x00000236db6c8560, 0x00000236db9ba750, 0x00000236db9c9870, 0x00000236e072e5b0,
0x00000236e0736c20, 0x00000236db6fac20, 0x00000236e0e7a0d0, 0x00000236e20184a0,
0x00000236e279c3d0, 0x00000236e279aa80, 0x00000236e279bec0
}

Java Threads: ( => current thread )
  0x00000236c9a0a510 JavaThread "main" [_thread_blocked, id=28392, stack(0x000000c853400000,0x000000c853500000)]
  0x00000236db69b4b0 JavaThread "Reference Handler" daemon [_thread_blocked, id=22064, stack(0x000000c853b00000,0x000000c853c00000)]
  0x00000236db69e900 JavaThread "Finalizer" daemon [_thread_blocked, id=22584, stack(0x000000c853c00000,0x000000c853d00000)]
  0x00000236db6b5ef0 JavaThread "Signal Dispatcher" daemon [_thread_blocked, id=20004, stack(0x000000c853d00000,0x000000c853e00000)]
  0x00000236db6b67c0 JavaThread "Attach Listener" daemon [_thread_blocked, id=20836, stack(0x000000c853e00000,0x000000c853f00000)]
  0x00000236db6b7c00 JavaThread "Service Thread" daemon [_thread_blocked, id=17320, stack(0x000000c853f00000,0x000000c854000000)]
  0x00000236db6b84d0 JavaThread "Monitor Deflation Thread" daemon [_thread_blocked, id=28040, stack(0x000000c854000000,0x000000c854100000)]
  0x00000236db6ba530 JavaThread "C1 CompilerThread0" daemon [_thread_blocked, id=6456, stack(0x000000c854100000,0x000000c854200000)]
  0x00000236db6c8560 JavaThread "Sweeper thread" daemon [_thread_blocked, id=15348, stack(0x000000c854200000,0x000000c854300000)]
  0x00000236db9ba750 JavaThread "Notification Thread" daemon [_thread_blocked, id=28252, stack(0x000000c854300000,0x000000c854400000)]
  0x00000236db9c9870 JavaThread "Common-Cleaner" daemon [_thread_blocked, id=15484, stack(0x000000c854500000,0x000000c854600000)]
  0x00000236e072e5b0 JavaThread "Thread-0" [_thread_blocked, id=25848, stack(0x000000c854a00000,0x000000c854b00000)]
  0x00000236e0736c20 JavaThread "restartedMain" [_thread_blocked, id=18628, stack(0x000000c854d00000,0x000000c854e00000)]
  0x00000236db6fac20 JavaThread "Keep-Alive-Timer" daemon [_thread_blocked, id=15672, stack(0x000000c855100000,0x000000c855200000)]
  0x00000236e0e7a0d0 JavaThread "mysql-cj-abandoned-connection-cleanup" daemon [_thread_blocked, id=4256, stack(0x000000c855400000,0x000000c855500000)]
  0x00000236e20184a0 JavaThread "HikariPool-1 housekeeper" daemon [_thread_blocked, id=26036, stack(0x000000c855500000,0x000000c855600000)]
  0x00000236e279c3d0 JavaThread "Catalina-utility-1" [_thread_blocked, id=24508, stack(0x000000c855600000,0x000000c855700000)]
  0x00000236e279aa80 JavaThread "Catalina-utility-2" [_thread_blocked, id=1220, stack(0x000000c855700000,0x000000c855800000)]
  0x00000236e279bec0 JavaThread "container-0" [_thread_blocked, id=10948, stack(0x000000c855800000,0x000000c855900000)]

Other Threads:
=>0x00000236db697090 VMThread "VM Thread" [stack: 0x000000c853a00000,0x000000c853b00000] [id=23904]
  0x00000236db9c07f0 WatcherThread [stack: 0x000000c854400000,0x000000c854500000] [id=15768]
  0x00000236c9a6d820 GCTaskThread "GC Thread#0" [stack: 0x000000c853500000,0x000000c853600000] [id=22012]
  0x00000236e05916a0 GCTaskThread "GC Thread#1" [stack: 0x000000c854600000,0x000000c854700000] [id=12932]
  0x00000236e06210f0 GCTaskThread "GC Thread#2" [stack: 0x000000c854700000,0x000000c854800000] [id=16880]
  0x00000236e06233c0 GCTaskThread "GC Thread#3" [stack: 0x000000c854800000,0x000000c854900000] [id=15136]
  0x00000236e0738060 GCTaskThread "GC Thread#4" [stack: 0x000000c854b00000,0x000000c854c00000] [id=16008]
  0x00000236e0738320 GCTaskThread "GC Thread#5" [stack: 0x000000c854c00000,0x000000c854d00000] [id=11984]
  0x00000236e0957ea0 GCTaskThread "GC Thread#6" [stack: 0x000000c854e00000,0x000000c854f00000] [id=2552]
  0x00000236e0a53830 GCTaskThread "GC Thread#7" [stack: 0x000000c854f00000,0x000000c855000000] [id=9972]
  0x00000236c9a7e850 ConcurrentGCThread "G1 Main Marker" [stack: 0x000000c853600000,0x000000c853700000] [id=28212]
  0x00000236c9a81d50 ConcurrentGCThread "G1 Conc#0" [stack: 0x000000c853700000,0x000000c853800000] [id=11396]
  0x00000236e0ce01b0 ConcurrentGCThread "G1 Conc#1" [stack: 0x000000c855300000,0x000000c855400000] [id=27624]
  0x00000236c9abd960 ConcurrentGCThread "G1 Refine#0" [stack: 0x000000c853800000,0x000000c853900000] [id=17224]
  0x00000236e0616250 ConcurrentGCThread "G1 Refine#1" [stack: 0x000000c854900000,0x000000c854a00000] [id=12176]
  0x00000236c9abe1a0 ConcurrentGCThread "G1 Service" [stack: 0x000000c853900000,0x000000c853a00000] [id=2624]

Threads with active compile tasks:

VM state: at safepoint (normal execution)

VM Mutex/Monitor currently owned by a thread:  ([mutex/lock_event])
[0x00000236c7704090] Threads_lock - owner thread: 0x00000236db697090
[0x00000236c9a09a80] Heap_lock - owner thread: 0x00000236e0736c20

Heap address: 0x0000000085800000, size: 1960 MB, Compressed Oops mode: 32-bit

CDS archive(s) mapped at: [0x0000023680000000-0x0000023680bd0000-0x0000023680bd0000), size 12386304, SharedBaseAddress: 0x0000023680000000, ArchiveRelocationMode: 1.
Compressed class space mapped at: 0x0000023681000000-0x00000236c1000000, reserved size: 1073741824
Narrow klass base: 0x0000023680000000, Narrow klass shift: 0, Narrow klass range: 0x100000000

GC Precious Log:
 CPUs: 8 total, 8 available
 Memory: 7834M
 Large Page Support: Disabled
 NUMA Support: Disabled
 Compressed Oops: Enabled (32-bit)
 Heap Region Size: 1M
 Heap Min Capacity: 8M
 Heap Initial Capacity: 124M
 Heap Max Capacity: 1960M
 Pre-touch: Disabled
 Parallel Workers: 8
 Concurrent Workers: 2
 Concurrent Refinement Workers: 8
 Periodic GC: Disabled

Heap:
 garbage-first heap   total 126976K, used 48435K [0x0000000085800000, 0x0000000100000000)
  region size 1024K, 1 young (1024K), 1 survivors (1024K)
 Metaspace       used 73398K, committed 73984K, reserved 1114112K
  class space    used 10678K, committed 10944K, reserved 1048576K

Heap Regions: E=young(eden), S=young(survivor), O=old, HS=humongous(starts), HC=humongous(continues), CS=collection set, F=free, OA=open archive, CA=closed archive, TAMS=top-at-mark-start (previous, next)
|   0|0x0000000085800000, 0x0000000085900000, 0x0000000085900000|100%|HS|  |TAMS 0x0000000085900000, 0x0000000085800000| Complete 
|   1|0x0000000085900000, 0x0000000085a00000, 0x0000000085a00000|100%|HS|  |TAMS 0x0000000085a00000, 0x0000000085900000| Complete 
|   2|0x0000000085a00000, 0x0000000085b00000, 0x0000000085b00000|100%|HS|  |TAMS 0x0000000085b00000, 0x0000000085a00000| Complete 
|   3|0x0000000085b00000, 0x0000000085c00000, 0x0000000085c00000|100%| O|  |TAMS 0x0000000085c00000, 0x0000000085b00000| Untracked 
|   4|0x0000000085c00000, 0x0000000085d00000, 0x0000000085d00000|100%| O|  |TAMS 0x0000000085d00000, 0x0000000085c00000| Untracked 
|   5|0x0000000085d00000, 0x0000000085e00000, 0x0000000085e00000|100%| O|  |TAMS 0x0000000085e00000, 0x0000000085d00000| Untracked 
|   6|0x0000000085e00000, 0x0000000085f00000, 0x0000000085f00000|100%| O|  |TAMS 0x0000000085f00000, 0x0000000085e00000| Untracked 
|   7|0x0000000085f00000, 0x0000000086000000, 0x0000000086000000|100%| O|  |TAMS 0x0000000086000000, 0x0000000085f00000| Untracked 
|   8|0x0000000086000000, 0x0000000086100000, 0x0000000086100000|100%| O|  |TAMS 0x0000000086100000, 0x0000000086000000| Untracked 
|   9|0x0000000086100000, 0x0000000086200000, 0x0000000086200000|100%| O|  |TAMS 0x0000000086200000, 0x0000000086100000| Untracked 
|  10|0x0000000086200000, 0x0000000086300000, 0x0000000086300000|100%| O|  |TAMS 0x0000000086300000, 0x0000000086200000| Untracked 
|  11|0x0000000086300000, 0x0000000086400000, 0x0000000086400000|100%| O|  |TAMS 0x0000000086400000, 0x0000000086300000| Untracked 
|  12|0x0000000086400000, 0x0000000086500000, 0x0000000086500000|100%| O|  |TAMS 0x0000000086500000, 0x0000000086400000| Untracked 
|  13|0x0000000086500000, 0x0000000086600000, 0x0000000086600000|100%| O|  |TAMS 0x0000000086600000, 0x0000000086500000| Untracked 
|  14|0x0000000086600000, 0x0000000086700000, 0x0000000086700000|100%| O|  |TAMS 0x0000000086700000, 0x0000000086600000| Untracked 
|  15|0x0000000086700000, 0x0000000086800000, 0x0000000086800000|100%| O|  |TAMS 0x0000000086800000, 0x0000000086700000| Untracked 
|  16|0x0000000086800000, 0x0000000086900000, 0x0000000086900000|100%| O|  |TAMS 0x0000000086900000, 0x0000000086800000| Untracked 
|  17|0x0000000086900000, 0x0000000086a00000, 0x0000000086a00000|100%| O|  |TAMS 0x0000000086a00000, 0x0000000086900000| Untracked 
|  18|0x0000000086a00000, 0x0000000086b00000, 0x0000000086b00000|100%| O|  |TAMS 0x0000000086b00000, 0x0000000086a00000| Untracked 
|  19|0x0000000086b00000, 0x0000000086c00000, 0x0000000086c00000|100%| O|  |TAMS 0x0000000086c00000, 0x0000000086b00000| Untracked 
|  20|0x0000000086c00000, 0x0000000086d00000, 0x0000000086d00000|100%| O|  |TAMS 0x0000000086d00000, 0x0000000086c00000| Untracked 
|  21|0x0000000086d00000, 0x0000000086e00000, 0x0000000086e00000|100%| O|  |TAMS 0x0000000086e00000, 0x0000000086d00000| Untracked 
|  22|0x0000000086e00000, 0x0000000086f00000, 0x0000000086f00000|100%| O|  |TAMS 0x0000000086f00000, 0x0000000086e00000| Untracked 
|  23|0x0000000086f00000, 0x0000000086f00000, 0x0000000087000000|  0%| F|  |TAMS 0x0000000086f00000, 0x0000000086f00000| Untracked 
|  24|0x0000000087000000, 0x0000000087100000, 0x0000000087100000|100%| O|  |TAMS 0x0000000087000000, 0x0000000087000000| Untracked 
|  25|0x0000000087100000, 0x0000000087200000, 0x0000000087200000|100%| O|  |TAMS 0x0000000087200000, 0x0000000087100000| Untracked 
|  26|0x0000000087200000, 0x0000000087300000, 0x0000000087300000|100%| O|  |TAMS 0x0000000087300000, 0x0000000087200000| Untracked 
|  27|0x0000000087300000, 0x0000000087400000, 0x0000000087400000|100%| O|  |TAMS 0x0000000087400000, 0x0000000087300000| Untracked 
|  28|0x0000000087400000, 0x0000000087500000, 0x0000000087500000|100%| O|  |TAMS 0x0000000087500000, 0x0000000087400000| Untracked 
|  29|0x0000000087500000, 0x0000000087600000, 0x0000000087600000|100%| O|  |TAMS 0x0000000087600000, 0x0000000087500000| Untracked 
|  30|0x0000000087600000, 0x0000000087700000, 0x0000000087700000|100%| O|  |TAMS 0x0000000087700000, 0x0000000087600000| Untracked 
|  31|0x0000000087700000, 0x0000000087800000, 0x0000000087800000|100%| O|  |TAMS 0x0000000087800000, 0x0000000087700000| Untracked 
|  32|0x0000000087800000, 0x0000000087900000, 0x0000000087900000|100%| O|  |TAMS 0x0000000087900000, 0x0000000087800000| Untracked 
|  33|0x0000000087900000, 0x0000000087a00000, 0x0000000087a00000|100%| O|  |TAMS 0x0000000087a00000, 0x0000000087900000| Untracked 
|  34|0x0000000087a00000, 0x0000000087b00000, 0x0000000087b00000|100%| O|  |TAMS 0x0000000087b00000, 0x0000000087a00000| Untracked 
|  35|0x0000000087b00000, 0x0000000087c00000, 0x0000000087c00000|100%| O|  |TAMS 0x0000000087c00000, 0x0000000087b00000| Untracked 
|  36|0x0000000087c00000, 0x0000000087d00000, 0x0000000087d00000|100%| O|  |TAMS 0x0000000087d00000, 0x0000000087c00000| Untracked 
|  37|0x0000000087d00000, 0x0000000087e00000, 0x0000000087e00000|100%| O|  |TAMS 0x0000000087e00000, 0x0000000087d00000| Untracked 
|  38|0x0000000087e00000, 0x0000000087f00000, 0x0000000087f00000|100%| O|  |TAMS 0x0000000087f00000, 0x0000000087e00000| Untracked 
|  39|0x0000000087f00000, 0x0000000088000000, 0x0000000088000000|100%| O|  |TAMS 0x0000000088000000, 0x0000000087f00000| Untracked 
|  40|0x0000000088000000, 0x0000000088100000, 0x0000000088100000|100%| O|  |TAMS 0x0000000088100000, 0x0000000088000000| Untracked 
|  41|0x0000000088100000, 0x0000000088200000, 0x0000000088200000|100%| O|  |TAMS 0x0000000088200000, 0x0000000088100000| Untracked 
|  42|0x0000000088200000, 0x0000000088300000, 0x0000000088300000|100%| O|  |TAMS 0x0000000088300000, 0x0000000088200000| Untracked 
|  43|0x0000000088300000, 0x0000000088400000, 0x0000000088400000|100%| O|  |TAMS 0x0000000088400000, 0x0000000088300000| Untracked 
|  44|0x0000000088400000, 0x0000000088500000, 0x0000000088500000|100%| O|  |TAMS 0x0000000088500000, 0x0000000088400000| Untracked 
|  45|0x0000000088500000, 0x0000000088600000, 0x0000000088600000|100%| O|  |TAMS 0x00000000885caa00, 0x0000000088500000| Untracked 
|  46|0x0000000088600000, 0x0000000088700000, 0x0000000088700000|100%| O|  |TAMS 0x0000000088600000, 0x0000000088600000| Untracked 
|  47|0x0000000088700000, 0x00000000887d0000, 0x0000000088800000| 81%| O|  |TAMS 0x0000000088700000, 0x0000000088700000| Untracked 
|  48|0x0000000088800000, 0x0000000088800000, 0x0000000088900000|  0%| F|  |TAMS 0x0000000088800000, 0x0000000088800000| Untracked 
|  49|0x0000000088900000, 0x0000000088900000, 0x0000000088a00000|  0%| F|  |TAMS 0x0000000088900000, 0x0000000088900000| Untracked 
|  50|0x0000000088a00000, 0x0000000088a00000, 0x0000000088b00000|  0%| F|  |TAMS 0x0000000088a00000, 0x0000000088a00000| Untracked 
|  51|0x0000000088b00000, 0x0000000088b00000, 0x0000000088c00000|  0%| F|  |TAMS 0x0000000088b00000, 0x0000000088b00000| Untracked 
|  52|0x0000000088c00000, 0x0000000088c00000, 0x0000000088d00000|  0%| F|  |TAMS 0x0000000088c00000, 0x0000000088c00000| Untracked 
|  53|0x0000000088d00000, 0x0000000088d00000, 0x0000000088e00000|  0%| F|  |TAMS 0x0000000088d00000, 0x0000000088d00000| Untracked 
|  54|0x0000000088e00000, 0x0000000088e00000, 0x0000000088f00000|  0%| F|  |TAMS 0x0000000088e00000, 0x0000000088e00000| Untracked 
|  55|0x0000000088f00000, 0x0000000088f00000, 0x0000000089000000|  0%| F|  |TAMS 0x0000000088f00000, 0x0000000088f00000| Untracked 
|  56|0x0000000089000000, 0x0000000089000000, 0x0000000089100000|  0%| F|  |TAMS 0x0000000089000000, 0x0000000089000000| Untracked 
|  57|0x0000000089100000, 0x0000000089100000, 0x0000000089200000|  0%| F|  |TAMS 0x0000000089100000, 0x0000000089100000| Untracked 
|  58|0x0000000089200000, 0x0000000089200000, 0x0000000089300000|  0%| F|  |TAMS 0x0000000089200000, 0x0000000089200000| Untracked 
|  59|0x0000000089300000, 0x0000000089300000, 0x0000000089400000|  0%| F|  |TAMS 0x0000000089300000, 0x0000000089300000| Untracked 
|  60|0x0000000089400000, 0x0000000089400000, 0x0000000089500000|  0%| F|  |TAMS 0x0000000089400000, 0x0000000089400000| Untracked 
|  61|0x0000000089500000, 0x0000000089500000, 0x0000000089600000|  0%| F|  |TAMS 0x0000000089500000, 0x0000000089500000| Untracked 
|  62|0x0000000089600000, 0x0000000089600000, 0x0000000089700000|  0%| F|  |TAMS 0x0000000089600000, 0x0000000089600000| Untracked 
|  63|0x0000000089700000, 0x0000000089700000, 0x0000000089800000|  0%| F|  |TAMS 0x0000000089700000, 0x0000000089700000| Untracked 
|  64|0x0000000089800000, 0x0000000089800000, 0x0000000089900000|  0%| F|  |TAMS 0x0000000089800000, 0x0000000089800000| Untracked 
|  65|0x0000000089900000, 0x0000000089900000, 0x0000000089a00000|  0%| F|  |TAMS 0x0000000089900000, 0x0000000089900000| Untracked 
|  66|0x0000000089a00000, 0x0000000089a00000, 0x0000000089b00000|  0%| F|  |TAMS 0x0000000089a00000, 0x0000000089a00000| Untracked 
|  67|0x0000000089b00000, 0x0000000089b00000, 0x0000000089c00000|  0%| F|  |TAMS 0x0000000089b00000, 0x0000000089b00000| Untracked 
|  68|0x0000000089c00000, 0x0000000089c00000, 0x0000000089d00000|  0%| F|  |TAMS 0x0000000089c00000, 0x0000000089c00000| Untracked 
|  69|0x0000000089d00000, 0x0000000089d00000, 0x0000000089e00000|  0%| F|  |TAMS 0x0000000089d00000, 0x0000000089d00000| Untracked 
|  70|0x0000000089e00000, 0x0000000089e00000, 0x0000000089f00000|  0%| F|  |TAMS 0x0000000089e00000, 0x0000000089e00000| Untracked 
|  71|0x0000000089f00000, 0x0000000089f00000, 0x000000008a000000|  0%| F|  |TAMS 0x0000000089f00000, 0x0000000089f00000| Untracked 
|  72|0x000000008a000000, 0x000000008a000000, 0x000000008a100000|  0%| F|  |TAMS 0x000000008a000000, 0x000000008a000000| Untracked 
|  73|0x000000008a100000, 0x000000008a100000, 0x000000008a200000|  0%| F|  |TAMS 0x000000008a100000, 0x000000008a100000| Untracked 
|  74|0x000000008a200000, 0x000000008a200000, 0x000000008a300000|  0%| F|  |TAMS 0x000000008a200000, 0x000000008a200000| Untracked 
|  75|0x000000008a300000, 0x000000008a300000, 0x000000008a400000|  0%| F|  |TAMS 0x000000008a300000, 0x000000008a300000| Untracked 
|  76|0x000000008a400000, 0x000000008a400000, 0x000000008a500000|  0%| F|  |TAMS 0x000000008a400000, 0x000000008a400000| Untracked 
|  77|0x000000008a500000, 0x000000008a500000, 0x000000008a600000|  0%| F|  |TAMS 0x000000008a500000, 0x000000008a500000| Untracked 
|  78|0x000000008a600000, 0x000000008a600000, 0x000000008a700000|  0%| F|  |TAMS 0x000000008a600000, 0x000000008a600000| Untracked 
|  79|0x000000008a700000, 0x000000008a700000, 0x000000008a800000|  0%| F|  |TAMS 0x000000008a700000, 0x000000008a700000| Untracked 
|  80|0x000000008a800000, 0x000000008a87ccd0, 0x000000008a900000| 48%| S|CS|TAMS 0x000000008a800000, 0x000000008a800000| Complete 
|  81|0x000000008a900000, 0x000000008a900000, 0x000000008aa00000|  0%| F|  |TAMS 0x000000008a900000, 0x000000008a900000| Untracked 
|  82|0x000000008aa00000, 0x000000008aa00000, 0x000000008ab00000|  0%| F|  |TAMS 0x000000008aa00000, 0x000000008aa00000| Untracked 
|  83|0x000000008ab00000, 0x000000008ab00000, 0x000000008ac00000|  0%| F|  |TAMS 0x000000008ab00000, 0x000000008ab00000| Untracked 
|  84|0x000000008ac00000, 0x000000008ac00000, 0x000000008ad00000|  0%| F|  |TAMS 0x000000008ac00000, 0x000000008ac00000| Untracked 
|  85|0x000000008ad00000, 0x000000008ad00000, 0x000000008ae00000|  0%| F|  |TAMS 0x000000008ad00000, 0x000000008ad00000| Untracked 
|  86|0x000000008ae00000, 0x000000008ae00000, 0x000000008af00000|  0%| F|  |TAMS 0x000000008ae00000, 0x000000008ae00000| Untracked 
|  87|0x000000008af00000, 0x000000008af00000, 0x000000008b000000|  0%| F|  |TAMS 0x000000008af00000, 0x000000008af00000| Untracked 
|  88|0x000000008b000000, 0x000000008b000000, 0x000000008b100000|  0%| F|  |TAMS 0x000000008b000000, 0x000000008b000000| Untracked 
|  89|0x000000008b100000, 0x000000008b100000, 0x000000008b200000|  0%| F|  |TAMS 0x000000008b100000, 0x000000008b100000| Untracked 
|  90|0x000000008b200000, 0x000000008b200000, 0x000000008b300000|  0%| F|  |TAMS 0x000000008b200000, 0x000000008b200000| Untracked 
|  91|0x000000008b300000, 0x000000008b300000, 0x000000008b400000|  0%| F|  |TAMS 0x000000008b300000, 0x000000008b300000| Untracked 
|  92|0x000000008b400000, 0x000000008b400000, 0x000000008b500000|  0%| F|  |TAMS 0x000000008b400000, 0x000000008b400000| Untracked 
|  93|0x000000008b500000, 0x000000008b500000, 0x000000008b600000|  0%| F|  |TAMS 0x000000008b500000, 0x000000008b500000| Untracked 
|  94|0x000000008b600000, 0x000000008b600000, 0x000000008b700000|  0%| F|  |TAMS 0x000000008b600000, 0x000000008b600000| Untracked 
|  95|0x000000008b700000, 0x000000008b700000, 0x000000008b800000|  0%| F|  |TAMS 0x000000008b700000, 0x000000008b700000| Untracked 
|  96|0x000000008b800000, 0x000000008b800000, 0x000000008b900000|  0%| F|  |TAMS 0x000000008b800000, 0x000000008b800000| Untracked 
|  97|0x000000008b900000, 0x000000008b900000, 0x000000008ba00000|  0%| F|  |TAMS 0x000000008b900000, 0x000000008b900000| Untracked 
|  98|0x000000008ba00000, 0x000000008ba00000, 0x000000008bb00000|  0%| F|  |TAMS 0x000000008ba00000, 0x000000008ba00000| Untracked 
|  99|0x000000008bb00000, 0x000000008bb00000, 0x000000008bc00000|  0%| F|  |TAMS 0x000000008bb00000, 0x000000008bb00000| Untracked 
| 100|0x000000008bc00000, 0x000000008bc00000, 0x000000008bd00000|  0%| F|  |TAMS 0x000000008bc00000, 0x000000008bc00000| Untracked 
| 101|0x000000008bd00000, 0x000000008bd00000, 0x000000008be00000|  0%| F|  |TAMS 0x000000008bd00000, 0x000000008bd00000| Untracked 
| 102|0x000000008be00000, 0x000000008be00000, 0x000000008bf00000|  0%| F|  |TAMS 0x000000008be00000, 0x000000008be00000| Untracked 
| 103|0x000000008bf00000, 0x000000008bf00000, 0x000000008c000000|  0%| F|  |TAMS 0x000000008bf00000, 0x000000008bf00000| Untracked 
| 104|0x000000008c000000, 0x000000008c000000, 0x000000008c100000|  0%| F|  |TAMS 0x000000008c000000, 0x000000008c000000| Untracked 
| 105|0x000000008c100000, 0x000000008c100000, 0x000000008c200000|  0%| F|  |TAMS 0x000000008c100000, 0x000000008c100000| Untracked 
| 106|0x000000008c200000, 0x000000008c200000, 0x000000008c300000|  0%| F|  |TAMS 0x000000008c200000, 0x000000008c200000| Untracked 
| 107|0x000000008c300000, 0x000000008c300000, 0x000000008c400000|  0%| F|  |TAMS 0x000000008c300000, 0x000000008c300000| Untracked 
| 108|0x000000008c400000, 0x000000008c400000, 0x000000008c500000|  0%| F|  |TAMS 0x000000008c400000, 0x000000008c400000| Untracked 
| 109|0x000000008c500000, 0x000000008c500000, 0x000000008c600000|  0%| F|  |TAMS 0x000000008c500000, 0x000000008c500000| Untracked 
| 110|0x000000008c600000, 0x000000008c600000, 0x000000008c700000|  0%| F|  |TAMS 0x000000008c600000, 0x000000008c600000| Untracked 
| 111|0x000000008c700000, 0x000000008c700000, 0x000000008c800000|  0%| F|  |TAMS 0x000000008c700000, 0x000000008c700000| Untracked 
| 112|0x000000008c800000, 0x000000008c800000, 0x000000008c900000|  0%| F|  |TAMS 0x000000008c800000, 0x000000008c800000| Untracked 
| 113|0x000000008c900000, 0x000000008c900000, 0x000000008ca00000|  0%| F|  |TAMS 0x000000008c900000, 0x000000008c900000| Untracked 
| 114|0x000000008ca00000, 0x000000008ca00000, 0x000000008cb00000|  0%| F|  |TAMS 0x000000008ca00000, 0x000000008ca00000| Untracked 
| 115|0x000000008cb00000, 0x000000008cb00000, 0x000000008cc00000|  0%| F|  |TAMS 0x000000008cb00000, 0x000000008cb00000| Untracked 
| 116|0x000000008cc00000, 0x000000008cc00000, 0x000000008cd00000|  0%| F|  |TAMS 0x000000008cc00000, 0x000000008cc00000| Untracked 
| 117|0x000000008cd00000, 0x000000008cd00000, 0x000000008ce00000|  0%| F|  |TAMS 0x000000008cd00000, 0x000000008cd00000| Untracked 
| 118|0x000000008ce00000, 0x000000008ce00000, 0x000000008cf00000|  0%| F|  |TAMS 0x000000008ce00000, 0x000000008ce00000| Untracked 
| 119|0x000000008cf00000, 0x000000008cf00000, 0x000000008d000000|  0%| F|  |TAMS 0x000000008cf00000, 0x000000008cf00000| Untracked 
| 120|0x000000008d000000, 0x000000008d000000, 0x000000008d100000|  0%| F|  |TAMS 0x000000008d000000, 0x000000008d000000| Untracked 
| 121|0x000000008d100000, 0x000000008d100000, 0x000000008d200000|  0%| F|  |TAMS 0x000000008d100000, 0x000000008d100000| Untracked 
| 122|0x000000008d200000, 0x000000008d200000, 0x000000008d300000|  0%| F|  |TAMS 0x000000008d200000, 0x000000008d200000| Untracked 
| 123|0x000000008d300000, 0x000000008d300000, 0x000000008d400000|  0%| F|  |TAMS 0x000000008d300000, 0x000000008d300000| Untracked 

Card table byte_map: [0x00000236d4790000,0x00000236d4b70000] _byte_map_base: 0x00000236d4364000

Marking Bits (Prev, Next): (CMBitMap*) 0x00000236c9a6dd50, (CMBitMap*) 0x00000236c9a6dd90
 Prev Bits: [0x00000236d4f50000, 0x00000236d6df0000)
 Next Bits: [0x00000236d6df0000, 0x00000236d8c90000)

Polling page: 0x00000236c7940000

Metaspace:

Usage:
  Non-class:     61.25 MB used.
      Class:     10.43 MB used.
       Both:     71.68 MB used.

Virtual space:
  Non-class space:       64.00 MB reserved,      61.56 MB ( 96%) committed,  1 nodes.
      Class space:        1.00 GB reserved,      10.69 MB (  1%) committed,  1 nodes.
             Both:        1.06 GB reserved,      72.25 MB (  7%) committed. 

Chunk freelists:
   Non-Class:  1.95 MB
       Class:  5.14 MB
        Both:  7.09 MB

MaxMetaspaceSize: unlimited
CompressedClassSpaceSize: 1.00 GB
Initial GC threshold: 21.00 MB
Current GC threshold: 119.06 MB
CDS: on
MetaspaceReclaimPolicy: balanced
 - commit_granule_bytes: 65536.
 - commit_granule_words: 8192.
 - virtual_space_node_default_size: 8388608.
 - enlarge_chunks_in_place: 1.
 - new_chunks_are_fully_committed: 0.
 - uncommit_free_chunks: 1.
 - use_allocation_guard: 0.
 - handle_deallocations: 1.


Internal statistics:

num_allocs_failed_limit: 6.
num_arena_births: 856.
num_arena_deaths: 34.
num_vsnodes_births: 2.
num_vsnodes_deaths: 0.
num_space_committed: 1156.
num_space_uncommitted: 0.
num_chunks_returned_to_freelist: 44.
num_chunks_taken_from_freelist: 3620.
num_chunk_merges: 11.
num_chunk_splits: 2583.
num_chunks_enlarged: 2014.
num_inconsistent_stats: 0.

CodeCache: size=49152Kb used=11704Kb max_used=11704Kb free=37447Kb
 bounds [0x00000236d12a0000, 0x00000236d1e10000, 0x00000236d42a0000]
 total_blobs=7114 nmethods=6435 adapters=606
 compilation: enabled
              stopped_count=0, restarted_count=0
 full_count=0

Compilation events (20 events):
Event: 52.175 Thread 0x00000236db6ba530 6427       1       org.springframework.beans.factory.support.AbstractAutowireCapableBeanFactory::invokeAwareMethods (77 bytes)
Event: 52.175 Thread 0x00000236db6ba530 nmethod 6427 0x00000236d1e04790 code [0x00000236d1e04960, 0x00000236d1e04d88]
Event: 52.175 Thread 0x00000236db6ba530 6428       1       org.springframework.boot.context.properties.BindMethodAttribute::get (13 bytes)
Event: 52.176 Thread 0x00000236db6ba530 nmethod 6428 0x00000236d1e04e90 code [0x00000236d1e05040, 0x00000236d1e051e8]
Event: 52.182 Thread 0x00000236db6ba530 6429       1       org.springframework.beans.factory.support.AbstractAutowireCapableBeanFactory::invokeInitMethods (161 bytes)
Event: 52.183 Thread 0x00000236db6ba530 nmethod 6429 0x00000236d1e05390 code [0x00000236d1e055e0, 0x00000236d1e05d58]
Event: 52.190 Thread 0x00000236db6ba530 6430       1       org.springframework.beans.factory.support.AbstractBeanDefinition::isPrototype (11 bytes)
Event: 52.190 Thread 0x00000236db6ba530 nmethod 6430 0x00000236d1e06290 code [0x00000236d1e06420, 0x00000236d1e06508]
Event: 52.219 Thread 0x00000236db6ba530 6431       1       sun.reflect.generics.parser.SignatureParser::parseFormalTypeParameters (119 bytes)
Event: 52.220 Thread 0x00000236db6ba530 nmethod 6431 0x00000236d1e06590 code [0x00000236d1e06840, 0x00000236d1e07218]
Event: 52.237 Thread 0x00000236db6ba530 6432       1       java.util.concurrent.ConcurrentHashMap::comparableClassFor (115 bytes)
Event: 52.238 Thread 0x00000236db6ba530 nmethod 6432 0x00000236d1e07810 code [0x00000236d1e07a20, 0x00000236d1e07f18]
Event: 52.238 Thread 0x00000236db6ba530 6433       1       java.util.concurrent.ConcurrentHashMap$TreeNode::findTreeNode (177 bytes)
Event: 52.239 Thread 0x00000236db6ba530 nmethod 6433 0x00000236d1e08190 code [0x00000236d1e08360, 0x00000236d1e08738]
Event: 52.253 Thread 0x00000236db6ba530 6434   !   1       java.util.concurrent.ConcurrentHashMap::transfer (849 bytes)
Event: 52.256 Thread 0x00000236db6ba530 nmethod 6434 0x00000236d1e08990 code [0x00000236d1e08c40, 0x00000236d1e0a518]
Event: 52.256 Thread 0x00000236db6ba530 6435 % !   1       java.util.concurrent.ConcurrentHashMap::transfer @ 96 (849 bytes)
Event: 52.259 Thread 0x00000236db6ba530 nmethod 6435% 0x00000236d1e0b210 code [0x00000236d1e0b4e0, 0x00000236d1e0d018]
Event: 52.263 Thread 0x00000236db6ba530 6436       1       java.util.concurrent.ConcurrentHashMap$TreeBin::tieBreakOrder (49 bytes)
Event: 52.264 Thread 0x00000236db6ba530 nmethod 6436 0x00000236d1e0dd90 code [0x00000236d1e0df60, 0x00000236d1e0e148]

GC Heap History (20 events):
Event: 41.259 GC heap after
{Heap after GC invocations=17 (full 0):
 garbage-first heap   total 81920K, used 43756K [0x0000000085800000, 0x0000000100000000)
  region size 1024K, 4 young (4096K), 4 survivors (4096K)
 Metaspace       used 53919K, committed 54464K, reserved 1114112K
  class space    used 7676K, committed 7936K, reserved 1048576K
}
Event: 41.301 GC heap before
{Heap before GC invocations=17 (full 0):
 garbage-first heap   total 81920K, used 44780K [0x0000000085800000, 0x0000000100000000)
  region size 1024K, 5 young (5120K), 4 survivors (4096K)
 Metaspace       used 54107K, committed 54592K, reserved 1114112K
  class space    used 7702K, committed 7936K, reserved 1048576K
}
Event: 41.305 GC heap after
{Heap after GC invocations=18 (full 0):
 garbage-first heap   total 81920K, used 44076K [0x0000000085800000, 0x0000000100000000)
  region size 1024K, 1 young (1024K), 1 survivors (1024K)
 Metaspace       used 54107K, committed 54592K, reserved 1114112K
  class space    used 7702K, committed 7936K, reserved 1048576K
}
Event: 42.838 GC heap before
{Heap before GC invocations=18 (full 0):
 garbage-first heap   total 81920K, used 64556K [0x0000000085800000, 0x0000000100000000)
  region size 1024K, 22 young (22528K), 1 survivors (1024K)
 Metaspace       used 57912K, committed 58432K, reserved 1114112K
  class space    used 8248K, committed 8512K, reserved 1048576K
}
Event: 42.843 GC heap after
{Heap after GC invocations=19 (full 0):
 garbage-first heap   total 81920K, used 44779K [0x0000000085800000, 0x0000000100000000)
  region size 1024K, 2 young (2048K), 2 survivors (2048K)
 Metaspace       used 57912K, committed 58432K, reserved 1114112K
  class space    used 8248K, committed 8512K, reserved 1048576K
}
Event: 45.097 GC heap before
{Heap before GC invocations=20 (full 0):
 garbage-first heap   total 81920K, used 66283K [0x0000000085800000, 0x0000000100000000)
  region size 1024K, 23 young (23552K), 2 survivors (2048K)
 Metaspace       used 63850K, committed 64384K, reserved 1114112K
  class space    used 9236K, committed 9536K, reserved 1048576K
}
Event: 45.103 GC heap after
{Heap after GC invocations=21 (full 0):
 garbage-first heap   total 81920K, used 45572K [0x0000000085800000, 0x0000000100000000)
  region size 1024K, 2 young (2048K), 2 survivors (2048K)
 Metaspace       used 63850K, committed 64384K, reserved 1114112K
  class space    used 9236K, committed 9536K, reserved 1048576K
}
Event: 45.283 GC heap before
{Heap before GC invocations=21 (full 0):
 garbage-first heap   total 81920K, used 47620K [0x0000000085800000, 0x0000000100000000)
  region size 1024K, 4 young (4096K), 2 survivors (2048K)
 Metaspace       used 64391K, committed 64960K, reserved 1114112K
  class space    used 9322K, committed 9600K, reserved 1048576K
}
Event: 45.293 GC heap after
{Heap after GC invocations=22 (full 0):
 garbage-first heap   total 81920K, used 43936K [0x0000000085800000, 0x0000000100000000)
  region size 1024K, 1 young (1024K), 1 survivors (1024K)
 Metaspace       used 64391K, committed 64960K, reserved 1114112K
  class space    used 9322K, committed 9600K, reserved 1048576K
}
Event: 50.198 GC heap before
{Heap before GC invocations=22 (full 0):
 garbage-first heap   total 81920K, used 66464K [0x0000000085800000, 0x0000000100000000)
  region size 1024K, 24 young (24576K), 1 survivors (1024K)
 Metaspace       used 68639K, committed 69248K, reserved 1114112K
  class space    used 9879K, committed 10176K, reserved 1048576K
}
Event: 50.203 GC heap after
{Heap after GC invocations=23 (full 0):
 garbage-first heap   total 81920K, used 45045K [0x0000000085800000, 0x0000000100000000)
  region size 1024K, 2 young (2048K), 2 survivors (2048K)
 Metaspace       used 68639K, committed 69248K, reserved 1114112K
  class space    used 9879K, committed 10176K, reserved 1048576K
}
Event: 51.055 GC heap before
{Heap before GC invocations=24 (full 0):
 garbage-first heap   total 81920K, used 67573K [0x0000000085800000, 0x0000000100000000)
  region size 1024K, 24 young (24576K), 2 survivors (2048K)
 Metaspace       used 71106K, committed 71680K, reserved 1114112K
  class space    used 10323K, committed 10624K, reserved 1048576K
}
Event: 51.061 GC heap after
{Heap after GC invocations=25 (full 0):
 garbage-first heap   total 81920K, used 46693K [0x0000000085800000, 0x0000000100000000)
  region size 1024K, 3 young (3072K), 3 survivors (3072K)
 Metaspace       used 71106K, committed 71680K, reserved 1114112K
  class space    used 10323K, committed 10624K, reserved 1048576K
}
Event: 51.107 GC heap before
{Heap before GC invocations=25 (full 0):
 garbage-first heap   total 81920K, used 47717K [0x0000000085800000, 0x0000000100000000)
  region size 1024K, 4 young (4096K), 3 survivors (3072K)
 Metaspace       used 71222K, committed 71808K, reserved 1114112K
  class space    used 10343K, committed 10624K, reserved 1048576K
}
Event: 51.118 GC heap after
{Heap after GC invocations=26 (full 0):
 garbage-first heap   total 81920K, used 46364K [0x0000000085800000, 0x0000000100000000)
  region size 1024K, 1 young (1024K), 1 survivors (1024K)
 Metaspace       used 71222K, committed 71808K, reserved 1114112K
  class space    used 10343K, committed 10624K, reserved 1048576K
}
Event: 51.681 GC heap before
{Heap before GC invocations=26 (full 0):
 garbage-first heap   total 81920K, used 67868K [0x0000000085800000, 0x0000000100000000)
  region size 1024K, 22 young (22528K), 1 survivors (1024K)
 Metaspace       used 72532K, committed 73088K, reserved 1114112K
  class space    used 10550K, committed 10816K, reserved 1048576K
}
Event: 51.684 GC heap after
{Heap after GC invocations=27 (full 0):
 garbage-first heap   total 81920K, used 47262K [0x0000000085800000, 0x0000000100000000)
  region size 1024K, 2 young (2048K), 2 survivors (2048K)
 Metaspace       used 72532K, committed 73088K, reserved 1114112K
  class space    used 10550K, committed 10816K, reserved 1048576K
}
Event: 52.245 GC heap before
{Heap before GC invocations=28 (full 0):
 garbage-first heap   total 83968K, used 66718K [0x0000000085800000, 0x0000000100000000)
  region size 1024K, 21 young (21504K), 2 survivors (2048K)
 Metaspace       used 73398K, committed 73984K, reserved 1114112K
  class space    used 10678K, committed 10944K, reserved 1048576K
}
Event: 52.250 GC heap after
{Heap after GC invocations=29 (full 0):
 garbage-first heap   total 83968K, used 48503K [0x0000000085800000, 0x0000000100000000)
  region size 1024K, 3 young (3072K), 3 survivors (3072K)
 Metaspace       used 73398K, committed 73984K, reserved 1114112K
  class space    used 10678K, committed 10944K, reserved 1048576K
}
Event: 52.271 GC heap before
{Heap before GC invocations=29 (full 0):
 garbage-first heap   total 83968K, used 49527K [0x0000000085800000, 0x0000000100000000)
  region size 1024K, 4 young (4096K), 3 survivors (3072K)
 Metaspace       used 73398K, committed 73984K, reserved 1114112K
  class space    used 10678K, committed 10944K, reserved 1048576K
}

Deoptimization events (12 events):
Event: 3.563 Thread 0x00000236e0736c20 DEOPT PACKING pc=0x00000236d154479c sp=0x000000c854dfd7b0
Event: 3.563 Thread 0x00000236e0736c20 DEOPT UNPACKING pc=0x00000236d12f66e3 sp=0x000000c854dfcc78 mode 0
Event: 24.131 Thread 0x00000236e0736c20 DEOPT PACKING pc=0x00000236d1a41fb9 sp=0x000000c854dfd5b0
Event: 24.131 Thread 0x00000236e0736c20 DEOPT UNPACKING pc=0x00000236d12f66e3 sp=0x000000c854dfcb58 mode 0
Event: 40.700 Thread 0x00000236e0736c20 DEOPT PACKING pc=0x00000236d16a5201 sp=0x000000c854df9410
Event: 40.700 Thread 0x00000236e0736c20 DEOPT UNPACKING pc=0x00000236d12f66e3 sp=0x000000c854df88a0 mode 3
Event: 40.700 Thread 0x00000236e20184a0 DEOPT PACKING pc=0x00000236d16a0217 sp=0x000000c8555ff2e0
Event: 40.700 Thread 0x00000236e20184a0 DEOPT UNPACKING pc=0x00000236d12f66e3 sp=0x000000c8555fe738 mode 3
Event: 52.253 Thread 0x00000236e0736c20 DEOPT PACKING pc=0x00000236d16aa32a sp=0x000000c854df6740
Event: 52.253 Thread 0x00000236e0736c20 DEOPT UNPACKING pc=0x00000236d12f66e3 sp=0x000000c854df5c48 mode 3
Event: 52.254 Thread 0x00000236e0736c20 DEOPT PACKING pc=0x00000236d167fba5 sp=0x000000c854df6700
Event: 52.254 Thread 0x00000236e0736c20 DEOPT UNPACKING pc=0x00000236d12f66e3 sp=0x000000c854df5c48 mode 3

Classes unloaded (17 events):
Event: 42.888 Thread 0x00000236db697090 Unloading class 0x0000023681224400 'jdk/internal/reflect/GeneratedConstructorAccessor2'
Event: 42.888 Thread 0x00000236db697090 Unloading class 0x000002368121d800 'java/lang/invoke/LambdaForm$MH+0x000002368121d800'
Event: 42.888 Thread 0x00000236db697090 Unloading class 0x000002368121d400 'java/lang/invoke/LambdaForm$MH+0x000002368121d400'
Event: 42.888 Thread 0x00000236db697090 Unloading class 0x000002368121d000 'java/lang/invoke/LambdaForm$MH+0x000002368121d000'
Event: 42.888 Thread 0x00000236db697090 Unloading class 0x000002368121cc00 'java/lang/invoke/LambdaForm$MH+0x000002368121cc00'
Event: 42.888 Thread 0x00000236db697090 Unloading class 0x000002368121c800 'java/lang/invoke/LambdaForm$MH+0x000002368121c800'
Event: 42.888 Thread 0x00000236db697090 Unloading class 0x00000236811ec400 'java/lang/invoke/LambdaForm$DMH+0x00000236811ec400'
Event: 42.888 Thread 0x00000236db697090 Unloading class 0x0000023681162400 'java/lang/invoke/LambdaForm$MH+0x0000023681162400'
Event: 42.888 Thread 0x00000236db697090 Unloading class 0x000002368110c000 'java/lang/invoke/LambdaForm$DMH+0x000002368110c000'
Event: 42.888 Thread 0x00000236db697090 Unloading class 0x0000023681016c00 'java/lang/invoke/LambdaForm$MH+0x0000023681016c00'
Event: 42.888 Thread 0x00000236db697090 Unloading class 0x0000023681016400 'java/lang/invoke/LambdaForm$MH+0x0000023681016400'
Event: 42.888 Thread 0x00000236db697090 Unloading class 0x0000023681016000 'java/lang/invoke/LambdaForm$MH+0x0000023681016000'
Event: 42.888 Thread 0x00000236db697090 Unloading class 0x0000023681015c00 'java/lang/invoke/LambdaForm$MH+0x0000023681015c00'
Event: 42.888 Thread 0x00000236db697090 Unloading class 0x0000023681015800 'java/lang/invoke/LambdaForm$MH+0x0000023681015800'
Event: 42.888 Thread 0x00000236db697090 Unloading class 0x0000023681015400 'java/lang/invoke/LambdaForm$MH+0x0000023681015400'
Event: 42.888 Thread 0x00000236db697090 Unloading class 0x0000023681014c00 'java/lang/invoke/LambdaForm$MH+0x0000023681014c00'
Event: 51.743 Thread 0x00000236db697090 Unloading class 0x000002368133a400 'jdk/internal/reflect/GeneratedConstructorAccessor9'

Classes redefined (0 events):
No events

Internal exceptions (20 events):
Event: 46.721 Thread 0x00000236e0736c20 Exception <a 'java/lang/NoSuchMethodError'{0x000000008a208c70}: 'java.lang.Object java.lang.invoke.DirectMethodHandle$Holder.newInvokeSpecial(java.lang.Object, java.lang.Object, java.lang.Object, java.lang.Object, java.lang.Object, int, java.lang.Object)'> (0x000000008a208c70) 
thrown [s\open\src\hotspot\share\interpreter\linkResolver.cpp, line 759]
Event: 47.738 Thread 0x00000236e0736c20 Exception <a 'java/lang/NoSuchMethodError'{0x000000008a242348}: 'java.lang.Object java.lang.invoke.DirectMethodHandle$Holder.newInvokeSpecial(java.lang.Object, java.lang.Object, java.lang.Object, java.lang.Object, java.lang.Object, java.lang.Object, java.lang.Object, java.lang.Object, java.lang.Object, java.lang.Object, java.lang.Object, java.lang.Object)'> (0x000000008a242348) 
thrown [s\open\src\hotspot\share\interpreter\linkResolver.cpp, line 759]
Event: 47.740 Thread 0x00000236e0736c20 Exception <a 'java/lang/NoSuchMethodError'{0x000000008a2475d8}: 'java.lang.Object java.lang.invoke.DirectMethodHandle$Holder.invokeSpecial(java.lang.Object, java.lang.Object, java.lang.Object, java.lang.Object, java.lang.Object, java.lang.Object, java.lang.Object, java.lang.Object, java.lang.Object, java.lang.Object, java.lang.Object, java.lang.Object, java.lang.Object)'> (0x000000008a2475d8) 
thrown [s\open\src\hotspot\share\interpreter\linkResolver.cpp, line 759]
Event: 47.740 Thread 0x00000236e0736c20 Exception <a 'java/lang/NoSuchMethodError'{0x000000008a24c4e8}: 'java.lang.Object java.lang.invoke.Invokers$Holder.linkToTargetMethod(java.lang.Object, java.lang.Object, java.lang.Object, java.lang.Object, java.lang.Object, java.lang.Object, java.lang.Object, java.lang.Object, java.lang.Object, java.lang.Object, java.lang.Object, java.lang.Object)'> (0x000000008a24c4e8) 
thrown [s\open\src\hotspot\share\interpreter\linkResolver.cpp, line 759]
Event: 47.853 Thread 0x00000236e0736c20 Exception <a 'java/lang/IncompatibleClassChangeError'{0x000000008a009b88}: Found class java.lang.Object, but interface was expected> (0x000000008a009b88) 
thrown [s\open\src\hotspot\share\interpreter\linkResolver.cpp, line 826]
Event: 47.885 Thread 0x00000236e0736c20 Exception <a 'java/lang/NoSuchMethodError'{0x000000008a08e5f8}: 'java.lang.Object java.lang.invoke.DirectMethodHandle$Holder.newInvokeSpecial(java.lang.Object, java.lang.Object, java.lang.Object, java.lang.Object, java.lang.Object, java.lang.Object, java.lang.Object, int)'> (0x000000008a08e5f8) 
thrown [s\open\src\hotspot\share\interpreter\linkResolver.cpp, line 759]
Event: 47.886 Thread 0x00000236e0736c20 Exception <a 'java/lang/NoSuchMethodError'{0x000000008a093de8}: 'java.lang.Object java.lang.invoke.DirectMethodHandle$Holder.invokeSpecial(java.lang.Object, java.lang.Object, java.lang.Object, java.lang.Object, java.lang.Object, java.lang.Object, java.lang.Object, java.lang.Object, int)'> (0x000000008a093de8) 
thrown [s\open\src\hotspot\share\interpreter\linkResolver.cpp, line 759]
Event: 47.886 Thread 0x00000236e0736c20 Exception <a 'java/lang/NoSuchMethodError'{0x000000008a0990a8}: 'java.lang.Object java.lang.invoke.Invokers$Holder.linkToTargetMethod(java.lang.Object, java.lang.Object, java.lang.Object, java.lang.Object, java.lang.Object, java.lang.Object, int, java.lang.Object)'> (0x000000008a0990a8) 
thrown [s\open\src\hotspot\share\interpreter\linkResolver.cpp, line 759]
Event: 47.938 Thread 0x00000236e0736c20 Exception <a 'java/lang/NoSuchMethodError'{0x0000000089f7d090}: 'void java.lang.invoke.DirectMethodHandle$Holder.invokeInterface(java.lang.Object, java.lang.Object)'> (0x0000000089f7d090) 
thrown [s\open\src\hotspot\share\interpreter\linkResolver.cpp, line 759]
Event: 48.941 Thread 0x00000236e0736c20 Exception <a 'java/lang/IncompatibleClassChangeError'{0x00000000894cfd60}: Found class java.lang.Object, but interface was expected> (0x00000000894cfd60) 
thrown [s\open\src\hotspot\share\interpreter\linkResolver.cpp, line 826]
Event: 49.110 Thread 0x00000236e0736c20 Exception <a 'java/lang/IncompatibleClassChangeError'{0x0000000089188e08}: Found class java.lang.Object, but interface was expected> (0x0000000089188e08) 
thrown [s\open\src\hotspot\share\interpreter\linkResolver.cpp, line 826]
Event: 50.425 Thread 0x00000236e0736c20 Exception <a 'java/lang/IncompatibleClassChangeError'{0x000000008a2a02d8}: Found class java.lang.Object, but interface was expected> (0x000000008a2a02d8) 
thrown [s\open\src\hotspot\share\interpreter\linkResolver.cpp, line 826]
Event: 50.548 Thread 0x00000236e0736c20 Exception <a 'java/lang/reflect/InvocationTargetException'{0x0000000089f206b8}> (0x0000000089f206b8) 
thrown [s\open\src\hotspot\share\runtime\reflection.cpp, line 1121]
Event: 50.569 Thread 0x00000236e0736c20 Exception <a 'java/lang/NoSuchMethodError'{0x0000000089f85448}: 'int java.lang.invoke.DirectMethodHandle$Holder.invokeStatic(java.lang.Object, java.lang.Object, int)'> (0x0000000089f85448) 
thrown [s\open\src\hotspot\share\interpreter\linkResolver.cpp, line 759]
Event: 50.580 Thread 0x00000236e0736c20 Exception <a 'java/lang/IncompatibleClassChangeError'{0x0000000089fc9ed0}: Found class java.lang.Object, but interface was expected> (0x0000000089fc9ed0) 
thrown [s\open\src\hotspot\share\interpreter\linkResolver.cpp, line 826]
Event: 50.580 Thread 0x00000236e0736c20 Exception <a 'java/lang/IncompatibleClassChangeError'{0x0000000089fd0a30}: Found class java.lang.Object, but interface was expected> (0x0000000089fd0a30) 
thrown [s\open\src\hotspot\share\interpreter\linkResolver.cpp, line 826]
Event: 50.673 Thread 0x00000236e0736c20 Exception <a 'java/lang/NoSuchMethodError'{0x0000000089d94fe0}: 'java.lang.Object java.lang.invoke.DirectMethodHandle$Holder.invokeStatic(java.lang.Object, int, java.lang.Object)'> (0x0000000089d94fe0) 
thrown [s\open\src\hotspot\share\interpreter\linkResolver.cpp, line 759]
Event: 50.843 Thread 0x00000236e0736c20 Exception <a 'java/lang/NoSuchMethodError'{0x0000000089732d00}: 'long java.lang.invoke.DirectMethodHandle$Holder.invokeVirtual(java.lang.Object, java.lang.Object)'> (0x0000000089732d00) 
thrown [s\open\src\hotspot\share\interpreter\linkResolver.cpp, line 759]
Event: 50.854 Thread 0x00000236e0736c20 Exception <a 'java/io/FileNotFoundException'{0x0000000089762e80}> (0x0000000089762e80) 
thrown [s\open\src\hotspot\share\prims\jni.cpp, line 516]
Event: 52.109 Thread 0x00000236e0736c20 Exception <a 'sun/nio/fs/WindowsException'{0x0000000089c01fb0}> (0x0000000089c01fb0) 
thrown [s\open\src\hotspot\share\prims\jni.cpp, line 516]

VM Operations (20 events):
Event: 51.061 Executing VM operation: G1CollectForAllocation done
Event: 51.107 Executing VM operation: G1CollectForAllocation
Event: 51.118 Executing VM operation: G1CollectForAllocation done
Event: 51.507 Executing VM operation: HandshakeAllThreads
Event: 51.507 Executing VM operation: HandshakeAllThreads done
Event: 51.681 Executing VM operation: G1CollectForAllocation
Event: 51.684 Executing VM operation: G1CollectForAllocation done
Event: 51.742 Executing VM operation: G1Concurrent
Event: 51.759 Executing VM operation: G1Concurrent done
Event: 51.790 Executing VM operation: G1Concurrent
Event: 51.802 Executing VM operation: G1Concurrent done
Event: 51.944 Executing VM operation: HandshakeAllThreads
Event: 51.944 Executing VM operation: HandshakeAllThreads done
Event: 51.982 Executing VM operation: HandshakeAllThreads
Event: 51.982 Executing VM operation: HandshakeAllThreads done
Event: 51.983 Executing VM operation: HandshakeAllThreads
Event: 51.983 Executing VM operation: HandshakeAllThreads done
Event: 52.245 Executing VM operation: G1CollectForAllocation
Event: 52.250 Executing VM operation: G1CollectForAllocation done
Event: 52.271 Executing VM operation: G1CollectForAllocation

Events (20 events):
Event: 50.881 Thread 0x00000236e279aa80 Thread added: 0x00000236e279aa80
Event: 50.888 Thread 0x00000236e279bec0 Thread added: 0x00000236e279bec0
Event: 51.211 loading class java/util/concurrent/ConcurrentHashMap$TreeNode
Event: 51.211 loading class java/util/concurrent/ConcurrentHashMap$TreeNode done
Event: 51.212 loading class java/util/concurrent/ConcurrentHashMap$TreeBin
Event: 51.212 loading class java/util/concurrent/ConcurrentHashMap$TreeBin done
Event: 51.385 loading class java/time/DurationEditor
Event: 51.385 loading class java/time/DurationEditor done
Event: 51.506 loading class java/util/ArrayList$ListItr
Event: 51.506 loading class java/util/ArrayList$ListItr done
Event: 51.952 loading class java/util/regex/PatternSyntaxException
Event: 51.952 loading class java/util/regex/PatternSyntaxException done
Event: 51.960 loading class java/util/Comparators$NullComparator
Event: 51.961 loading class java/util/Comparators$NullComparator done
Event: 52.179 loading class java/util/EnumMap$EntrySet
Event: 52.179 loading class java/util/EnumMap$EntrySet done
Event: 52.179 loading class java/util/EnumMap$EntryIterator
Event: 52.180 loading class java/util/EnumMap$EnumMapIterator
Event: 52.180 loading class java/util/EnumMap$EnumMapIterator done
Event: 52.180 loading class java/util/EnumMap$EntryIterator done


Dynamic libraries:
0x00007ff79a220000 - 0x00007ff79a230000 	C:\Program Files\Java\jdk-17\bin\java.exe
0x00007ffc4dce0000 - 0x00007ffc4df48000 	C:\WINDOWS\SYSTEM32\ntdll.dll
0x00007ffc4ce80000 - 0x00007ffc4cf49000 	C:\WINDOWS\System32\KERNEL32.DLL
0x00007ffc4b480000 - 0x00007ffc4b871000 	C:\WINDOWS\System32\KERNELBASE.dll
0x00007ffc4b880000 - 0x00007ffc4b9cb000 	C:\WINDOWS\System32\ucrtbase.dll
0x00007ffc47940000 - 0x00007ffc4795b000 	C:\Program Files\Java\jdk-17\bin\VCRUNTIME140.dll
0x00007ffc3a860000 - 0x00007ffc3a879000 	C:\Program Files\Java\jdk-17\bin\jli.dll
0x00007ffc4c2c0000 - 0x00007ffc4c374000 	C:\WINDOWS\System32\ADVAPI32.dll
0x00007ffc4d1b0000 - 0x00007ffc4d259000 	C:\WINDOWS\System32\msvcrt.dll
0x00007ffc4c730000 - 0x00007ffc4c7d6000 	C:\WINDOWS\System32\sechost.dll
0x00007ffc4c7e0000 - 0x00007ffc4c8f8000 	C:\WINDOWS\System32\RPCRT4.dll
0x00007ffc4cfd0000 - 0x00007ffc4d196000 	C:\WINDOWS\System32\USER32.dll
0x00007ffc4aa20000 - 0x00007ffc4aa47000 	C:\WINDOWS\System32\win32u.dll
0x00007ffc4c290000 - 0x00007ffc4c2bb000 	C:\WINDOWS\System32\GDI32.dll
0x00007ffc292f0000 - 0x00007ffc29583000 	C:\WINDOWS\WinSxS\amd64_microsoft.windows.common-controls_6595b64144ccf1df_6.0.26100.7824_none_3e0870b2e3345462\COMCTL32.dll
0x00007ffc4aa50000 - 0x00007ffc4ab7b000 	C:\WINDOWS\System32\gdi32full.dll
0x00007ffc4b9d0000 - 0x00007ffc4ba73000 	C:\WINDOWS\System32\msvcp_win.dll
0x00007ffc3b280000 - 0x00007ffc3b28b000 	C:\WINDOWS\SYSTEM32\VERSION.dll
0x00007ffc4d2f0000 - 0x00007ffc4d321000 	C:\WINDOWS\System32\IMM32.DLL
0x00007ffc47920000 - 0x00007ffc4792c000 	C:\Program Files\Java\jdk-17\bin\vcruntime140_1.dll
0x00007ffc21be0000 - 0x00007ffc21c6e000 	C:\Program Files\Java\jdk-17\bin\msvcp140.dll
0x00007ffbfdcf0000 - 0x00007ffbfe8cf000 	C:\Program Files\Java\jdk-17\bin\server\jvm.dll
0x00007ffc4d2e0000 - 0x00007ffc4d2e8000 	C:\WINDOWS\System32\PSAPI.DLL
0x00007ffc3abc0000 - 0x00007ffc3abca000 	C:\WINDOWS\SYSTEM32\WSOCK32.dll
0x00007ffc4ce00000 - 0x00007ffc4ce74000 	C:\WINDOWS\System32\WS2_32.dll
0x00007ffc408f0000 - 0x00007ffc40925000 	C:\WINDOWS\SYSTEM32\WINMM.dll
0x00007ffc49360000 - 0x00007ffc4937b000 	C:\WINDOWS\SYSTEM32\kernel.appcore.dll
0x00007ffc478c0000 - 0x00007ffc478ca000 	C:\Program Files\Java\jdk-17\bin\jimage.dll
0x00007ffc48600000 - 0x00007ffc48842000 	C:\WINDOWS\SYSTEM32\DBGHELP.DLL
0x00007ffc4c900000 - 0x00007ffc4cc86000 	C:\WINDOWS\System32\combase.dll
0x00007ffc4cc90000 - 0x00007ffc4cd67000 	C:\WINDOWS\System32\OLEAUT32.dll
0x00007ffc2e790000 - 0x00007ffc2e7cb000 	C:\WINDOWS\SYSTEM32\dbgcore.DLL
0x00007ffc4a7f0000 - 0x00007ffc4a895000 	C:\WINDOWS\System32\bcryptPrimitives.dll
0x00007ffc3a200000 - 0x00007ffc3a225000 	C:\Program Files\Java\jdk-17\bin\java.dll
0x00007ffc1d9f0000 - 0x00007ffc1dac7000 	C:\Program Files\Java\jdk-17\bin\jsvml.dll
0x00007ffc4bb30000 - 0x00007ffc4c282000 	C:\WINDOWS\System32\SHELL32.dll
0x00007ffc4a5c0000 - 0x00007ffc4a72a000 	C:\WINDOWS\System32\wintypes.dll
0x00007ffc4ab80000 - 0x00007ffc4b3e3000 	C:\WINDOWS\System32\windows.storage.dll
0x00007ffc4db30000 - 0x00007ffc4dc26000 	C:\WINDOWS\System32\SHCORE.dll
0x00007ffc4dc30000 - 0x00007ffc4dc97000 	C:\WINDOWS\System32\shlwapi.dll
0x00007ffc4a4e0000 - 0x00007ffc4a509000 	C:\WINDOWS\SYSTEM32\profapi.dll
0x00007ffc376e0000 - 0x00007ffc376f9000 	C:\Program Files\Java\jdk-17\bin\net.dll
0x00007ffc40730000 - 0x00007ffc40857000 	C:\WINDOWS\SYSTEM32\WINHTTP.dll
0x00007ffc498d0000 - 0x00007ffc4993b000 	C:\WINDOWS\system32\mswsock.dll
0x00007ffc35080000 - 0x00007ffc35096000 	C:\Program Files\Java\jdk-17\bin\nio.dll
0x00007ffc34f30000 - 0x00007ffc34f48000 	C:\Program Files\Java\jdk-17\bin\zip.dll
0x00007ffc430d0000 - 0x00007ffc430da000 	C:\Program Files\Java\jdk-17\bin\management.dll
0x00007ffc3a2a0000 - 0x00007ffc3a2ab000 	C:\Program Files\Java\jdk-17\bin\management_ext.dll
0x00007ffc48e20000 - 0x00007ffc48f4c000 	C:\WINDOWS\SYSTEM32\DNSAPI.dll
0x00007ffc48d80000 - 0x00007ffc48db4000 	C:\WINDOWS\SYSTEM32\IPHLPAPI.DLL
0x00007ffc4bb00000 - 0x00007ffc4bb0a000 	C:\WINDOWS\System32\NSI.dll
0x00007ffc401e0000 - 0x00007ffc401eb000 	C:\Windows\System32\rasadhlp.dll
0x00007ffc42eb0000 - 0x00007ffc42f36000 	C:\WINDOWS\System32\fwpuclnt.dll
0x00007ffc42890000 - 0x00007ffc428ae000 	C:\WINDOWS\SYSTEM32\dhcpcsvc6.DLL
0x00007ffc42860000 - 0x00007ffc42883000 	C:\WINDOWS\SYSTEM32\dhcpcsvc.DLL
0x00007ffc36f00000 - 0x00007ffc36f0e000 	C:\Program Files\Java\jdk-17\bin\sunmscapi.dll
0x00007ffc4a8a0000 - 0x00007ffc4aa17000 	C:\WINDOWS\System32\CRYPT32.dll
0x00007ffc49dc0000 - 0x00007ffc49df0000 	C:\WINDOWS\SYSTEM32\ncrypt.dll
0x00007ffc49d70000 - 0x00007ffc49daf000 	C:\WINDOWS\SYSTEM32\NTASN1.dll
0x00007ffc49ba0000 - 0x00007ffc49bbb000 	C:\WINDOWS\SYSTEM32\CRYPTSP.dll
0x00007ffc492c0000 - 0x00007ffc492f9000 	C:\WINDOWS\system32\rsaenh.dll
0x00007ffc49980000 - 0x00007ffc499ab000 	C:\WINDOWS\SYSTEM32\USERENV.dll
0x00007ffc4a4b0000 - 0x00007ffc4a4da000 	C:\WINDOWS\SYSTEM32\bcrypt.dll
0x00007ffc49bc0000 - 0x00007ffc49bcc000 	C:\WINDOWS\SYSTEM32\CRYPTBASE.dll
0x00007ffc45910000 - 0x00007ffc45920000 	C:\Program Files\Java\jdk-17\bin\verify.dll

dbghelp: loaded successfully - version: 4.0.5 - missing functions: none
symbol engine: initialized successfully - sym options: 0x614 - pdb path: .;C:\Program Files\Java\jdk-17\bin;C:\WINDOWS\SYSTEM32;C:\WINDOWS\WinSxS\amd64_microsoft.windows.common-controls_6595b64144ccf1df_6.0.26100.7824_none_3e0870b2e3345462;C:\Program Files\Java\jdk-17\bin\server

VM Arguments:
jvm_args: -XX:TieredStopAtLevel=1 
java_command: com.authentication_service.AuthenticationServiceApplication
java_class_path (initial): U:\Desktop\09_Projects\04_Java_Microservices\03_Banking_as_a_Service\codebase\Banking_As_A_Service\authentication_service\target\classes;C:\Users\mohas\.m2\repository\com\zaxxer\HikariCP\5.1.0\HikariCP-5.1.0.jar;C:\Users\mohas\.m2\repository\org\springframework\spring-jdbc\6.2.6\spring-jdbc-6.2.6.jar;C:\Users\mohas\.m2\repository\org\hibernate\orm\hibernate-core\6.6.13.Final\hibernate-core-6.6.13.Final.jar;C:\Users\mohas\.m2\repository\jakarta\persistence\jakarta.persistence-api\3.1.0\jakarta.persistence-api-3.1.0.jar;C:\Users\mohas\.m2\repository\jakarta\transaction\jakarta.transaction-api\2.0.1\jakarta.transaction-api-2.0.1.jar;C:\Users\mohas\.m2\repository\org\jboss\logging\jboss-logging\3.6.1.Final\jboss-logging-3.6.1.Final.jar;C:\Users\mohas\.m2\repository\org\hibernate\common\hibernate-commons-annotations\7.0.3.Final\hibernate-commons-annotations-7.0.3.Final.jar;C:\Users\mohas\.m2\repository\io\smallrye\jandex\3.2.0\jandex-3.2.0.jar;C:\Users\mohas\.m2\repository\com\fasterxml\classmate\1.7.0\classmate-1.7.0.jar;C:\Users\mohas\.m2\repository\net\bytebuddy\byte-buddy\1.15.11\byte-buddy-1.15.11.jar;C:\Users\mohas\.m2\repository\org\glassfish\jaxb\jaxb-runtime\4.0.5\jaxb-runtime-4.0.5.jar;C:\Users\mohas\.m2\repository\org\glassfish\jaxb\jaxb-core\4.0.5\jaxb-core-4.0.5.jar;C:\Users\mohas\.m2\repository\org\eclipse\angus\angus-activation\2.0.2\angus-activation-2.0.2.jar;C:\Users\mohas\.m2\repository\org\glassfish\jaxb\txw2\4.0.5\txw2-4.0.5.jar;C:\Users\mohas\.m2\repository\com\sun\istack\istack-commons-runtime\4.1.2\istack-commons-runtime-4.1.2.jar;C:\Users\mohas\.m2\repository\jakarta\inject\jakarta.inject-api\2.0.1\jakarta.inject-api-2.0.1.jar;C:\Users\mohas\.m2\repository\org\antlr\antlr4-runtime\4.13.0\antlr4-runtime-4.13.0.jar;C:\Users\mohas\.m2\repository\org\springframework\data\spring-data-jpa\3.4.5\spring-data-jpa-3.4.5.jar;C:\Users\mohas\.m2\repository\org\springframework\data\spring-data-commons\3.4.5\spring-data-commons-3.4.5
Launcher Type: SUN_STANDARD

[Global flags]
     intx CICompilerCount                          = 4                                         {product} {ergonomic}
     uint ConcGCThreads                            = 2                                         {product} {ergonomic}
     uint G1ConcRefinementThreads                  = 8                                         {product} {ergonomic}
   size_t G1HeapRegionSize                         = 1048576                                   {product} {ergonomic}
    uintx GCDrainStackTargetSize                   = 64                                        {product} {ergonomic}
   size_t InitialHeapSize                          = 130023424                                 {product} {ergonomic}
   size_t MarkStackSize                            = 4194304                                   {product} {ergonomic}
   size_t MaxHeapSize                              = 2055208960                                {product} {ergonomic}
   size_t MaxNewSize                               = 1233125376                                {product} {ergonomic}
   size_t MinHeapDeltaBytes                        = 1048576                                   {product} {ergonomic}
   size_t MinHeapSize                              = 8388608                                   {product} {ergonomic}
    uintx NonProfiledCodeHeapSize                  = 0                                      {pd product} {ergonomic}
     bool ProfileInterpreter                       = false                                  {pd product} {command line}
    uintx ProfiledCodeHeapSize                     = 0                                      {pd product} {ergonomic}
   size_t SoftMaxHeapSize                          = 2055208960                             {manageable} {ergonomic}
     intx TieredStopAtLevel                        = 1                                         {product} {command line}
     bool UseCompressedClassPointers               = true                           {product lp64_product} {ergonomic}
     bool UseCompressedOops                        = true                           {product lp64_product} {ergonomic}
     bool UseG1GC                                  = true                                      {product} {ergonomic}
     bool UseLargePagesIndividualAllocation        = false                                  {pd product} {ergonomic}

Logging:
Log output configuration:
 #0: stdout all=warning uptime,level,tags
 #1: stderr all=off uptime,level,tags

Environment Variables:
PATH=C:\Users\mohas\bin;C:\Program Files\Git\mingw64\bin;C:\Program Files\Git\usr\local\bin;C:\Program Files\Git\usr\bin;C:\Program Files\Git\usr\bin;C:\Program Files\Git\mingw64\bin;C:\Program Files\Git\usr\bin;C:\Users\mohas\bin;C:\Python312\Scripts;C:\Python312;C:\Program Files\Java\jdk-17\bin;C:\WINDOWS\system32;C:\WINDOWS;C:\WINDOWS\System32\Wbem;C:\WINDOWS\System32\WindowsPowerShell\v1.0;C:\WINDOWS\System32\OpenSSH;C:\Program Files\nodejs;C:\Program Files\Git\cmd;C:\Program Files\MySQL\MySQL Server 8.0\bin;C:\MinGW\bin;C:\ProgramData\chocolatey\bin;C:\Program Files\Dart\bin;C:\Program Files\apache-maven-3.9.9\bin;C:\Program Files\JetBrains\IntelliJ IDEA Community Edition 2023.3.1\bin\idea64.exe;C:\Program Files\Docker\Docker\resources\bin;C:\Program Files\Amazon\AWSCLI\bin;C:\Program Files\MySQL\MySQL Shell 8.0\bin;C:\Users\mohas\AppData\Local\Microsoft\WindowsApps;C:\Program Files\JetBrains\IntelliJ IDEA Community Edition 2025.1.1.1\bin;C:\Users\mohas\AppData\Roaming\npm;C:\Users\mohas\AppData\Local\Programs\Microsoft VS Code\bin;C:\Program Files\heroku\bin;C:\Program Files\JetBrains\IntelliJ IDEA 2025.1.1.1\bin;C:\Program Files\Git\usr\bin\vendor_perl;C:\Program Files\Git\usr\bin\core_perl
USERNAME=Mohasin
SHELL=C:\Program Files\Git\usr\bin\bash.exe
DISPLAY=needs-to-be-defined
LC_CTYPE=en_US.UTF-8
OS=Windows_NT
PROCESSOR_IDENTIFIER=Intel64 Family 6 Model 140 Stepping 1, GenuineIntel



---------------  S Y S T E M  ---------------

OS:
 Windows 11 , 64 bit Build 26100 (10.0.26100.7705)
OS uptime: 12 days 10:29 hours
Hyper-V role detected

CPU: total 8 (initial active 8) (4 cores per cpu, 2 threads per core) family 6 model 140 stepping 1 microcode 0xb4, cx8, cmov, fxsr, ht, mmx, 3dnowpref, sse, sse2, sse3, ssse3, sse4.1, sse4.2, popcnt, lzcnt, tsc, tscinvbit, avx, avx2, aes, erms, clmul, bmi1, bmi2, adx, avx512f, avx512dq, avx512cd, avx512bw, avx512vl, sha, fma, vzeroupper, avx512_vpopcntdq, avx512_vpclmulqdq, avx512_vaes, avx512_vnni, clflush, clflushopt, clwb, avx512_vbmi2, avx512_vbmi, hv

Memory: 4k page, system-wide physical 7834M (360M free)
TotalPageFile size 22834M (AvailPageFile size 0M)
current process WorkingSet (physical memory assigned to process): 210M, peak: 210M
current process commit charge ("private bytes"): 328M, peak: 365M

vm_info: Java HotSpot(TM) 64-Bit Server VM (17.0.10+11-LTS-240) for windows-amd64 JRE (17.0.10+11-LTS-240), built on Dec 19 2023 21:47:25 by "mach5one" with MS VC++ 17.1 (VS2022)

END.
