[INFO] Scanning for projects...
[WARNING] 
[WARNING] Some problems were encountered while building the effective model for com.account_service:account_service:jar:0.0.1-SNAPSHOT
[WARNING] 'dependencies.dependency.(groupId:artifactId:type:classifier)' must be unique: org.springframework.kafka:spring-kafka:jar -> duplicate declaration of version (?) @ line 76, column 15
[WARNING] 
[WARNING] It is highly recommended to fix these problems because they threaten the stability of your build.
[WARNING] 
[WARNING] For this reason, future Maven versions might no longer support building such malformed projects.
[WARNING] 
[INFO] 
[INFO] --------------------< com.api_gateway:api_gateway >---------------------
[INFO] Building api_gateway 0.0.1-SNAPSHOT
[INFO]   from pom.xml
[INFO] --------------------------------[ jar ]---------------------------------
[INFO] 
[INFO] >>> spring-boot:3.4.5:run (default-cli) > test-compile @ api_gateway >>>
[INFO] 
[INFO] --- resources:3.3.1:resources (default-resources) @ api_gateway ---
[INFO] Copying 1 resource from src\main\resources to target\classes
[INFO] Copying 1 resource from src\main\resources to target\classes
[INFO] 
[INFO] --- compiler:3.13.0:compile (default-compile) @ api_gateway ---
[INFO] Recompiling the module because of changed source code.
[INFO] Compiling 9 source files with javac [debug parameters release 17] to target\classes
[INFO] 
[INFO] --- resources:3.3.1:testResources (default-testResources) @ api_gateway ---
[INFO] skip non existing resourceDirectory U:\Desktop\09_Projects\04_Java_Microservices\03_Banking_as_a_Service\codebase\Banking_As_A_Service\api_gateway\src\test\resources
[INFO] 
[INFO] --- compiler:3.13.0:testCompile (default-testCompile) @ api_gateway ---
[INFO] Recompiling the module because of changed dependency.
[INFO] Compiling 1 source file with javac [debug parameters release 17] to target\test-classes
[INFO] 
[INFO] <<< spring-boot:3.4.5:run (default-cli) < test-compile @ api_gateway <<<
[INFO] 
[INFO] 
[INFO] --- spring-boot:3.4.5:run (default-cli) @ api_gateway ---
[INFO] Attaching agents: []

  .   ____          _            __ _ _
 /\\ / ___'_ __ _ _(_)_ __  __ _ \ \ \ \
( ( )\___ | '_ | '_| | '_ \/ _` | \ \ \ \
 \\/  ___)| |_)| | | | | || (_| |  ) ) ) )
  '  |____| .__|_| |_|_| |_\__, | / / / /
 =========|_|==============|___/=/_/_/_/

 :: Spring Boot ::                (v3.4.5)

2026-03-13T02:35:51.540+05:30  INFO [api-gateway,traceId=,spanId=] 19192 --- [api-gateway] [  restartedMain] [                                                 ] com.api_gateway.ApiGatewayApplication    : Starting ApiGatewayApplication using Java 17.0.10 with PID 19192 (U:\Desktop\09_Projects\04_Java_Microservices\03_Banking_as_a_Service\codebase\Banking_As_A_Service\api_gateway\target\classes started by Mohasin in U:\Desktop\09_Projects\04_Java_Microservices\03_Banking_as_a_Service\codebase\Banking_As_A_Service\api_gateway)
2026-03-13T02:35:51.545+05:30  INFO [api-gateway,traceId=,spanId=] 19192 --- [api-gateway] [  restartedMain] [                                                 ] com.api_gateway.ApiGatewayApplication    : No active profile set, falling back to 1 default profile: "default"
2026-03-13T02:35:51.604+05:30  INFO [api-gateway,traceId=,spanId=] 19192 --- [api-gateway] [  restartedMain] [                                                 ] o.s.c.c.c.ConfigServerConfigDataLoader   : Fetching config from server at : http://localhost:8888
2026-03-13T02:35:51.604+05:30  WARN [api-gateway,traceId=,spanId=] 19192 --- [api-gateway] [  restartedMain] [                                                 ] o.s.c.c.c.ConfigServerConfigDataLoader   : Could not locate PropertySource ([ConfigServerConfigDataResource@166b9397 uris = array<String>['http://localhost:8888'], optional = true, profiles = 'default']): None of labels [] found
2026-03-13T02:35:51.604+05:30  INFO [api-gateway,traceId=,spanId=] 19192 --- [api-gateway] [  restartedMain] [                                                 ] o.s.c.c.c.ConfigServerConfigDataLoader   : Fetching config from server at : http://localhost:8888
2026-03-13T02:35:51.604+05:30  WARN [api-gateway,traceId=,spanId=] 19192 --- [api-gateway] [  restartedMain] [                                                 ] o.s.c.c.c.ConfigServerConfigDataLoader   : Could not locate PropertySource ([ConfigServerConfigDataResource@5bb8f1f1 uris = array<String>['http://localhost:8888'], optional = true, profiles = 'default']): None of labels [] found
2026-03-13T02:35:51.605+05:30  INFO [api-gateway,traceId=,spanId=] 19192 --- [api-gateway] [  restartedMain] [                                                 ] o.s.c.c.c.ConfigServerConfigDataLoader   : Fetching config from server at : http://localhost:8888
2026-03-13T02:35:51.605+05:30  WARN [api-gateway,traceId=,spanId=] 19192 --- [api-gateway] [  restartedMain] [                                                 ] o.s.c.c.c.ConfigServerConfigDataLoader   : Could not locate PropertySource ([ConfigServerConfigDataResource@e049517 uris = array<String>['http://localhost:8888'], optional = true, profiles = 'default']): None of labels [] found
2026-03-13T02:35:51.607+05:30  INFO [api-gateway,traceId=,spanId=] 19192 --- [api-gateway] [  restartedMain] [                                                 ] .e.DevToolsPropertyDefaultsPostProcessor : Devtools property defaults active! Set 'spring.devtools.add-properties' to 'false' to disable
2026-03-13T02:35:51.608+05:30  INFO [api-gateway,traceId=,spanId=] 19192 --- [api-gateway] [  restartedMain] [                                                 ] .e.DevToolsPropertyDefaultsPostProcessor : For additional web related logging consider setting the 'logging.level.web' property to 'DEBUG'
2026-03-13T02:35:53.995+05:30  INFO [api-gateway,traceId=,spanId=] 19192 --- [api-gateway] [  restartedMain] [                                                 ] o.s.cloud.context.scope.GenericScope     : BeanFactory id=f19ef8a3-c5f1-3f05-b2c5-be68090e36bf
2026-03-13T02:35:57.956+05:30  INFO [api-gateway,traceId=,spanId=] 19192 --- [api-gateway] [  restartedMain] [                                                 ] o.s.c.g.r.RouteDefinitionRouteLocator    : Loaded RoutePredicateFactory [After]
2026-03-13T02:35:57.957+05:30  INFO [api-gateway,traceId=,spanId=] 19192 --- [api-gateway] [  restartedMain] [                                                 ] o.s.c.g.r.RouteDefinitionRouteLocator    : Loaded RoutePredicateFactory [Before]
2026-03-13T02:35:57.957+05:30  INFO [api-gateway,traceId=,spanId=] 19192 --- [api-gateway] [  restartedMain] [                                                 ] o.s.c.g.r.RouteDefinitionRouteLocator    : Loaded RoutePredicateFactory [Between]
2026-03-13T02:35:57.957+05:30  INFO [api-gateway,traceId=,spanId=] 19192 --- [api-gateway] [  restartedMain] [                                                 ] o.s.c.g.r.RouteDefinitionRouteLocator    : Loaded RoutePredicateFactory [Cookie]
2026-03-13T02:35:57.957+05:30  INFO [api-gateway,traceId=,spanId=] 19192 --- [api-gateway] [  restartedMain] [                                                 ] o.s.c.g.r.RouteDefinitionRouteLocator    : Loaded RoutePredicateFactory [Header]
2026-03-13T02:35:57.957+05:30  INFO [api-gateway,traceId=,spanId=] 19192 --- [api-gateway] [  restartedMain] [                                                 ] o.s.c.g.r.RouteDefinitionRouteLocator    : Loaded RoutePredicateFactory [Host]
2026-03-13T02:35:57.957+05:30  INFO [api-gateway,traceId=,spanId=] 19192 --- [api-gateway] [  restartedMain] [                                                 ] o.s.c.g.r.RouteDefinitionRouteLocator    : Loaded RoutePredicateFactory [Method]
2026-03-13T02:35:57.957+05:30  INFO [api-gateway,traceId=,spanId=] 19192 --- [api-gateway] [  restartedMain] [                                                 ] o.s.c.g.r.RouteDefinitionRouteLocator    : Loaded RoutePredicateFactory [Path]
2026-03-13T02:35:57.957+05:30  INFO [api-gateway,traceId=,spanId=] 19192 --- [api-gateway] [  restartedMain] [                                                 ] o.s.c.g.r.RouteDefinitionRouteLocator    : Loaded RoutePredicateFactory [Query]
2026-03-13T02:35:57.957+05:30  INFO [api-gateway,traceId=,spanId=] 19192 --- [api-gateway] [  restartedMain] [                                                 ] o.s.c.g.r.RouteDefinitionRouteLocator    : Loaded RoutePredicateFactory [ReadBody]
2026-03-13T02:35:57.957+05:30  INFO [api-gateway,traceId=,spanId=] 19192 --- [api-gateway] [  restartedMain] [                                                 ] o.s.c.g.r.RouteDefinitionRouteLocator    : Loaded RoutePredicateFactory [RemoteAddr]
2026-03-13T02:35:57.957+05:30  INFO [api-gateway,traceId=,spanId=] 19192 --- [api-gateway] [  restartedMain] [                                                 ] o.s.c.g.r.RouteDefinitionRouteLocator    : Loaded RoutePredicateFactory [XForwardedRemoteAddr]
2026-03-13T02:35:57.957+05:30  INFO [api-gateway,traceId=,spanId=] 19192 --- [api-gateway] [  restartedMain] [                                                 ] o.s.c.g.r.RouteDefinitionRouteLocator    : Loaded RoutePredicateFactory [Weight]
2026-03-13T02:35:57.958+05:30  INFO [api-gateway,traceId=,spanId=] 19192 --- [api-gateway] [  restartedMain] [                                                 ] o.s.c.g.r.RouteDefinitionRouteLocator    : Loaded RoutePredicateFactory [CloudFoundryRouteService]
2026-03-13T02:35:59.864+05:30  INFO [api-gateway,traceId=,spanId=] 19192 --- [api-gateway] [  restartedMain] [                                                 ] o.s.b.a.e.web.EndpointLinksResolver      : Exposing 31 endpoints beneath base path '/actuator'
2026-03-13T02:36:01.479+05:30  WARN [api-gateway,traceId=,spanId=] 19192 --- [api-gateway] [  restartedMain] [                                                 ] o.s.b.d.a.OptionalLiveReloadServer       : Unable to start LiveReload server
2026-03-13T02:36:01.591+05:30  INFO [api-gateway,traceId=,spanId=] 19192 --- [api-gateway] [  restartedMain] [                                                 ] DiscoveryClientOptionalArgsConfiguration : Eureka HTTP Client uses RestTemplate.
2026-03-13T02:36:02.520+05:30  WARN [api-gateway,traceId=,spanId=] 19192 --- [api-gateway] [  restartedMain] [                                                 ] iguration$LoadBalancerCaffeineWarnLogger : Spring Cloud LoadBalancer is currently working with the default cache. While this cache implementation is useful for development and tests, it's recommended to use Caffeine cache in production.You can switch to using Caffeine cache, by adding it and org.springframework.cache.caffeine.CaffeineCacheManager to the classpath.
2026-03-13T02:36:02.766+05:30  INFO [api-gateway,traceId=,spanId=] 19192 --- [api-gateway] [  restartedMain] [                                                 ] o.s.c.n.eureka.InstanceInfoFactory       : Setting initial instance status as: STARTING
2026-03-13T02:36:02.857+05:30  INFO [api-gateway,traceId=,spanId=] 19192 --- [api-gateway] [  restartedMain] [                                                 ] com.netflix.discovery.DiscoveryClient    : Initializing Eureka in region us-east-1
2026-03-13T02:36:02.871+05:30  INFO [api-gateway,traceId=,spanId=] 19192 --- [api-gateway] [  restartedMain] [                                                 ] c.n.d.s.r.aws.ConfigClusterResolver      : Resolving eureka endpoints via configuration
2026-03-13T02:36:02.914+05:30  INFO [api-gateway,traceId=,spanId=] 19192 --- [api-gateway] [  restartedMain] [                                                 ] com.netflix.discovery.DiscoveryClient    : Disable delta property : false
2026-03-13T02:36:02.916+05:30  INFO [api-gateway,traceId=,spanId=] 19192 --- [api-gateway] [  restartedMain] [                                                 ] com.netflix.discovery.DiscoveryClient    : Single vip registry refresh property : null
2026-03-13T02:36:02.916+05:30  INFO [api-gateway,traceId=,spanId=] 19192 --- [api-gateway] [  restartedMain] [                                                 ] com.netflix.discovery.DiscoveryClient    : Force full registry fetch : false
2026-03-13T02:36:02.916+05:30  INFO [api-gateway,traceId=,spanId=] 19192 --- [api-gateway] [  restartedMain] [                                                 ] com.netflix.discovery.DiscoveryClient    : Application is null : false
2026-03-13T02:36:02.918+05:30  INFO [api-gateway,traceId=,spanId=] 19192 --- [api-gateway] [  restartedMain] [                                                 ] com.netflix.discovery.DiscoveryClient    : Registered Applications size is zero : true
2026-03-13T02:36:02.918+05:30  INFO [api-gateway,traceId=,spanId=] 19192 --- [api-gateway] [  restartedMain] [                                                 ] com.netflix.discovery.DiscoveryClient    : Application version is -1: true
2026-03-13T02:36:02.919+05:30  INFO [api-gateway,traceId=,spanId=] 19192 --- [api-gateway] [  restartedMain] [                                                 ] com.netflix.discovery.DiscoveryClient    : Getting all instance registry info from the eureka server
2026-03-13T02:36:03.727+05:30  INFO [api-gateway,traceId=,spanId=] 19192 --- [api-gateway] [  restartedMain] [                                                 ] com.netflix.discovery.DiscoveryClient    : The response status is 200
2026-03-13T02:36:03.731+05:30  INFO [api-gateway,traceId=,spanId=] 19192 --- [api-gateway] [  restartedMain] [                                                 ] com.netflix.discovery.DiscoveryClient    : Starting heartbeat executor: renew interval is: 30
2026-03-13T02:36:03.736+05:30  INFO [api-gateway,traceId=,spanId=] 19192 --- [api-gateway] [  restartedMain] [                                                 ] c.n.discovery.InstanceInfoReplicator     : InstanceInfoReplicator onDemand update allowed rate per min is 4
2026-03-13T02:36:03.736+05:30  INFO [api-gateway,traceId=,spanId=] 19192 --- [api-gateway] [  restartedMain] [                                                 ] com.netflix.discovery.DiscoveryClient    : Discovery Client initialized at timestamp 1773349563736 with initial instances count: 2
2026-03-13T02:36:03.769+05:30  INFO [api-gateway,traceId=,spanId=] 19192 --- [api-gateway] [  restartedMain] [                                                 ] o.s.c.n.e.s.EurekaServiceRegistry        : Registering application API-GATEWAY with eureka with status UP
2026-03-13T02:36:03.769+05:30  INFO [api-gateway,traceId=,spanId=] 19192 --- [api-gateway] [  restartedMain] [                                                 ] com.netflix.discovery.DiscoveryClient    : Saw local status change event StatusChangeEvent [timestamp=1773349563769, current=UP, previous=STARTING]
2026-03-13T02:36:03.769+05:30  INFO [api-gateway,traceId=,spanId=] 19192 --- [api-gateway] [foReplicator-%d] [                                                 ] com.netflix.discovery.DiscoveryClient    : DiscoveryClient_API-GATEWAY/Mohasin:api-gateway:8080: registering service...
2026-03-13T02:36:03.832+05:30  INFO [api-gateway,traceId=,spanId=] 19192 --- [api-gateway] [foReplicator-%d] [                                                 ] com.netflix.discovery.DiscoveryClient    : DiscoveryClient_API-GATEWAY/Mohasin:api-gateway:8080 - registration status: 204
2026-03-13T02:36:04.193+05:30  INFO [api-gateway,traceId=,spanId=] 19192 --- [api-gateway] [  restartedMain] [                                                 ] o.s.b.web.embedded.netty.NettyWebServer  : Netty started on port 8080 (http)
2026-03-13T02:36:04.196+05:30  INFO [api-gateway,traceId=,spanId=] 19192 --- [api-gateway] [  restartedMain] [                                                 ] .s.c.n.e.s.EurekaAutoServiceRegistration : Updating port to 8080
2026-03-13T02:36:04.610+05:30  INFO [api-gateway,traceId=,spanId=] 19192 --- [api-gateway] [  restartedMain] [                                                 ] com.api_gateway.ApiGatewayApplication    : Started ApiGatewayApplication in 21.104 seconds (process running for 22.037)
2026-03-13T02:36:42.182+05:30  WARN [api-gateway,traceId=,spanId=] 19192 --- [api-gateway] [ctor-http-nio-7] [                                                 ] o.s.c.l.core.RoundRobinLoadBalancer      : No servers available for service: account-service
2026-03-13T02:36:47.710+05:30  WARN [api-gateway,traceId=,spanId=] 19192 --- [api-gateway] [ctor-http-nio-7] [                                                 ] o.s.c.l.core.RoundRobinLoadBalancer      : No servers available for service: account-service
2026-03-13T02:36:48.896+05:30  WARN [api-gateway,traceId=,spanId=] 19192 --- [api-gateway] [ctor-http-nio-7] [                                                 ] o.s.c.l.core.RoundRobinLoadBalancer      : No servers available for service: account-service
2026-03-13T02:36:50.006+05:30  WARN [api-gateway,traceId=,spanId=] 19192 --- [api-gateway] [ctor-http-nio-7] [                                                 ] o.s.c.l.core.RoundRobinLoadBalancer      : No servers available for service: account-service
2026-03-13T02:36:50.925+05:30  WARN [api-gateway,traceId=,spanId=] 19192 --- [api-gateway] [ctor-http-nio-7] [                                                 ] o.s.c.l.core.RoundRobinLoadBalancer      : No servers available for service: account-service
2026-03-13T02:38:09.763+05:30  WARN [api-gateway,traceId=,spanId=] 19192 --- [api-gateway] [ctor-http-nio-7] [                                                 ] o.s.c.l.core.RoundRobinLoadBalancer      : No servers available for service: loan-service
2026-03-13T02:38:10.993+05:30  WARN [api-gateway,traceId=,spanId=] 19192 --- [api-gateway] [ctor-http-nio-7] [                                                 ] o.s.c.l.core.RoundRobinLoadBalancer      : No servers available for service: loan-service
2026-03-13T02:38:11.919+05:30  WARN [api-gateway,traceId=,spanId=] 19192 --- [api-gateway] [ctor-http-nio-7] [                                                 ] o.s.c.l.core.RoundRobinLoadBalancer      : No servers available for service: loan-service
2026-03-13T02:38:12.882+05:30  WARN [api-gateway,traceId=,spanId=] 19192 --- [api-gateway] [ctor-http-nio-7] [                                                 ] o.s.c.l.core.RoundRobinLoadBalancer      : No servers available for service: loan-service
2026-03-13T02:38:13.835+05:30  WARN [api-gateway,traceId=,spanId=] 19192 --- [api-gateway] [ctor-http-nio-7] [                                                 ] o.s.c.l.core.RoundRobinLoadBalancer      : No servers available for service: loan-service
2026-03-13T02:38:33.952+05:30  WARN [api-gateway,traceId=,spanId=] 19192 --- [api-gateway] [ctor-http-nio-7] [                                                 ] o.s.c.l.core.RoundRobinLoadBalancer      : No servers available for service: notification-service
2026-03-13T02:38:35.050+05:30  WARN [api-gateway,traceId=,spanId=] 19192 --- [api-gateway] [ctor-http-nio-7] [                                                 ] o.s.c.l.core.RoundRobinLoadBalancer      : No servers available for service: notification-service
2026-03-13T02:38:35.971+05:30  WARN [api-gateway,traceId=,spanId=] 19192 --- [api-gateway] [ctor-http-nio-7] [                                                 ] o.s.c.l.core.RoundRobinLoadBalancer      : No servers available for service: notification-service
2026-03-13T02:38:36.636+05:30  WARN [api-gateway,traceId=,spanId=] 19192 --- [api-gateway] [ctor-http-nio-7] [                                                 ] o.s.c.l.core.RoundRobinLoadBalancer      : No servers available for service: notification-service
2026-03-13T02:38:37.395+05:30  WARN [api-gateway,traceId=,spanId=] 19192 --- [api-gateway] [ctor-http-nio-7] [                                                 ] o.s.c.l.core.RoundRobinLoadBalancer      : No servers available for service: notification-service
2026-03-13T02:39:13.876+05:30  WARN [api-gateway,traceId=,spanId=] 19192 --- [api-gateway] [ctor-http-nio-7] [                                                 ] o.s.c.l.core.RoundRobinLoadBalancer      : No servers available for service: payment-service
2026-03-13T02:39:15.030+05:30  WARN [api-gateway,traceId=,spanId=] 19192 --- [api-gateway] [ctor-http-nio-7] [                                                 ] o.s.c.l.core.RoundRobinLoadBalancer      : No servers available for service: payment-service
2026-03-13T02:39:16.037+05:30  WARN [api-gateway,traceId=,spanId=] 19192 --- [api-gateway] [ctor-http-nio-7] [                                                 ] o.s.c.l.core.RoundRobinLoadBalancer      : No servers available for service: payment-service
2026-03-13T02:39:22.796+05:30  WARN [api-gateway,traceId=,spanId=] 19192 --- [api-gateway] [ctor-http-nio-7] [                                                 ] o.s.c.l.core.RoundRobinLoadBalancer      : No servers available for service: payment-service
2026-03-13T02:39:24.133+05:30  WARN [api-gateway,traceId=,spanId=] 19192 --- [api-gateway] [ctor-http-nio-7] [                                                 ] o.s.c.l.core.RoundRobinLoadBalancer      : No servers available for service: payment-service
2026-03-13T02:39:37.261+05:30  WARN [api-gateway,traceId=,spanId=] 19192 --- [api-gateway] [ctor-http-nio-7] [                                                 ] o.s.c.l.core.RoundRobinLoadBalancer      : No servers available for service: payment-service
2026-03-13T02:39:38.301+05:30  WARN [api-gateway,traceId=,spanId=] 19192 --- [api-gateway] [ctor-http-nio-7] [                                                 ] o.s.c.l.core.RoundRobinLoadBalancer      : No servers available for service: payment-service
2026-03-13T02:39:39.324+05:30  WARN [api-gateway,traceId=,spanId=] 19192 --- [api-gateway] [ctor-http-nio-7] [                                                 ] o.s.c.l.core.RoundRobinLoadBalancer      : No servers available for service: payment-service
2026-03-13T02:39:51.774+05:30  WARN [api-gateway,traceId=,spanId=] 19192 --- [api-gateway] [ctor-http-nio-7] [                                                 ] o.s.c.l.core.RoundRobinLoadBalancer      : No servers available for service: transaction-service
2026-03-13T02:39:53.233+05:30  WARN [api-gateway,traceId=,spanId=] 19192 --- [api-gateway] [ctor-http-nio-7] [                                                 ] o.s.c.l.core.RoundRobinLoadBalancer      : No servers available for service: transaction-service
2026-03-13T02:39:54.263+05:30  WARN [api-gateway,traceId=,spanId=] 19192 --- [api-gateway] [ctor-http-nio-7] [                                                 ] o.s.c.l.core.RoundRobinLoadBalancer      : No servers available for service: transaction-service
2026-03-13T02:39:55.145+05:30  WARN [api-gateway,traceId=,spanId=] 19192 --- [api-gateway] [ctor-http-nio-7] [                                                 ] o.s.c.l.core.RoundRobinLoadBalancer      : No servers available for service: transaction-service
2026-03-13T02:39:56.071+05:30  WARN [api-gateway,traceId=,spanId=] 19192 --- [api-gateway] [ctor-http-nio-7] [                                                 ] o.s.c.l.core.RoundRobinLoadBalancer      : No servers available for service: transaction-service
2026-03-13T02:40:10.511+05:30  WARN [api-gateway,traceId=,spanId=] 19192 --- [api-gateway] [ctor-http-nio-7] [                                                 ] o.s.c.l.core.RoundRobinLoadBalancer      : No servers available for service: transaction-service
2026-03-13T02:40:11.545+05:30  WARN [api-gateway,traceId=,spanId=] 19192 --- [api-gateway] [ctor-http-nio-7] [                                                 ] o.s.c.l.core.RoundRobinLoadBalancer      : No servers available for service: transaction-service
2026-03-13T02:40:12.418+05:30  WARN [api-gateway,traceId=,spanId=] 19192 --- [api-gateway] [ctor-http-nio-7] [                                                 ] o.s.c.l.core.RoundRobinLoadBalancer      : No servers available for service: transaction-service
2026-03-13T02:40:32.362+05:30  WARN [api-gateway,traceId=,spanId=] 19192 --- [api-gateway] [ctor-http-nio-7] [                                                 ] o.s.c.l.core.RoundRobinLoadBalancer      : No servers available for service: user-service
2026-03-13T02:40:33.665+05:30  WARN [api-gateway,traceId=,spanId=] 19192 --- [api-gateway] [ctor-http-nio-7] [                                                 ] o.s.c.l.core.RoundRobinLoadBalancer      : No servers available for service: user-service
2026-03-13T02:40:34.730+05:30  WARN [api-gateway,traceId=,spanId=] 19192 --- [api-gateway] [ctor-http-nio-7] [                                                 ] o.s.c.l.core.RoundRobinLoadBalancer      : No servers available for service: user-service
2026-03-13T02:40:42.177+05:30  WARN [api-gateway,traceId=,spanId=] 19192 --- [api-gateway] [ctor-http-nio-7] [                                                 ] o.s.c.l.core.RoundRobinLoadBalancer      : No servers available for service: user-service
2026-03-13T02:40:44.878+05:30  WARN [api-gateway,traceId=,spanId=] 19192 --- [api-gateway] [ctor-http-nio-7] [                                                 ] o.s.c.l.core.RoundRobinLoadBalancer      : No servers available for service: user-service
2026-03-13T02:41:01.177+05:30  WARN [api-gateway,traceId=,spanId=] 19192 --- [api-gateway] [ctor-http-nio-7] [                                                 ] o.s.c.l.core.RoundRobinLoadBalancer      : No servers available for service: user-service
2026-03-13T02:41:02.327+05:30  WARN [api-gateway,traceId=,spanId=] 19192 --- [api-gateway] [ctor-http-nio-7] [                                                 ] o.s.c.l.core.RoundRobinLoadBalancer      : No servers available for service: user-service
2026-03-13T02:41:02.937+05:30  INFO [api-gateway,traceId=,spanId=] 19192 --- [api-gateway] [rap-executor-%d] [                                                 ] c.n.d.s.r.aws.ConfigClusterResolver      : Resolving eureka endpoints via configuration
2026-03-13T02:41:07.847+05:30  WARN [api-gateway,traceId=,spanId=] 19192 --- [api-gateway] [ctor-http-nio-7] [                                                 ] o.s.c.l.core.RoundRobinLoadBalancer      : No servers available for service: user-service
