[INFO] Scanning for projects...
[WARNING] 
[WARNING] Some problems were encountered while building the effective model for com.account_service:account_service:jar:0.0.1-SNAPSHOT
[WARNING] 'dependencies.dependency.(groupId:artifactId:type:classifier)' must be unique: org.springframework.kafka:spring-kafka:jar -> duplicate declaration of version (?) @ line 76, column 15
[WARNING] 
[WARNING] It is highly recommended to fix these problems because they threaten the stability of your build.
[WARNING] 
[WARNING] For this reason, future Maven versions might no longer support building such malformed projects.
[WARNING] 
[INFO] 
[INFO] ---------< com.authentication_service:authentication_service >----------
[INFO] Building authentication_service 0.0.1-SNAPSHOT
[INFO]   from pom.xml
[INFO] --------------------------------[ jar ]---------------------------------
[INFO] 
[INFO] >>> spring-boot:3.4.5:run (default-cli) > test-compile @ authentication_service >>>
[INFO] 
[INFO] --- resources:3.3.1:resources (default-resources) @ authentication_service ---
[INFO] Copying 1 resource from src\main\resources to target\classes
[INFO] Copying 0 resource from src\main\resources to target\classes
[INFO] 
[INFO] --- compiler:3.13.0:compile (default-compile) @ authentication_service ---
[INFO] Nothing to compile - all classes are up to date.
[INFO] 
[INFO] --- resources:3.3.1:testResources (default-testResources) @ authentication_service ---
[INFO] skip non existing resourceDirectory U:\Desktop\09_Projects\04_Java_Microservices\03_Banking_as_a_Service\codebase\Banking_As_A_Service\authentication_service\src\test\resources
[INFO] 
[INFO] --- compiler:3.13.0:testCompile (default-testCompile) @ authentication_service ---
[INFO] Nothing to compile - all classes are up to date.
[INFO] 
[INFO] <<< spring-boot:3.4.5:run (default-cli) < test-compile @ authentication_service <<<
[INFO] 
[INFO] 
[INFO] --- spring-boot:3.4.5:run (default-cli) @ authentication_service ---
[INFO] Attaching agents: []

  .   ____          _            __ _ _
 /\\ / ___'_ __ _ _(_)_ __  __ _ \ \ \ \
( ( )\___ | '_ | '_| | '_ \/ _` | \ \ \ \
 \\/  ___)| |_)| | | | | || (_| |  ) ) ) )
  '  |____| .__|_| |_|_| |_\__, | / / / /
 =========|_|==============|___/=/_/_/_/

 :: Spring Boot ::                (v3.4.5)

2026-03-13T02:35:47.677+05:30  INFO [authentication-service,traceId=,spanId=] 16140 --- [authentication-service] [  restartedMain] [                                                 ] c.a.AuthenticationServiceApplication     : Starting AuthenticationServiceApplication using Java 17.0.10 with PID 16140 (U:\Desktop\09_Projects\04_Java_Microservices\03_Banking_as_a_Service\codebase\Banking_As_A_Service\authentication_service\target\classes started by Mohasin in U:\Desktop\09_Projects\04_Java_Microservices\03_Banking_as_a_Service\codebase\Banking_As_A_Service\authentication_service)
2026-03-13T02:35:47.680+05:30  INFO [authentication-service,traceId=,spanId=] 16140 --- [authentication-service] [  restartedMain] [                                                 ] c.a.AuthenticationServiceApplication     : No active profile set, falling back to 1 default profile: "default"
2026-03-13T02:35:47.716+05:30  INFO [authentication-service,traceId=,spanId=] 16140 --- [authentication-service] [  restartedMain] [                                                 ] o.s.c.c.c.ConfigServerConfigDataLoader   : Fetching config from server at : http://localhost:8888
2026-03-13T02:35:47.716+05:30  WARN [authentication-service,traceId=,spanId=] 16140 --- [authentication-service] [  restartedMain] [                                                 ] o.s.c.c.c.ConfigServerConfigDataLoader   : Could not locate PropertySource ([ConfigServerConfigDataResource@4ee03155 uris = array<String>['http://localhost:8888'], optional = true, profiles = 'default']): None of labels [] found
2026-03-13T02:35:47.716+05:30  INFO [authentication-service,traceId=,spanId=] 16140 --- [authentication-service] [  restartedMain] [                                                 ] o.s.c.c.c.ConfigServerConfigDataLoader   : Fetching config from server at : http://localhost:8888
2026-03-13T02:35:47.716+05:30  WARN [authentication-service,traceId=,spanId=] 16140 --- [authentication-service] [  restartedMain] [                                                 ] o.s.c.c.c.ConfigServerConfigDataLoader   : Could not locate PropertySource ([ConfigServerConfigDataResource@6a37e83f uris = array<String>['http://localhost:8888'], optional = true, profiles = 'default']): None of labels [] found
2026-03-13T02:35:47.716+05:30  INFO [authentication-service,traceId=,spanId=] 16140 --- [authentication-service] [  restartedMain] [                                                 ] o.s.c.c.c.ConfigServerConfigDataLoader   : Fetching config from server at : http://localhost:8888
2026-03-13T02:35:47.716+05:30  WARN [authentication-service,traceId=,spanId=] 16140 --- [authentication-service] [  restartedMain] [                                                 ] o.s.c.c.c.ConfigServerConfigDataLoader   : Could not locate PropertySource ([ConfigServerConfigDataResource@3bb43cbd uris = array<String>['http://localhost:8888'], optional = true, profiles = 'default']): None of labels [] found
2026-03-13T02:35:47.717+05:30  INFO [authentication-service,traceId=,spanId=] 16140 --- [authentication-service] [  restartedMain] [                                                 ] .e.DevToolsPropertyDefaultsPostProcessor : Devtools property defaults active! Set 'spring.devtools.add-properties' to 'false' to disable
2026-03-13T02:35:47.718+05:30  INFO [authentication-service,traceId=,spanId=] 16140 --- [authentication-service] [  restartedMain] [                                                 ] .e.DevToolsPropertyDefaultsPostProcessor : For additional web related logging consider setting the 'logging.level.web' property to 'DEBUG'
2026-03-13T02:35:48.683+05:30  INFO [authentication-service,traceId=,spanId=] 16140 --- [authentication-service] [  restartedMain] [                                                 ] .s.d.r.c.RepositoryConfigurationDelegate : Bootstrapping Spring Data JPA repositories in DEFAULT mode.
2026-03-13T02:35:48.861+05:30  INFO [authentication-service,traceId=,spanId=] 16140 --- [authentication-service] [  restartedMain] [                                                 ] .s.d.r.c.RepositoryConfigurationDelegate : Finished Spring Data repository scanning in 166 ms. Found 1 JPA repository interface.
2026-03-13T02:35:49.128+05:30  INFO [authentication-service,traceId=,spanId=] 16140 --- [authentication-service] [  restartedMain] [                                                 ] o.s.cloud.context.scope.GenericScope     : BeanFactory id=4b1cf9b4-5e73-3ef6-9fa2-85434ea6554a
2026-03-13T02:35:50.018+05:30  INFO [authentication-service,traceId=,spanId=] 16140 --- [authentication-service] [  restartedMain] [                                                 ] o.s.b.w.embedded.tomcat.TomcatWebServer  : Tomcat initialized with port 0 (http)
2026-03-13T02:35:50.033+05:30  INFO [authentication-service,traceId=,spanId=] 16140 --- [authentication-service] [  restartedMain] [                                                 ] o.apache.catalina.core.StandardService   : Starting service [Tomcat]
2026-03-13T02:35:50.034+05:30  INFO [authentication-service,traceId=,spanId=] 16140 --- [authentication-service] [  restartedMain] [                                                 ] o.apache.catalina.core.StandardEngine    : Starting Servlet engine: [Apache Tomcat/10.1.40]
2026-03-13T02:35:50.099+05:30  INFO [authentication-service,traceId=,spanId=] 16140 --- [authentication-service] [  restartedMain] [                                                 ] o.a.c.c.C.[Tomcat].[localhost].[/]       : Initializing Spring embedded WebApplicationContext
2026-03-13T02:35:50.100+05:30  INFO [authentication-service,traceId=,spanId=] 16140 --- [authentication-service] [  restartedMain] [                                                 ] w.s.c.ServletWebServerApplicationContext : Root WebApplicationContext: initialization completed in 2381 ms
2026-03-13T02:35:50.868+05:30  INFO [authentication-service,traceId=,spanId=] 16140 --- [authentication-service] [  restartedMain] [                                                 ] o.hibernate.jpa.internal.util.LogHelper  : HHH000204: Processing PersistenceUnitInfo [name: default]
2026-03-13T02:35:50.944+05:30  INFO [authentication-service,traceId=,spanId=] 16140 --- [authentication-service] [  restartedMain] [                                                 ] org.hibernate.Version                    : HHH000412: Hibernate ORM core version 6.6.13.Final
2026-03-13T02:35:50.985+05:30  INFO [authentication-service,traceId=,spanId=] 16140 --- [authentication-service] [  restartedMain] [                                                 ] o.h.c.internal.RegionFactoryInitiator    : HHH000026: Second-level cache disabled
2026-03-13T02:35:51.337+05:30  INFO [authentication-service,traceId=,spanId=] 16140 --- [authentication-service] [  restartedMain] [                                                 ] o.s.o.j.p.SpringPersistenceUnitInfo      : No LoadTimeWeaver setup: ignoring JPA class transformer
2026-03-13T02:35:51.385+05:30  INFO [authentication-service,traceId=,spanId=] 16140 --- [authentication-service] [  restartedMain] [                                                 ] com.zaxxer.hikari.HikariDataSource       : HikariPool-1 - Starting...
2026-03-13T02:35:51.951+05:30  INFO [authentication-service,traceId=,spanId=] 16140 --- [authentication-service] [  restartedMain] [                                                 ] com.zaxxer.hikari.pool.HikariPool        : HikariPool-1 - Added connection com.mysql.cj.jdbc.ConnectionImpl@2fb3024
2026-03-13T02:35:51.955+05:30  INFO [authentication-service,traceId=,spanId=] 16140 --- [authentication-service] [  restartedMain] [                                                 ] com.zaxxer.hikari.HikariDataSource       : HikariPool-1 - Start completed.
2026-03-13T02:35:52.169+05:30  WARN [authentication-service,traceId=,spanId=] 16140 --- [authentication-service] [  restartedMain] [                                                 ] org.hibernate.orm.deprecation            : HHH90000025: MySQLDialect does not need to be specified explicitly using 'hibernate.dialect' (remove the property setting and it will be selected by default)
2026-03-13T02:35:52.198+05:30  INFO [authentication-service,traceId=,spanId=] 16140 --- [authentication-service] [  restartedMain] [                                                 ] org.hibernate.orm.connections.pooling    : HHH10001005: Database info:
	Database JDBC URL [Connecting through datasource 'HikariDataSource (HikariPool-1)']
	Database driver: undefined/unknown
	Database version: 8.0.35
	Autocommit mode: undefined/unknown
	Isolation level: undefined/unknown
	Minimum pool size: undefined/unknown
	Maximum pool size: undefined/unknown
2026-03-13T02:35:53.494+05:30  INFO [authentication-service,traceId=,spanId=] 16140 --- [authentication-service] [  restartedMain] [                                                 ] o.h.e.t.j.p.i.JtaPlatformInitiator       : HHH000489: No JTA platform available (set 'hibernate.transaction.jta.platform' to enable JTA platform integration)
2026-03-13T02:35:53.613+05:30  INFO [authentication-service,traceId=,spanId=] 16140 --- [authentication-service] [  restartedMain] [                                                 ] j.LocalContainerEntityManagerFactoryBean : Initialized JPA EntityManagerFactory for persistence unit 'default'
2026-03-13T02:35:54.415+05:30  INFO [authentication-service,traceId=,spanId=] 16140 --- [authentication-service] [  restartedMain] [                                                 ] r$InitializeUserDetailsManagerConfigurer : Global AuthenticationManager configured with UserDetailsService bean with name customUserDetailsService
2026-03-13T02:35:54.636+05:30  WARN [authentication-service,traceId=,spanId=] 16140 --- [authentication-service] [  restartedMain] [                                                 ] JpaBaseConfiguration$JpaWebConfiguration : spring.jpa.open-in-view is enabled by default. Therefore, database queries may be performed during view rendering. Explicitly configure spring.jpa.open-in-view to disable this warning
2026-03-13T02:35:55.641+05:30  INFO [authentication-service,traceId=,spanId=] 16140 --- [authentication-service] [  restartedMain] [                                                 ] o.s.b.a.e.web.EndpointLinksResolver      : Exposing 1 endpoint beneath base path '/actuator'
2026-03-13T02:35:56.738+05:30  WARN [authentication-service,traceId=,spanId=] 16140 --- [authentication-service] [  restartedMain] [                                                 ] o.s.b.d.a.OptionalLiveReloadServer       : Unable to start LiveReload server
2026-03-13T02:35:56.970+05:30  INFO [authentication-service,traceId=,spanId=] 16140 --- [authentication-service] [  restartedMain] [                                                 ] DiscoveryClientOptionalArgsConfiguration : Eureka HTTP Client uses RestTemplate.
2026-03-13T02:35:57.098+05:30  WARN [authentication-service,traceId=,spanId=] 16140 --- [authentication-service] [  restartedMain] [                                                 ] iguration$LoadBalancerCaffeineWarnLogger : Spring Cloud LoadBalancer is currently working with the default cache. While this cache implementation is useful for development and tests, it's recommended to use Caffeine cache in production.You can switch to using Caffeine cache, by adding it and org.springframework.cache.caffeine.CaffeineCacheManager to the classpath.
2026-03-13T02:35:57.258+05:30  INFO [authentication-service,traceId=,spanId=] 16140 --- [authentication-service] [  restartedMain] [                                                 ] o.s.b.w.embedded.tomcat.TomcatWebServer  : Tomcat started on port 58955 (http) with context path '/'
2026-03-13T02:35:57.261+05:30  INFO [authentication-service,traceId=,spanId=] 16140 --- [authentication-service] [  restartedMain] [                                                 ] .s.c.n.e.s.EurekaAutoServiceRegistration : Updating port to 58955
2026-03-13T02:35:57.269+05:30  INFO [authentication-service,traceId=,spanId=] 16140 --- [authentication-service] [  restartedMain] [                                                 ] o.s.c.n.eureka.InstanceInfoFactory       : Setting initial instance status as: STARTING
2026-03-13T02:35:57.328+05:30  INFO [authentication-service,traceId=,spanId=] 16140 --- [authentication-service] [  restartedMain] [                                                 ] com.netflix.discovery.DiscoveryClient    : Initializing Eureka in region us-east-1
2026-03-13T02:35:57.336+05:30  INFO [authentication-service,traceId=,spanId=] 16140 --- [authentication-service] [  restartedMain] [                                                 ] c.n.d.s.r.aws.ConfigClusterResolver      : Resolving eureka endpoints via configuration
2026-03-13T02:35:57.355+05:30  INFO [authentication-service,traceId=,spanId=] 16140 --- [authentication-service] [  restartedMain] [                                                 ] com.netflix.discovery.DiscoveryClient    : Disable delta property : false
2026-03-13T02:35:57.355+05:30  INFO [authentication-service,traceId=,spanId=] 16140 --- [authentication-service] [  restartedMain] [                                                 ] com.netflix.discovery.DiscoveryClient    : Single vip registry refresh property : null
2026-03-13T02:35:57.355+05:30  INFO [authentication-service,traceId=,spanId=] 16140 --- [authentication-service] [  restartedMain] [                                                 ] com.netflix.discovery.DiscoveryClient    : Force full registry fetch : false
2026-03-13T02:35:57.355+05:30  INFO [authentication-service,traceId=,spanId=] 16140 --- [authentication-service] [  restartedMain] [                                                 ] com.netflix.discovery.DiscoveryClient    : Application is null : false
2026-03-13T02:35:57.355+05:30  INFO [authentication-service,traceId=,spanId=] 16140 --- [authentication-service] [  restartedMain] [                                                 ] com.netflix.discovery.DiscoveryClient    : Registered Applications size is zero : true
2026-03-13T02:35:57.355+05:30  INFO [authentication-service,traceId=,spanId=] 16140 --- [authentication-service] [  restartedMain] [                                                 ] com.netflix.discovery.DiscoveryClient    : Application version is -1: true
2026-03-13T02:35:57.355+05:30  INFO [authentication-service,traceId=,spanId=] 16140 --- [authentication-service] [  restartedMain] [                                                 ] com.netflix.discovery.DiscoveryClient    : Getting all instance registry info from the eureka server
2026-03-13T02:35:57.614+05:30  INFO [authentication-service,traceId=,spanId=] 16140 --- [authentication-service] [  restartedMain] [                                                 ] com.netflix.discovery.DiscoveryClient    : The response status is 200
2026-03-13T02:35:57.617+05:30  INFO [authentication-service,traceId=,spanId=] 16140 --- [authentication-service] [  restartedMain] [                                                 ] com.netflix.discovery.DiscoveryClient    : Starting heartbeat executor: renew interval is: 30
2026-03-13T02:35:57.619+05:30  INFO [authentication-service,traceId=,spanId=] 16140 --- [authentication-service] [  restartedMain] [                                                 ] c.n.discovery.InstanceInfoReplicator     : InstanceInfoReplicator onDemand update allowed rate per min is 4
2026-03-13T02:35:57.621+05:30  INFO [authentication-service,traceId=,spanId=] 16140 --- [authentication-service] [  restartedMain] [                                                 ] com.netflix.discovery.DiscoveryClient    : Discovery Client initialized at timestamp 1773349557620 with initial instances count: 0
2026-03-13T02:35:57.629+05:30  INFO [authentication-service,traceId=,spanId=] 16140 --- [authentication-service] [  restartedMain] [                                                 ] o.s.c.n.e.s.EurekaServiceRegistry        : Registering application AUTHENTICATION-SERVICE with eureka with status UP
2026-03-13T02:35:57.629+05:30  INFO [authentication-service,traceId=,spanId=] 16140 --- [authentication-service] [  restartedMain] [                                                 ] com.netflix.discovery.DiscoveryClient    : Saw local status change event StatusChangeEvent [timestamp=1773349557629, current=UP, previous=STARTING]
2026-03-13T02:35:57.634+05:30  INFO [authentication-service,traceId=,spanId=] 16140 --- [authentication-service] [foReplicator-%d] [                                                 ] com.netflix.discovery.DiscoveryClient    : DiscoveryClient_AUTHENTICATION-SERVICE/Mohasin:authentication-service:0: registering service...
2026-03-13T02:35:57.686+05:30  INFO [authentication-service,traceId=,spanId=] 16140 --- [authentication-service] [foReplicator-%d] [                                                 ] com.netflix.discovery.DiscoveryClient    : DiscoveryClient_AUTHENTICATION-SERVICE/Mohasin:authentication-service:0 - registration status: 204
2026-03-13T02:35:57.794+05:30  INFO [authentication-service,traceId=,spanId=] 16140 --- [authentication-service] [  restartedMain] [                                                 ] c.a.AuthenticationServiceApplication     : Started AuthenticationServiceApplication in 20.333 seconds (process running for 22.34)
2026-03-13T02:36:27.619+05:30  INFO [authentication-service,traceId=,spanId=] 16140 --- [authentication-service] [reshExecutor-%d] [                                                 ] com.netflix.discovery.DiscoveryClient    : Disable delta property : false
2026-03-13T02:36:27.620+05:30  INFO [authentication-service,traceId=,spanId=] 16140 --- [authentication-service] [reshExecutor-%d] [                                                 ] com.netflix.discovery.DiscoveryClient    : Single vip registry refresh property : null
2026-03-13T02:36:27.620+05:30  INFO [authentication-service,traceId=,spanId=] 16140 --- [authentication-service] [reshExecutor-%d] [                                                 ] com.netflix.discovery.DiscoveryClient    : Force full registry fetch : false
2026-03-13T02:36:27.620+05:30  INFO [authentication-service,traceId=,spanId=] 16140 --- [authentication-service] [reshExecutor-%d] [                                                 ] com.netflix.discovery.DiscoveryClient    : Application is null : false
2026-03-13T02:36:27.621+05:30  INFO [authentication-service,traceId=,spanId=] 16140 --- [authentication-service] [reshExecutor-%d] [                                                 ] com.netflix.discovery.DiscoveryClient    : Registered Applications size is zero : true
2026-03-13T02:36:27.621+05:30  INFO [authentication-service,traceId=,spanId=] 16140 --- [authentication-service] [reshExecutor-%d] [                                                 ] com.netflix.discovery.DiscoveryClient    : Application version is -1: false
2026-03-13T02:36:27.621+05:30  INFO [authentication-service,traceId=,spanId=] 16140 --- [authentication-service] [reshExecutor-%d] [                                                 ] com.netflix.discovery.DiscoveryClient    : Getting all instance registry info from the eureka server
2026-03-13T02:36:27.709+05:30  INFO [authentication-service,traceId=,spanId=] 16140 --- [authentication-service] [reshExecutor-%d] [                                                 ] com.netflix.discovery.DiscoveryClient    : The response status is 200
2026-03-13T02:37:12.472+05:30  INFO [authentication-service,traceId=,spanId=] 16140 --- [authentication-service] [o-auto-1-exec-1] [                                                 ] o.a.c.c.C.[Tomcat].[localhost].[/]       : Initializing Spring DispatcherServlet 'dispatcherServlet'
2026-03-13T02:37:12.473+05:30  INFO [authentication-service,traceId=,spanId=] 16140 --- [authentication-service] [o-auto-1-exec-1] [                                                 ] o.s.web.servlet.DispatcherServlet        : Initializing Servlet 'dispatcherServlet'
2026-03-13T02:37:12.484+05:30  INFO [authentication-service,traceId=,spanId=] 16140 --- [authentication-service] [o-auto-1-exec-1] [                                                 ] o.s.web.servlet.DispatcherServlet        : Completed initialization in 11 ms
2026-03-13T02:40:57.363+05:30  INFO [authentication-service,traceId=,spanId=] 16140 --- [authentication-service] [rap-executor-%d] [                                                 ] c.n.d.s.r.aws.ConfigClusterResolver      : Resolving eureka endpoints via configuration
