[INFO] Scanning for projects...
[WARNING] 
[WARNING] Some problems were encountered while building the effective model for com.account_service:account_service:jar:0.0.1-SNAPSHOT
[WARNING] 'dependencies.dependency.(groupId:artifactId:type:classifier)' must be unique: org.springframework.kafka:spring-kafka:jar -> duplicate declaration of version (?) @ line 76, column 15
[WARNING] 
[WARNING] It is highly recommended to fix these problems because they threaten the stability of your build.
[WARNING] 
[WARNING] For this reason, future Maven versions might no longer support building such malformed projects.
[WARNING] 
[INFO] 
[INFO] ----------------< com.payment_service:payment_service >-----------------
[INFO] Building payment_service 0.0.1-SNAPSHOT
[INFO]   from pom.xml
[INFO] --------------------------------[ jar ]---------------------------------
[INFO] 
[INFO] >>> spring-boot:3.4.5:run (default-cli) > test-compile @ payment_service >>>
[INFO] 
[INFO] --- resources:3.3.1:resources (default-resources) @ payment_service ---
[INFO] Copying 1 resource from src\main\resources to target\classes
[INFO] Copying 0 resource from src\main\resources to target\classes
[INFO] 
[INFO] --- compiler:3.13.0:compile (default-compile) @ payment_service ---
[INFO] Recompiling the module because of changed source code.
[INFO] Compiling 21 source files with javac [debug parameters release 17] to target\classes
[INFO] -------------------------------------------------------------
[ERROR] COMPILATION ERROR : 
[INFO] -------------------------------------------------------------
[ERROR] /U:/Desktop/09_Projects/04_Java_Microservices/03_Banking_as_a_Service/codebase/Banking_As_A_Service/payment_service/src/main/java/com/payment_service/kafka/PaymentServiceEventProducer.java:[3,42] package com.baas.constants.payment_service does not exist
[ERROR] /U:/Desktop/09_Projects/04_Java_Microservices/03_Banking_as_a_Service/codebase/Banking_As_A_Service/payment_service/src/main/java/com/payment_service/kafka/PaymentServiceEventProducer.java:[4,39] package com.baas.events.payment_service does not exist
[ERROR] /U:/Desktop/09_Projects/04_Java_Microservices/03_Banking_as_a_Service/codebase/Banking_As_A_Service/payment_service/src/main/java/com/payment_service/kafka/PaymentServiceEventProducer.java:[13,41] cannot find symbol
  symbol:   class PaymentServiceEventDto
  location: class com.payment_service.kafka.PaymentServiceEventProducer
[ERROR] /U:/Desktop/09_Projects/04_Java_Microservices/03_Banking_as_a_Service/codebase/Banking_As_A_Service/payment_service/src/main/java/com/payment_service/kafka/PaymentServiceEventProducer.java:[16,62] cannot find symbol
  symbol:   class PaymentServiceEventDto
  location: class com.payment_service.kafka.PaymentServiceEventProducer
[INFO] 4 errors 
[INFO] -------------------------------------------------------------
[INFO] ------------------------------------------------------------------------
[INFO] BUILD FAILURE
[INFO] ------------------------------------------------------------------------
[INFO] Total time:  14.503 s
[INFO] Finished at: 2026-01-20T14:42:52+05:30
[INFO] ------------------------------------------------------------------------
[ERROR] Failed to execute goal org.apache.maven.plugins:maven-compiler-plugin:3.13.0:compile (default-compile) on project payment_service: Compilation failure: Compilation failure: 
[ERROR] /U:/Desktop/09_Projects/04_Java_Microservices/03_Banking_as_a_Service/codebase/Banking_As_A_Service/payment_service/src/main/java/com/payment_service/kafka/PaymentServiceEventProducer.java:[3,42] package com.baas.constants.payment_service does not exist
[ERROR] /U:/Desktop/09_Projects/04_Java_Microservices/03_Banking_as_a_Service/codebase/Banking_As_A_Service/payment_service/src/main/java/com/payment_service/kafka/PaymentServiceEventProducer.java:[4,39] package com.baas.events.payment_service does not exist
[ERROR] /U:/Desktop/09_Projects/04_Java_Microservices/03_Banking_as_a_Service/codebase/Banking_As_A_Service/payment_service/src/main/java/com/payment_service/kafka/PaymentServiceEventProducer.java:[13,41] cannot find symbol
[ERROR]   symbol:   class PaymentServiceEventDto
[ERROR]   location: class com.payment_service.kafka.PaymentServiceEventProducer
[ERROR] /U:/Desktop/09_Projects/04_Java_Microservices/03_Banking_as_a_Service/codebase/Banking_As_A_Service/payment_service/src/main/java/com/payment_service/kafka/PaymentServiceEventProducer.java:[16,62] cannot find symbol
[ERROR]   symbol:   class PaymentServiceEventDto
[ERROR]   location: class com.payment_service.kafka.PaymentServiceEventProducer
[ERROR] -> [Help 1]
[ERROR] 
[ERROR] To see the full stack trace of the errors, re-run Maven with the -e switch.
[ERROR] Re-run Maven using the -X switch to enable full debug logging.
[ERROR] 
[ERROR] For more information about the errors and possible solutions, please read the following articles:
[ERROR] [Help 1] http://cwiki.apache.org/confluence/display/MAVEN/MojoFailureException
