#
# There is insufficient memory for the Java Runtime Environment to continue.
# Native memory allocation (malloc) failed to allocate 1140672 bytes for Chunk::new
# Possible reasons:
#   The system is out of physical RAM or swap space
#   The process is running with CompressedOops enabled, and the Java Heap may be blocking the growth of the native heap
# Possible solutions:
#   Reduce memory load on the system
#   Increase physical memory or swap space
#   Check if swap backing store is full
#   Decrease Java heap size (-Xmx/-Xms)
#   Decrease number of Java threads
#   Decrease Java thread stack sizes (-Xss)
#   Set larger code cache with -XX:ReservedCodeCacheSize=
#   JVM is running with Unscaled Compressed Oops mode in which the Java heap is
#     placed in the first 4GB address space. The Java Heap base address is the
#     maximum limit for the native heap growth. Please use -XX:HeapBaseMinAddress
#     to set the Java Heap base and to place the Java Heap above 4GB virtual address.
# This output file may be truncated or incomplete.
#
#  Out of Memory Error (arena.cpp:189), pid=21756, tid=21880
#
# JRE version: Java(TM) SE Runtime Environment (17.0.10+11) (build 17.0.10+11-LTS-240)
# Java VM: Java HotSpot(TM) 64-Bit Server VM (17.0.10+11-LTS-240, mixed mode, sharing, tiered, compressed oops, compressed class ptrs, g1 gc, windows-amd64)
# No core dump will be written. Minidumps are not enabled by default on client versions of Windows
#

---------------  S U M M A R Y ------------

Command Line: -Dclassworlds.conf=C:/Program Files/apache-maven-3.9.9/bin/m2.conf -Dmaven.home=C:/Program Files/apache-maven-3.9.9 -Dlibrary.jansi.path=C:/Program Files/apache-maven-3.9.9/lib/jansi-native -Dmaven.multiModuleProjectDirectory=U:/Desktop/09_Projects/04_Java_Microservices/03_Banking_as_a_Service/codebase/Banking_As_A_Service/transaction_service org.codehaus.plexus.classworlds.launcher.Launcher spring-boot:run

Host: 11th Gen Intel(R) Core(TM) i5-1135G7 @ 2.40GHz, 8 cores, 7G,  Windows 11 , 64 bit Build 26100 (10.0.26100.7309)
Time: Tue Jan 20 15:11:47 2026 India Standard Time elapsed time: 7.817672 seconds (0d 0h 0m 7s)

---------------  T H R E A D  ---------------

Current thread (0x00000233c0673240):  JavaThread "C2 CompilerThread0" daemon [_thread_in_native, id=21880, stack(0x000000b2ac100000,0x000000b2ac200000)]


Current CompileTask:
C2:   7817 4207       4       org.apache.maven.repository.internal.ArtifactDescriptorReaderDelegate::convert (205 bytes)

Stack: [0x000000b2ac100000,0x000000b2ac200000]
Native frames: (J=compiled Java code, j=interpreted, Vv=VM code, C=native code)
V  [jvm.dll+0x677a5a]
V  [jvm.dll+0x7d8b2d]
V  [jvm.dll+0x7da48e]
V  [jvm.dll+0x7daaf3]
V  [jvm.dll+0x2455ff]
V  [jvm.dll+0xaaafb]
V  [jvm.dll+0xab09c]
V  [jvm.dll+0x361bae]
V  [jvm.dll+0x1bb3ca]
V  [jvm.dll+0x217aa7]
V  [jvm.dll+0x216d81]
V  [jvm.dll+0x1a3410]
V  [jvm.dll+0x226aeb]
V  [jvm.dll+0x224cab]
V  [jvm.dll+0x78e45c]
V  [jvm.dll+0x78888a]
V  [jvm.dll+0x676935]
C  [ucrtbase.dll+0x37b0]
C  [KERNEL32.DLL+0x2e8d7]
C  [ntdll.dll+0x8c53c]


---------------  P R O C E S S  ---------------

Threads class SMR info:
_java_thread_list=0x00000233c096d750, length=15, elements={
0x00000233a0b33cd0, 0x00000233c0652ae0, 0x00000233c0655ac0, 0x00000233c066d330,
0x00000233c066dcf0, 0x00000233c066f6c0, 0x00000233c0670080, 0x00000233c0673240,
0x00000233c0673cf0, 0x00000233c0674b00, 0x00000233c08d5d50, 0x00000233c08dab10,
0x0000023406dea480, 0x00000234072b5420, 0x00000234072b4430
}

Java Threads: ( => current thread )
  0x00000233a0b33cd0 JavaThread "main" [_thread_in_native, id=9204, stack(0x000000b2ab400000,0x000000b2ab500000)]
  0x00000233c0652ae0 JavaThread "Reference Handler" daemon [_thread_blocked, id=22032, stack(0x000000b2abb00000,0x000000b2abc00000)]
  0x00000233c0655ac0 JavaThread "Finalizer" daemon [_thread_blocked, id=20880, stack(0x000000b2abc00000,0x000000b2abd00000)]
  0x00000233c066d330 JavaThread "Signal Dispatcher" daemon [_thread_blocked, id=18288, stack(0x000000b2abd00000,0x000000b2abe00000)]
  0x00000233c066dcf0 JavaThread "Attach Listener" daemon [_thread_blocked, id=7040, stack(0x000000b2abe00000,0x000000b2abf00000)]
  0x00000233c066f6c0 JavaThread "Service Thread" daemon [_thread_blocked, id=14316, stack(0x000000b2abf00000,0x000000b2ac000000)]
  0x00000233c0670080 JavaThread "Monitor Deflation Thread" daemon [_thread_blocked, id=19316, stack(0x000000b2ac000000,0x000000b2ac100000)]
=>0x00000233c0673240 JavaThread "C2 CompilerThread0" daemon [_thread_in_native, id=21880, stack(0x000000b2ac100000,0x000000b2ac200000)]
  0x00000233c0673cf0 JavaThread "C1 CompilerThread0" daemon [_thread_blocked, id=22328, stack(0x000000b2ac200000,0x000000b2ac300000)]
  0x00000233c0674b00 JavaThread "Sweeper thread" daemon [_thread_blocked, id=20024, stack(0x000000b2ac300000,0x000000b2ac400000)]
  0x00000233c08d5d50 JavaThread "Notification Thread" daemon [_thread_blocked, id=17568, stack(0x000000b2ac400000,0x000000b2ac500000)]
  0x00000233c08dab10 JavaThread "Common-Cleaner" daemon [_thread_blocked, id=15628, stack(0x000000b2ac600000,0x000000b2ac700000)]
  0x0000023406dea480 JavaThread "Thread-1" daemon [_thread_blocked, id=22960, stack(0x000000b2acf00000,0x000000b2ad000000)]
  0x00000234072b5420 JavaThread "C2 CompilerThread1" daemon [_thread_in_native, id=16056, stack(0x000000b2ac700000,0x000000b2ac800000)]
  0x00000234072b4430 JavaThread "C2 CompilerThread2" daemon [_thread_in_native, id=22944, stack(0x000000b2ad000000,0x000000b2ad100000)]

Other Threads:
  0x00000233c064eb30 VMThread "VM Thread" [stack: 0x000000b2aba00000,0x000000b2abb00000] [id=21428]
  0x00000233c08d9280 WatcherThread [stack: 0x000000b2ac500000,0x000000b2ac600000] [id=22444]
  0x00000233a0b8e090 GCTaskThread "GC Thread#0" [stack: 0x000000b2ab500000,0x000000b2ab600000] [id=16908]
  0x0000023406617bd0 GCTaskThread "GC Thread#1" [stack: 0x000000b2ac800000,0x000000b2ac900000] [id=19412]
  0x00000234066186d0 GCTaskThread "GC Thread#2" [stack: 0x000000b2ac900000,0x000000b2aca00000] [id=20544]
  0x00000234066170d0 GCTaskThread "GC Thread#3" [stack: 0x000000b2aca00000,0x000000b2acb00000] [id=21848]
  0x0000023406617390 GCTaskThread "GC Thread#4" [stack: 0x000000b2acb00000,0x000000b2acc00000] [id=21612]
  0x0000023406618990 GCTaskThread "GC Thread#5" [stack: 0x000000b2acc00000,0x000000b2acd00000] [id=7520]
  0x0000023406618150 GCTaskThread "GC Thread#6" [stack: 0x000000b2acd00000,0x000000b2ace00000] [id=22240]
  0x0000023406618c50 GCTaskThread "GC Thread#7" [stack: 0x000000b2ace00000,0x000000b2acf00000] [id=21812]
  0x00000233a0ba0550 ConcurrentGCThread "G1 Main Marker" [stack: 0x000000b2ab600000,0x000000b2ab700000] [id=5588]
  0x00000233a0ba2c80 ConcurrentGCThread "G1 Conc#0" [stack: 0x000000b2ab700000,0x000000b2ab800000] [id=19604]
  0x00000233a0bfe580 ConcurrentGCThread "G1 Refine#0" [stack: 0x000000b2ab800000,0x000000b2ab900000] [id=17132]
  0x00000233c04f48d0 ConcurrentGCThread "G1 Service" [stack: 0x000000b2ab900000,0x000000b2aba00000] [id=6332]

Threads with active compile tasks:
C2 CompilerThread0     7843 4207       4       org.apache.maven.repository.internal.ArtifactDescriptorReaderDelegate::convert (205 bytes)
C2 CompilerThread1     7843 4514       4       org.eclipse.aether.util.graph.transformer.ConflictResolver$State::push (457 bytes)
C2 CompilerThread2     7843 4181       4       org.eclipse.aether.artifact.DefaultArtifact::<init> (130 bytes)

VM state: not at safepoint (normal execution)

VM Mutex/Monitor currently owned by a thread: None

Heap address: 0x0000000085800000, size: 1960 MB, Compressed Oops mode: 32-bit

CDS archive(s) mapped at: [0x00000233c1000000-0x00000233c1bd0000-0x00000233c1bd0000), size 12386304, SharedBaseAddress: 0x00000233c1000000, ArchiveRelocationMode: 1.
Compressed class space mapped at: 0x00000233c2000000-0x0000023402000000, reserved size: 1073741824
Narrow klass base: 0x00000233c1000000, Narrow klass shift: 0, Narrow klass range: 0x100000000

GC Precious Log:
 CPUs: 8 total, 8 available
 Memory: 7834M
 Large Page Support: Disabled
 NUMA Support: Disabled
 Compressed Oops: Enabled (32-bit)
 Heap Region Size: 1M
 Heap Min Capacity: 8M
 Heap Initial Capacity: 124M
 Heap Max Capacity: 1960M
 Pre-touch: Disabled
 Parallel Workers: 8
 Concurrent Workers: 2
 Concurrent Refinement Workers: 8
 Periodic GC: Disabled

Heap:
 garbage-first heap   total 126976K, used 86719K [0x0000000085800000, 0x0000000100000000)
  region size 1024K, 41 young (41984K), 4 survivors (4096K)
 Metaspace       used 17666K, committed 17920K, reserved 1114112K
  class space    used 2021K, committed 2176K, reserved 1048576K

Heap Regions: E=young(eden), S=young(survivor), O=old, HS=humongous(starts), HC=humongous(continues), CS=collection set, F=free, OA=open archive, CA=closed archive, TAMS=top-at-mark-start (previous, next)
|   0|0x0000000085800000, 0x0000000085900000, 0x0000000085900000|100%| O|  |TAMS 0x0000000085800000, 0x0000000085800000| Untracked 
|   1|0x0000000085900000, 0x0000000085a00000, 0x0000000085a00000|100%| O|  |TAMS 0x0000000085900000, 0x0000000085900000| Untracked 
|   2|0x0000000085a00000, 0x0000000085b00000, 0x0000000085b00000|100%| O|  |TAMS 0x0000000085a00000, 0x0000000085a00000| Untracked 
|   3|0x0000000085b00000, 0x0000000085c00000, 0x0000000085c00000|100%| O|  |TAMS 0x0000000085b00000, 0x0000000085b00000| Untracked 
|   4|0x0000000085c00000, 0x0000000085d00000, 0x0000000085d00000|100%| O|  |TAMS 0x0000000085c00000, 0x0000000085c00000| Untracked 
|   5|0x0000000085d00000, 0x0000000085e00000, 0x0000000085e00000|100%| O|  |TAMS 0x0000000085d00000, 0x0000000085d00000| Untracked 
|   6|0x0000000085e00000, 0x0000000085f00000, 0x0000000085f00000|100%| O|  |TAMS 0x0000000085e00000, 0x0000000085e00000| Untracked 
|   7|0x0000000085f00000, 0x0000000086000000, 0x0000000086000000|100%| O|  |TAMS 0x0000000085f00000, 0x0000000085f00000| Untracked 
|   8|0x0000000086000000, 0x0000000086100000, 0x0000000086100000|100%| O|  |TAMS 0x0000000086000000, 0x0000000086000000| Untracked 
|   9|0x0000000086100000, 0x0000000086200000, 0x0000000086200000|100%| O|  |TAMS 0x0000000086100000, 0x0000000086100000| Untracked 
|  10|0x0000000086200000, 0x0000000086300000, 0x0000000086300000|100%| O|  |TAMS 0x0000000086200000, 0x0000000086200000| Untracked 
|  11|0x0000000086300000, 0x0000000086400000, 0x0000000086400000|100%| O|  |TAMS 0x0000000086300000, 0x0000000086300000| Untracked 
|  12|0x0000000086400000, 0x0000000086500000, 0x0000000086500000|100%| O|  |TAMS 0x0000000086400000, 0x0000000086400000| Untracked 
|  13|0x0000000086500000, 0x000000008652fc00, 0x0000000086600000| 18%| O|  |TAMS 0x0000000086500000, 0x0000000086500000| Untracked 
|  14|0x0000000086600000, 0x0000000086700000, 0x0000000086700000|100%|HS|  |TAMS 0x0000000086600000, 0x0000000086600000| Complete 
|  15|0x0000000086700000, 0x0000000086800000, 0x0000000086800000|100%|HC|  |TAMS 0x0000000086700000, 0x0000000086700000| Complete 
|  16|0x0000000086800000, 0x0000000086900000, 0x0000000086900000|100%|HC|  |TAMS 0x0000000086800000, 0x0000000086800000| Complete 
|  17|0x0000000086900000, 0x0000000086a00000, 0x0000000086a00000|100%|HC|  |TAMS 0x0000000086900000, 0x0000000086900000| Complete 
|  18|0x0000000086a00000, 0x0000000086b00000, 0x0000000086b00000|100%|HC|  |TAMS 0x0000000086a00000, 0x0000000086a00000| Complete 
|  19|0x0000000086b00000, 0x0000000086c00000, 0x0000000086c00000|100%|HC|  |TAMS 0x0000000086b00000, 0x0000000086b00000| Complete 
|  20|0x0000000086c00000, 0x0000000086d00000, 0x0000000086d00000|100%|HC|  |TAMS 0x0000000086c00000, 0x0000000086c00000| Complete 
|  21|0x0000000086d00000, 0x0000000086e00000, 0x0000000086e00000|100%|HC|  |TAMS 0x0000000086d00000, 0x0000000086d00000| Complete 
|  22|0x0000000086e00000, 0x0000000086f00000, 0x0000000086f00000|100%|HS|  |TAMS 0x0000000086e00000, 0x0000000086e00000| Complete 
|  23|0x0000000086f00000, 0x0000000087000000, 0x0000000087000000|100%|HC|  |TAMS 0x0000000086f00000, 0x0000000086f00000| Complete 
|  24|0x0000000087000000, 0x0000000087100000, 0x0000000087100000|100%|HC|  |TAMS 0x0000000087000000, 0x0000000087000000| Complete 
|  25|0x0000000087100000, 0x0000000087200000, 0x0000000087200000|100%|HC|  |TAMS 0x0000000087100000, 0x0000000087100000| Complete 
|  26|0x0000000087200000, 0x0000000087300000, 0x0000000087300000|100%|HC|  |TAMS 0x0000000087200000, 0x0000000087200000| Complete 
|  27|0x0000000087300000, 0x0000000087400000, 0x0000000087400000|100%|HC|  |TAMS 0x0000000087300000, 0x0000000087300000| Complete 
|  28|0x0000000087400000, 0x0000000087500000, 0x0000000087500000|100%|HC|  |TAMS 0x0000000087400000, 0x0000000087400000| Complete 
|  29|0x0000000087500000, 0x0000000087600000, 0x0000000087600000|100%|HC|  |TAMS 0x0000000087500000, 0x0000000087500000| Complete 
|  30|0x0000000087600000, 0x0000000087700000, 0x0000000087700000|100%|HC|  |TAMS 0x0000000087600000, 0x0000000087600000| Complete 
|  31|0x0000000087700000, 0x0000000087800000, 0x0000000087800000|100%|HC|  |TAMS 0x0000000087700000, 0x0000000087700000| Complete 
|  32|0x0000000087800000, 0x0000000087900000, 0x0000000087900000|100%|HC|  |TAMS 0x0000000087800000, 0x0000000087800000| Complete 
|  33|0x0000000087900000, 0x0000000087a00000, 0x0000000087a00000|100%|HC|  |TAMS 0x0000000087900000, 0x0000000087900000| Complete 
|  34|0x0000000087a00000, 0x0000000087b00000, 0x0000000087b00000|100%|HS|  |TAMS 0x0000000087a00000, 0x0000000087a00000| Complete 
|  35|0x0000000087b00000, 0x0000000087c00000, 0x0000000087c00000|100%|HC|  |TAMS 0x0000000087b00000, 0x0000000087b00000| Complete 
|  36|0x0000000087c00000, 0x0000000087d00000, 0x0000000087d00000|100%|HC|  |TAMS 0x0000000087c00000, 0x0000000087c00000| Complete 
|  37|0x0000000087d00000, 0x0000000087e00000, 0x0000000087e00000|100%|HC|  |TAMS 0x0000000087d00000, 0x0000000087d00000| Complete 
|  38|0x0000000087e00000, 0x0000000087f00000, 0x0000000087f00000|100%|HC|  |TAMS 0x0000000087e00000, 0x0000000087e00000| Complete 
|  39|0x0000000087f00000, 0x0000000088000000, 0x0000000088000000|100%|HC|  |TAMS 0x0000000087f00000, 0x0000000087f00000| Complete 
|  40|0x0000000088000000, 0x0000000088100000, 0x0000000088100000|100%|HC|  |TAMS 0x0000000088000000, 0x0000000088000000| Complete 
|  41|0x0000000088100000, 0x0000000088200000, 0x0000000088200000|100%|HC|  |TAMS 0x0000000088100000, 0x0000000088100000| Complete 
|  42|0x0000000088200000, 0x0000000088300000, 0x0000000088300000|100%|HC|  |TAMS 0x0000000088200000, 0x0000000088200000| Complete 
|  43|0x0000000088300000, 0x0000000088400000, 0x0000000088400000|100%|HC|  |TAMS 0x0000000088300000, 0x0000000088300000| Complete 
|  44|0x0000000088400000, 0x0000000088500000, 0x0000000088500000|100%|HC|  |TAMS 0x0000000088400000, 0x0000000088400000| Complete 
|  45|0x0000000088500000, 0x0000000088600000, 0x0000000088600000|100%|HC|  |TAMS 0x0000000088500000, 0x0000000088500000| Complete 
|  46|0x0000000088600000, 0x0000000088600000, 0x0000000088700000|  0%| F|  |TAMS 0x0000000088600000, 0x0000000088600000| Untracked 
|  47|0x0000000088700000, 0x0000000088700000, 0x0000000088800000|  0%| F|  |TAMS 0x0000000088700000, 0x0000000088700000| Untracked 
|  48|0x0000000088800000, 0x0000000088800000, 0x0000000088900000|  0%| F|  |TAMS 0x0000000088800000, 0x0000000088800000| Untracked 
|  49|0x0000000088900000, 0x0000000088900000, 0x0000000088a00000|  0%| F|  |TAMS 0x0000000088900000, 0x0000000088900000| Untracked 
|  50|0x0000000088a00000, 0x0000000088a00000, 0x0000000088b00000|  0%| F|  |TAMS 0x0000000088a00000, 0x0000000088a00000| Untracked 
|  51|0x0000000088b00000, 0x0000000088b00000, 0x0000000088c00000|  0%| F|  |TAMS 0x0000000088b00000, 0x0000000088b00000| Untracked 
|  52|0x0000000088c00000, 0x0000000088c00000, 0x0000000088d00000|  0%| F|  |TAMS 0x0000000088c00000, 0x0000000088c00000| Untracked 
|  53|0x0000000088d00000, 0x0000000088d00000, 0x0000000088e00000|  0%| F|  |TAMS 0x0000000088d00000, 0x0000000088d00000| Untracked 
|  54|0x0000000088e00000, 0x0000000088e00000, 0x0000000088f00000|  0%| F|  |TAMS 0x0000000088e00000, 0x0000000088e00000| Untracked 
|  55|0x0000000088f00000, 0x0000000088f00000, 0x0000000089000000|  0%| F|  |TAMS 0x0000000088f00000, 0x0000000088f00000| Untracked 
|  56|0x0000000089000000, 0x0000000089080000, 0x0000000089100000| 50%| S|CS|TAMS 0x0000000089000000, 0x0000000089000000| Complete 
|  57|0x0000000089100000, 0x0000000089200000, 0x0000000089200000|100%| S|CS|TAMS 0x0000000089100000, 0x0000000089100000| Complete 
|  58|0x0000000089200000, 0x0000000089300000, 0x0000000089300000|100%| S|CS|TAMS 0x0000000089200000, 0x0000000089200000| Complete 
|  59|0x0000000089300000, 0x0000000089400000, 0x0000000089400000|100%| S|CS|TAMS 0x0000000089300000, 0x0000000089300000| Complete 
|  60|0x0000000089400000, 0x0000000089400000, 0x0000000089500000|  0%| F|  |TAMS 0x0000000089400000, 0x0000000089400000| Untracked 
|  61|0x0000000089500000, 0x0000000089500000, 0x0000000089600000|  0%| F|  |TAMS 0x0000000089500000, 0x0000000089500000| Untracked 
|  62|0x0000000089600000, 0x0000000089600000, 0x0000000089700000|  0%| F|  |TAMS 0x0000000089600000, 0x0000000089600000| Untracked 
|  63|0x0000000089700000, 0x0000000089700000, 0x0000000089800000|  0%| F|  |TAMS 0x0000000089700000, 0x0000000089700000| Untracked 
|  64|0x0000000089800000, 0x0000000089800000, 0x0000000089900000|  0%| F|  |TAMS 0x0000000089800000, 0x0000000089800000| Untracked 
|  65|0x0000000089900000, 0x0000000089900000, 0x0000000089a00000|  0%| F|  |TAMS 0x0000000089900000, 0x0000000089900000| Untracked 
|  66|0x0000000089a00000, 0x0000000089a00000, 0x0000000089b00000|  0%| F|  |TAMS 0x0000000089a00000, 0x0000000089a00000| Untracked 
|  67|0x0000000089b00000, 0x0000000089b00000, 0x0000000089c00000|  0%| F|  |TAMS 0x0000000089b00000, 0x0000000089b00000| Untracked 
|  68|0x0000000089c00000, 0x0000000089c00000, 0x0000000089d00000|  0%| F|  |TAMS 0x0000000089c00000, 0x0000000089c00000| Untracked 
|  69|0x0000000089d00000, 0x0000000089d00000, 0x0000000089e00000|  0%| F|  |TAMS 0x0000000089d00000, 0x0000000089d00000| Untracked 
|  70|0x0000000089e00000, 0x0000000089e00000, 0x0000000089f00000|  0%| F|  |TAMS 0x0000000089e00000, 0x0000000089e00000| Untracked 
|  71|0x0000000089f00000, 0x0000000089f00000, 0x000000008a000000|  0%| F|  |TAMS 0x0000000089f00000, 0x0000000089f00000| Untracked 
|  72|0x000000008a000000, 0x000000008a000000, 0x000000008a100000|  0%| F|  |TAMS 0x000000008a000000, 0x000000008a000000| Untracked 
|  73|0x000000008a100000, 0x000000008a100000, 0x000000008a200000|  0%| F|  |TAMS 0x000000008a100000, 0x000000008a100000| Untracked 
|  74|0x000000008a200000, 0x000000008a200000, 0x000000008a300000|  0%| F|  |TAMS 0x000000008a200000, 0x000000008a200000| Untracked 
|  75|0x000000008a300000, 0x000000008a300000, 0x000000008a400000|  0%| F|  |TAMS 0x000000008a300000, 0x000000008a300000| Untracked 
|  76|0x000000008a400000, 0x000000008a400000, 0x000000008a500000|  0%| F|  |TAMS 0x000000008a400000, 0x000000008a400000| Untracked 
|  77|0x000000008a500000, 0x000000008a500000, 0x000000008a600000|  0%| F|  |TAMS 0x000000008a500000, 0x000000008a500000| Untracked 
|  78|0x000000008a600000, 0x000000008a600000, 0x000000008a700000|  0%| F|  |TAMS 0x000000008a600000, 0x000000008a600000| Untracked 
|  79|0x000000008a700000, 0x000000008a700000, 0x000000008a800000|  0%| F|  |TAMS 0x000000008a700000, 0x000000008a700000| Untracked 
|  80|0x000000008a800000, 0x000000008a800000, 0x000000008a900000|  0%| F|  |TAMS 0x000000008a800000, 0x000000008a800000| Untracked 
|  81|0x000000008a900000, 0x000000008a900000, 0x000000008aa00000|  0%| F|  |TAMS 0x000000008a900000, 0x000000008a900000| Untracked 
|  82|0x000000008aa00000, 0x000000008aa00000, 0x000000008ab00000|  0%| F|  |TAMS 0x000000008aa00000, 0x000000008aa00000| Untracked 
|  83|0x000000008ab00000, 0x000000008ab00000, 0x000000008ac00000|  0%| F|  |TAMS 0x000000008ab00000, 0x000000008ab00000| Untracked 
|  84|0x000000008ac00000, 0x000000008ac00000, 0x000000008ad00000|  0%| F|  |TAMS 0x000000008ac00000, 0x000000008ac00000| Untracked 
|  85|0x000000008ad00000, 0x000000008ad00000, 0x000000008ae00000|  0%| F|  |TAMS 0x000000008ad00000, 0x000000008ad00000| Untracked 
|  86|0x000000008ae00000, 0x000000008ae00000, 0x000000008af00000|  0%| F|  |TAMS 0x000000008ae00000, 0x000000008ae00000| Untracked 
|  87|0x000000008af00000, 0x000000008b000000, 0x000000008b000000|100%| E|  |TAMS 0x000000008af00000, 0x000000008af00000| Complete 
|  88|0x000000008b000000, 0x000000008b100000, 0x000000008b100000|100%| E|CS|TAMS 0x000000008b000000, 0x000000008b000000| Complete 
|  89|0x000000008b100000, 0x000000008b200000, 0x000000008b200000|100%| E|CS|TAMS 0x000000008b100000, 0x000000008b100000| Complete 
|  90|0x000000008b200000, 0x000000008b300000, 0x000000008b300000|100%| E|CS|TAMS 0x000000008b200000, 0x000000008b200000| Complete 
|  91|0x000000008b300000, 0x000000008b400000, 0x000000008b400000|100%| E|CS|TAMS 0x000000008b300000, 0x000000008b300000| Complete 
|  92|0x000000008b400000, 0x000000008b500000, 0x000000008b500000|100%| E|CS|TAMS 0x000000008b400000, 0x000000008b400000| Complete 
|  93|0x000000008b500000, 0x000000008b600000, 0x000000008b600000|100%| E|CS|TAMS 0x000000008b500000, 0x000000008b500000| Complete 
|  94|0x000000008b600000, 0x000000008b700000, 0x000000008b700000|100%| E|CS|TAMS 0x000000008b600000, 0x000000008b600000| Complete 
|  95|0x000000008b700000, 0x000000008b800000, 0x000000008b800000|100%| E|CS|TAMS 0x000000008b700000, 0x000000008b700000| Complete 
|  96|0x000000008b800000, 0x000000008b900000, 0x000000008b900000|100%| E|CS|TAMS 0x000000008b800000, 0x000000008b800000| Complete 
|  97|0x000000008b900000, 0x000000008ba00000, 0x000000008ba00000|100%| E|CS|TAMS 0x000000008b900000, 0x000000008b900000| Complete 
|  98|0x000000008ba00000, 0x000000008bb00000, 0x000000008bb00000|100%| E|CS|TAMS 0x000000008ba00000, 0x000000008ba00000| Complete 
|  99|0x000000008bb00000, 0x000000008bc00000, 0x000000008bc00000|100%| E|CS|TAMS 0x000000008bb00000, 0x000000008bb00000| Complete 
| 100|0x000000008bc00000, 0x000000008bd00000, 0x000000008bd00000|100%| E|CS|TAMS 0x000000008bc00000, 0x000000008bc00000| Complete 
| 101|0x000000008bd00000, 0x000000008be00000, 0x000000008be00000|100%| E|CS|TAMS 0x000000008bd00000, 0x000000008bd00000| Complete 
| 102|0x000000008be00000, 0x000000008bf00000, 0x000000008bf00000|100%| E|CS|TAMS 0x000000008be00000, 0x000000008be00000| Complete 
| 103|0x000000008bf00000, 0x000000008c000000, 0x000000008c000000|100%| E|CS|TAMS 0x000000008bf00000, 0x000000008bf00000| Complete 
| 104|0x000000008c000000, 0x000000008c100000, 0x000000008c100000|100%| E|CS|TAMS 0x000000008c000000, 0x000000008c000000| Complete 
| 105|0x000000008c100000, 0x000000008c200000, 0x000000008c200000|100%| E|CS|TAMS 0x000000008c100000, 0x000000008c100000| Complete 
| 106|0x000000008c200000, 0x000000008c300000, 0x000000008c300000|100%| E|CS|TAMS 0x000000008c200000, 0x000000008c200000| Complete 
| 107|0x000000008c300000, 0x000000008c400000, 0x000000008c400000|100%| E|CS|TAMS 0x000000008c300000, 0x000000008c300000| Complete 
| 108|0x000000008c400000, 0x000000008c500000, 0x000000008c500000|100%| E|CS|TAMS 0x000000008c400000, 0x000000008c400000| Complete 
| 109|0x000000008c500000, 0x000000008c600000, 0x000000008c600000|100%| E|CS|TAMS 0x000000008c500000, 0x000000008c500000| Complete 
| 110|0x000000008c600000, 0x000000008c700000, 0x000000008c700000|100%| E|CS|TAMS 0x000000008c600000, 0x000000008c600000| Complete 
| 111|0x000000008c700000, 0x000000008c800000, 0x000000008c800000|100%| E|CS|TAMS 0x000000008c700000, 0x000000008c700000| Complete 
| 112|0x000000008c800000, 0x000000008c900000, 0x000000008c900000|100%| E|CS|TAMS 0x000000008c800000, 0x000000008c800000| Complete 
| 113|0x000000008c900000, 0x000000008ca00000, 0x000000008ca00000|100%| E|CS|TAMS 0x000000008c900000, 0x000000008c900000| Complete 
| 114|0x000000008ca00000, 0x000000008cb00000, 0x000000008cb00000|100%| E|CS|TAMS 0x000000008ca00000, 0x000000008ca00000| Complete 
| 115|0x000000008cb00000, 0x000000008cc00000, 0x000000008cc00000|100%| E|CS|TAMS 0x000000008cb00000, 0x000000008cb00000| Complete 
| 116|0x000000008cc00000, 0x000000008cd00000, 0x000000008cd00000|100%| E|CS|TAMS 0x000000008cc00000, 0x000000008cc00000| Complete 
| 117|0x000000008cd00000, 0x000000008ce00000, 0x000000008ce00000|100%| E|CS|TAMS 0x000000008cd00000, 0x000000008cd00000| Complete 
| 118|0x000000008ce00000, 0x000000008cf00000, 0x000000008cf00000|100%| E|CS|TAMS 0x000000008ce00000, 0x000000008ce00000| Complete 
| 119|0x000000008cf00000, 0x000000008d000000, 0x000000008d000000|100%| E|CS|TAMS 0x000000008cf00000, 0x000000008cf00000| Complete 
| 120|0x000000008d000000, 0x000000008d100000, 0x000000008d100000|100%| E|CS|TAMS 0x000000008d000000, 0x000000008d000000| Complete 
| 121|0x000000008d100000, 0x000000008d200000, 0x000000008d200000|100%| E|CS|TAMS 0x000000008d100000, 0x000000008d100000| Complete 
| 122|0x000000008d200000, 0x000000008d300000, 0x000000008d300000|100%| E|CS|TAMS 0x000000008d200000, 0x000000008d200000| Complete 
| 123|0x000000008d300000, 0x000000008d400000, 0x000000008d400000|100%| E|CS|TAMS 0x000000008d300000, 0x000000008d300000| Complete 

Card table byte_map: [0x00000233b96d0000,0x00000233b9ab0000] _byte_map_base: 0x00000233b92a4000

Marking Bits (Prev, Next): (CMBitMap*) 0x00000233a0b905c0, (CMBitMap*) 0x00000233a0b90600
 Prev Bits: [0x00000233b9e90000, 0x00000233bbd30000)
 Next Bits: [0x00000233bbd30000, 0x00000233bdbd0000)

Polling page: 0x00000233a0c00000

Metaspace:

Usage:
  Non-class:     15.28 MB used.
      Class:      1.97 MB used.
       Both:     17.25 MB used.

Virtual space:
  Non-class space:       64.00 MB reserved,      15.38 MB ( 24%) committed,  1 nodes.
      Class space:        1.00 GB reserved,       2.12 MB ( <1%) committed,  1 nodes.
             Both:        1.06 GB reserved,      17.50 MB (  2%) committed. 

Chunk freelists:
   Non-Class:  384.00 KB
       Class:  13.80 MB
        Both:  14.17 MB

MaxMetaspaceSize: unlimited
CompressedClassSpaceSize: 1.00 GB
Initial GC threshold: 21.00 MB
Current GC threshold: 21.00 MB
CDS: on
MetaspaceReclaimPolicy: balanced
 - commit_granule_bytes: 65536.
 - commit_granule_words: 8192.
 - virtual_space_node_default_size: 8388608.
 - enlarge_chunks_in_place: 1.
 - new_chunks_are_fully_committed: 0.
 - uncommit_free_chunks: 1.
 - use_allocation_guard: 0.
 - handle_deallocations: 1.


Internal statistics:

num_allocs_failed_limit: 0.
num_arena_births: 128.
num_arena_deaths: 0.
num_vsnodes_births: 2.
num_vsnodes_deaths: 0.
num_space_committed: 280.
num_space_uncommitted: 0.
num_chunks_returned_to_freelist: 0.
num_chunks_taken_from_freelist: 764.
num_chunk_merges: 0.
num_chunk_splits: 510.
num_chunks_enlarged: 402.
num_inconsistent_stats: 0.

CodeHeap 'non-profiled nmethods': size=120000Kb used=2291Kb max_used=2291Kb free=117708Kb
 bounds [0x00000233b1360000, 0x00000233b15d0000, 0x00000233b8890000]
CodeHeap 'profiled nmethods': size=120000Kb used=10233Kb max_used=10233Kb free=109766Kb
 bounds [0x00000233a9890000, 0x00000233aa290000, 0x00000233b0dc0000]
CodeHeap 'non-nmethods': size=5760Kb used=1199Kb max_used=1246Kb free=4560Kb
 bounds [0x00000233b0dc0000, 0x00000233b1030000, 0x00000233b1360000]
 total_blobs=5277 nmethods=4794 adapters=395
 compilation: enabled
              stopped_count=0, restarted_count=0
 full_count=0

Compilation events (20 events):
Event: 6.763 Thread 0x00000233c0673cf0 4798       2       org.apache.maven.model.merge.ModelMerger::mergeScm_ChildScmDeveloperConnectionInheritAppendPath (43 bytes)
Event: 6.763 Thread 0x00000233c0673cf0 nmethod 4798 0x00000233aa289790 code [0x00000233aa289940, 0x00000233aa289b38]
Event: 6.763 Thread 0x00000233c0673cf0 4799       2       org.apache.maven.model.merge.MavenModelMerger::mergeScm_Connection (76 bytes)
Event: 6.763 Thread 0x00000233c0673cf0 nmethod 4799 0x00000233aa289c90 code [0x00000233aa289e80, 0x00000233aa28a1f8]
Event: 6.770 Thread 0x00000233c0673cf0 4800       2       java.lang.AbstractStringBuilder::append (33 bytes)
Event: 6.770 Thread 0x00000233c0673cf0 nmethod 4800 0x00000233aa28a410 code [0x00000233aa28a5c0, 0x00000233aa28a768]
Event: 6.794 Thread 0x00000233c0673cf0 4801   !   2       org.apache.maven.model.ActivationOS::clone (73 bytes)
Event: 6.795 Thread 0x00000233c0673cf0 nmethod 4801 0x00000233aa28a890 code [0x00000233aa28aac0, 0x00000233aa28b038]
Event: 6.795 Thread 0x00000233c0673cf0 4802       2       java.util.Collections$UnmodifiableMap::getOrDefault (12 bytes)
Event: 6.795 Thread 0x00000233c0673cf0 nmethod 4802 0x00000233aa28b410 code [0x00000233aa28b5a0, 0x00000233aa28b6c8]
Event: 6.795 Thread 0x00000233c0673cf0 4803       2       java.util.Properties::getOrDefault (10 bytes)
Event: 6.795 Thread 0x00000233c0673cf0 nmethod 4803 0x00000233aa28b790 code [0x00000233aa28b920, 0x00000233aa28ba68]
Event: 6.795 Thread 0x00000233c0673cf0 4804       2       org.eclipse.aether.util.graph.selector.AndDependencySelector::hashCode (35 bytes)
Event: 6.795 Thread 0x00000233c0673cf0 nmethod 4804 0x00000233aa28bb90 code [0x00000233aa28bd20, 0x00000233aa28be68]
Event: 6.814 Thread 0x00000233c0673cf0 4805       2       java.lang.CharacterDataLatin1::isUpperCase (16 bytes)
Event: 6.814 Thread 0x00000233c0673cf0 nmethod 4805 0x00000233aa28bf10 code [0x00000233aa28c0a0, 0x00000233aa28c1f8]
Event: 6.814 Thread 0x00000233c0673cf0 4806       2       java.lang.CharacterDataLatin1::getPropertiesEx (11 bytes)
Event: 6.814 Thread 0x00000233c0673cf0 nmethod 4806 0x00000233aa28c310 code [0x00000233aa28c4a0, 0x00000233aa28c5d8]
Event: 6.823 Thread 0x00000233c0673cf0 4807   !   2       org.apache.maven.model.IssueManagement::clone (73 bytes)
Event: 6.824 Thread 0x00000233c0673cf0 nmethod 4807 0x00000233aa28c690 code [0x00000233aa28c8c0, 0x00000233aa28ce38]

GC Heap History (8 events):
Event: 0.919 GC heap before
{Heap before GC invocations=0 (full 0):
 garbage-first heap   total 126976K, used 22528K [0x0000000085800000, 0x0000000100000000)
  region size 1024K, 23 young (23552K), 0 survivors (0K)
 Metaspace       used 5525K, committed 5760K, reserved 1114112K
  class space    used 666K, committed 768K, reserved 1048576K
}
Event: 0.927 GC heap after
{Heap after GC invocations=1 (full 0):
 garbage-first heap   total 126976K, used 3688K [0x0000000085800000, 0x0000000100000000)
  region size 1024K, 3 young (3072K), 3 survivors (3072K)
 Metaspace       used 5525K, committed 5760K, reserved 1114112K
  class space    used 666K, committed 768K, reserved 1048576K
}
Event: 1.605 GC heap before
{Heap before GC invocations=1 (full 0):
 garbage-first heap   total 126976K, used 34408K [0x0000000085800000, 0x0000000100000000)
  region size 1024K, 33 young (33792K), 3 survivors (3072K)
 Metaspace       used 10000K, committed 10176K, reserved 1114112K
  class space    used 1223K, committed 1280K, reserved 1048576K
}
Event: 1.614 GC heap after
{Heap after GC invocations=2 (full 0):
 garbage-first heap   total 126976K, used 5452K [0x0000000085800000, 0x0000000100000000)
  region size 1024K, 2 young (2048K), 2 survivors (2048K)
 Metaspace       used 10000K, committed 10176K, reserved 1114112K
  class space    used 1223K, committed 1280K, reserved 1048576K
}
Event: 3.436 GC heap before
{Heap before GC invocations=2 (full 0):
 garbage-first heap   total 126976K, used 79180K [0x0000000085800000, 0x0000000100000000)
  region size 1024K, 74 young (75776K), 2 survivors (2048K)
 Metaspace       used 15721K, committed 15936K, reserved 1114112K
  class space    used 1868K, committed 1920K, reserved 1048576K
}
Event: 3.458 GC heap after
{Heap after GC invocations=3 (full 0):
 garbage-first heap   total 126976K, used 13640K [0x0000000085800000, 0x0000000100000000)
  region size 1024K, 10 young (10240K), 10 survivors (10240K)
 Metaspace       used 15721K, committed 15936K, reserved 1114112K
  class space    used 1868K, committed 1920K, reserved 1048576K
}
Event: 4.617 GC heap before
{Heap before GC invocations=3 (full 0):
 garbage-first heap   total 126976K, used 79176K [0x0000000085800000, 0x0000000100000000)
  region size 1024K, 74 young (75776K), 10 survivors (10240K)
 Metaspace       used 16224K, committed 16384K, reserved 1114112K
  class space    used 1877K, committed 1920K, reserved 1048576K
}
Event: 4.638 GC heap after
{Heap after GC invocations=4 (full 0):
 garbage-first heap   total 126976K, used 17087K [0x0000000085800000, 0x0000000100000000)
  region size 1024K, 4 young (4096K), 4 survivors (4096K)
 Metaspace       used 16224K, committed 16384K, reserved 1114112K
  class space    used 1877K, committed 1920K, reserved 1048576K
}

Deoptimization events (20 events):
Event: 5.304 Thread 0x00000233a0b33cd0 Uncommon trap: trap_request=0xffffffc6 fr.pc=0x00000233b144fca0 relative=0x0000000000000080
Event: 5.304 Thread 0x00000233a0b33cd0 Uncommon trap: reason=bimorphic_or_optimized_type_check action=maybe_recompile pc=0x00000233b144fca0 method=com.google.inject.internal.LinkedBindingImpl.acceptTargetVisitor(Lcom/google/inject/spi/BindingTargetVisitor;)Ljava/lang/Object; @ 2 c2
Event: 5.304 Thread 0x00000233a0b33cd0 DEOPT PACKING pc=0x00000233b144fca0 sp=0x000000b2ab4fcf50
Event: 5.304 Thread 0x00000233a0b33cd0 DEOPT UNPACKING pc=0x00000233b0e15ba3 sp=0x000000b2ab4fced8 mode 2
Event: 5.312 Thread 0x00000233a0b33cd0 Uncommon trap: trap_request=0xffffffc6 fr.pc=0x00000233b144fca0 relative=0x0000000000000080
Event: 5.312 Thread 0x00000233a0b33cd0 Uncommon trap: reason=bimorphic_or_optimized_type_check action=maybe_recompile pc=0x00000233b144fca0 method=com.google.inject.internal.LinkedBindingImpl.acceptTargetVisitor(Lcom/google/inject/spi/BindingTargetVisitor;)Ljava/lang/Object; @ 2 c2
Event: 5.312 Thread 0x00000233a0b33cd0 DEOPT PACKING pc=0x00000233b144fca0 sp=0x000000b2ab4fcf50
Event: 5.312 Thread 0x00000233a0b33cd0 DEOPT UNPACKING pc=0x00000233b0e15ba3 sp=0x000000b2ab4fced8 mode 2
Event: 5.312 Thread 0x00000233a0b33cd0 Uncommon trap: trap_request=0xffffffc6 fr.pc=0x00000233b144fca0 relative=0x0000000000000080
Event: 5.312 Thread 0x00000233a0b33cd0 Uncommon trap: reason=bimorphic_or_optimized_type_check action=maybe_recompile pc=0x00000233b144fca0 method=com.google.inject.internal.LinkedBindingImpl.acceptTargetVisitor(Lcom/google/inject/spi/BindingTargetVisitor;)Ljava/lang/Object; @ 2 c2
Event: 5.312 Thread 0x00000233a0b33cd0 DEOPT PACKING pc=0x00000233b144fca0 sp=0x000000b2ab4fcf50
Event: 5.312 Thread 0x00000233a0b33cd0 DEOPT UNPACKING pc=0x00000233b0e15ba3 sp=0x000000b2ab4fced8 mode 2
Event: 6.370 Thread 0x00000233a0b33cd0 Uncommon trap: trap_request=0xffffff45 fr.pc=0x00000233b15672dc relative=0x000000000000043c
Event: 6.370 Thread 0x00000233a0b33cd0 Uncommon trap: reason=unstable_if action=reinterpret pc=0x00000233b15672dc method=java.util.HashMap.keysToArray([Ljava/lang/Object;)[Ljava/lang/Object; @ 9 c2
Event: 6.370 Thread 0x00000233a0b33cd0 DEOPT PACKING pc=0x00000233b15672dc sp=0x000000b2ab4fc9b0
Event: 6.370 Thread 0x00000233a0b33cd0 DEOPT UNPACKING pc=0x00000233b0e15ba3 sp=0x000000b2ab4fc958 mode 2
Event: 6.848 Thread 0x00000233a0b33cd0 Uncommon trap: trap_request=0xffffff45 fr.pc=0x00000233b15876d0 relative=0x00000000000059f0
Event: 6.848 Thread 0x00000233a0b33cd0 Uncommon trap: reason=unstable_if action=reinterpret pc=0x00000233b15876d0 method=org.codehaus.plexus.interpolation.util.StringUtils.capitalizeFirstLetter(Ljava/lang/String;)Ljava/lang/String; @ 13 c2
Event: 6.848 Thread 0x00000233a0b33cd0 DEOPT PACKING pc=0x00000233b15876d0 sp=0x000000b2ab4fbab0
Event: 7.813 Thread 0x00000233a0b33cd0 DEOPT UNPACKING pc=0x00000233b0e15ba3 sp=0x000000b2ab4fb968 mode 2

Classes unloaded (0 events):
No events

Classes redefined (0 events):
No events

Internal exceptions (20 events):
Event: 1.718 Thread 0x00000233a0b33cd0 Implicit null exception at 0x00000233b13e15af to 0x00000233b13e170c
Event: 1.720 Thread 0x00000233a0b33cd0 Exception <a 'java/lang/NoSuchMethodError'{0x000000008cf17f38}: 'java.lang.Object java.lang.invoke.Invokers$Holder.invokeExact_MT(java.lang.Object, int, java.lang.Object)'> (0x000000008cf17f38) 
thrown [s\open\src\hotspot\share\interpreter\linkResolver.cpp, line 759]
Event: 1.732 Thread 0x00000233a0b33cd0 Exception <a 'java/lang/NoSuchMethodError'{0x000000008cf7b4c0}: 'int java.lang.invoke.DirectMethodHandle$Holder.invokeSpecial(java.lang.Object, java.lang.Object, java.lang.Object, java.lang.Object)'> (0x000000008cf7b4c0) 
thrown [s\open\src\hotspot\share\interpreter\linkResolver.cpp, line 759]
Event: 1.995 Thread 0x00000233a0b33cd0 Exception <a 'java/lang/NoClassDefFoundError'{0x000000008c796e60}: com/google/inject/servlet/ServletModuleTargetVisitor> (0x000000008c796e60) 
thrown [s\open\src\hotspot\share\classfile\systemDictionary.cpp, line 245]
Event: 2.074 Thread 0x00000233a0b33cd0 Exception <a 'java/lang/NoSuchMethodError'{0x000000008c529278}: 'void java.lang.invoke.DirectMethodHandle$Holder.invokeVirtual(java.lang.Object, java.lang.Object)'> (0x000000008c529278) 
thrown [s\open\src\hotspot\share\interpreter\linkResolver.cpp, line 759]
Event: 2.107 Thread 0x00000233a0b33cd0 Exception <a 'java/lang/NoSuchMethodError'{0x000000008c5a17d8}: 'java.lang.Object java.lang.invoke.DirectMethodHandle$Holder.invokeStaticInit(java.lang.Object, int, int, int, int)'> (0x000000008c5a17d8) 
thrown [s\open\src\hotspot\share\interpreter\linkResolver.cpp, line 759]
Event: 2.238 Thread 0x00000233a0b33cd0 Implicit null exception at 0x00000233b1383472 to 0x00000233b1383aac
Event: 2.238 Thread 0x00000233a0b33cd0 Implicit null exception at 0x00000233b1390572 to 0x00000233b1390bc4
Event: 2.279 Thread 0x00000233a0b33cd0 Exception <a 'java/lang/NoSuchMethodError'{0x000000008bf69518}: 'void java.lang.invoke.DirectMethodHandle$Holder.invokeSpecial(java.lang.Object, java.lang.Object, java.lang.Object, java.lang.Object, java.lang.Object)'> (0x000000008bf69518) 
thrown [s\open\src\hotspot\share\interpreter\linkResolver.cpp, line 759]
Event: 2.282 Thread 0x00000233a0b33cd0 Exception <a 'java/lang/NoSuchMethodError'{0x000000008bf87058}: 'void java.lang.invoke.DirectMethodHandle$Holder.invokeSpecial(java.lang.Object, java.lang.Object, java.lang.Object, java.lang.Object, java.lang.Object, java.lang.Object)'> (0x000000008bf87058) 
thrown [s\open\src\hotspot\share\interpreter\linkResolver.cpp, line 759]
Event: 2.302 Thread 0x00000233a0b33cd0 Exception <a 'java/lang/NoSuchMethodError'{0x000000008be7a6f0}: 'java.lang.Object java.lang.invoke.DirectMethodHandle$Holder.invokeVirtual(java.lang.Object, java.lang.Object, java.lang.Object)'> (0x000000008be7a6f0) 
thrown [s\open\src\hotspot\share\interpreter\linkResolver.cpp, line 759]
Event: 3.049 Thread 0x00000233a0b33cd0 Implicit null exception at 0x00000233b149ab6d to 0x00000233b149c048
Event: 3.049 Thread 0x00000233a0b33cd0 Implicit null exception at 0x00000233b14166ea to 0x00000233b14168a8
Event: 3.049 Thread 0x00000233a0b33cd0 Implicit null exception at 0x00000233b13ee158 to 0x00000233b13ee1ee
Event: 3.055 Thread 0x00000233a0b33cd0 Exception <a 'java/lang/NoSuchMethodError'{0x0000000089bed808}: 'int java.lang.invoke.DirectMethodHandle$Holder.invokeSpecialIFC(java.lang.Object, java.lang.Object, java.lang.Object, java.lang.Object)'> (0x0000000089bed808) 
thrown [s\open\src\hotspot\share\interpreter\linkResolver.cpp, line 759]
Event: 5.134 Thread 0x00000233a0b33cd0 Implicit null exception at 0x00000233b156c48f to 0x00000233b156c4fe
Event: 5.135 Thread 0x00000233a0b33cd0 Exception <a 'java/lang/NoSuchMethodError'{0x000000008c2ef480}: 'java.lang.Object java.lang.invoke.DirectMethodHandle$Holder.newInvokeSpecial(java.lang.Object, java.lang.Object, java.lang.Object, java.lang.Object, java.lang.Object, java.lang.Object, java.lang.Object)'> (0x000000008c2ef480) 
thrown [s\open\src\hotspot\share\interpreter\linkResolver.cpp, line 759]
Event: 5.136 Thread 0x00000233a0b33cd0 Exception <a 'java/lang/NoSuchMethodError'{0x000000008c2f3d90}: 'java.lang.Object java.lang.invoke.Invokers$Holder.linkToTargetMethod(java.lang.Object, java.lang.Object, java.lang.Object, java.lang.Object, java.lang.Object, java.lang.Object, java.lang.Object)'> (0x000000008c2f3d90) 
thrown [s\open\src\hotspot\share\interpreter\linkResolver.cpp, line 759]
Event: 6.394 Thread 0x00000233a0b33cd0 Exception <a 'java/lang/NoSuchMethodError'{0x000000008b8e8e70}: 'int java.lang.invoke.DirectMethodHandle$Holder.invokeVirtual(java.lang.Object, java.lang.Object)'> (0x000000008b8e8e70) 
thrown [s\open\src\hotspot\share\interpreter\linkResolver.cpp, line 759]
Event: 6.527 Thread 0x00000233a0b33cd0 Exception <a 'java/lang/NoSuchMethodError'{0x000000008b6d5420}: 'int java.lang.invoke.DirectMethodHandle$Holder.invokeStatic(java.lang.Object, java.lang.Object, int)'> (0x000000008b6d5420) 
thrown [s\open\src\hotspot\share\interpreter\linkResolver.cpp, line 759]

VM Operations (20 events):
Event: 2.208 Executing VM operation: HandshakeAllThreads done
Event: 2.209 Executing VM operation: HandshakeAllThreads
Event: 2.209 Executing VM operation: HandshakeAllThreads done
Event: 2.412 Executing VM operation: ICBufferFull
Event: 2.412 Executing VM operation: ICBufferFull done
Event: 2.893 Executing VM operation: ICBufferFull
Event: 2.893 Executing VM operation: ICBufferFull done
Event: 3.049 Executing VM operation: HandshakeAllThreads
Event: 3.049 Executing VM operation: HandshakeAllThreads done
Event: 3.100 Executing VM operation: ICBufferFull
Event: 3.100 Executing VM operation: ICBufferFull done
Event: 3.435 Executing VM operation: G1CollectForAllocation
Event: 3.458 Executing VM operation: G1CollectForAllocation done
Event: 4.090 Executing VM operation: ICBufferFull
Event: 4.090 Executing VM operation: ICBufferFull done
Event: 4.617 Executing VM operation: G1CollectForAllocation
Event: 4.638 Executing VM operation: G1CollectForAllocation done
Event: 5.650 Executing VM operation: Cleanup
Event: 6.330 Executing VM operation: Cleanup done
Event: 7.339 Executing VM operation: Cleanup

Events (20 events):
Event: 6.442 loading class java/time/zone/ZoneRulesProvider$1
Event: 6.442 loading class java/time/zone/ZoneRulesProvider$1 done
Event: 6.442 loading class java/time/zone/TzdbZoneRulesProvider
Event: 6.442 loading class java/time/zone/TzdbZoneRulesProvider done
Event: 6.453 loading class java/time/zone/Ser
Event: 6.453 loading class java/io/Externalizable
Event: 6.453 loading class java/io/Externalizable done
Event: 6.453 loading class java/time/zone/Ser done
Event: 6.453 loading class java/time/zone/ZoneOffsetTransition
Event: 6.453 loading class java/time/zone/ZoneOffsetTransition done
Event: 6.470 loading class jdk/internal/reflect/UnsafeBooleanFieldAccessorImpl
Event: 6.475 loading class jdk/internal/reflect/UnsafeBooleanFieldAccessorImpl done
Event: 6.550 loading class java/nio/file/NoSuchFileException
Event: 6.550 loading class java/nio/file/NoSuchFileException done
Event: 6.571 loading class sun/nio/cs/UTF_8$Encoder
Event: 6.574 loading class sun/nio/cs/UTF_8$Encoder done
Event: 6.593 loading class java/nio/BufferMismatch
Event: 6.597 loading class java/nio/BufferMismatch done
Event: 6.597 loading class java/nio/file/attribute/PosixFileAttributes
Event: 6.599 loading class java/nio/file/attribute/PosixFileAttributes done


Dynamic libraries:
0x00007ff7d3d30000 - 0x00007ff7d3d40000 	C:\Program Files\Java\jdk-17\bin\java.exe
0x00007ffe7d840000 - 0x00007ffe7daa7000 	C:\WINDOWS\SYSTEM32\ntdll.dll
0x00007ffe7bc30000 - 0x00007ffe7bcf9000 	C:\WINDOWS\System32\KERNEL32.DLL
0x00007ffe7ac90000 - 0x00007ffe7b07f000 	C:\WINDOWS\System32\KERNELBASE.dll
0x00007ffe7b150000 - 0x00007ffe7b29b000 	C:\WINDOWS\System32\ucrtbase.dll
0x00007ffe691c0000 - 0x00007ffe691d9000 	C:\Program Files\Java\jdk-17\bin\jli.dll
0x00007ffe690f0000 - 0x00007ffe6910b000 	C:\Program Files\Java\jdk-17\bin\VCRUNTIME140.dll
0x00007ffe7bf10000 - 0x00007ffe7bfc4000 	C:\WINDOWS\System32\ADVAPI32.dll
0x00007ffe7d370000 - 0x00007ffe7d419000 	C:\WINDOWS\System32\msvcrt.dll
0x00007ffe7c4f0000 - 0x00007ffe7c596000 	C:\WINDOWS\System32\sechost.dll
0x00007ffe7c1a0000 - 0x00007ffe7c2b8000 	C:\WINDOWS\System32\RPCRT4.dll
0x00007ffe7bfd0000 - 0x00007ffe7c195000 	C:\WINDOWS\System32\USER32.dll
0x00007ffe7a990000 - 0x00007ffe7a9b7000 	C:\WINDOWS\System32\win32u.dll
0x00007ffe7bbb0000 - 0x00007ffe7bbdb000 	C:\WINDOWS\System32\GDI32.dll
0x00007ffe58230000 - 0x00007ffe584c3000 	C:\WINDOWS\WinSxS\amd64_microsoft.windows.common-controls_6595b64144ccf1df_6.0.26100.7309_none_3e05feeae336a044\COMCTL32.dll
0x00007ffe7b2a0000 - 0x00007ffe7b3cc000 	C:\WINDOWS\System32\gdi32full.dll
0x00007ffe7aa70000 - 0x00007ffe7ab13000 	C:\WINDOWS\System32\msvcp_win.dll
0x00007ffe6a9e0000 - 0x00007ffe6a9eb000 	C:\WINDOWS\SYSTEM32\VERSION.dll
0x00007ffe7baf0000 - 0x00007ffe7bb21000 	C:\WINDOWS\System32\IMM32.DLL
0x00007ffe752c0000 - 0x00007ffe752cc000 	C:\Program Files\Java\jdk-17\bin\vcruntime140_1.dll
0x00007ffe430d0000 - 0x00007ffe4315e000 	C:\Program Files\Java\jdk-17\bin\msvcp140.dll
0x00007ffdda470000 - 0x00007ffddb04f000 	C:\Program Files\Java\jdk-17\bin\server\jvm.dll
0x00007ffe7d360000 - 0x00007ffe7d368000 	C:\WINDOWS\System32\PSAPI.DLL
0x00007ffe690a0000 - 0x00007ffe690aa000 	C:\WINDOWS\SYSTEM32\WSOCK32.dll
0x00007ffe7c2c0000 - 0x00007ffe7c334000 	C:\WINDOWS\System32\WS2_32.dll
0x00007ffe71d60000 - 0x00007ffe71d95000 	C:\WINDOWS\SYSTEM32\WINMM.dll
0x00007ffe79740000 - 0x00007ffe7975b000 	C:\WINDOWS\SYSTEM32\kernel.appcore.dll
0x00007ffe6c610000 - 0x00007ffe6c61a000 	C:\Program Files\Java\jdk-17\bin\jimage.dll
0x00007ffe77fa0000 - 0x00007ffe781e2000 	C:\WINDOWS\SYSTEM32\DBGHELP.DLL
0x00007ffe7c5a0000 - 0x00007ffe7c925000 	C:\WINDOWS\System32\combase.dll
0x00007ffe7c410000 - 0x00007ffe7c4e6000 	C:\WINDOWS\System32\OLEAUT32.dll
0x00007ffe5b0a0000 - 0x00007ffe5b0dc000 	C:\WINDOWS\SYSTEM32\dbgcore.DLL
0x00007ffe7a9c0000 - 0x00007ffe7aa65000 	C:\WINDOWS\System32\bcryptPrimitives.dll
0x00007ffe58ba0000 - 0x00007ffe58bc5000 	C:\Program Files\Java\jdk-17\bin\java.dll
0x00007ffe1eab0000 - 0x00007ffe1eb87000 	C:\Program Files\Java\jdk-17\bin\jsvml.dll
0x00007ffe7ca60000 - 0x00007ffe7d1b3000 	C:\WINDOWS\System32\SHELL32.dll
0x00007ffe7ab20000 - 0x00007ffe7ac8a000 	C:\WINDOWS\System32\wintypes.dll
0x00007ffe78560000 - 0x00007ffe78dbe000 	C:\WINDOWS\SYSTEM32\windows.storage.dll
0x00007ffe7d4a0000 - 0x00007ffe7d595000 	C:\WINDOWS\System32\SHCORE.dll
0x00007ffe7b5e0000 - 0x00007ffe7b646000 	C:\WINDOWS\System32\shlwapi.dll
0x00007ffe7a8b0000 - 0x00007ffe7a8d9000 	C:\WINDOWS\SYSTEM32\profapi.dll
0x00007ffe5f9a0000 - 0x00007ffe5f9b9000 	C:\Program Files\Java\jdk-17\bin\net.dll
0x00007ffe73dd0000 - 0x00007ffe73ef8000 	C:\WINDOWS\SYSTEM32\WINHTTP.dll
0x00007ffe79cb0000 - 0x00007ffe79d1b000 	C:\WINDOWS\system32\mswsock.dll
0x00007ffe58f00000 - 0x00007ffe58f16000 	C:\Program Files\Java\jdk-17\bin\nio.dll
0x00007ffe58e60000 - 0x00007ffe58e78000 	C:\Program Files\Java\jdk-17\bin\zip.dll
0x00007ffe68d50000 - 0x00007ffe68d74000 	C:\Program Files\apache-maven-3.9.9\lib\jansi-native\Windows\x86_64\jansi.dll
0x00007ffe74530000 - 0x00007ffe74540000 	C:\Program Files\Java\jdk-17\bin\verify.dll

dbghelp: loaded successfully - version: 4.0.5 - missing functions: none
symbol engine: initialized successfully - sym options: 0x614 - pdb path: .;C:\Program Files\Java\jdk-17\bin;C:\WINDOWS\SYSTEM32;C:\WINDOWS\WinSxS\amd64_microsoft.windows.common-controls_6595b64144ccf1df_6.0.26100.7309_none_3e05feeae336a044;C:\Program Files\Java\jdk-17\bin\server;C:\Program Files\apache-maven-3.9.9\lib\jansi-native\Windows\x86_64

VM Arguments:
jvm_args: -Dclassworlds.conf=C:/Program Files/apache-maven-3.9.9/bin/m2.conf -Dmaven.home=C:/Program Files/apache-maven-3.9.9 -Dlibrary.jansi.path=C:/Program Files/apache-maven-3.9.9/lib/jansi-native -Dmaven.multiModuleProjectDirectory=U:/Desktop/09_Projects/04_Java_Microservices/03_Banking_as_a_Service/codebase/Banking_As_A_Service/transaction_service 
java_command: org.codehaus.plexus.classworlds.launcher.Launcher spring-boot:run
java_class_path (initial): C:/Program Files/apache-maven-3.9.9/boot/plexus-classworlds-2.8.0.jar
Launcher Type: SUN_STANDARD

[Global flags]
     intx CICompilerCount                          = 4                                         {product} {ergonomic}
     uint ConcGCThreads                            = 2                                         {product} {ergonomic}
     uint G1ConcRefinementThreads                  = 8                                         {product} {ergonomic}
   size_t G1HeapRegionSize                         = 1048576                                   {product} {ergonomic}
    uintx GCDrainStackTargetSize                   = 64                                        {product} {ergonomic}
   size_t InitialHeapSize                          = 130023424                                 {product} {ergonomic}
   size_t MarkStackSize                            = 4194304                                   {product} {ergonomic}
   size_t MaxHeapSize                              = 2055208960                                {product} {ergonomic}
   size_t MaxNewSize                               = 1233125376                                {product} {ergonomic}
   size_t MinHeapDeltaBytes                        = 1048576                                   {product} {ergonomic}
   size_t MinHeapSize                              = 8388608                                   {product} {ergonomic}
    uintx NonNMethodCodeHeapSize                   = 5839372                                {pd product} {ergonomic}
    uintx NonProfiledCodeHeapSize                  = 122909434                              {pd product} {ergonomic}
    uintx ProfiledCodeHeapSize                     = 122909434                              {pd product} {ergonomic}
    uintx ReservedCodeCacheSize                    = 251658240                              {pd product} {ergonomic}
     bool SegmentedCodeCache                       = true                                      {product} {ergonomic}
   size_t SoftMaxHeapSize                          = 2055208960                             {manageable} {ergonomic}
     bool UseCompressedClassPointers               = true                           {product lp64_product} {ergonomic}
     bool UseCompressedOops                        = true                           {product lp64_product} {ergonomic}
     bool UseG1GC                                  = true                                      {product} {ergonomic}
     bool UseLargePagesIndividualAllocation        = false                                  {pd product} {ergonomic}

Logging:
Log output configuration:
 #0: stdout all=warning uptime,level,tags
 #1: stderr all=off uptime,level,tags

Environment Variables:
PATH=C:\Users\mohas\bin;C:\Program Files\Git\mingw64\bin;C:\Program Files\Git\usr\local\bin;C:\Program Files\Git\usr\bin;C:\Program Files\Git\usr\bin;C:\Program Files\Git\mingw64\bin;C:\Program Files\Git\usr\bin;C:\Users\mohas\bin;C:\Python312\Scripts;C:\Python312;C:\Program Files\Java\jdk-17\bin;C:\WINDOWS\system32;C:\WINDOWS;C:\WINDOWS\System32\Wbem;C:\WINDOWS\System32\WindowsPowerShell\v1.0;C:\WINDOWS\System32\OpenSSH;C:\Program Files\nodejs;C:\Program Files\Git\cmd;C:\Program Files\MySQL\MySQL Server 8.0\bin;C:\MinGW\bin;C:\ProgramData\chocolatey\bin;C:\Program Files\Dart\bin;C:\Program Files\apache-maven-3.9.9\bin;C:\Program Files\JetBrains\IntelliJ IDEA Community Edition 2023.3.1\bin\idea64.exe;C:\Program Files\Docker\Docker\resources\bin;C:\Program Files\Amazon\AWSCLI\bin;C:\Program Files\MySQL\MySQL Shell 8.0\bin;C:\Users\mohas\AppData\Local\Microsoft\WindowsApps;C:\Program Files\JetBrains\IntelliJ IDEA Community Edition 2025.1.1.1\bin;C:\Users\mohas\AppData\Roaming\npm;C:\Users\mohas\AppData\Local\Programs\Microsoft VS Code\bin;C:\Program Files\heroku\bin;C:\Program Files\JetBrains\IntelliJ IDEA 2025.1.1.1\bin;C:\Program Files\Git\usr\bin\vendor_perl;C:\Program Files\Git\usr\bin\core_perl
USERNAME=Mohasin
SHELL=C:\Program Files\Git\usr\bin\bash.exe
DISPLAY=needs-to-be-defined
LC_CTYPE=en_US.UTF-8
OS=Windows_NT
PROCESSOR_IDENTIFIER=Intel64 Family 6 Model 140 Stepping 1, GenuineIntel



---------------  S Y S T E M  ---------------

OS:
 Windows 11 , 64 bit Build 26100 (10.0.26100.7309)
OS uptime: 6 days 1:57 hours
Hyper-V role detected

CPU: total 8 (initial active 8) (4 cores per cpu, 2 threads per core) family 6 model 140 stepping 1 microcode 0xb4, cx8, cmov, fxsr, ht, mmx, 3dnowpref, sse, sse2, sse3, ssse3, sse4.1, sse4.2, popcnt, lzcnt, tsc, tscinvbit, avx, avx2, aes, erms, clmul, bmi1, bmi2, adx, avx512f, avx512dq, avx512cd, avx512bw, avx512vl, sha, fma, vzeroupper, avx512_vpopcntdq, avx512_vpclmulqdq, avx512_vaes, avx512_vnni, clflush, clflushopt, clwb, avx512_vbmi2, avx512_vbmi, hv

Memory: 4k page, system-wide physical 7834M (1126M free)
TotalPageFile size 22834M (AvailPageFile size 16M)
current process WorkingSet (physical memory assigned to process): 205M, peak: 210M
current process commit charge ("private bytes"): 259M, peak: 263M

vm_info: Java HotSpot(TM) 64-Bit Server VM (17.0.10+11-LTS-240) for windows-amd64 JRE (17.0.10+11-LTS-240), built on Dec 19 2023 21:47:25 by "mach5one" with MS VC++ 17.1 (VS2022)

END.
