#
# There is insufficient memory for the Java Runtime Environment to continue.
# Native memory allocation (mmap) failed to map 52428800 bytes for G1 virtual space
# Possible reasons:
#   The system is out of physical RAM or swap space
#   The process is running with CompressedOops enabled, and the Java Heap may be blocking the growth of the native heap
# Possible solutions:
#   Reduce memory load on the system
#   Increase physical memory or swap space
#   Check if swap backing store is full
#   Decrease Java heap size (-Xmx/-Xms)
#   Decrease number of Java threads
#   Decrease Java thread stack sizes (-Xss)
#   Set larger code cache with -XX:ReservedCodeCacheSize=
#   JVM is running with Unscaled Compressed Oops mode in which the Java heap is
#     placed in the first 4GB address space. The Java Heap base address is the
#     maximum limit for the native heap growth. Please use -XX:HeapBaseMinAddress
#     to set the Java Heap base and to place the Java Heap above 4GB virtual address.
# This output file may be truncated or incomplete.
#
#  Out of Memory Error (os_windows.cpp:3548), pid=22684, tid=23932
#
# JRE version: Java(TM) SE Runtime Environment (17.0.10+11) (build 17.0.10+11-LTS-240)
# Java VM: Java HotSpot(TM) 64-Bit Server VM (17.0.10+11-LTS-240, mixed mode, sharing, tiered, compressed oops, compressed class ptrs, g1 gc, windows-amd64)
# No core dump will be written. Minidumps are not enabled by default on client versions of Windows
#

---------------  S U M M A R Y ------------

Command Line: -Dclassworlds.conf=C:/Program Files/apache-maven-3.9.9/bin/m2.conf -Dmaven.home=C:/Program Files/apache-maven-3.9.9 -Dlibrary.jansi.path=C:/Program Files/apache-maven-3.9.9/lib/jansi-native -Dmaven.multiModuleProjectDirectory=U:/Desktop/09_Projects/04_Java_Microservices/03_Banking_as_a_Service/codebase/Banking_As_A_Service/transaction_service org.codehaus.plexus.classworlds.launcher.Launcher spring-boot:run

Host: 11th Gen Intel(R) Core(TM) i5-1135G7 @ 2.40GHz, 8 cores, 7G,  Windows 11 , 64 bit Build 26100 (10.0.26100.7705)
Time: Sat Mar  7 00:18:25 2026 India Standard Time elapsed time: 16.400744 seconds (0d 0h 0m 16s)

---------------  T H R E A D  ---------------

Current thread (0x0000029473c0ad40):  VMThread "VM Thread" [stack: 0x000000f9e2700000,0x000000f9e2800000] [id=23932]

Stack: [0x000000f9e2700000,0x000000f9e2800000]
Native frames: (J=compiled Java code, j=interpreted, Vv=VM code, C=native code)
V  [jvm.dll+0x677a5a]
V  [jvm.dll+0x7d8b2d]
V  [jvm.dll+0x7da48e]
V  [jvm.dll+0x7daaf3]
V  [jvm.dll+0x2455ff]
V  [jvm.dll+0x6749b9]
V  [jvm.dll+0x669382]
V  [jvm.dll+0x302e96]
V  [jvm.dll+0x30a416]
V  [jvm.dll+0x359cbe]
V  [jvm.dll+0x359eef]
V  [jvm.dll+0x2d9e88]
V  [jvm.dll+0x2d8295]
V  [jvm.dll+0x2d789c]
V  [jvm.dll+0x31b18b]
V  [jvm.dll+0x7df30b]
V  [jvm.dll+0x7e0044]
V  [jvm.dll+0x7e055d]
V  [jvm.dll+0x7e0934]
V  [jvm.dll+0x7e0a00]
V  [jvm.dll+0x78888a]
V  [jvm.dll+0x676935]
C  [ucrtbase.dll+0x37b0]
C  [KERNEL32.DLL+0x2e8d7]
C  [ntdll.dll+0x8c40c]

VM_Operation (0x000000f9e21fc2e0): G1CollectForAllocation, mode: safepoint, requested by thread 0x0000029453da5180


---------------  P R O C E S S  ---------------

Threads class SMR info:
_java_thread_list=0x000002947a376710, length=14, elements={
0x0000029453da5180, 0x0000029473c0ed90, 0x0000029473c0f660, 0x0000029473c2bd80,
0x0000029473c2c650, 0x0000029473c2f6d0, 0x0000029473c33790, 0x0000029473c39a30,
0x0000029473c3c350, 0x0000029473c51090, 0x00000294780f69e0, 0x00000294780fb580,
0x0000029478e35440, 0x0000029479a51e50
}

Java Threads: ( => current thread )
  0x0000029453da5180 JavaThread "main" [_thread_blocked, id=23152, stack(0x000000f9e2100000,0x000000f9e2200000)]
  0x0000029473c0ed90 JavaThread "Reference Handler" daemon [_thread_blocked, id=16504, stack(0x000000f9e2800000,0x000000f9e2900000)]
  0x0000029473c0f660 JavaThread "Finalizer" daemon [_thread_blocked, id=20372, stack(0x000000f9e2900000,0x000000f9e2a00000)]
  0x0000029473c2bd80 JavaThread "Signal Dispatcher" daemon [_thread_blocked, id=23364, stack(0x000000f9e2a00000,0x000000f9e2b00000)]
  0x0000029473c2c650 JavaThread "Attach Listener" daemon [_thread_blocked, id=20168, stack(0x000000f9e2b00000,0x000000f9e2c00000)]
  0x0000029473c2f6d0 JavaThread "Service Thread" daemon [_thread_blocked, id=19068, stack(0x000000f9e2c00000,0x000000f9e2d00000)]
  0x0000029473c33790 JavaThread "Monitor Deflation Thread" daemon [_thread_blocked, id=12752, stack(0x000000f9e2d00000,0x000000f9e2e00000)]
  0x0000029473c39a30 JavaThread "C2 CompilerThread0" daemon [_thread_blocked, id=25564, stack(0x000000f9e2e00000,0x000000f9e2f00000)]
  0x0000029473c3c350 JavaThread "C1 CompilerThread0" daemon [_thread_blocked, id=15456, stack(0x000000f9e2f00000,0x000000f9e3000000)]
  0x0000029473c51090 JavaThread "Sweeper thread" daemon [_thread_blocked, id=23432, stack(0x000000f9e3000000,0x000000f9e3100000)]
  0x00000294780f69e0 JavaThread "Notification Thread" daemon [_thread_blocked, id=24016, stack(0x000000f9e3100000,0x000000f9e3200000)]
  0x00000294780fb580 JavaThread "Common-Cleaner" daemon [_thread_blocked, id=21924, stack(0x000000f9e3300000,0x000000f9e3400000)]
  0x0000029478e35440 JavaThread "Thread-1" daemon [_thread_blocked, id=17376, stack(0x000000f9e3c00000,0x000000f9e3d00000)]
  0x0000029479a51e50 JavaThread "C2 CompilerThread1" daemon [_thread_blocked, id=18960, stack(0x000000f9e3400000,0x000000f9e3500000)]

Other Threads:
=>0x0000029473c0ad40 VMThread "VM Thread" [stack: 0x000000f9e2700000,0x000000f9e2800000] [id=23932]
  0x00000294780f92e0 WatcherThread [stack: 0x000000f9e3200000,0x000000f9e3300000] [id=20076]
  0x0000029453dfe950 GCTaskThread "GC Thread#0" [stack: 0x000000f9e2200000,0x000000f9e2300000] [id=6060]
  0x000002947819b980 GCTaskThread "GC Thread#1" [stack: 0x000000f9e3500000,0x000000f9e3600000] [id=2468]
  0x0000029478d1d9f0 GCTaskThread "GC Thread#2" [stack: 0x000000f9e3600000,0x000000f9e3700000] [id=6588]
  0x0000029478a43e10 GCTaskThread "GC Thread#3" [stack: 0x000000f9e3700000,0x000000f9e3800000] [id=15592]
  0x0000029478a440d0 GCTaskThread "GC Thread#4" [stack: 0x000000f9e3800000,0x000000f9e3900000] [id=11940]
  0x0000029478b4cff0 GCTaskThread "GC Thread#5" [stack: 0x000000f9e3900000,0x000000f9e3a00000] [id=5764]
  0x0000029478b4d2b0 GCTaskThread "GC Thread#6" [stack: 0x000000f9e3a00000,0x000000f9e3b00000] [id=13668]
  0x00000294789996a0 GCTaskThread "GC Thread#7" [stack: 0x000000f9e3b00000,0x000000f9e3c00000] [id=1536]
  0x0000029453e0ecb0 ConcurrentGCThread "G1 Main Marker" [stack: 0x000000f9e2300000,0x000000f9e2400000] [id=6900]
  0x0000029453e124f0 ConcurrentGCThread "G1 Conc#0" [stack: 0x000000f9e2400000,0x000000f9e2500000] [id=6336]
  0x0000029478c48290 ConcurrentGCThread "G1 Conc#1" [stack: 0x000000f9e3d00000,0x000000f9e3e00000] [id=19300]
  0x0000029453e6e970 ConcurrentGCThread "G1 Refine#0" [stack: 0x000000f9e2500000,0x000000f9e2600000] [id=10920]
  0x0000029453e6ec60 ConcurrentGCThread "G1 Service" [stack: 0x000000f9e2600000,0x000000f9e2700000] [id=19244]

Threads with active compile tasks:
C2 CompilerThread0    16459 6144   !   4       com.sun.tools.javac.jvm.ClassReader::classSigToType (497 bytes)
C2 CompilerThread1    16459 6299       4       java.util.regex.Pattern::escape (1327 bytes)

VM state: at safepoint (normal execution)

VM Mutex/Monitor currently owned by a thread:  ([mutex/lock_event])
[0x0000029453c692c0] Threads_lock - owner thread: 0x0000029473c0ad40
[0x0000029453da3a70] Heap_lock - owner thread: 0x0000029453da5180

Heap address: 0x0000000085800000, size: 1960 MB, Compressed Oops mode: 32-bit

CDS archive(s) mapped at: [0x0000029400000000-0x0000029400bd0000-0x0000029400bd0000), size 12386304, SharedBaseAddress: 0x0000029400000000, ArchiveRelocationMode: 1.
Compressed class space mapped at: 0x0000029401000000-0x0000029441000000, reserved size: 1073741824
Narrow klass base: 0x0000029400000000, Narrow klass shift: 0, Narrow klass range: 0x100000000

GC Precious Log:
 CPUs: 8 total, 8 available
 Memory: 7834M
 Large Page Support: Disabled
 NUMA Support: Disabled
 Compressed Oops: Enabled (32-bit)
 Heap Region Size: 1M
 Heap Min Capacity: 8M
 Heap Initial Capacity: 124M
 Heap Max Capacity: 1960M
 Pre-touch: Disabled
 Parallel Workers: 8
 Concurrent Workers: 2
 Concurrent Refinement Workers: 8
 Periodic GC: Disabled

Heap:
 garbage-first heap   total 126976K, used 47431K [0x0000000085800000, 0x0000000100000000)
  region size 1024K, 3 young (3072K), 3 survivors (3072K)
 Metaspace       used 26723K, committed 27008K, reserved 1114112K
  class space    used 3070K, committed 3200K, reserved 1048576K

Heap Regions: E=young(eden), S=young(survivor), O=old, HS=humongous(starts), HC=humongous(continues), CS=collection set, F=free, OA=open archive, CA=closed archive, TAMS=top-at-mark-start (previous, next)
|   0|0x0000000085800000, 0x0000000085900000, 0x0000000085900000|100%| O|  |TAMS 0x0000000085900000, 0x0000000085900000| Untracked 
|   1|0x0000000085900000, 0x0000000085a00000, 0x0000000085a00000|100%| O|  |TAMS 0x0000000085a00000, 0x0000000085a00000| Untracked 
|   2|0x0000000085a00000, 0x0000000085b00000, 0x0000000085b00000|100%| O|  |TAMS 0x0000000085b00000, 0x0000000085b00000| Untracked 
|   3|0x0000000085b00000, 0x0000000085c00000, 0x0000000085c00000|100%| O|  |TAMS 0x0000000085c00000, 0x0000000085c00000| Untracked 
|   4|0x0000000085c00000, 0x0000000085d00000, 0x0000000085d00000|100%| O|  |TAMS 0x0000000085d00000, 0x0000000085d00000| Untracked 
|   5|0x0000000085d00000, 0x0000000085e00000, 0x0000000085e00000|100%| O|  |TAMS 0x0000000085e00000, 0x0000000085e00000| Untracked 
|   6|0x0000000085e00000, 0x0000000085f00000, 0x0000000085f00000|100%| O|  |TAMS 0x0000000085f00000, 0x0000000085f00000| Untracked 
|   7|0x0000000085f00000, 0x0000000086000000, 0x0000000086000000|100%| O|  |TAMS 0x0000000086000000, 0x0000000086000000| Untracked 
|   8|0x0000000086000000, 0x0000000086100000, 0x0000000086100000|100%| O|  |TAMS 0x0000000086100000, 0x0000000086100000| Untracked 
|   9|0x0000000086100000, 0x0000000086200000, 0x0000000086200000|100%| O|  |TAMS 0x0000000086200000, 0x0000000086200000| Untracked 
|  10|0x0000000086200000, 0x0000000086300000, 0x0000000086300000|100%| O|  |TAMS 0x0000000086300000, 0x0000000086300000| Untracked 
|  11|0x0000000086300000, 0x0000000086400000, 0x0000000086400000|100%| O|  |TAMS 0x0000000086400000, 0x0000000086400000| Untracked 
|  12|0x0000000086400000, 0x0000000086500000, 0x0000000086500000|100%| O|  |TAMS 0x0000000086500000, 0x0000000086500000| Untracked 
|  13|0x0000000086500000, 0x0000000086600000, 0x0000000086600000|100%| O|  |TAMS 0x0000000086546800, 0x0000000086600000| Untracked 
|  14|0x0000000086600000, 0x0000000086700000, 0x0000000086700000|100%|HS|  |TAMS 0x0000000086700000, 0x0000000086700000| Complete 
|  15|0x0000000086700000, 0x0000000086800000, 0x0000000086800000|100%|HC|  |TAMS 0x0000000086800000, 0x0000000086800000| Complete 
|  16|0x0000000086800000, 0x0000000086900000, 0x0000000086900000|100%| O|  |TAMS 0x0000000086800000, 0x0000000086900000| Untracked 
|  17|0x0000000086900000, 0x0000000086a00000, 0x0000000086a00000|100%| O|  |TAMS 0x0000000086900000, 0x0000000086a00000| Untracked 
|  18|0x0000000086a00000, 0x0000000086b00000, 0x0000000086b00000|100%| O|  |TAMS 0x0000000086a00000, 0x0000000086b00000| Untracked 
|  19|0x0000000086b00000, 0x0000000086c00000, 0x0000000086c00000|100%|HS|  |TAMS 0x0000000086b00000, 0x0000000086c00000| Complete 
|  20|0x0000000086c00000, 0x0000000086d00000, 0x0000000086d00000|100%|HS|  |TAMS 0x0000000086c00000, 0x0000000086d00000| Complete 
|  21|0x0000000086d00000, 0x0000000086e00000, 0x0000000086e00000|100%| O|  |TAMS 0x0000000086d00000, 0x0000000086e00000| Untracked 
|  22|0x0000000086e00000, 0x0000000086f00000, 0x0000000086f00000|100%| O|  |TAMS 0x0000000086e00000, 0x0000000086f00000| Untracked 
|  23|0x0000000086f00000, 0x0000000087000000, 0x0000000087000000|100%| O|  |TAMS 0x0000000086f00000, 0x0000000087000000| Untracked 
|  24|0x0000000087000000, 0x0000000087100000, 0x0000000087100000|100%| O|  |TAMS 0x0000000087000000, 0x0000000087100000| Untracked 
|  25|0x0000000087100000, 0x0000000087200000, 0x0000000087200000|100%| O|  |TAMS 0x0000000087100000, 0x0000000087200000| Untracked 
|  26|0x0000000087200000, 0x0000000087300000, 0x0000000087300000|100%| O|  |TAMS 0x0000000087200000, 0x0000000087300000| Untracked 
|  27|0x0000000087300000, 0x0000000087400000, 0x0000000087400000|100%| O|  |TAMS 0x0000000087300000, 0x0000000087400000| Untracked 
|  28|0x0000000087400000, 0x0000000087500000, 0x0000000087500000|100%| O|  |TAMS 0x0000000087400000, 0x0000000087500000| Untracked 
|  29|0x0000000087500000, 0x0000000087600000, 0x0000000087600000|100%| O|  |TAMS 0x0000000087500000, 0x0000000087600000| Untracked 
|  30|0x0000000087600000, 0x0000000087700000, 0x0000000087700000|100%| O|  |TAMS 0x0000000087600000, 0x0000000087700000| Untracked 
|  31|0x0000000087700000, 0x0000000087800000, 0x0000000087800000|100%| O|  |TAMS 0x0000000087700000, 0x0000000087800000| Untracked 
|  32|0x0000000087800000, 0x0000000087900000, 0x0000000087900000|100%| O|  |TAMS 0x0000000087800000, 0x0000000087900000| Untracked 
|  33|0x0000000087900000, 0x0000000087a00000, 0x0000000087a00000|100%| O|  |TAMS 0x0000000087900000, 0x0000000087a00000| Untracked 
|  34|0x0000000087a00000, 0x0000000087b00000, 0x0000000087b00000|100%| O|  |TAMS 0x0000000087a00000, 0x0000000087b00000| Untracked 
|  35|0x0000000087b00000, 0x0000000087c00000, 0x0000000087c00000|100%| O|  |TAMS 0x0000000087b00000, 0x0000000087c00000| Untracked 
|  36|0x0000000087c00000, 0x0000000087d00000, 0x0000000087d00000|100%| O|  |TAMS 0x0000000087c00000, 0x0000000087d00000| Untracked 
|  37|0x0000000087d00000, 0x0000000087e00000, 0x0000000087e00000|100%| O|  |TAMS 0x0000000087d00000, 0x0000000087e00000| Untracked 
|  38|0x0000000087e00000, 0x0000000087f00000, 0x0000000087f00000|100%| O|  |TAMS 0x0000000087e00000, 0x0000000087f00000| Untracked 
|  39|0x0000000087f00000, 0x0000000088000000, 0x0000000088000000|100%| O|  |TAMS 0x0000000087f00000, 0x0000000087f90200| Untracked 
|  40|0x0000000088000000, 0x0000000088100000, 0x0000000088100000|100%| O|  |TAMS 0x0000000088000000, 0x0000000088000000| Untracked 
|  41|0x0000000088100000, 0x0000000088200000, 0x0000000088200000|100%| O|  |TAMS 0x0000000088100000, 0x0000000088100000| Untracked 
|  42|0x0000000088200000, 0x0000000088300000, 0x0000000088300000|100%| O|  |TAMS 0x0000000088200000, 0x0000000088200000| Untracked 
|  43|0x0000000088300000, 0x0000000088351c00, 0x0000000088400000| 31%| O|  |TAMS 0x0000000088300000, 0x0000000088300000| Untracked 
|  44|0x0000000088400000, 0x0000000088400000, 0x0000000088500000|  0%| F|  |TAMS 0x0000000088400000, 0x0000000088400000| Untracked 
|  45|0x0000000088500000, 0x0000000088500000, 0x0000000088600000|  0%| F|  |TAMS 0x0000000088500000, 0x0000000088500000| Untracked 
|  46|0x0000000088600000, 0x0000000088600000, 0x0000000088700000|  0%| F|  |TAMS 0x0000000088600000, 0x0000000088600000| Untracked 
|  47|0x0000000088700000, 0x0000000088700000, 0x0000000088800000|  0%| F|  |TAMS 0x0000000088700000, 0x0000000088700000| Untracked 
|  48|0x0000000088800000, 0x0000000088800000, 0x0000000088900000|  0%| F|  |TAMS 0x0000000088800000, 0x0000000088800000| Untracked 
|  49|0x0000000088900000, 0x0000000088900000, 0x0000000088a00000|  0%| F|  |TAMS 0x0000000088900000, 0x0000000088900000| Untracked 
|  50|0x0000000088a00000, 0x0000000088a00000, 0x0000000088b00000|  0%| F|  |TAMS 0x0000000088a00000, 0x0000000088a00000| Untracked 
|  51|0x0000000088b00000, 0x0000000088b00000, 0x0000000088c00000|  0%| F|  |TAMS 0x0000000088b00000, 0x0000000088b00000| Untracked 
|  52|0x0000000088c00000, 0x0000000088c00000, 0x0000000088d00000|  0%| F|  |TAMS 0x0000000088c00000, 0x0000000088c00000| Untracked 
|  53|0x0000000088d00000, 0x0000000088d00000, 0x0000000088e00000|  0%| F|  |TAMS 0x0000000088d00000, 0x0000000088d00000| Untracked 
|  54|0x0000000088e00000, 0x0000000088e00000, 0x0000000088f00000|  0%| F|  |TAMS 0x0000000088e00000, 0x0000000088e00000| Untracked 
|  55|0x0000000088f00000, 0x0000000088f00000, 0x0000000089000000|  0%| F|  |TAMS 0x0000000088f00000, 0x0000000088f00000| Untracked 
|  56|0x0000000089000000, 0x0000000089000000, 0x0000000089100000|  0%| F|  |TAMS 0x0000000089000000, 0x0000000089000000| Untracked 
|  57|0x0000000089100000, 0x0000000089100000, 0x0000000089200000|  0%| F|  |TAMS 0x0000000089100000, 0x0000000089100000| Untracked 
|  58|0x0000000089200000, 0x0000000089200000, 0x0000000089300000|  0%| F|  |TAMS 0x0000000089200000, 0x0000000089200000| Untracked 
|  59|0x0000000089300000, 0x0000000089300000, 0x0000000089400000|  0%| F|  |TAMS 0x0000000089300000, 0x0000000089300000| Untracked 
|  60|0x0000000089400000, 0x0000000089400000, 0x0000000089500000|  0%| F|  |TAMS 0x0000000089400000, 0x0000000089400000| Untracked 
|  61|0x0000000089500000, 0x0000000089500000, 0x0000000089600000|  0%| F|  |TAMS 0x0000000089500000, 0x0000000089500000| Untracked 
|  62|0x0000000089600000, 0x0000000089600000, 0x0000000089700000|  0%| F|  |TAMS 0x0000000089600000, 0x0000000089600000| Untracked 
|  63|0x0000000089700000, 0x0000000089700000, 0x0000000089800000|  0%| F|  |TAMS 0x0000000089700000, 0x0000000089700000| Untracked 
|  64|0x0000000089800000, 0x0000000089900000, 0x0000000089900000|100%| S|CS|TAMS 0x0000000089800000, 0x0000000089800000| Complete 
|  65|0x0000000089900000, 0x0000000089900000, 0x0000000089a00000|  0%| F|  |TAMS 0x0000000089900000, 0x0000000089900000| Untracked 
|  66|0x0000000089a00000, 0x0000000089a00000, 0x0000000089b00000|  0%| F|  |TAMS 0x0000000089a00000, 0x0000000089a00000| Untracked 
|  67|0x0000000089b00000, 0x0000000089b00000, 0x0000000089c00000|  0%| F|  |TAMS 0x0000000089b00000, 0x0000000089b00000| Untracked 
|  68|0x0000000089c00000, 0x0000000089d00000, 0x0000000089d00000|100%| S|CS|TAMS 0x0000000089c00000, 0x0000000089c00000| Complete 
|  69|0x0000000089d00000, 0x0000000089e00000, 0x0000000089e00000|100%| S|CS|TAMS 0x0000000089d00000, 0x0000000089d00000| Complete 
|  70|0x0000000089e00000, 0x0000000089e00000, 0x0000000089f00000|  0%| F|  |TAMS 0x0000000089e00000, 0x0000000089e00000| Untracked 
|  71|0x0000000089f00000, 0x0000000089f00000, 0x000000008a000000|  0%| F|  |TAMS 0x0000000089f00000, 0x0000000089f00000| Untracked 
|  72|0x000000008a000000, 0x000000008a000000, 0x000000008a100000|  0%| F|  |TAMS 0x000000008a000000, 0x000000008a000000| Untracked 
|  73|0x000000008a100000, 0x000000008a100000, 0x000000008a200000|  0%| F|  |TAMS 0x000000008a100000, 0x000000008a100000| Untracked 
|  74|0x000000008a200000, 0x000000008a200000, 0x000000008a300000|  0%| F|  |TAMS 0x000000008a200000, 0x000000008a200000| Untracked 
|  75|0x000000008a300000, 0x000000008a300000, 0x000000008a400000|  0%| F|  |TAMS 0x000000008a300000, 0x000000008a300000| Untracked 
|  76|0x000000008a400000, 0x000000008a400000, 0x000000008a500000|  0%| F|  |TAMS 0x000000008a400000, 0x000000008a400000| Untracked 
|  77|0x000000008a500000, 0x000000008a500000, 0x000000008a600000|  0%| F|  |TAMS 0x000000008a500000, 0x000000008a500000| Untracked 
|  78|0x000000008a600000, 0x000000008a600000, 0x000000008a700000|  0%| F|  |TAMS 0x000000008a600000, 0x000000008a600000| Untracked 
|  79|0x000000008a700000, 0x000000008a700000, 0x000000008a800000|  0%| F|  |TAMS 0x000000008a700000, 0x000000008a700000| Untracked 
|  80|0x000000008a800000, 0x000000008a800000, 0x000000008a900000|  0%| F|  |TAMS 0x000000008a800000, 0x000000008a800000| Untracked 
|  81|0x000000008a900000, 0x000000008a900000, 0x000000008aa00000|  0%| F|  |TAMS 0x000000008a900000, 0x000000008a900000| Untracked 
|  82|0x000000008aa00000, 0x000000008aa00000, 0x000000008ab00000|  0%| F|  |TAMS 0x000000008aa00000, 0x000000008aa00000| Untracked 
|  83|0x000000008ab00000, 0x000000008ab00000, 0x000000008ac00000|  0%| F|  |TAMS 0x000000008ab00000, 0x000000008ab00000| Untracked 
|  84|0x000000008ac00000, 0x000000008ac00000, 0x000000008ad00000|  0%| F|  |TAMS 0x000000008ac00000, 0x000000008ac00000| Untracked 
|  85|0x000000008ad00000, 0x000000008ad00000, 0x000000008ae00000|  0%| F|  |TAMS 0x000000008ad00000, 0x000000008ad00000| Untracked 
|  86|0x000000008ae00000, 0x000000008ae00000, 0x000000008af00000|  0%| F|  |TAMS 0x000000008ae00000, 0x000000008ae00000| Untracked 
|  87|0x000000008af00000, 0x000000008af00000, 0x000000008b000000|  0%| F|  |TAMS 0x000000008af00000, 0x000000008af00000| Untracked 
|  88|0x000000008b000000, 0x000000008b000000, 0x000000008b100000|  0%| F|  |TAMS 0x000000008b000000, 0x000000008b000000| Untracked 
|  89|0x000000008b100000, 0x000000008b100000, 0x000000008b200000|  0%| F|  |TAMS 0x000000008b100000, 0x000000008b100000| Untracked 
|  90|0x000000008b200000, 0x000000008b200000, 0x000000008b300000|  0%| F|  |TAMS 0x000000008b200000, 0x000000008b200000| Untracked 
|  91|0x000000008b300000, 0x000000008b300000, 0x000000008b400000|  0%| F|  |TAMS 0x000000008b300000, 0x000000008b300000| Untracked 
|  92|0x000000008b400000, 0x000000008b400000, 0x000000008b500000|  0%| F|  |TAMS 0x000000008b400000, 0x000000008b400000| Untracked 
|  93|0x000000008b500000, 0x000000008b500000, 0x000000008b600000|  0%| F|  |TAMS 0x000000008b500000, 0x000000008b500000| Untracked 
|  94|0x000000008b600000, 0x000000008b600000, 0x000000008b700000|  0%| F|  |TAMS 0x000000008b600000, 0x000000008b600000| Untracked 
|  95|0x000000008b700000, 0x000000008b700000, 0x000000008b800000|  0%| F|  |TAMS 0x000000008b700000, 0x000000008b700000| Untracked 
|  96|0x000000008b800000, 0x000000008b800000, 0x000000008b900000|  0%| F|  |TAMS 0x000000008b800000, 0x000000008b800000| Untracked 
|  97|0x000000008b900000, 0x000000008b900000, 0x000000008ba00000|  0%| F|  |TAMS 0x000000008b900000, 0x000000008b900000| Untracked 
|  98|0x000000008ba00000, 0x000000008ba00000, 0x000000008bb00000|  0%| F|  |TAMS 0x000000008ba00000, 0x000000008ba00000| Untracked 
|  99|0x000000008bb00000, 0x000000008bb00000, 0x000000008bc00000|  0%| F|  |TAMS 0x000000008bb00000, 0x000000008bb00000| Untracked 
| 100|0x000000008bc00000, 0x000000008bc00000, 0x000000008bd00000|  0%| F|  |TAMS 0x000000008bc00000, 0x000000008bc00000| Untracked 
| 101|0x000000008bd00000, 0x000000008bd00000, 0x000000008be00000|  0%| F|  |TAMS 0x000000008bd00000, 0x000000008bd00000| Untracked 
| 102|0x000000008be00000, 0x000000008be00000, 0x000000008bf00000|  0%| F|  |TAMS 0x000000008be00000, 0x000000008be00000| Untracked 
| 103|0x000000008bf00000, 0x000000008bf00000, 0x000000008c000000|  0%| F|  |TAMS 0x000000008bf00000, 0x000000008bf00000| Untracked 
| 104|0x000000008c000000, 0x000000008c000000, 0x000000008c100000|  0%| F|  |TAMS 0x000000008c000000, 0x000000008c000000| Untracked 
| 105|0x000000008c100000, 0x000000008c100000, 0x000000008c200000|  0%| F|  |TAMS 0x000000008c100000, 0x000000008c100000| Untracked 
| 106|0x000000008c200000, 0x000000008c200000, 0x000000008c300000|  0%| F|  |TAMS 0x000000008c200000, 0x000000008c200000| Untracked 
| 107|0x000000008c300000, 0x000000008c300000, 0x000000008c400000|  0%| F|  |TAMS 0x000000008c300000, 0x000000008c300000| Untracked 
| 108|0x000000008c400000, 0x000000008c400000, 0x000000008c500000|  0%| F|  |TAMS 0x000000008c400000, 0x000000008c400000| Untracked 
| 109|0x000000008c500000, 0x000000008c500000, 0x000000008c600000|  0%| F|  |TAMS 0x000000008c500000, 0x000000008c500000| Untracked 
| 110|0x000000008c600000, 0x000000008c600000, 0x000000008c700000|  0%| F|  |TAMS 0x000000008c600000, 0x000000008c600000| Untracked 
| 111|0x000000008c700000, 0x000000008c700000, 0x000000008c800000|  0%| F|  |TAMS 0x000000008c700000, 0x000000008c700000| Untracked 
| 112|0x000000008c800000, 0x000000008c800000, 0x000000008c900000|  0%| F|  |TAMS 0x000000008c800000, 0x000000008c800000| Untracked 
| 113|0x000000008c900000, 0x000000008c900000, 0x000000008ca00000|  0%| F|  |TAMS 0x000000008c900000, 0x000000008c900000| Untracked 
| 114|0x000000008ca00000, 0x000000008ca00000, 0x000000008cb00000|  0%| F|  |TAMS 0x000000008ca00000, 0x000000008ca00000| Untracked 
| 115|0x000000008cb00000, 0x000000008cb00000, 0x000000008cc00000|  0%| F|  |TAMS 0x000000008cb00000, 0x000000008cb00000| Untracked 
| 116|0x000000008cc00000, 0x000000008cc00000, 0x000000008cd00000|  0%| F|  |TAMS 0x000000008cc00000, 0x000000008cc00000| Untracked 
| 117|0x000000008cd00000, 0x000000008cd00000, 0x000000008ce00000|  0%| F|  |TAMS 0x000000008cd00000, 0x000000008cd00000| Untracked 
| 118|0x000000008ce00000, 0x000000008ce00000, 0x000000008cf00000|  0%| F|  |TAMS 0x000000008ce00000, 0x000000008ce00000| Untracked 
| 119|0x000000008cf00000, 0x000000008cf00000, 0x000000008d000000|  0%| F|  |TAMS 0x000000008cf00000, 0x000000008cf00000| Untracked 
| 120|0x000000008d000000, 0x000000008d000000, 0x000000008d100000|  0%| F|  |TAMS 0x000000008d000000, 0x000000008d000000| Untracked 
| 121|0x000000008d100000, 0x000000008d100000, 0x000000008d200000|  0%| F|  |TAMS 0x000000008d100000, 0x000000008d100000| Untracked 
| 122|0x000000008d200000, 0x000000008d200000, 0x000000008d300000|  0%| F|  |TAMS 0x000000008d200000, 0x000000008d200000| Untracked 
| 123|0x000000008d300000, 0x000000008d300000, 0x000000008d400000|  0%| F|  |TAMS 0x000000008d300000, 0x000000008d300000| Untracked 

Card table byte_map: [0x000002946cc80000,0x000002946d060000] _byte_map_base: 0x000002946c854000

Marking Bits (Prev, Next): (CMBitMap*) 0x0000029453dfeec0, (CMBitMap*) 0x0000029453dfee80
 Prev Bits: [0x000002946f2e0000, 0x0000029471180000)
 Next Bits: [0x000002946d440000, 0x000002946f2e0000)

Polling page: 0x0000029453e70000

Metaspace:

Usage:
  Non-class:     23.10 MB used.
      Class:      3.00 MB used.
       Both:     26.10 MB used.

Virtual space:
  Non-class space:       64.00 MB reserved,      23.25 MB ( 36%) committed,  1 nodes.
      Class space:        1.00 GB reserved,       3.12 MB ( <1%) committed,  1 nodes.
             Both:        1.06 GB reserved,      26.38 MB (  2%) committed. 

Chunk freelists:
   Non-Class:  7.91 MB
       Class:  12.83 MB
        Both:  20.73 MB

MaxMetaspaceSize: unlimited
CompressedClassSpaceSize: 1.00 GB
Initial GC threshold: 21.00 MB
Current GC threshold: 35.31 MB
CDS: on
MetaspaceReclaimPolicy: balanced
 - commit_granule_bytes: 65536.
 - commit_granule_words: 8192.
 - virtual_space_node_default_size: 8388608.
 - enlarge_chunks_in_place: 1.
 - new_chunks_are_fully_committed: 0.
 - uncommit_free_chunks: 1.
 - use_allocation_guard: 0.
 - handle_deallocations: 1.


Internal statistics:

num_allocs_failed_limit: 3.
num_arena_births: 176.
num_arena_deaths: 0.
num_vsnodes_births: 2.
num_vsnodes_deaths: 0.
num_space_committed: 422.
num_space_uncommitted: 0.
num_chunks_returned_to_freelist: 3.
num_chunks_taken_from_freelist: 1143.
num_chunk_merges: 3.
num_chunk_splits: 791.
num_chunks_enlarged: 620.
num_inconsistent_stats: 0.

CodeHeap 'non-profiled nmethods': size=120000Kb used=3172Kb max_used=3234Kb free=116827Kb
 bounds [0x00000294648f0000, 0x0000029464c40000, 0x000002946be20000]
CodeHeap 'profiled nmethods': size=120000Kb used=11419Kb max_used=11717Kb free=108580Kb
 bounds [0x000002945ce20000, 0x000002945d9c0000, 0x0000029464350000]
CodeHeap 'non-nmethods': size=5760Kb used=1219Kb max_used=1277Kb free=4541Kb
 bounds [0x0000029464350000, 0x00000294645c0000, 0x00000294648f0000]
 total_blobs=5944 nmethods=5438 adapters=418
 compilation: enabled
              stopped_count=0, restarted_count=0
 full_count=0

Compilation events (20 events):
Event: 13.717 Thread 0x0000029479a51e50 6285       4       com.sun.tools.javac.code.Symbol::<init> (45 bytes)
Event: 13.719 Thread 0x0000029473c3c350 nmethod 6284 0x000002945ce74a10 code [0x000002945ce74ee0, 0x000002945ce778e8]
Event: 13.719 Thread 0x0000029473c3c350 6287   !   3       com.sun.tools.javac.file.JavacFileManager$DirectoryContainer::list (349 bytes)
Event: 13.724 Thread 0x0000029479a51e50 nmethod 6285 0x000002946494b910 code [0x000002946494ba80, 0x000002946494bfb8]
Event: 13.724 Thread 0x0000029473c3c350 nmethod 6287 0x000002945ce50e90 code [0x000002945ce51540, 0x000002945ce54bb8]
Event: 13.725 Thread 0x0000029479a51e50 6295       4       com.sun.tools.javac.code.Symtab::getClass (42 bytes)
Event: 13.725 Thread 0x0000029473c3c350 6291       3       com.sun.tools.javac.comp.Resolve::findInheritedMemberType (186 bytes)
Event: 13.727 Thread 0x0000029473c3c350 nmethod 6291 0x000002945ce72a90 code [0x000002945ce72d80, 0x000002945ce74238]
Event: 13.727 Thread 0x0000029473c3c350 6289       3       com.sun.tools.javac.comp.Resolve::findMemberType (33 bytes)
Event: 13.727 Thread 0x0000029473c3c350 nmethod 6289 0x000002945ce72590 code [0x000002945ce72740, 0x000002945ce72978]
Event: 13.727 Thread 0x0000029473c3c350 6290       3       com.sun.tools.javac.comp.Resolve::findImmediateMemberType (86 bytes)
Event: 13.728 Thread 0x0000029473c3c350 nmethod 6290 0x000002945ce4ff10 code [0x000002945ce50160, 0x000002945ce50b68]
Event: 13.728 Thread 0x0000029473c3c350 6293       3       com.sun.tools.javac.util.AbstractLog::getSource (50 bytes)
Event: 13.729 Thread 0x0000029473c3c350 nmethod 6293 0x000002945ce4f490 code [0x000002945ce4f680, 0x000002945ce4fcd8]
Event: 13.729 Thread 0x0000029473c3c350 6292       3       com.sun.tools.javac.util.AbstractLog::useSource (30 bytes)
Event: 13.729 Thread 0x0000029473c3c350 nmethod 6292 0x000002945ce71f90 code [0x000002945ce72140, 0x000002945ce72468]
Event: 13.729 Thread 0x0000029473c3c350 6297       1       com.sun.tools.javac.comp.Annotate$AnnotationTypeMetadata$1::isMetadataForAnnotationType (2 bytes)
Event: 13.729 Thread 0x0000029473c3c350 nmethod 6297 0x000002946494b610 code [0x000002946494b7a0, 0x000002946494b878]
Event: 13.731 Thread 0x0000029479a51e50 nmethod 6295 0x0000029464945a90 code [0x0000029464945c60, 0x00000294649460f8]
Event: 13.731 Thread 0x0000029479a51e50 6299       4       java.util.regex.Pattern::escape (1327 bytes)

GC Heap History (19 events):
Event: 0.792 GC heap before
{Heap before GC invocations=0 (full 0):
 garbage-first heap   total 126976K, used 22528K [0x0000000085800000, 0x0000000100000000)
  region size 1024K, 23 young (23552K), 0 survivors (0K)
 Metaspace       used 5497K, committed 5696K, reserved 1114112K
  class space    used 665K, committed 768K, reserved 1048576K
}
Event: 0.800 GC heap after
{Heap after GC invocations=1 (full 0):
 garbage-first heap   total 126976K, used 3692K [0x0000000085800000, 0x0000000100000000)
  region size 1024K, 3 young (3072K), 3 survivors (3072K)
 Metaspace       used 5497K, committed 5696K, reserved 1114112K
  class space    used 665K, committed 768K, reserved 1048576K
}
Event: 1.315 GC heap before
{Heap before GC invocations=1 (full 0):
 garbage-first heap   total 126976K, used 35436K [0x0000000085800000, 0x0000000100000000)
  region size 1024K, 34 young (34816K), 3 survivors (3072K)
 Metaspace       used 10097K, committed 10240K, reserved 1114112K
  class space    used 1235K, committed 1280K, reserved 1048576K
}
Event: 1.323 GC heap after
{Heap after GC invocations=2 (full 0):
 garbage-first heap   total 126976K, used 5774K [0x0000000085800000, 0x0000000100000000)
  region size 1024K, 2 young (2048K), 2 survivors (2048K)
 Metaspace       used 10097K, committed 10240K, reserved 1114112K
  class space    used 1235K, committed 1280K, reserved 1048576K
}
Event: 2.943 GC heap before
{Heap before GC invocations=2 (full 0):
 garbage-first heap   total 126976K, used 79502K [0x0000000085800000, 0x0000000100000000)
  region size 1024K, 74 young (75776K), 2 survivors (2048K)
 Metaspace       used 15693K, committed 15872K, reserved 1114112K
  class space    used 1868K, committed 1920K, reserved 1048576K
}
Event: 2.958 GC heap after
{Heap after GC invocations=3 (full 0):
 garbage-first heap   total 126976K, used 13925K [0x0000000085800000, 0x0000000100000000)
  region size 1024K, 10 young (10240K), 10 survivors (10240K)
 Metaspace       used 15693K, committed 15872K, reserved 1114112K
  class space    used 1868K, committed 1920K, reserved 1048576K
}
Event: 8.953 GC heap before
{Heap before GC invocations=3 (full 0):
 garbage-first heap   total 126976K, used 79461K [0x0000000085800000, 0x0000000100000000)
  region size 1024K, 74 young (75776K), 10 survivors (10240K)
 Metaspace       used 16192K, committed 16384K, reserved 1114112K
  class space    used 1878K, committed 1920K, reserved 1048576K
}
Event: 8.980 GC heap after
{Heap after GC invocations=4 (full 0):
 garbage-first heap   total 126976K, used 17178K [0x0000000085800000, 0x0000000100000000)
  region size 1024K, 4 young (4096K), 4 survivors (4096K)
 Metaspace       used 16192K, committed 16384K, reserved 1114112K
  class space    used 1878K, committed 1920K, reserved 1048576K
}
Event: 11.705 GC heap before
{Heap before GC invocations=4 (full 0):
 garbage-first heap   total 126976K, used 111386K [0x0000000085800000, 0x0000000100000000)
  region size 1024K, 62 young (63488K), 4 survivors (4096K)
 Metaspace       used 20385K, committed 20672K, reserved 1114112K
  class space    used 2340K, committed 2496K, reserved 1048576K
}
Event: 11.720 GC heap after
{Heap after GC invocations=5 (full 0):
 garbage-first heap   total 126976K, used 21595K [0x0000000085800000, 0x0000000100000000)
  region size 1024K, 6 young (6144K), 6 survivors (6144K)
 Metaspace       used 20385K, committed 20672K, reserved 1114112K
  class space    used 2340K, committed 2496K, reserved 1048576K
}
Event: 11.902 GC heap before
{Heap before GC invocations=5 (full 0):
 garbage-first heap   total 126976K, used 27739K [0x0000000085800000, 0x0000000100000000)
  region size 1024K, 11 young (11264K), 6 survivors (6144K)
 Metaspace       used 21245K, committed 21504K, reserved 1114112K
  class space    used 2480K, committed 2624K, reserved 1048576K
}
Event: 11.917 GC heap after
{Heap after GC invocations=6 (full 0):
 garbage-first heap   total 126976K, used 24762K [0x0000000085800000, 0x0000000100000000)
  region size 1024K, 6 young (6144K), 6 survivors (6144K)
 Metaspace       used 21245K, committed 21504K, reserved 1114112K
  class space    used 2480K, committed 2624K, reserved 1048576K
}
Event: 13.060 GC heap before
{Heap before GC invocations=7 (full 0):
 garbage-first heap   total 89088K, used 59578K [0x0000000085800000, 0x0000000100000000)
  region size 1024K, 39 young (39936K), 6 survivors (6144K)
 Metaspace       used 25871K, committed 26176K, reserved 1114112K
  class space    used 2990K, committed 3136K, reserved 1048576K
}
Event: 13.085 GC heap after
{Heap after GC invocations=8 (full 0):
 garbage-first heap   total 89088K, used 37050K [0x0000000085800000, 0x0000000100000000)
  region size 1024K, 6 young (6144K), 6 survivors (6144K)
 Metaspace       used 25871K, committed 26176K, reserved 1114112K
  class space    used 2990K, committed 3136K, reserved 1048576K
}
Event: 13.105 GC heap before
{Heap before GC invocations=8 (full 0):
 garbage-first heap   total 89088K, used 38074K [0x0000000085800000, 0x0000000100000000)
  region size 1024K, 7 young (7168K), 6 survivors (6144K)
 Metaspace       used 25872K, committed 26176K, reserved 1114112K
  class space    used 2990K, committed 3136K, reserved 1048576K
}
Event: 13.116 GC heap after
{Heap after GC invocations=9 (full 0):
 garbage-first heap   total 89088K, used 38400K [0x0000000085800000, 0x0000000100000000)
  region size 1024K, 1 young (1024K), 1 survivors (1024K)
 Metaspace       used 25872K, committed 26176K, reserved 1114112K
  class space    used 2990K, committed 3136K, reserved 1048576K
}
Event: 13.495 GC heap before
{Heap before GC invocations=9 (full 0):
 garbage-first heap   total 89088K, used 56832K [0x0000000085800000, 0x0000000100000000)
  region size 1024K, 19 young (19456K), 1 survivors (1024K)
 Metaspace       used 26481K, committed 26816K, reserved 1114112K
  class space    used 3062K, committed 3200K, reserved 1048576K
}
Event: 13.504 GC heap after
{Heap after GC invocations=10 (full 0):
 garbage-first heap   total 89088K, used 43584K [0x0000000085800000, 0x0000000100000000)
  region size 1024K, 3 young (3072K), 3 survivors (3072K)
 Metaspace       used 26481K, committed 26816K, reserved 1114112K
  class space    used 3062K, committed 3200K, reserved 1048576K
}
Event: 13.733 GC heap before
{Heap before GC invocations=10 (full 0):
 garbage-first heap   total 89088K, used 60992K [0x0000000085800000, 0x0000000100000000)
  region size 1024K, 20 young (20480K), 3 survivors (3072K)
 Metaspace       used 26723K, committed 27008K, reserved 1114112K
  class space    used 3070K, committed 3200K, reserved 1048576K
}

Deoptimization events (20 events):
Event: 13.262 Thread 0x0000029453da5180 Uncommon trap: trap_request=0xffffff45 fr.pc=0x0000029464b72e38 relative=0x0000000000001738
Event: 13.262 Thread 0x0000029453da5180 Uncommon trap: reason=unstable_if action=reinterpret pc=0x0000029464b72e38 method=sun.nio.fs.WindowsPathParser.nextNonSlash(Ljava/lang/String;II)I @ 2 c2
Event: 13.262 Thread 0x0000029453da5180 DEOPT PACKING pc=0x0000029464b72e38 sp=0x000000f9e21fc7c0
Event: 13.262 Thread 0x0000029453da5180 DEOPT UNPACKING pc=0x00000294643a5ba3 sp=0x000000f9e21fc760 mode 2
Event: 13.381 Thread 0x0000029453da5180 Uncommon trap: trap_request=0xffffff45 fr.pc=0x00000294649712bc relative=0x000000000000013c
Event: 13.381 Thread 0x0000029453da5180 Uncommon trap: reason=unstable_if action=reinterpret pc=0x00000294649712bc method=jdk.nio.zipfs.ZipPath.getResolved()[B @ 19 c2
Event: 13.381 Thread 0x0000029453da5180 DEOPT PACKING pc=0x00000294649712bc sp=0x000000f9e21fc410
Event: 13.381 Thread 0x0000029453da5180 DEOPT UNPACKING pc=0x00000294643a5ba3 sp=0x000000f9e21fc398 mode 2
Event: 13.449 Thread 0x0000029453da5180 Uncommon trap: trap_request=0xffffff45 fr.pc=0x0000029464aea160 relative=0x0000000000000060
Event: 13.450 Thread 0x0000029453da5180 Uncommon trap: reason=unstable_if action=reinterpret pc=0x0000029464aea160 method=com.sun.tools.javac.jvm.PoolReader.sizeof(I)I @ 1 c2
Event: 13.450 Thread 0x0000029453da5180 DEOPT PACKING pc=0x0000029464aea160 sp=0x000000f9e21fc660
Event: 13.450 Thread 0x0000029453da5180 DEOPT UNPACKING pc=0x00000294643a5ba3 sp=0x000000f9e21fc5f0 mode 2
Event: 13.450 Thread 0x0000029453da5180 Uncommon trap: trap_request=0xffffff45 fr.pc=0x0000029464a79158 relative=0x0000000000000a18
Event: 13.450 Thread 0x0000029453da5180 Uncommon trap: reason=unstable_if action=reinterpret pc=0x0000029464a79158 method=java.util.regex.Pattern.atom()Ljava/util/regex/Pattern$Node; @ 14 c2
Event: 13.450 Thread 0x0000029453da5180 DEOPT PACKING pc=0x0000029464a79158 sp=0x000000f9e21fc300
Event: 13.450 Thread 0x0000029453da5180 DEOPT UNPACKING pc=0x00000294643a5ba3 sp=0x000000f9e21fc2b8 mode 2
Event: 13.450 Thread 0x0000029453da5180 Uncommon trap: trap_request=0xffffff45 fr.pc=0x0000029464a6a494 relative=0x00000000000007d4
Event: 13.450 Thread 0x0000029453da5180 Uncommon trap: reason=unstable_if action=reinterpret pc=0x0000029464a6a494 method=jdk.internal.jimage.ImageStringsReader.stringFromByteBuffer(Ljava/nio/ByteBuffer;I)Ljava/lang/String; @ 7 c2
Event: 13.450 Thread 0x0000029453da5180 DEOPT PACKING pc=0x0000029464a6a494 sp=0x000000f9e21fbf20
Event: 13.450 Thread 0x0000029453da5180 DEOPT UNPACKING pc=0x00000294643a5ba3 sp=0x000000f9e21fbed8 mode 2

Classes unloaded (0 events):
No events

Classes redefined (0 events):
No events

Internal exceptions (20 events):
Event: 13.715 Thread 0x0000029453da5180 Exception <a 'sun/nio/fs/WindowsException'{0x000000008a062810}> (0x000000008a062810) 
thrown [s\open\src\hotspot\share\prims\jni.cpp, line 516]
Event: 13.715 Thread 0x0000029453da5180 Exception <a 'sun/nio/fs/WindowsException'{0x000000008a062d38}> (0x000000008a062d38) 
thrown [s\open\src\hotspot\share\prims\jni.cpp, line 516]
Event: 13.715 Thread 0x0000029453da5180 Exception <a 'sun/nio/fs/WindowsException'{0x000000008a064408}> (0x000000008a064408) 
thrown [s\open\src\hotspot\share\prims\jni.cpp, line 516]
Event: 13.715 Thread 0x0000029453da5180 Exception <a 'sun/nio/fs/WindowsException'{0x000000008a0649b8}> (0x000000008a0649b8) 
thrown [s\open\src\hotspot\share\prims\jni.cpp, line 516]
Event: 13.718 Thread 0x0000029453da5180 Exception <a 'sun/nio/fs/WindowsException'{0x000000008a072e68}> (0x000000008a072e68) 
thrown [s\open\src\hotspot\share\prims\jni.cpp, line 516]
Event: 13.718 Thread 0x0000029453da5180 Exception <a 'sun/nio/fs/WindowsException'{0x000000008a0733b8}> (0x000000008a0733b8) 
thrown [s\open\src\hotspot\share\prims\jni.cpp, line 516]
Event: 13.718 Thread 0x0000029453da5180 Exception <a 'sun/nio/fs/WindowsException'{0x000000008a07e6d0}> (0x000000008a07e6d0) 
thrown [s\open\src\hotspot\share\prims\jni.cpp, line 516]
Event: 13.718 Thread 0x0000029453da5180 Exception <a 'sun/nio/fs/WindowsException'{0x000000008a07ebd0}> (0x000000008a07ebd0) 
thrown [s\open\src\hotspot\share\prims\jni.cpp, line 516]
Event: 13.719 Thread 0x0000029453da5180 Exception <a 'sun/nio/fs/WindowsException'{0x000000008a0a5e90}> (0x000000008a0a5e90) 
thrown [s\open\src\hotspot\share\prims\jni.cpp, line 516]
Event: 13.719 Thread 0x0000029453da5180 Exception <a 'sun/nio/fs/WindowsException'{0x000000008a0a63d0}> (0x000000008a0a63d0) 
thrown [s\open\src\hotspot\share\prims\jni.cpp, line 516]
Event: 13.719 Thread 0x0000029453da5180 Exception <a 'sun/nio/fs/WindowsException'{0x000000008a0a7ad0}> (0x000000008a0a7ad0) 
thrown [s\open\src\hotspot\share\prims\jni.cpp, line 516]
Event: 13.719 Thread 0x0000029453da5180 Exception <a 'sun/nio/fs/WindowsException'{0x000000008a0a80a0}> (0x000000008a0a80a0) 
thrown [s\open\src\hotspot\share\prims\jni.cpp, line 516]
Event: 13.723 Thread 0x0000029453da5180 Exception <a 'sun/nio/fs/WindowsException'{0x000000008a0d61b0}> (0x000000008a0d61b0) 
thrown [s\open\src\hotspot\share\prims\jni.cpp, line 516]
Event: 13.723 Thread 0x0000029453da5180 Exception <a 'sun/nio/fs/WindowsException'{0x000000008a0d6680}> (0x000000008a0d6680) 
thrown [s\open\src\hotspot\share\prims\jni.cpp, line 516]
Event: 13.723 Thread 0x0000029453da5180 Exception <a 'sun/nio/fs/WindowsException'{0x000000008a0db530}> (0x000000008a0db530) 
thrown [s\open\src\hotspot\share\prims\jni.cpp, line 516]
Event: 13.723 Thread 0x0000029453da5180 Exception <a 'sun/nio/fs/WindowsException'{0x000000008a0db9b0}> (0x000000008a0db9b0) 
thrown [s\open\src\hotspot\share\prims\jni.cpp, line 516]
Event: 13.724 Thread 0x0000029453da5180 Exception <a 'sun/nio/fs/WindowsException'{0x000000008a0e89f0}> (0x000000008a0e89f0) 
thrown [s\open\src\hotspot\share\prims\jni.cpp, line 516]
Event: 13.724 Thread 0x0000029453da5180 Exception <a 'sun/nio/fs/WindowsException'{0x000000008a0e8eb8}> (0x000000008a0e8eb8) 
thrown [s\open\src\hotspot\share\prims\jni.cpp, line 516]
Event: 13.724 Thread 0x0000029453da5180 Exception <a 'sun/nio/fs/WindowsException'{0x000000008a0ea528}> (0x000000008a0ea528) 
thrown [s\open\src\hotspot\share\prims\jni.cpp, line 516]
Event: 13.724 Thread 0x0000029453da5180 Exception <a 'sun/nio/fs/WindowsException'{0x000000008a0eaa78}> (0x000000008a0eaa78) 
thrown [s\open\src\hotspot\share\prims\jni.cpp, line 516]

VM Operations (20 events):
Event: 12.172 Executing VM operation: HandshakeAllThreads done
Event: 12.333 Executing VM operation: HandshakeAllThreads
Event: 12.333 Executing VM operation: HandshakeAllThreads done
Event: 12.350 Executing VM operation: HandshakeAllThreads
Event: 12.350 Executing VM operation: HandshakeAllThreads done
Event: 12.350 Executing VM operation: HandshakeAllThreads
Event: 12.350 Executing VM operation: HandshakeAllThreads done
Event: 13.059 Executing VM operation: G1CollectForAllocation
Event: 13.087 Executing VM operation: G1CollectForAllocation done
Event: 13.105 Executing VM operation: G1CollectForAllocation
Event: 13.116 Executing VM operation: G1CollectForAllocation done
Event: 13.241 Executing VM operation: HandshakeAllThreads
Event: 13.241 Executing VM operation: HandshakeAllThreads done
Event: 13.451 Executing VM operation: HandshakeAllThreads
Event: 13.451 Executing VM operation: HandshakeAllThreads done
Event: 13.495 Executing VM operation: G1CollectForAllocation
Event: 13.504 Executing VM operation: G1CollectForAllocation done
Event: 13.715 Executing VM operation: ICBufferFull
Event: 13.715 Executing VM operation: ICBufferFull done
Event: 13.733 Executing VM operation: G1CollectForAllocation

Events (20 events):
Event: 13.317 loading class java/util/stream/StreamSpliterators$WrappingSpliterator
Event: 13.318 loading class java/util/stream/StreamSpliterators$AbstractWrappingSpliterator
Event: 13.319 loading class java/util/stream/StreamSpliterators$AbstractWrappingSpliterator done
Event: 13.319 loading class java/util/stream/StreamSpliterators$WrappingSpliterator done
Event: 13.319 loading class jdk/internal/jrtfs/JrtDirectoryStream$1
Event: 13.319 loading class jdk/internal/jrtfs/JrtDirectoryStream$1 done
Event: 13.319 loading class java/util/stream/StreamSpliterators
Event: 13.320 loading class java/util/stream/StreamSpliterators done
Event: 13.320 loading class java/util/function/BooleanSupplier
Event: 13.321 loading class java/util/function/BooleanSupplier done
Event: 13.359 loading class java/nio/file/SimpleFileVisitor
Event: 13.359 loading class java/nio/file/SimpleFileVisitor done
Event: 13.359 loading class java/nio/file/FileTreeWalker$1
Event: 13.359 loading class java/nio/file/FileTreeWalker$1 done
Event: 13.359 loading class java/nio/file/Files$3
Event: 13.359 loading class java/nio/file/Files$3 done
Event: 13.359 loading class java/nio/file/FileVisitResult
Event: 13.360 loading class java/nio/file/FileVisitResult done
Event: 13.450 loading class jdk/internal/jimage/ImageReader$LinkNode
Event: 13.451 loading class jdk/internal/jimage/ImageReader$LinkNode done


Dynamic libraries:
0x00007ff79a220000 - 0x00007ff79a230000 	C:\Program Files\Java\jdk-17\bin\java.exe
0x00007ffc4dce0000 - 0x00007ffc4df48000 	C:\WINDOWS\SYSTEM32\ntdll.dll
0x00007ffc4ce80000 - 0x00007ffc4cf49000 	C:\WINDOWS\System32\KERNEL32.DLL
0x00007ffc4b480000 - 0x00007ffc4b871000 	C:\WINDOWS\System32\KERNELBASE.dll
0x00007ffc4b880000 - 0x00007ffc4b9cb000 	C:\WINDOWS\System32\ucrtbase.dll
0x00007ffc47940000 - 0x00007ffc47959000 	C:\Program Files\Java\jdk-17\bin\jli.dll
0x00007ffc4c2c0000 - 0x00007ffc4c374000 	C:\WINDOWS\System32\ADVAPI32.dll
0x00007ffc3a860000 - 0x00007ffc3a87b000 	C:\Program Files\Java\jdk-17\bin\VCRUNTIME140.dll
0x00007ffc4d1b0000 - 0x00007ffc4d259000 	C:\WINDOWS\System32\msvcrt.dll
0x00007ffc4c730000 - 0x00007ffc4c7d6000 	C:\WINDOWS\System32\sechost.dll
0x00007ffc4c7e0000 - 0x00007ffc4c8f8000 	C:\WINDOWS\System32\RPCRT4.dll
0x00007ffc4cfd0000 - 0x00007ffc4d196000 	C:\WINDOWS\System32\USER32.dll
0x00007ffc4aa20000 - 0x00007ffc4aa47000 	C:\WINDOWS\System32\win32u.dll
0x00007ffc292f0000 - 0x00007ffc29583000 	C:\WINDOWS\WinSxS\amd64_microsoft.windows.common-controls_6595b64144ccf1df_6.0.26100.7824_none_3e0870b2e3345462\COMCTL32.dll
0x00007ffc4c290000 - 0x00007ffc4c2bb000 	C:\WINDOWS\System32\GDI32.dll
0x00007ffc4aa50000 - 0x00007ffc4ab7b000 	C:\WINDOWS\System32\gdi32full.dll
0x00007ffc4b9d0000 - 0x00007ffc4ba73000 	C:\WINDOWS\System32\msvcp_win.dll
0x00007ffc3b280000 - 0x00007ffc3b28b000 	C:\WINDOWS\SYSTEM32\VERSION.dll
0x00007ffc4d2f0000 - 0x00007ffc4d321000 	C:\WINDOWS\System32\IMM32.DLL
0x00007ffc47920000 - 0x00007ffc4792c000 	C:\Program Files\Java\jdk-17\bin\vcruntime140_1.dll
0x00007ffc219b0000 - 0x00007ffc21a3e000 	C:\Program Files\Java\jdk-17\bin\msvcp140.dll
0x00007ffbfdcf0000 - 0x00007ffbfe8cf000 	C:\Program Files\Java\jdk-17\bin\server\jvm.dll
0x00007ffc4d2e0000 - 0x00007ffc4d2e8000 	C:\WINDOWS\System32\PSAPI.DLL
0x00007ffc408f0000 - 0x00007ffc40925000 	C:\WINDOWS\SYSTEM32\WINMM.dll
0x00007ffc3abc0000 - 0x00007ffc3abca000 	C:\WINDOWS\SYSTEM32\WSOCK32.dll
0x00007ffc4ce00000 - 0x00007ffc4ce74000 	C:\WINDOWS\System32\WS2_32.dll
0x00007ffc49360000 - 0x00007ffc4937b000 	C:\WINDOWS\SYSTEM32\kernel.appcore.dll
0x00007ffc478c0000 - 0x00007ffc478ca000 	C:\Program Files\Java\jdk-17\bin\jimage.dll
0x00007ffc48600000 - 0x00007ffc48842000 	C:\WINDOWS\SYSTEM32\DBGHELP.DLL
0x00007ffc4c900000 - 0x00007ffc4cc86000 	C:\WINDOWS\System32\combase.dll
0x00007ffc4cc90000 - 0x00007ffc4cd67000 	C:\WINDOWS\System32\OLEAUT32.dll
0x00007ffc2e790000 - 0x00007ffc2e7cb000 	C:\WINDOWS\SYSTEM32\dbgcore.DLL
0x00007ffc4a7f0000 - 0x00007ffc4a895000 	C:\WINDOWS\System32\bcryptPrimitives.dll
0x00007ffc3a200000 - 0x00007ffc3a225000 	C:\Program Files\Java\jdk-17\bin\java.dll
0x00007ffc1ce70000 - 0x00007ffc1cf47000 	C:\Program Files\Java\jdk-17\bin\jsvml.dll
0x00007ffc4bb30000 - 0x00007ffc4c282000 	C:\WINDOWS\System32\SHELL32.dll
0x00007ffc4a5c0000 - 0x00007ffc4a72a000 	C:\WINDOWS\System32\wintypes.dll
0x00007ffc4ab80000 - 0x00007ffc4b3e3000 	C:\WINDOWS\System32\windows.storage.dll
0x00007ffc4db30000 - 0x00007ffc4dc26000 	C:\WINDOWS\System32\SHCORE.dll
0x00007ffc4dc30000 - 0x00007ffc4dc97000 	C:\WINDOWS\System32\shlwapi.dll
0x00007ffc4a4e0000 - 0x00007ffc4a509000 	C:\WINDOWS\SYSTEM32\profapi.dll
0x00007ffc376e0000 - 0x00007ffc376f9000 	C:\Program Files\Java\jdk-17\bin\net.dll
0x00007ffc40730000 - 0x00007ffc40857000 	C:\WINDOWS\SYSTEM32\WINHTTP.dll
0x00007ffc498d0000 - 0x00007ffc4993b000 	C:\WINDOWS\system32\mswsock.dll
0x00007ffc35080000 - 0x00007ffc35096000 	C:\Program Files\Java\jdk-17\bin\nio.dll
0x00007ffc34f30000 - 0x00007ffc34f48000 	C:\Program Files\Java\jdk-17\bin\zip.dll
0x00007ffc1d680000 - 0x00007ffc1d6a4000 	C:\Program Files\apache-maven-3.9.9\lib\jansi-native\Windows\x86_64\jansi.dll
0x00007ffc1d670000 - 0x00007ffc1d680000 	C:\Program Files\Java\jdk-17\bin\verify.dll

dbghelp: loaded successfully - version: 4.0.5 - missing functions: none
symbol engine: initialized successfully - sym options: 0x614 - pdb path: .;C:\Program Files\Java\jdk-17\bin;C:\WINDOWS\SYSTEM32;C:\WINDOWS\WinSxS\amd64_microsoft.windows.common-controls_6595b64144ccf1df_6.0.26100.7824_none_3e0870b2e3345462;C:\Program Files\Java\jdk-17\bin\server;C:\Program Files\apache-maven-3.9.9\lib\jansi-native\Windows\x86_64

VM Arguments:
jvm_args: -Dclassworlds.conf=C:/Program Files/apache-maven-3.9.9/bin/m2.conf -Dmaven.home=C:/Program Files/apache-maven-3.9.9 -Dlibrary.jansi.path=C:/Program Files/apache-maven-3.9.9/lib/jansi-native -Dmaven.multiModuleProjectDirectory=U:/Desktop/09_Projects/04_Java_Microservices/03_Banking_as_a_Service/codebase/Banking_As_A_Service/transaction_service 
java_command: org.codehaus.plexus.classworlds.launcher.Launcher spring-boot:run
java_class_path (initial): C:/Program Files/apache-maven-3.9.9/boot/plexus-classworlds-2.8.0.jar
Launcher Type: SUN_STANDARD

[Global flags]
     intx CICompilerCount                          = 4                                         {product} {ergonomic}
     uint ConcGCThreads                            = 2                                         {product} {ergonomic}
     uint G1ConcRefinementThreads                  = 8                                         {product} {ergonomic}
   size_t G1HeapRegionSize                         = 1048576                                   {product} {ergonomic}
    uintx GCDrainStackTargetSize                   = 64                                        {product} {ergonomic}
   size_t InitialHeapSize                          = 130023424                                 {product} {ergonomic}
   size_t MarkStackSize                            = 4194304                                   {product} {ergonomic}
   size_t MaxHeapSize                              = 2055208960                                {product} {ergonomic}
   size_t MaxNewSize                               = 1233125376                                {product} {ergonomic}
   size_t MinHeapDeltaBytes                        = 1048576                                   {product} {ergonomic}
   size_t MinHeapSize                              = 8388608                                   {product} {ergonomic}
    uintx NonNMethodCodeHeapSize                   = 5839372                                {pd product} {ergonomic}
    uintx NonProfiledCodeHeapSize                  = 122909434                              {pd product} {ergonomic}
    uintx ProfiledCodeHeapSize                     = 122909434                              {pd product} {ergonomic}
    uintx ReservedCodeCacheSize                    = 251658240                              {pd product} {ergonomic}
     bool SegmentedCodeCache                       = true                                      {product} {ergonomic}
   size_t SoftMaxHeapSize                          = 2055208960                             {manageable} {ergonomic}
     bool UseCompressedClassPointers               = true                           {product lp64_product} {ergonomic}
     bool UseCompressedOops                        = true                           {product lp64_product} {ergonomic}
     bool UseG1GC                                  = true                                      {product} {ergonomic}
     bool UseLargePagesIndividualAllocation        = false                                  {pd product} {ergonomic}

Logging:
Log output configuration:
 #0: stdout all=warning uptime,level,tags
 #1: stderr all=off uptime,level,tags

Environment Variables:
PATH=C:\Users\mohas\bin;C:\Program Files\Git\mingw64\bin;C:\Program Files\Git\usr\local\bin;C:\Program Files\Git\usr\bin;C:\Program Files\Git\usr\bin;C:\Program Files\Git\mingw64\bin;C:\Program Files\Git\usr\bin;C:\Users\mohas\bin;C:\Python312\Scripts;C:\Python312;C:\Program Files\Java\jdk-17\bin;C:\WINDOWS\system32;C:\WINDOWS;C:\WINDOWS\System32\Wbem;C:\WINDOWS\System32\WindowsPowerShell\v1.0;C:\WINDOWS\System32\OpenSSH;C:\Program Files\nodejs;C:\Program Files\Git\cmd;C:\Program Files\MySQL\MySQL Server 8.0\bin;C:\MinGW\bin;C:\ProgramData\chocolatey\bin;C:\Program Files\Dart\bin;C:\Program Files\apache-maven-3.9.9\bin;C:\Program Files\JetBrains\IntelliJ IDEA Community Edition 2023.3.1\bin\idea64.exe;C:\Program Files\Docker\Docker\resources\bin;C:\Program Files\Amazon\AWSCLI\bin;C:\Program Files\MySQL\MySQL Shell 8.0\bin;C:\Users\mohas\AppData\Local\Microsoft\WindowsApps;C:\Program Files\JetBrains\IntelliJ IDEA Community Edition 2025.1.1.1\bin;C:\Users\mohas\AppData\Roaming\npm;C:\Users\mohas\AppData\Local\Programs\Microsoft VS Code\bin;C:\Program Files\heroku\bin;C:\Program Files\JetBrains\IntelliJ IDEA 2025.1.1.1\bin;C:\Program Files\Git\usr\bin\vendor_perl;C:\Program Files\Git\usr\bin\core_perl
USERNAME=Mohasin
SHELL=C:\Program Files\Git\usr\bin\bash.exe
DISPLAY=needs-to-be-defined
LC_CTYPE=en_US.UTF-8
OS=Windows_NT
PROCESSOR_IDENTIFIER=Intel64 Family 6 Model 140 Stepping 1, GenuineIntel



---------------  S Y S T E M  ---------------

OS:
 Windows 11 , 64 bit Build 26100 (10.0.26100.7705)
OS uptime: 7 days 23:05 hours
Hyper-V role detected

CPU: total 8 (initial active 8) (4 cores per cpu, 2 threads per core) family 6 model 140 stepping 1 microcode 0xb4, cx8, cmov, fxsr, ht, mmx, 3dnowpref, sse, sse2, sse3, ssse3, sse4.1, sse4.2, popcnt, lzcnt, tsc, tscinvbit, avx, avx2, aes, erms, clmul, bmi1, bmi2, adx, avx512f, avx512dq, avx512cd, avx512bw, avx512vl, sha, fma, vzeroupper, avx512_vpopcntdq, avx512_vpclmulqdq, avx512_vaes, avx512_vnni, clflush, clflushopt, clwb, avx512_vbmi2, avx512_vbmi, hv

Memory: 4k page, system-wide physical 7834M (551M free)
TotalPageFile size 22834M (AvailPageFile size 27M)
current process WorkingSet (physical memory assigned to process): 204M, peak: 235M
current process commit charge ("private bytes"): 274M, peak: 338M

vm_info: Java HotSpot(TM) 64-Bit Server VM (17.0.10+11-LTS-240) for windows-amd64 JRE (17.0.10+11-LTS-240), built on Dec 19 2023 21:47:25 by "mach5one" with MS VC++ 17.1 (VS2022)

END.
